----------------------------------------------------------------------
--------------N.I.N.A. - Nighttime Imaging 'N' Astronomy--------------
--------------------------Version 3.1.2.9001--------------------------
-------------------------2024-12-21T17:30:08--------------------------
----------------------------------------------------------------------
---------------------Microsoft Windows 10.0.26100---------------------
-------------------------OS Architecture X64--------------------------
-----------------------Process Architecture X64-----------------------
------------------------------.NET 8.0.8------------------------------
----------------------------------------------------------------------
--------------------------Processor Count 12--------------------------
--------------------Total Physical Memory 27.89 GB--------------------
----------------------------------------------------------------------
DATE|LEVEL|SOURCE|MEMBER|LINE|MESSAGE
2024-12-21T17:30:08.5753|ERROR|ProfileService.cs|MigrateModularizedSolutionNamespaceChange|445|Failed to migrate profile C:\Users\AMOS\AppData\Local\NINA\Profiles\4efc0507-b521-49ce-88b6-96e9d454c1a7.profile due to 
System.IO.IOException: The process cannot access the file 'C:\Users\AMOS\AppData\Local\NINA\Profiles\4efc0507-b521-49ce-88b6-96e9d454c1a7.profile' because it is being used by another process.
   at Microsoft.Win32.SafeHandles.SafeFileHandle.CreateFile(String fullPath, FileMode mode, FileAccess access, FileShare share, FileOptions options)
   at Microsoft.Win32.SafeHandles.SafeFileHandle.Open(String fullPath, FileMode mode, FileAccess access, FileShare share, FileOptions options, Int64 preallocationSize, Nullable`1 unixCreateMode)
   at System.IO.Strategies.OSFileStreamStrategy..ctor(String path, FileMode mode, FileAccess access, FileShare share, FileOptions options, Int64 preallocationSize, Nullable`1 unixCreateMode)
   at System.IO.Strategies.FileStreamHelpers.ChooseStrategyCore(String path, FileMode mode, FileAccess access, FileShare share, FileOptions options, Int64 preallocationSize, Nullable`1 unixCreateMode)
   at System.IO.StreamReader.ValidateArgsAndOpenPath(String path, Encoding encoding, Int32 bufferSize)
   at System.IO.File.ReadAllText(String path, Encoding encoding)
   at NINA.Profile.ProfileService.MigrateModularizedSolutionNamespaceChange() in C:\Projects\nina\NINA.Profile\ProfileService.cs:line 419
2024-12-21T17:30:09.1636|INFO|CameraChooserVM.cs|GetEquipment|69|Found 2 ASI Cameras
2024-12-21T17:30:09.2027|INFO|CameraChooserVM.cs|GetEquipment|84|Found 0 Altair Cameras
2024-12-21T17:30:09.4103|INFO|CameraChooserVM.cs|GetEquipment|96|Found 0 Atik Cameras
2024-12-21T17:30:09.4108|INFO|CameraChooserVM.cs|GetEquipment|110|Found 0 FLI Cameras
2024-12-21T17:30:10.4283|INFO|CameraChooserVM.cs|GetEquipment|130|Found 0 QHYCCD Cameras
2024-12-21T17:30:10.4638|INFO|CameraChooserVM.cs|GetEquipment|158|Found 0 ToupTek Cameras
2024-12-21T17:30:10.4670|INFO|CameraChooserVM.cs|GetEquipment|173|Found 0 Ogma Cameras
2024-12-21T17:30:10.4709|INFO|CameraChooserVM.cs|GetEquipment|188|Found 0 Omegon Cameras
2024-12-21T17:30:10.5017|INFO|CameraChooserVM.cs|GetEquipment|203|Found 0 RisingCam Cameras
2024-12-21T17:30:10.5067|INFO|CameraChooserVM.cs|GetEquipment|218|Found 0 MallinCam Cameras
2024-12-21T17:30:10.5117|INFO|CameraChooserVM.cs|GetEquipment|244|Found 0 SBIG Cameras
2024-12-21T17:30:10.9616|INFO|ApplicationVM.cs|CheckDiskInfo|100|Available Space on Drive C:\: 51.62 GB
2024-12-21T17:30:10.9617|INFO|ApplicationVM.cs|CheckDiskInfo|100|Available Space on Drive D:\: 4446.96 GB
2024-12-21T17:30:10.9625|INFO|ApplicationVM.cs|CheckDiskInfo|102|Drive E:\ is not ready
2024-12-21T17:30:10.9646|INFO|ApplicationVM.cs|CheckASCOMPlatformVersion|81|ASCOM Platform 6.6.2.4195 installed
2024-12-21T17:30:10.9668|INFO|ApplicationVM.cs|CheckDiskInfo|102|Drive F:\ is not ready
2024-12-21T17:30:11.1777|INFO|PluginLoader.cs|LoadPlugin|416|Successfully loaded plugin ASA Tools version 3.1.2.0 by Gerald Hitz (photon)
2024-12-21T17:30:11.2026|INFO|PluginLoader.cs|LoadPlugin|416|Successfully loaded plugin Connector version 2.0.3.0 by Stefan Berg
2024-12-21T17:30:11.2317|INFO|PluginLoader.cs|LoadPlugin|416|Successfully loaded plugin Device Actions and Commands version 2.0.0.0 by Dale Ghent
2024-12-21T17:30:11.2455|INFO|PluginLoader.cs|LoadPlugin|416|Successfully loaded plugin Filter Offset Calculator version 2.0.0.0 by S. Dimant & Stefan Berg
2024-12-21T17:30:11.3139|INFO|PluginLoader.cs|LoadPlugin|416|Successfully loaded plugin Ground Station version 2.4.1.0 by Dale Ghent
2024-12-21T17:30:11.4214|INFO|PluginLoader.cs|LoadPlugin|416|Successfully loaded plugin Hocus Focus version 3.0.0.18 by George Hilios (jokogeo)
2024-12-21T17:30:11.4332|INFO|PluginLoader.cs|LoadPlugin|416|Successfully loaded plugin Moon Angle version 2.2.0.0 by Dale Ghent
2024-12-21T17:30:11.4804|INFO|OrbitalElementsAccessor.cs|LoadJWST|87|No JWST vector table loaded since no file was found at C:\Users\AMOS\AppData\Local\NINA\OrbitalElements\JWSTVectorTable.bin.gz
2024-12-21T17:30:11.4812|INFO|OrbitalElementsAccessor.cs|LoadObjectType|118|No UnnumberedAsteroids orbital elements loaded since no file was found at C:\Users\AMOS\AppData\Local\NINA\OrbitalElements\UnnumberedAsteroidsElements.bin.gz
2024-12-21T17:30:11.4813|INFO|OrbitalElementsAccessor.cs|LoadObjectType|118|No Comet orbital elements loaded since no file was found at C:\Users\AMOS\AppData\Local\NINA\OrbitalElements\MPC_CometElements.bin.gz
2024-12-21T17:30:11.4813|INFO|OrbitalElementsAccessor.cs|LoadObjectType|118|No NumberedAsteroids orbital elements loaded since no file was found at C:\Users\AMOS\AppData\Local\NINA\OrbitalElements\NumberedAsteroidsElements.bin.gz
2024-12-21T17:30:11.4900|INFO|PluginLoader.cs|LoadPlugin|416|Successfully loaded plugin Orbitals version 3.0.0.13 by George Hilios (jokogeo)
2024-12-21T17:30:11.5027|INFO|PluginLoader.cs|LoadPlugin|416|Successfully loaded plugin Phd2 Tools version 1.0.4.2 by Stefan Berg
2024-12-21T17:30:11.6034|INFO|PluginLoader.cs|LoadPlugin|416|Successfully loaded plugin Sequencer Powerups version 3.20.0.0 by Marc Blank
2024-12-21T17:30:11.6931|ERROR|DllLoader.cs|LoadDllFromAbsolutePath|53|DllLoader failed to load library C:\Program Files\N.I.N.A. - Nighttime Imaging 'N' Astronomy\External\x64\SQLite\SQLite.Interop.dll due to error code 126
2024-12-21T17:30:11.9443|INFO|PluginLoader.cs|LoadPlugin|416|Successfully loaded plugin Target Scheduler version 4.9.0.0 by Tom Palmer @tcpalmer
2024-12-21T17:30:11.9856|INFO|SessionHistoryManager.cs|PurgeHistoryOlderThan|102|purging web session history older than 10 days
2024-12-21T17:30:12.0217|INFO|PluginLoader.cs|LoadPlugin|416|Successfully loaded plugin Web Session History Viewer version 2.2.1.0 by Tom Palmer @tcpalmer
2024-12-21T17:30:12.0275|INFO|PluginFetcher.cs|RequestAll|43|Fetching plugin manifests from https://nighttime-imaging.eu/wp-json/nina/v1/plugins/manifests
2024-12-21T17:30:12.0391|INFO|CameraChooserVM.cs|GetEquipment|264|Found 0 SVBony Cameras
2024-12-21T17:30:12.0484|INFO|CameraChooserVM.cs|GetEquipment|264|Found 0 PlayerOne Cameras
2024-12-21T17:30:12.0586|INFO|CameraChooserVM.cs|GetEquipment|264|Found 0 ASTPAN Cameras
2024-12-21T17:30:12.0602|INFO|CameraChooserVM.cs|GetEquipment|278|Found 4 ASCOM Cameras
2024-12-21T17:30:12.8475|INFO|PluginFetcher.cs|RequestAll|57|Found 58 valid plugins at https://nighttime-imaging.eu/wp-json/nina/v1/plugins/manifests
2024-12-21T17:30:14.0561|INFO|RotatorChooserVM.cs|GetEquipment|68|Found 0 Alpaca Rotators
2024-12-21T17:30:14.0561|INFO|DomeChooserVM.cs|GetEquipment|67|Found 0 Alpaca Domes
2024-12-21T17:30:14.0561|INFO|FilterWheelChooserVM.cs|GetEquipment|193|Found 0 Alpaca Filter Wheels
2024-12-21T17:30:14.0561|INFO|SwitchChooserVM.cs|GetEquipment|71|Found 0 Alpaca Switch Hubs
2024-12-21T17:30:14.0561|INFO|TelescopeChooserVM.cs|GetEquipment|69|Found 0 Alpaca Telescopes
2024-12-21T17:30:14.0562|INFO|FlatDeviceChooserVM.cs|GetEquipment|67|Found 0 Alpaca Cover Calibrators
2024-12-21T17:30:14.0562|INFO|SafetyMonitorChooserVM.cs|GetEquipment|71|Found 0 Alpaca Safety Monitors
2024-12-21T17:30:14.0562|INFO|FocuserChooserVM.cs|GetEquipment|67|Found 0 Alpaca Focusers
2024-12-21T17:30:14.0634|INFO|CameraChooserVM.cs|GetEquipment|290|Found 0 Alpaca Cameras
2024-12-21T17:30:14.0653|INFO|CameraChooserVM.cs|GetEquipment|303|Found 0 Canon Cameras
2024-12-21T17:30:14.0766|INFO|WeatherDataChooserVM.cs|GetEquipment|69|Found 0 Alpaca Observing Conditions
2024-12-21T17:30:14.6995|INFO|CameraVM.cs|Disconnect|645|Disconnected Camera
2024-12-21T17:30:15.7182|INFO|AscomDevice.cs|GetProperty|379|Property Camera.BayerOffsetX GET is not implemented in this driver (ASI Camera (2) (ASCOM))
2024-12-21T17:30:15.7202|INFO|AscomDevice.cs|GetProperty|379|Property Camera.BayerOffsetY GET is not implemented in this driver (ASI Camera (2) (ASCOM))
2024-12-21T17:30:15.7244|INFO|CameraVM.cs|ChooseCamera|448|Successfully connected Camera. Id: ASCOM.ASICamera2_2.Camera Name: ASI Camera (2) (ASCOM) DisplayName: ASI Camera (2) (ASCOM)Driver Version: 6.5
2024-12-21T17:30:20.1316|INFO|AscomDevice.cs|Disconnect|299|Disconnecting from ASCOM.ASICamera2_2.Camera ASI Camera (2) (ASCOM)
2024-12-21T17:30:20.1651|INFO|CameraVM.cs|Disconnect|645|Disconnected Camera
2024-12-21T17:30:21.8391|INFO|ApplicationVM.cs|Closing|288|Application shutting down
2024-12-21T17:30:21.8467|INFO|DomeVM.cs|Disconnect|336|Disconnected Dome Device
2024-12-21T17:30:21.8482|INFO|FlatDeviceVM.cs|Disconnect|279|Disconnected Flat Device
2024-12-21T17:30:21.8513|INFO|CameraVM.cs|Disconnect|645|Disconnected Camera
2024-12-21T17:30:21.8544|INFO|TelescopeVM.cs|Disconnect|763|Disconnected mount
2024-12-21T17:30:21.8554|INFO|FilterWheelVM.cs|Disconnect|324|Disconnected Filter Wheel
2024-12-21T17:30:21.8565|INFO|FocuserVM.cs|Disconnect|426|Disconnected Focuser
2024-12-21T17:30:21.8578|INFO|RotatorVM.cs|Disconnect|438|Disconnected Rotator
2024-12-21T17:30:21.8589|INFO|SwitchVM.cs|Disconnect|298|Disconnected Switch
2024-12-21T17:30:21.8601|INFO|WeatherDataVM.cs|Disconnect|292|Disconnected Weather Device
2024-12-21T17:30:21.8610|INFO|SafetyMonitorVM.cs|Disconnect|208|Disconnected Safety Monitor
