----------------------------------------------------------------------
--------------N.I.N.A. - Nighttime Imaging 'N' Astronomy--------------
--------------------------Version 3.1.2.9001--------------------------
-------------------------2024-12-29T14:42:23--------------------------
----------------------------------------------------------------------
---------------------Microsoft Windows 10.0.26100---------------------
-------------------------OS Architecture X64--------------------------
-----------------------Process Architecture X64-----------------------
------------------------------.NET 8.0.8------------------------------
----------------------------------------------------------------------
--------------------------Processor Count 12--------------------------
--------------------Total Physical Memory 27.89 GB--------------------
----------------------------------------------------------------------
DATE|LEVEL|SOURCE|MEMBER|LINE|MESSAGE
2024-12-29T14:42:23.3190|ERROR|ProfileService.cs|MigrateModularizedSolutionNamespaceChange|445|Failed to migrate profile C:\Users\AMOS\AppData\Local\NINA\Profiles\4efc0507-b521-49ce-88b6-96e9d454c1a7.profile due to 
System.IO.IOException: The process cannot access the file 'C:\Users\AMOS\AppData\Local\NINA\Profiles\4efc0507-b521-49ce-88b6-96e9d454c1a7.profile' because it is being used by another process.
   at Microsoft.Win32.SafeHandles.SafeFileHandle.CreateFile(String fullPath, FileMode mode, FileAccess access, FileShare share, FileOptions options)
   at Microsoft.Win32.SafeHandles.SafeFileHandle.Open(String fullPath, FileMode mode, FileAccess access, FileShare share, FileOptions options, Int64 preallocationSize, Nullable`1 unixCreateMode)
   at System.IO.Strategies.OSFileStreamStrategy..ctor(String path, FileMode mode, FileAccess access, FileShare share, FileOptions options, Int64 preallocationSize, Nullable`1 unixCreateMode)
   at System.IO.Strategies.FileStreamHelpers.ChooseStrategyCore(String path, FileMode mode, FileAccess access, FileShare share, FileOptions options, Int64 preallocationSize, Nullable`1 unixCreateMode)
   at System.IO.StreamReader.ValidateArgsAndOpenPath(String path, Encoding encoding, Int32 bufferSize)
   at System.IO.File.ReadAllText(String path, Encoding encoding)
   at NINA.Profile.ProfileService.MigrateModularizedSolutionNamespaceChange() in C:\Projects\nina\NINA.Profile\ProfileService.cs:line 419
2024-12-29T14:42:23.8770|INFO|CameraChooserVM.cs|GetEquipment|69|Found 2 ASI Cameras
2024-12-29T14:42:23.9153|INFO|CameraChooserVM.cs|GetEquipment|84|Found 0 Altair Cameras
2024-12-29T14:42:24.1332|INFO|CameraChooserVM.cs|GetEquipment|96|Found 0 Atik Cameras
2024-12-29T14:42:24.1336|INFO|CameraChooserVM.cs|GetEquipment|110|Found 0 FLI Cameras
2024-12-29T14:42:25.1584|INFO|CameraChooserVM.cs|GetEquipment|130|Found 0 QHYCCD Cameras
2024-12-29T14:42:25.1916|INFO|CameraChooserVM.cs|GetEquipment|158|Found 0 ToupTek Cameras
2024-12-29T14:42:25.1946|INFO|CameraChooserVM.cs|GetEquipment|173|Found 0 Ogma Cameras
2024-12-29T14:42:25.1982|INFO|CameraChooserVM.cs|GetEquipment|188|Found 0 Omegon Cameras
2024-12-29T14:42:25.2277|INFO|CameraChooserVM.cs|GetEquipment|203|Found 0 RisingCam Cameras
2024-12-29T14:42:25.2320|INFO|CameraChooserVM.cs|GetEquipment|218|Found 0 MallinCam Cameras
2024-12-29T14:42:25.2368|INFO|CameraChooserVM.cs|GetEquipment|244|Found 0 SBIG Cameras
2024-12-29T14:42:25.5538|INFO|ApplicationVM.cs|CheckDiskInfo|100|Available Space on Drive C:\: 94.72 GB
2024-12-29T14:42:25.5539|INFO|ApplicationVM.cs|CheckDiskInfo|100|Available Space on Drive D:\: 4425.13 GB
2024-12-29T14:42:25.5548|INFO|ApplicationVM.cs|CheckDiskInfo|102|Drive E:\ is not ready
2024-12-29T14:42:25.5566|INFO|ApplicationVM.cs|CheckASCOMPlatformVersion|81|ASCOM Platform 6.6.2.4195 installed
2024-12-29T14:42:25.5591|INFO|ApplicationVM.cs|CheckDiskInfo|102|Drive F:\ is not ready
2024-12-29T14:42:25.7783|INFO|PluginLoader.cs|LoadPlugin|416|Successfully loaded plugin ASA Tools version 3.1.2.0 by Gerald Hitz (photon)
2024-12-29T14:42:25.7964|INFO|PluginLoader.cs|LoadPlugin|416|Successfully loaded plugin Connector version 2.0.3.0 by Stefan Berg
2024-12-29T14:42:25.8085|INFO|PluginLoader.cs|LoadPlugin|416|Successfully loaded plugin Device Actions and Commands version 2.0.0.0 by Dale Ghent
2024-12-29T14:42:25.8185|INFO|PluginLoader.cs|LoadPlugin|416|Successfully loaded plugin Filter Offset Calculator version 2.0.0.0 by S. Dimant & Stefan Berg
2024-12-29T14:42:25.8734|INFO|PluginLoader.cs|LoadPlugin|416|Successfully loaded plugin Ground Station version 2.4.1.0 by Dale Ghent
2024-12-29T14:42:25.9701|INFO|PluginLoader.cs|LoadPlugin|416|Successfully loaded plugin Hocus Focus version 3.0.0.18 by George Hilios (jokogeo)
2024-12-29T14:42:25.9810|INFO|PluginLoader.cs|LoadPlugin|416|Successfully loaded plugin Moon Angle version 2.2.0.0 by Dale Ghent
2024-12-29T14:42:26.0200|INFO|OrbitalElementsAccessor.cs|LoadJWST|87|No JWST vector table loaded since no file was found at C:\Users\AMOS\AppData\Local\NINA\OrbitalElements\JWSTVectorTable.bin.gz
2024-12-29T14:42:26.0239|INFO|OrbitalElementsAccessor.cs|LoadObjectType|118|No NumberedAsteroids orbital elements loaded since no file was found at C:\Users\AMOS\AppData\Local\NINA\OrbitalElements\NumberedAsteroidsElements.bin.gz
2024-12-29T14:42:26.0239|INFO|OrbitalElementsAccessor.cs|LoadObjectType|118|No UnnumberedAsteroids orbital elements loaded since no file was found at C:\Users\AMOS\AppData\Local\NINA\OrbitalElements\UnnumberedAsteroidsElements.bin.gz
2024-12-29T14:42:26.0239|INFO|OrbitalElementsAccessor.cs|LoadObjectType|118|No Comet orbital elements loaded since no file was found at C:\Users\AMOS\AppData\Local\NINA\OrbitalElements\MPC_CometElements.bin.gz
2024-12-29T14:42:26.0312|INFO|PluginLoader.cs|LoadPlugin|416|Successfully loaded plugin Orbitals version 3.0.0.13 by George Hilios (jokogeo)
2024-12-29T14:42:26.0433|INFO|PluginLoader.cs|LoadPlugin|416|Successfully loaded plugin Phd2 Tools version 1.0.5.0 by Stefan Berg @isbeorn
2024-12-29T14:42:26.0586|INFO|PluginLoader.cs|LoadPlugin|416|Successfully loaded plugin Remote Copy version 3.0.0.0 by Tom Palmer @tcpalmer
2024-12-29T14:42:26.1615|INFO|PluginLoader.cs|LoadPlugin|416|Successfully loaded plugin Sequencer Powerups version 3.20.0.0 by Marc Blank
2024-12-29T14:42:26.2445|ERROR|DllLoader.cs|LoadDllFromAbsolutePath|53|DllLoader failed to load library C:\Program Files\N.I.N.A. - Nighttime Imaging 'N' Astronomy\External\x64\SQLite\SQLite.Interop.dll due to error code 126
2024-12-29T14:42:26.4960|INFO|PluginLoader.cs|LoadPlugin|416|Successfully loaded plugin Target Scheduler version 4.9.0.1 by Tom Palmer @tcpalmer
2024-12-29T14:42:26.5405|INFO|SessionHistoryManager.cs|PurgeHistoryOlderThan|102|purging web session history older than 10 days
2024-12-29T14:42:26.5785|INFO|PluginLoader.cs|LoadPlugin|416|Successfully loaded plugin Web Session History Viewer version 2.2.1.0 by Tom Palmer @tcpalmer
2024-12-29T14:42:26.5847|INFO|PluginFetcher.cs|RequestAll|43|Fetching plugin manifests from https://nighttime-imaging.eu/wp-json/nina/v1/plugins/manifests
2024-12-29T14:42:26.6016|INFO|CameraChooserVM.cs|GetEquipment|264|Found 0 SVBony Cameras
2024-12-29T14:42:26.6063|INFO|CameraChooserVM.cs|GetEquipment|264|Found 0 PlayerOne Cameras
2024-12-29T14:42:26.6167|INFO|CameraChooserVM.cs|GetEquipment|264|Found 0 ASTPAN Cameras
2024-12-29T14:42:26.6183|INFO|CameraChooserVM.cs|GetEquipment|278|Found 4 ASCOM Cameras
2024-12-29T14:42:28.6119|INFO|FocuserChooserVM.cs|GetEquipment|67|Found 0 Alpaca Focusers
2024-12-29T14:42:28.6119|INFO|DomeChooserVM.cs|GetEquipment|67|Found 0 Alpaca Domes
2024-12-29T14:42:28.6119|INFO|FlatDeviceChooserVM.cs|GetEquipment|67|Found 0 Alpaca Cover Calibrators
2024-12-29T14:42:28.6121|INFO|TelescopeChooserVM.cs|GetEquipment|69|Found 0 Alpaca Telescopes
2024-12-29T14:42:28.6121|INFO|FilterWheelChooserVM.cs|GetEquipment|193|Found 0 Alpaca Filter Wheels
2024-12-29T14:42:28.6119|INFO|SafetyMonitorChooserVM.cs|GetEquipment|71|Found 0 Alpaca Safety Monitors
2024-12-29T14:42:28.6119|INFO|SwitchChooserVM.cs|GetEquipment|71|Found 0 Alpaca Switch Hubs
2024-12-29T14:42:28.6119|INFO|RotatorChooserVM.cs|GetEquipment|68|Found 0 Alpaca Rotators
2024-12-29T14:42:28.6226|INFO|CameraChooserVM.cs|GetEquipment|290|Found 0 Alpaca Cameras
2024-12-29T14:42:28.6245|INFO|CameraChooserVM.cs|GetEquipment|303|Found 0 Canon Cameras
2024-12-29T14:42:28.6301|INFO|WeatherDataChooserVM.cs|GetEquipment|69|Found 0 Alpaca Observing Conditions
2024-12-29T14:42:29.1350|INFO|PluginFetcher.cs|RequestAll|57|Found 58 valid plugins at https://nighttime-imaging.eu/wp-json/nina/v1/plugins/manifests
2024-12-29T14:42:30.9576|INFO|CameraVM.cs|Disconnect|645|Disconnected Camera
2024-12-29T14:42:31.9209|INFO|AscomDevice.cs|GetProperty|379|Property Camera.BayerOffsetX GET is not implemented in this driver (ASI Camera (2) (ASCOM))
2024-12-29T14:42:31.9233|INFO|AscomDevice.cs|GetProperty|379|Property Camera.BayerOffsetY GET is not implemented in this driver (ASI Camera (2) (ASCOM))
2024-12-29T14:42:31.9270|INFO|CameraVM.cs|ChooseCamera|448|Successfully connected Camera. Id: ASCOM.ASICamera2_2.Camera Name: ASI Camera (2) (ASCOM) DisplayName: ASI Camera (2) (ASCOM)Driver Version: 6.5
2024-12-29T14:42:37.1223|INFO|AscomDevice.cs|Disconnect|299|Disconnecting from ASCOM.ASICamera2_2.Camera ASI Camera (2) (ASCOM)
2024-12-29T14:42:37.1562|INFO|CameraVM.cs|Disconnect|645|Disconnected Camera
2024-12-29T14:42:38.3609|INFO|ApplicationVM.cs|Closing|288|Application shutting down
2024-12-29T14:42:38.3682|INFO|DomeVM.cs|Disconnect|336|Disconnected Dome Device
2024-12-29T14:42:38.3696|INFO|FlatDeviceVM.cs|Disconnect|279|Disconnected Flat Device
2024-12-29T14:42:38.3727|INFO|CameraVM.cs|Disconnect|645|Disconnected Camera
2024-12-29T14:42:38.3759|INFO|TelescopeVM.cs|Disconnect|763|Disconnected mount
2024-12-29T14:42:38.3825|INFO|FilterWheelVM.cs|Disconnect|324|Disconnected Filter Wheel
2024-12-29T14:42:38.3838|INFO|FocuserVM.cs|Disconnect|426|Disconnected Focuser
2024-12-29T14:42:38.3852|INFO|RotatorVM.cs|Disconnect|438|Disconnected Rotator
2024-12-29T14:42:38.3862|INFO|SwitchVM.cs|Disconnect|298|Disconnected Switch
2024-12-29T14:42:38.3873|INFO|WeatherDataVM.cs|Disconnect|292|Disconnected Weather Device
2024-12-29T14:42:38.3882|INFO|SafetyMonitorVM.cs|Disconnect|208|Disconnected Safety Monitor
