----------------------------------------------------------------------
--------------N.I.N.A. - Nighttime Imaging 'N' Astronomy--------------
--------------------------Version 3.1.2.9001--------------------------
-------------------------2024-11-25T19:20:45--------------------------
----------------------------------------------------------------------
---------------------Microsoft Windows 10.0.22631---------------------
-------------------------OS Architecture X64--------------------------
-----------------------Process Architecture X64-----------------------
------------------------------.NET 8.0.8------------------------------
----------------------------------------------------------------------
--------------------------Processor Count 12--------------------------
--------------------Total Physical Memory 27.89 GB--------------------
----------------------------------------------------------------------
DATE|LEVEL|SOURCE|MEMBER|LINE|MESSAGE
2024-11-25T19:20:44.8027|INFO|CameraChooserVM.cs|GetEquipment|69|Found 2 ASI Cameras
2024-11-25T19:20:47.3156|INFO|CameraChooserVM.cs|GetEquipment|84|Found 0 Altair Cameras
2024-11-25T19:20:47.5390|INFO|CameraChooserVM.cs|GetEquipment|96|Found 0 Atik Cameras
2024-11-25T19:20:47.5395|INFO|CameraChooserVM.cs|GetEquipment|110|Found 0 FLI Cameras
2024-11-25T19:20:48.8166|INFO|CameraChooserVM.cs|GetEquipment|130|Found 0 QHYCCD Cameras
2024-11-25T19:20:48.8647|INFO|CameraChooserVM.cs|GetEquipment|158|Found 0 ToupTek Cameras
2024-11-25T19:20:48.9600|INFO|CameraChooserVM.cs|GetEquipment|173|Found 0 Ogma Cameras
2024-11-25T19:20:49.1607|INFO|CameraChooserVM.cs|GetEquipment|188|Found 0 Omegon Cameras
2024-11-25T19:20:49.4442|INFO|CameraChooserVM.cs|GetEquipment|203|Found 0 RisingCam Cameras
2024-11-25T19:20:50.0255|INFO|CameraChooserVM.cs|GetEquipment|218|Found 0 MallinCam Cameras
2024-11-25T19:20:50.3642|INFO|CameraChooserVM.cs|GetEquipment|244|Found 0 SBIG Cameras
2024-11-25T19:20:50.6104|INFO|ApplicationVM.cs|CheckDiskInfo|100|Available Space on Drive C:\: 37.41 GB
2024-11-25T19:20:50.6105|INFO|ApplicationVM.cs|CheckDiskInfo|100|Available Space on Drive D:\: 4456.28 GB
2024-11-25T19:20:50.6114|INFO|ApplicationVM.cs|CheckDiskInfo|102|Drive E:\ is not ready
2024-11-25T19:20:50.6128|INFO|ApplicationVM.cs|CheckASCOMPlatformVersion|81|ASCOM Platform 6.6.2.4195 installed
2024-11-25T19:20:50.6158|INFO|ApplicationVM.cs|CheckDiskInfo|102|Drive F:\ is not ready
2024-11-25T19:20:50.7841|INFO|PluginLoader.cs|LoadPlugin|416|Successfully loaded plugin ASA Tools version 3.1.2.0 by Gerald Hitz (photon)
2024-11-25T19:20:50.9136|INFO|PluginLoader.cs|LoadPlugin|416|Successfully loaded plugin Connector version 2.0.3.0 by Stefan Berg
2024-11-25T19:20:51.2240|INFO|PluginLoader.cs|LoadPlugin|416|Successfully loaded plugin Device Actions and Commands version 2.0.0.0 by Dale Ghent
2024-11-25T19:20:51.5013|INFO|PluginLoader.cs|LoadPlugin|416|Successfully loaded plugin Filter Offset Calculator version 2.0.0.0 by S. Dimant & Stefan Berg
2024-11-25T19:20:51.7236|INFO|PluginLoader.cs|LoadPlugin|416|Successfully loaded plugin Ground Station version 2.4.1.0 by Dale Ghent
2024-11-25T19:21:09.6791|INFO|PluginLoader.cs|LoadPlugin|416|Successfully loaded plugin Hocus Focus version 3.0.0.18 by George Hilios (jokogeo)
2024-11-25T19:21:09.8040|INFO|PluginLoader.cs|LoadPlugin|416|Successfully loaded plugin Moon Angle version 2.2.0.0 by Dale Ghent
2024-11-25T19:21:10.2014|INFO|OrbitalElementsAccessor.cs|LoadJWST|87|No JWST vector table loaded since no file was found at C:\Users\AMOS\AppData\Local\NINA\OrbitalElements\JWSTVectorTable.bin.gz
2024-11-25T19:21:10.2020|INFO|OrbitalElementsAccessor.cs|LoadObjectType|118|No UnnumberedAsteroids orbital elements loaded since no file was found at C:\Users\AMOS\AppData\Local\NINA\OrbitalElements\UnnumberedAsteroidsElements.bin.gz
2024-11-25T19:21:10.2020|INFO|OrbitalElementsAccessor.cs|LoadObjectType|118|No NumberedAsteroids orbital elements loaded since no file was found at C:\Users\AMOS\AppData\Local\NINA\OrbitalElements\NumberedAsteroidsElements.bin.gz
2024-11-25T19:21:10.2020|INFO|OrbitalElementsAccessor.cs|LoadObjectType|118|No Comet orbital elements loaded since no file was found at C:\Users\AMOS\AppData\Local\NINA\OrbitalElements\MPC_CometElements.bin.gz
2024-11-25T19:21:10.2075|INFO|PluginLoader.cs|LoadPlugin|416|Successfully loaded plugin Orbitals version 3.0.0.13 by George Hilios (jokogeo)
2024-11-25T19:21:10.4048|INFO|PluginLoader.cs|LoadPlugin|416|Successfully loaded plugin Phd2 Tools version 1.0.4.2 by Stefan Berg
2024-11-25T19:21:10.6468|INFO|PluginLoader.cs|LoadPlugin|416|Successfully loaded plugin Sequencer Powerups version 3.16.1.0 by Marc Blank
2024-11-25T19:21:11.3008|ERROR|DllLoader.cs|LoadDllFromAbsolutePath|53|DllLoader failed to load library C:\Program Files\N.I.N.A. - Nighttime Imaging 'N' Astronomy\External\x64\SQLite\SQLite.Interop.dll due to error code 126
2024-11-25T19:21:11.5399|INFO|PluginLoader.cs|LoadPlugin|416|Successfully loaded plugin Target Scheduler version 4.9.0.0 by Tom Palmer @tcpalmer
2024-11-25T19:21:11.7350|INFO|SessionHistoryManager.cs|PurgeHistoryOlderThan|102|purging web session history older than 10 days
2024-11-25T19:21:11.7353|INFO|SessionHistoryManager.cs|PurgeHistoryOlderThan|110|purging old web session history: C:\Users\AMOS\AppData\Local\NINA\WebPlugin\sessions\20241113-175304
2024-11-25T19:21:11.7360|INFO|SessionHistoryManager.cs|PurgeHistoryOlderThan|110|purging old web session history: C:\Users\AMOS\AppData\Local\NINA\WebPlugin\sessions\20241113-210919
2024-11-25T19:21:11.7365|INFO|SessionHistoryManager.cs|PurgeHistoryOlderThan|110|purging old web session history: C:\Users\AMOS\AppData\Local\NINA\WebPlugin\sessions\20241114-165439
2024-11-25T19:21:11.7821|INFO|SessionHistoryManager.cs|PurgeHistoryOlderThan|110|purging old web session history: C:\Users\AMOS\AppData\Local\NINA\WebPlugin\sessions\20241115-202024
2024-11-25T19:21:11.8023|INFO|SessionHistoryManager.cs|PurgeHistoryOlderThan|110|purging old web session history: C:\Users\AMOS\AppData\Local\NINA\WebPlugin\sessions\20241116-174600
2024-11-25T19:21:11.8349|INFO|NINAWeb.cs|changePluginState|260|Web plugin state change from OFF to ON
2024-11-25T19:21:11.8360|INFO|NINALogWatcher.cs|Start|29|web viewer: watching log file: C:\Users\AMOS\AppData\Local\NINA\Logs\20241125-192044-3.1.2.9001.1216-202411.log
2024-11-25T19:21:11.8370|INFO|AutofocusDirectoryWatcher.cs|Watch|31|web viewer: watching AF directory file: C:\Users\AMOS\AppData\Local\NINA\AutoFocus
2024-11-25T19:21:11.8388|INFO|HttpServer.cs|ConfigureLogging|143|web server log: C:\Users\AMOS\AppData\Local\NINA\WebPlugin\webserver-20241125-192111.log
2024-11-25T19:21:11.8392|INFO|HttpServer.cs|WebServerTask|62|starting web server, listening at http://localhost:80/dist
2024-11-25T19:21:11.8393|INFO|PluginLoader.cs|LoadPlugin|416|Successfully loaded plugin Web Session History Viewer version 2.2.1.0 by Tom Palmer @tcpalmer
2024-11-25T19:21:11.8447|INFO|PluginFetcher.cs|RequestAll|43|Fetching plugin manifests from https://nighttime-imaging.eu/wp-json/nina/v1/plugins/manifests
2024-11-25T19:21:11.9993|INFO|CameraChooserVM.cs|GetEquipment|264|Found 0 SVBony Cameras
2024-11-25T19:21:12.1357|INFO|CameraChooserVM.cs|GetEquipment|264|Found 0 PlayerOne Cameras
2024-11-25T19:21:12.1536|INFO|CameraChooserVM.cs|GetEquipment|264|Found 0 ASTPAN Cameras
2024-11-25T19:21:12.1544|INFO|CameraChooserVM.cs|GetEquipment|278|Found 4 ASCOM Cameras
2024-11-25T19:21:12.5758|INFO|PluginFetcher.cs|RequestAll|57|Found 58 valid plugins at https://nighttime-imaging.eu/wp-json/nina/v1/plugins/manifests
2024-11-25T19:21:13.8873|INFO|FilterWheelChooserVM.cs|GetEquipment|193|Found 0 Alpaca Filter Wheels
2024-11-25T19:21:13.8873|INFO|RotatorChooserVM.cs|GetEquipment|68|Found 0 Alpaca Rotators
2024-11-25T19:21:13.8873|INFO|WeatherDataChooserVM.cs|GetEquipment|69|Found 0 Alpaca Observing Conditions
2024-11-25T19:21:13.8873|INFO|FocuserChooserVM.cs|GetEquipment|67|Found 0 Alpaca Focusers
2024-11-25T19:21:13.8873|INFO|SafetyMonitorChooserVM.cs|GetEquipment|71|Found 0 Alpaca Safety Monitors
2024-11-25T19:21:13.8873|INFO|TelescopeChooserVM.cs|GetEquipment|69|Found 0 Alpaca Telescopes
2024-11-25T19:21:13.8873|INFO|SwitchChooserVM.cs|GetEquipment|71|Found 0 Alpaca Switch Hubs
2024-11-25T19:21:13.8873|INFO|FlatDeviceChooserVM.cs|GetEquipment|67|Found 0 Alpaca Cover Calibrators
2024-11-25T19:21:14.0020|INFO|DomeChooserVM.cs|GetEquipment|67|Found 0 Alpaca Domes
2024-11-25T19:21:14.1564|INFO|CameraChooserVM.cs|GetEquipment|290|Found 0 Alpaca Cameras
2024-11-25T19:21:14.1583|INFO|CameraChooserVM.cs|GetEquipment|303|Found 0 Canon Cameras
2024-11-25T19:21:21.7296|INFO|PluginFetcher.cs|RequestAll|43|Fetching plugin manifests from https://nighttime-imaging.eu/wp-json/nina/v1/plugins/manifests
2024-11-25T19:21:22.2713|INFO|PluginFetcher.cs|RequestAll|57|Found 58 valid plugins at https://nighttime-imaging.eu/wp-json/nina/v1/plugins/manifests
2024-11-25T19:21:30.0223|INFO|PluginInstaller.cs|Install|91|Downloading plugin from https://bitbucket.org/zorkmid/nina.plugin.when/downloads/Powerups.3.18.0.0.zip
2024-11-25T19:21:31.9021|INFO|PluginInstaller.cs|InstallArchive|236|Installing plugin Sequencer Powerups - extracting archive to C:\Users\AMOS\AppData\Local\NINA\Plugins\3.0.0\Sequencer Powerups
2024-11-25T19:22:17.7931|INFO|PluginFetcher.cs|RequestAll|43|Fetching plugin manifests from https://nighttime-imaging.eu/wp-json/nina/v1/plugins/manifests
2024-11-25T19:22:18.1786|INFO|PluginFetcher.cs|RequestAll|57|Found 58 valid plugins at https://nighttime-imaging.eu/wp-json/nina/v1/plugins/manifests
2024-11-25T19:22:25.9152|INFO|PluginInstaller.cs|Install|91|Downloading plugin from https://bitbucket.org/zorkmid/nina.plugin.when/downloads/Powerups.3.18.0.0.zip
2024-11-25T19:22:26.9640|INFO|PluginInstaller.cs|InstallArchive|236|Installing plugin Sequencer Powerups - extracting archive to C:\Users\AMOS\AppData\Local\NINA\Plugins\3.0.0\Sequencer Powerups
2024-11-25T19:22:33.0324|INFO|ApplicationVM.cs|Closing|288|Application shutting down
2024-11-25T19:22:33.0415|INFO|DomeVM.cs|Disconnect|336|Disconnected Dome Device
2024-11-25T19:22:33.0427|INFO|FlatDeviceVM.cs|Disconnect|279|Disconnected Flat Device
2024-11-25T19:22:33.0455|INFO|CameraVM.cs|Disconnect|645|Disconnected Camera
2024-11-25T19:22:33.0484|INFO|TelescopeVM.cs|Disconnect|763|Disconnected mount
2024-11-25T19:22:33.0492|INFO|FilterWheelVM.cs|Disconnect|324|Disconnected Filter Wheel
2024-11-25T19:22:33.0502|INFO|FocuserVM.cs|Disconnect|426|Disconnected Focuser
2024-11-25T19:22:33.0514|INFO|RotatorVM.cs|Disconnect|438|Disconnected Rotator
2024-11-25T19:22:33.0523|INFO|SwitchVM.cs|Disconnect|298|Disconnected Switch
2024-11-25T19:22:33.0533|INFO|WeatherDataVM.cs|Disconnect|292|Disconnected Weather Device
2024-11-25T19:22:33.0542|INFO|SafetyMonitorVM.cs|Disconnect|208|Disconnected Safety Monitor
2024-11-25T19:22:33.7180|INFO|HttpServer.cs|WaitForStopped|108|waited 0ms for web server to stop
