----------------------------------------------------------------------
--------------N.I.N.A. - Nighttime Imaging 'N' Astronomy--------------
--------------------------Version 3.1.2.9001--------------------------
-------------------------2024-12-29T14:10:03--------------------------
----------------------------------------------------------------------
---------------------Microsoft Windows 10.0.26100---------------------
-------------------------OS Architecture X64--------------------------
-----------------------Process Architecture X64-----------------------
------------------------------.NET 8.0.8------------------------------
----------------------------------------------------------------------
--------------------------Processor Count 12--------------------------
--------------------Total Physical Memory 27.89 GB--------------------
----------------------------------------------------------------------
DATE|LEVEL|SOURCE|MEMBER|LINE|MESSAGE
2024-12-29T14:10:01.2348|INFO|CameraChooserVM.cs|GetEquipment|69|Found 2 ASI Cameras
2024-12-29T14:10:03.5922|INFO|CameraChooserVM.cs|GetEquipment|84|Found 0 Altair Cameras
2024-12-29T14:10:03.6982|INFO|CameraChooserVM.cs|GetEquipment|96|Found 0 Atik Cameras
2024-12-29T14:10:03.6987|INFO|CameraChooserVM.cs|GetEquipment|110|Found 0 FLI Cameras
2024-12-29T14:10:05.1408|INFO|CameraChooserVM.cs|GetEquipment|130|Found 0 QHYCCD Cameras
2024-12-29T14:10:05.2442|INFO|CameraChooserVM.cs|GetEquipment|158|Found 0 ToupTek Cameras
2024-12-29T14:10:05.6697|INFO|CameraChooserVM.cs|GetEquipment|173|Found 0 Ogma Cameras
2024-12-29T14:10:06.1166|INFO|CameraChooserVM.cs|GetEquipment|188|Found 0 Omegon Cameras
2024-12-29T14:10:06.6247|INFO|CameraChooserVM.cs|GetEquipment|203|Found 0 RisingCam Cameras
2024-12-29T14:10:07.1212|INFO|CameraChooserVM.cs|GetEquipment|218|Found 0 MallinCam Cameras
2024-12-29T14:10:07.1247|INFO|CameraChooserVM.cs|GetEquipment|244|Found 0 SBIG Cameras
2024-12-29T14:10:07.5764|INFO|ApplicationVM.cs|CheckDiskInfo|100|Available Space on Drive C:\: 94.72 GB
2024-12-29T14:10:07.5766|INFO|ApplicationVM.cs|CheckDiskInfo|100|Available Space on Drive D:\: 4425.13 GB
2024-12-29T14:10:07.5774|INFO|ApplicationVM.cs|CheckDiskInfo|102|Drive E:\ is not ready
2024-12-29T14:10:07.5777|INFO|ApplicationVM.cs|CheckASCOMPlatformVersion|81|ASCOM Platform 6.6.2.4195 installed
2024-12-29T14:10:07.5819|INFO|ApplicationVM.cs|CheckDiskInfo|102|Drive F:\ is not ready
2024-12-29T14:10:07.7929|INFO|EarthRotationParameterUpdater.cs|Update|121|Updating EarthRotationParameters due to being outdated. Last available parameter date 2024-12-19
2024-12-29T14:10:07.8404|INFO|PluginLoader.cs|LoadPlugin|416|Successfully loaded plugin ASA Tools version 3.1.2.0 by Gerald Hitz (photon)
2024-12-29T14:10:08.2184|INFO|PluginLoader.cs|LoadPlugin|416|Successfully loaded plugin Connector version 2.0.3.0 by Stefan Berg
2024-12-29T14:10:08.7667|INFO|PluginLoader.cs|LoadPlugin|416|Successfully loaded plugin Device Actions and Commands version 2.0.0.0 by Dale Ghent
2024-12-29T14:10:09.1841|INFO|PluginLoader.cs|LoadPlugin|416|Successfully loaded plugin Filter Offset Calculator version 2.0.0.0 by S. Dimant & Stefan Berg
2024-12-29T14:10:09.6356|INFO|PluginLoader.cs|LoadPlugin|416|Successfully loaded plugin Ground Station version 2.4.1.0 by Dale Ghent
2024-12-29T14:10:11.2320|INFO|EarthRotationParameterUpdater.cs|Update|123|Updated EarthRotationParameters. New last available parameter date 2025-03-29
2024-12-29T14:10:14.1939|INFO|PluginLoader.cs|LoadPlugin|416|Successfully loaded plugin Hocus Focus version 3.0.0.18 by George Hilios (jokogeo)
2024-12-29T14:10:14.6411|INFO|PluginLoader.cs|LoadPlugin|416|Successfully loaded plugin Moon Angle version 2.2.0.0 by Dale Ghent
2024-12-29T14:10:15.5590|INFO|OrbitalElementsAccessor.cs|LoadJWST|87|No JWST vector table loaded since no file was found at C:\Users\AMOS\AppData\Local\NINA\OrbitalElements\JWSTVectorTable.bin.gz
2024-12-29T14:10:15.5596|INFO|OrbitalElementsAccessor.cs|LoadObjectType|118|No UnnumberedAsteroids orbital elements loaded since no file was found at C:\Users\AMOS\AppData\Local\NINA\OrbitalElements\UnnumberedAsteroidsElements.bin.gz
2024-12-29T14:10:15.5596|INFO|OrbitalElementsAccessor.cs|LoadObjectType|118|No NumberedAsteroids orbital elements loaded since no file was found at C:\Users\AMOS\AppData\Local\NINA\OrbitalElements\NumberedAsteroidsElements.bin.gz
2024-12-29T14:10:15.5596|INFO|OrbitalElementsAccessor.cs|LoadObjectType|118|No Comet orbital elements loaded since no file was found at C:\Users\AMOS\AppData\Local\NINA\OrbitalElements\MPC_CometElements.bin.gz
2024-12-29T14:10:15.5688|INFO|PluginLoader.cs|LoadPlugin|416|Successfully loaded plugin Orbitals version 3.0.0.13 by George Hilios (jokogeo)
2024-12-29T14:10:16.0839|INFO|PluginLoader.cs|LoadPlugin|416|Successfully loaded plugin Phd2 Tools version 1.0.5.0 by Stefan Berg @isbeorn
2024-12-29T14:10:16.6208|INFO|PluginLoader.cs|LoadPlugin|416|Successfully loaded plugin Remote Copy version 3.0.0.0 by Tom Palmer @tcpalmer
2024-12-29T14:10:17.1495|INFO|PluginLoader.cs|LoadPlugin|416|Successfully loaded plugin Sequencer Powerups version 3.20.0.0 by Marc Blank
2024-12-29T14:10:19.2711|ERROR|DllLoader.cs|LoadDllFromAbsolutePath|53|DllLoader failed to load library C:\Program Files\N.I.N.A. - Nighttime Imaging 'N' Astronomy\External\x64\SQLite\SQLite.Interop.dll due to error code 126
2024-12-29T14:10:19.5576|INFO|PluginLoader.cs|LoadPlugin|416|Successfully loaded plugin Target Scheduler version 4.9.0.1 by Tom Palmer @tcpalmer
2024-12-29T14:10:20.1082|INFO|SessionHistoryManager.cs|PurgeHistoryOlderThan|102|purging web session history older than 10 days
2024-12-29T14:10:20.1418|INFO|NINAWeb.cs|changePluginState|260|Web plugin state change from OFF to ON
2024-12-29T14:10:20.1429|INFO|NINALogWatcher.cs|Start|29|web viewer: watching log file: C:\Users\AMOS\AppData\Local\NINA\Logs\20241229-141000-3.1.2.9001.16540-202412.log
2024-12-29T14:10:20.1450|INFO|AutofocusDirectoryWatcher.cs|Watch|31|web viewer: watching AF directory file: C:\Users\AMOS\AppData\Local\NINA\AutoFocus
2024-12-29T14:10:20.1565|INFO|PluginLoader.cs|LoadPlugin|416|Successfully loaded plugin Web Session History Viewer version 2.2.1.0 by Tom Palmer @tcpalmer
2024-12-29T14:10:20.1582|INFO|HttpServer.cs|ConfigureLogging|143|web server log: C:\Users\AMOS\AppData\Local\NINA\WebPlugin\webserver-20241229-141020.log
2024-12-29T14:10:20.1586|INFO|HttpServer.cs|WebServerTask|62|starting web server, listening at http://localhost:80/dist
2024-12-29T14:10:20.1631|INFO|PluginFetcher.cs|RequestAll|43|Fetching plugin manifests from https://nighttime-imaging.eu/wp-json/nina/v1/plugins/manifests
2024-12-29T14:10:20.6634|INFO|CameraChooserVM.cs|GetEquipment|264|Found 0 SVBony Cameras
2024-12-29T14:10:20.9910|INFO|CameraChooserVM.cs|GetEquipment|264|Found 0 PlayerOne Cameras
2024-12-29T14:10:21.0115|INFO|CameraChooserVM.cs|GetEquipment|264|Found 0 ASTPAN Cameras
2024-12-29T14:10:21.0124|INFO|CameraChooserVM.cs|GetEquipment|278|Found 4 ASCOM Cameras
2024-12-29T14:10:22.1996|INFO|WeatherDataChooserVM.cs|GetEquipment|69|Found 0 Alpaca Observing Conditions
2024-12-29T14:10:22.1996|INFO|FocuserChooserVM.cs|GetEquipment|67|Found 0 Alpaca Focusers
2024-12-29T14:10:22.1996|INFO|SwitchChooserVM.cs|GetEquipment|71|Found 0 Alpaca Switch Hubs
2024-12-29T14:10:22.1996|INFO|RotatorChooserVM.cs|GetEquipment|68|Found 0 Alpaca Rotators
2024-12-29T14:10:22.1996|INFO|FlatDeviceChooserVM.cs|GetEquipment|67|Found 0 Alpaca Cover Calibrators
2024-12-29T14:10:22.1996|INFO|FilterWheelChooserVM.cs|GetEquipment|193|Found 0 Alpaca Filter Wheels
2024-12-29T14:10:22.1996|INFO|TelescopeChooserVM.cs|GetEquipment|69|Found 0 Alpaca Telescopes
2024-12-29T14:10:22.1996|INFO|DomeChooserVM.cs|GetEquipment|67|Found 0 Alpaca Domes
2024-12-29T14:10:22.1996|INFO|SafetyMonitorChooserVM.cs|GetEquipment|71|Found 0 Alpaca Safety Monitors
2024-12-29T14:10:22.6495|INFO|PluginFetcher.cs|RequestAll|57|Found 58 valid plugins at https://nighttime-imaging.eu/wp-json/nina/v1/plugins/manifests
2024-12-29T14:10:23.0145|INFO|CameraChooserVM.cs|GetEquipment|290|Found 0 Alpaca Cameras
2024-12-29T14:10:23.0162|INFO|CameraChooserVM.cs|GetEquipment|303|Found 0 Canon Cameras
2024-12-29T14:10:28.9448|INFO|CameraVM.cs|Disconnect|645|Disconnected Camera
2024-12-29T14:10:30.9629|INFO|AscomDevice.cs|GetProperty|379|Property Camera.BayerOffsetX GET is not implemented in this driver (ASI Camera (1) (ASCOM))
2024-12-29T14:10:30.9711|INFO|AscomDevice.cs|GetProperty|379|Property Camera.BayerOffsetY GET is not implemented in this driver (ASI Camera (1) (ASCOM))
2024-12-29T14:10:30.9745|INFO|CameraVM.cs|ChooseCamera|448|Successfully connected Camera. Id: ASCOM.ASICamera2.Camera Name: ASI Camera (1) (ASCOM) DisplayName: ASI Camera (1) (ASCOM)Driver Version: 6.5
2024-12-29T14:10:30.9771|INFO|FilterWheelVM.cs|Disconnect|324|Disconnected Filter Wheel
2024-12-29T14:10:32.5677|INFO|FilterWheelVM.cs|ChooseFW|272|Successfully connected Filter Wheel. Id: ASCOM.EFW2.FilterWheel Name: ZWO FilterWheel (1) DisplayName: ZWO FilterWheel (1) Driver Version: 6.0
2024-12-29T14:10:32.5751|INFO|TelescopeVM.cs|Disconnect|763|Disconnected mount
2024-12-29T14:10:40.3574|INFO|AscomTelescope.cs|CheckMountTime|817|Mount UTC Time: 2024-12-29 13:10:40Z / System UTC Time: 2024-12-29 13:10:40Z; Difference: 0.002 seconds
2024-12-29T14:10:40.3673|INFO|AscomTelescope.cs|CheckMountTime|837|Mount driver does not allow the mount's time to be set.
2024-12-29T14:10:40.4814|INFO|TelescopeVM.cs|ChooseTelescope|518|Successfully connected mount. Id: ASCOM.photonProxyHub.Telescope Name: ASCOM Telescope Driver for photonProxyHub DisplayName: ASCOM Telescope Driver for photonProxyHub Driver Version: 2011_10_08
2024-12-29T14:10:40.4834|INFO|FocuserVM.cs|Disconnect|426|Disconnected Focuser
2024-12-29T14:10:41.1522|INFO|FocuserVM.cs|ChooseFocuser|324|Successfully connected Focuser. Id: ASCOM.MicroTouchServer.Focuser1 Name: MicroTouch Focuser1 DisplayName: MicroTouch Focuser1 Driver Version: 1.3
2024-12-29T14:10:41.1555|INFO|RotatorVM.cs|Disconnect|438|Disconnected Rotator
2024-12-29T14:10:41.1626|INFO|FlatDeviceVM.cs|Disconnect|279|Disconnected Flat Device
2024-12-29T14:10:42.1164|INFO|FlatDeviceVM.cs|Connect|234|Successfully connected flat device. Id: ASCOM.OptecAlnitak.CoverCalibrator Name: Optec Alnitak DisplayName: Optec Alnitak Driver Version: 1.0
2024-12-29T14:10:42.1188|INFO|WeatherDataVM.cs|Disconnect|292|Disconnected Weather Device
2024-12-29T14:10:43.9760|INFO|AscomDevice.cs|GetProperty|379|Property ObservingConditions.SkyBrightness GET is not implemented in this driver (Lunatico CloudWatcher Observing Conditions)
2024-12-29T14:10:43.9811|INFO|AscomDevice.cs|GetProperty|379|Property ObservingConditions.StarFWHM GET is not implemented in this driver (Lunatico CloudWatcher Observing Conditions)
2024-12-29T14:10:43.9848|INFO|AscomDevice.cs|GetProperty|379|Property ObservingConditions.WindDirection GET is not implemented in this driver (Lunatico CloudWatcher Observing Conditions)
2024-12-29T14:10:43.9894|INFO|WeatherDataVM.cs|ChooseWeatherData|143|Successfully connected Weather Device. Id: ASCOM.CloudWatcher.ObservingConditions Name: Lunatico CloudWatcher Observing Conditions DisplayName: Lunatico CloudWatcher Observing Conditions Driver Version: 1.0
2024-12-29T14:10:43.9922|INFO|SwitchVM.cs|Disconnect|298|Disconnected Switch
2024-12-29T14:10:43.9952|INFO|DomeVM.cs|Disconnect|336|Disconnected Dome Device
2024-12-29T14:10:44.4407|INFO|DomeVM.cs|ChooseDome|191|Successfully connected Dome. Id: ASCOM.AMOS.Dome Name: ASCOM Dome Driver for AMOS DisplayName: ASCOM Dome Driver for AMOS Driver Version: 1.0.1
2024-12-29T14:10:44.4429|INFO|SafetyMonitorVM.cs|Disconnect|208|Disconnected Safety Monitor
2024-12-29T14:10:44.7324|INFO|SafetyMonitorVM.cs|Connect|168|Successfully connected Safety Monitor. Id: ASCOM.CloudWatcher.SafetyMonitor Name: Lunatico CloudWatcher Safety Monitor DisplayName: Lunatico CloudWatcher Safety Monitor Driver Version: 1.0
2024-12-29T14:10:52.2442|WARNING|NINAEventWatcher.cs|LogFileRolled|92|web viewer detected new file in log directory but doesn't match pattern: 20241229-141052-3.1.2.9001.10984-202412.log, ignored
2024-12-29T14:12:01.5357|INFO|ApplicationDeviceConnectionVM.cs|UsbDeviceWatcher_DeviceRemoved|178|USB Device disconnected DeviceId: USB\VID_1A40&PID_0101\8&19153604&0&4, PnpDeviceId: USB\VID_1A40&PID_0101\8&19153604&0&4, Description: Generischer USB-Hub, Name: Generischer USB-Hub, Manufacturer: (Standardmäßige USB-HUBs), Service: USBHUB3, Status: OK
2024-12-29T14:12:01.8893|INFO|ApplicationDeviceConnectionVM.cs|UsbDeviceWatcher_DeviceInserted|173|New USB device detected DeviceId: USB\VID_1A40&PID_0101\8&19153604&0&4, PnpDeviceId: USB\VID_1A40&PID_0101\8&19153604&0&4, Description: Generischer USB-Hub, Name: Generischer USB-Hub, Manufacturer: (Standardmäßige USB-HUBs), Service: USBHUB3, Status: OK
2024-12-29T14:12:53.7089|INFO|ApplicationDeviceConnectionVM.cs|UsbDeviceWatcher_DeviceRemoved|178|USB Device disconnected DeviceId: USB\VID_1A40&PID_0101\8&19153604&0&4, PnpDeviceId: USB\VID_1A40&PID_0101\8&19153604&0&4, Description: Generischer USB-Hub, Name: Generischer USB-Hub, Manufacturer: (Standardmäßige USB-HUBs), Service: USBHUB3, Status: OK
2024-12-29T14:12:54.0469|INFO|ApplicationDeviceConnectionVM.cs|UsbDeviceWatcher_DeviceInserted|173|New USB device detected DeviceId: USB\VID_1A40&PID_0101\8&19153604&0&4, PnpDeviceId: USB\VID_1A40&PID_0101\8&19153604&0&4, Description: Generischer USB-Hub, Name: Generischer USB-Hub, Manufacturer: (Standardmäßige USB-HUBs), Service: USBHUB3, Status: OK
2024-12-29T14:18:42.2027|INFO|AscomDevice.cs|Disconnect|299|Disconnecting from ASCOM.AMOS.Dome ASCOM Dome Driver for AMOS
2024-12-29T14:18:42.2161|INFO|DomeVM.cs|Disconnect|336|Disconnected Dome Device
2024-12-29T14:18:42.2168|INFO|AscomDevice.cs|Disconnect|299|Disconnecting from ASCOM.OptecAlnitak.CoverCalibrator Optec Alnitak
2024-12-29T14:18:42.3458|INFO|FlatDeviceVM.cs|Disconnect|279|Disconnected Flat Device
2024-12-29T14:18:42.3466|INFO|AscomDevice.cs|Disconnect|299|Disconnecting from ASCOM.ASICamera2.Camera ASI Camera (1) (ASCOM)
2024-12-29T14:18:42.3812|INFO|CameraVM.cs|Disconnect|645|Disconnected Camera
2024-12-29T14:18:42.3820|INFO|AscomDevice.cs|Disconnect|299|Disconnecting from ASCOM.photonProxyHub.Telescope ASCOM Telescope Driver for photonProxyHub
2024-12-29T14:18:42.3928|INFO|TelescopeVM.cs|Disconnect|763|Disconnected mount
2024-12-29T14:18:42.3929|INFO|AscomDevice.cs|Disconnect|299|Disconnecting from ASCOM.EFW2.FilterWheel ZWO FilterWheel (1)
2024-12-29T14:18:42.3977|INFO|FilterWheelVM.cs|Disconnect|324|Disconnected Filter Wheel
2024-12-29T14:18:42.3986|INFO|AscomDevice.cs|Disconnect|299|Disconnecting from ASCOM.MicroTouchServer.Focuser1 MicroTouch Focuser1
2024-12-29T14:18:42.4140|INFO|FocuserVM.cs|Disconnect|426|Disconnected Focuser
2024-12-29T14:18:42.4148|INFO|RotatorVM.cs|Disconnect|438|Disconnected Rotator
2024-12-29T14:18:42.4154|INFO|SwitchVM.cs|Disconnect|298|Disconnected Switch
2024-12-29T14:18:42.4160|INFO|AscomDevice.cs|Disconnect|299|Disconnecting from ASCOM.CloudWatcher.ObservingConditions Lunatico CloudWatcher Observing Conditions
2024-12-29T14:18:42.4202|INFO|WeatherDataVM.cs|Disconnect|292|Disconnected Weather Device
2024-12-29T14:18:42.4209|INFO|AscomDevice.cs|Disconnect|299|Disconnecting from ASCOM.CloudWatcher.SafetyMonitor Lunatico CloudWatcher Safety Monitor
2024-12-29T14:18:42.4245|INFO|SafetyMonitorVM.cs|Disconnect|208|Disconnected Safety Monitor
2024-12-29T14:18:43.7435|INFO|ApplicationVM.cs|Closing|288|Application shutting down
2024-12-29T14:18:43.7497|INFO|DomeVM.cs|Disconnect|336|Disconnected Dome Device
2024-12-29T14:18:43.7505|INFO|FlatDeviceVM.cs|Disconnect|279|Disconnected Flat Device
2024-12-29T14:18:43.7536|INFO|CameraVM.cs|Disconnect|645|Disconnected Camera
2024-12-29T14:18:43.7538|INFO|TelescopeVM.cs|Disconnect|763|Disconnected mount
2024-12-29T14:18:43.7544|INFO|FilterWheelVM.cs|Disconnect|324|Disconnected Filter Wheel
2024-12-29T14:18:43.7545|INFO|FocuserVM.cs|Disconnect|426|Disconnected Focuser
2024-12-29T14:18:43.7553|INFO|RotatorVM.cs|Disconnect|438|Disconnected Rotator
2024-12-29T14:18:43.7557|INFO|SwitchVM.cs|Disconnect|298|Disconnected Switch
2024-12-29T14:18:43.7569|INFO|WeatherDataVM.cs|Disconnect|292|Disconnected Weather Device
2024-12-29T14:18:43.7573|INFO|SafetyMonitorVM.cs|Disconnect|208|Disconnected Safety Monitor
2024-12-29T14:18:44.7618|INFO|HttpServer.cs|WaitForStopped|108|waited 0ms for web server to stop
