----------------------------------------------------------------------
--------------N.I.N.A. - Nighttime Imaging 'N' Astronomy--------------
--------------------------Version 3.1.2.9001--------------------------
-------------------------2024-12-30T04:40:18--------------------------
----------------------------------------------------------------------
---------------------Microsoft Windows 10.0.26100---------------------
-------------------------OS Architecture X64--------------------------
-----------------------Process Architecture X64-----------------------
------------------------------.NET 8.0.8------------------------------
----------------------------------------------------------------------
--------------------------Processor Count 12--------------------------
--------------------Total Physical Memory 27.89 GB--------------------
----------------------------------------------------------------------
DATE|LEVEL|SOURCE|MEMBER|LINE|MESSAGE
2024-12-30T04:40:17.8727|INFO|CameraChooserVM.cs|GetEquipment|69|Found 2 ASI Cameras
2024-12-30T04:40:19.0504|INFO|CameraChooserVM.cs|GetEquipment|84|Found 0 Altair Cameras
2024-12-30T04:40:19.1501|INFO|CameraChooserVM.cs|GetEquipment|96|Found 0 Atik Cameras
2024-12-30T04:40:19.1506|INFO|CameraChooserVM.cs|GetEquipment|110|Found 0 FLI Cameras
2024-12-30T04:40:20.3325|INFO|CameraChooserVM.cs|GetEquipment|130|Found 0 QHYCCD Cameras
2024-12-30T04:40:20.3661|INFO|CameraChooserVM.cs|GetEquipment|158|Found 0 ToupTek Cameras
2024-12-30T04:40:20.5522|INFO|CameraChooserVM.cs|GetEquipment|173|Found 0 Ogma Cameras
2024-12-30T04:40:20.7483|INFO|CameraChooserVM.cs|GetEquipment|188|Found 0 Omegon Cameras
2024-12-30T04:40:20.9895|INFO|CameraChooserVM.cs|GetEquipment|203|Found 0 RisingCam Cameras
2024-12-30T04:40:21.1644|INFO|CameraChooserVM.cs|GetEquipment|218|Found 0 MallinCam Cameras
2024-12-30T04:40:21.1661|INFO|CameraChooserVM.cs|GetEquipment|244|Found 0 SBIG Cameras
2024-12-30T04:40:21.6386|INFO|ApplicationVM.cs|CheckDiskInfo|100|Available Space on Drive C:\: 90.9 GB
2024-12-30T04:40:21.6388|INFO|ApplicationVM.cs|CheckDiskInfo|100|Available Space on Drive D:\: 4425.38 GB
2024-12-30T04:40:21.6396|INFO|ApplicationVM.cs|CheckDiskInfo|102|Drive E:\ is not ready
2024-12-30T04:40:21.6417|INFO|ApplicationVM.cs|CheckASCOMPlatformVersion|81|ASCOM Platform 6.6.2.4195 installed
2024-12-30T04:40:21.6441|INFO|ApplicationVM.cs|CheckDiskInfo|102|Drive F:\ is not ready
2024-12-30T04:40:21.9047|INFO|PluginLoader.cs|LoadPlugin|416|Successfully loaded plugin ASA Tools version 3.1.2.0 by Gerald Hitz (photon)
2024-12-30T04:40:21.9419|INFO|PluginLoader.cs|LoadPlugin|416|Successfully loaded plugin Connector version 2.0.3.0 by Stefan Berg
2024-12-30T04:40:21.9680|INFO|PluginLoader.cs|LoadPlugin|416|Successfully loaded plugin Device Actions and Commands version 2.0.0.0 by Dale Ghent
2024-12-30T04:40:22.0028|INFO|PluginLoader.cs|LoadPlugin|416|Successfully loaded plugin Filter Offset Calculator version 2.0.0.0 by S. Dimant & Stefan Berg
2024-12-30T04:40:22.0857|INFO|PluginLoader.cs|LoadPlugin|416|Successfully loaded plugin Ground Station version 2.4.1.0 by Dale Ghent
2024-12-30T04:40:22.5950|INFO|PluginLoader.cs|LoadPlugin|416|Successfully loaded plugin Hocus Focus version 3.0.0.18 by George Hilios (jokogeo)
2024-12-30T04:40:22.6841|INFO|PluginLoader.cs|LoadPlugin|416|Successfully loaded plugin Moon Angle version 2.2.0.0 by Dale Ghent
2024-12-30T04:40:22.7551|INFO|OrbitalElementsAccessor.cs|LoadJWST|87|No JWST vector table loaded since no file was found at C:\Users\AMOS\AppData\Local\NINA\OrbitalElements\JWSTVectorTable.bin.gz
2024-12-30T04:40:22.7556|INFO|OrbitalElementsAccessor.cs|LoadObjectType|118|No NumberedAsteroids orbital elements loaded since no file was found at C:\Users\AMOS\AppData\Local\NINA\OrbitalElements\NumberedAsteroidsElements.bin.gz
2024-12-30T04:40:22.7556|INFO|OrbitalElementsAccessor.cs|LoadObjectType|118|No UnnumberedAsteroids orbital elements loaded since no file was found at C:\Users\AMOS\AppData\Local\NINA\OrbitalElements\UnnumberedAsteroidsElements.bin.gz
2024-12-30T04:40:22.7556|INFO|OrbitalElementsAccessor.cs|LoadObjectType|118|No Comet orbital elements loaded since no file was found at C:\Users\AMOS\AppData\Local\NINA\OrbitalElements\MPC_CometElements.bin.gz
2024-12-30T04:40:22.7701|INFO|PluginLoader.cs|LoadPlugin|416|Successfully loaded plugin Orbitals version 3.0.0.13 by George Hilios (jokogeo)
2024-12-30T04:40:22.7966|INFO|PluginLoader.cs|LoadPlugin|416|Successfully loaded plugin Phd2 Tools version 1.0.5.0 by Stefan Berg @isbeorn
2024-12-30T04:40:22.9564|INFO|PluginLoader.cs|LoadPlugin|416|Successfully loaded plugin Remote Copy version 3.0.0.0 by Tom Palmer @tcpalmer
2024-12-30T04:40:23.1064|INFO|PluginLoader.cs|LoadPlugin|416|Successfully loaded plugin Sequencer Powerups version 3.20.0.0 by Marc Blank
2024-12-30T04:40:23.3458|ERROR|DllLoader.cs|LoadDllFromAbsolutePath|53|DllLoader failed to load library C:\Program Files\N.I.N.A. - Nighttime Imaging 'N' Astronomy\External\x64\SQLite\SQLite.Interop.dll due to error code 126
2024-12-30T04:40:23.6421|INFO|PluginLoader.cs|LoadPlugin|416|Successfully loaded plugin Target Scheduler version 4.9.0.1 by Tom Palmer @tcpalmer
2024-12-30T04:40:23.6891|INFO|SessionHistoryManager.cs|PurgeHistoryOlderThan|102|purging web session history older than 10 days
2024-12-30T04:40:23.7231|INFO|NINAWeb.cs|changePluginState|260|Web plugin state change from OFF to ON
2024-12-30T04:40:23.7242|INFO|NINALogWatcher.cs|Start|29|web viewer: watching log file: C:\Users\AMOS\AppData\Local\NINA\Logs\20241230-044017-3.1.2.9001.9492-202412.log
2024-12-30T04:40:23.7255|INFO|AutofocusDirectoryWatcher.cs|Watch|31|web viewer: watching AF directory file: C:\Users\AMOS\AppData\Local\NINA\AutoFocus
2024-12-30T04:40:23.7271|INFO|HttpServer.cs|ConfigureLogging|143|web server log: C:\Users\AMOS\AppData\Local\NINA\WebPlugin\webserver-20241230-044023.log
2024-12-30T04:40:23.7276|INFO|HttpServer.cs|WebServerTask|62|starting web server, listening at http://localhost:80/dist
2024-12-30T04:40:23.7292|INFO|PluginLoader.cs|LoadPlugin|416|Successfully loaded plugin Web Session History Viewer version 2.2.1.0 by Tom Palmer @tcpalmer
2024-12-30T04:40:23.7359|INFO|PluginFetcher.cs|RequestAll|43|Fetching plugin manifests from https://nighttime-imaging.eu/wp-json/nina/v1/plugins/manifests
2024-12-30T04:40:24.0202|INFO|CameraChooserVM.cs|GetEquipment|264|Found 0 SVBony Cameras
2024-12-30T04:40:24.1477|INFO|CameraChooserVM.cs|GetEquipment|264|Found 0 PlayerOne Cameras
2024-12-30T04:40:24.1593|INFO|CameraChooserVM.cs|GetEquipment|264|Found 0 ASTPAN Cameras
2024-12-30T04:40:24.1602|INFO|CameraChooserVM.cs|GetEquipment|278|Found 4 ASCOM Cameras
2024-12-30T04:40:24.5476|INFO|PluginFetcher.cs|RequestAll|57|Found 58 valid plugins at https://nighttime-imaging.eu/wp-json/nina/v1/plugins/manifests
2024-12-30T04:40:25.7911|INFO|DomeChooserVM.cs|GetEquipment|67|Found 0 Alpaca Domes
2024-12-30T04:40:25.7910|INFO|FocuserChooserVM.cs|GetEquipment|67|Found 0 Alpaca Focusers
2024-12-30T04:40:25.7910|INFO|SafetyMonitorChooserVM.cs|GetEquipment|71|Found 0 Alpaca Safety Monitors
2024-12-30T04:40:25.7911|INFO|WeatherDataChooserVM.cs|GetEquipment|69|Found 0 Alpaca Observing Conditions
2024-12-30T04:40:25.7911|INFO|RotatorChooserVM.cs|GetEquipment|68|Found 0 Alpaca Rotators
2024-12-30T04:40:25.7911|INFO|SwitchChooserVM.cs|GetEquipment|71|Found 0 Alpaca Switch Hubs
2024-12-30T04:40:25.7912|INFO|FlatDeviceChooserVM.cs|GetEquipment|67|Found 0 Alpaca Cover Calibrators
2024-12-30T04:40:25.7912|INFO|FilterWheelChooserVM.cs|GetEquipment|193|Found 0 Alpaca Filter Wheels
2024-12-30T04:40:26.0218|INFO|TelescopeChooserVM.cs|GetEquipment|69|Found 0 Alpaca Telescopes
2024-12-30T04:40:26.1618|INFO|CameraChooserVM.cs|GetEquipment|290|Found 0 Alpaca Cameras
2024-12-30T04:40:26.1638|INFO|CameraChooserVM.cs|GetEquipment|303|Found 0 Canon Cameras
2024-12-30T04:40:33.2404|INFO|CameraVM.cs|Disconnect|645|Disconnected Camera
2024-12-30T04:40:34.8780|INFO|AscomDevice.cs|GetProperty|379|Property Camera.BayerOffsetX GET is not implemented in this driver (ASI Camera (1) (ASCOM))
2024-12-30T04:40:34.8802|INFO|AscomDevice.cs|GetProperty|379|Property Camera.BayerOffsetY GET is not implemented in this driver (ASI Camera (1) (ASCOM))
2024-12-30T04:40:34.8835|INFO|CameraVM.cs|ChooseCamera|448|Successfully connected Camera. Id: ASCOM.ASICamera2.Camera Name: ASI Camera (1) (ASCOM) DisplayName: ASI Camera (1) (ASCOM)Driver Version: 6.5
2024-12-30T04:40:34.8869|INFO|FilterWheelVM.cs|Disconnect|324|Disconnected Filter Wheel
2024-12-30T04:40:36.0010|INFO|FilterWheelVM.cs|ChooseFW|272|Successfully connected Filter Wheel. Id: ASCOM.EFW2.FilterWheel Name: ZWO FilterWheel (1) DisplayName: ZWO FilterWheel (1) Driver Version: 6.0
2024-12-30T04:40:36.0083|INFO|TelescopeVM.cs|Disconnect|763|Disconnected mount
2024-12-30T04:40:36.4975|INFO|AscomTelescope.cs|CheckMountTime|817|Mount UTC Time: 2024-12-30 03:40:36Z / System UTC Time: 2024-12-30 03:40:36Z; Difference: 0.003 seconds
2024-12-30T04:40:36.5075|INFO|AscomTelescope.cs|CheckMountTime|837|Mount driver does not allow the mount's time to be set.
2024-12-30T04:40:36.5990|INFO|TelescopeVM.cs|ChooseTelescope|518|Successfully connected mount. Id: ASCOM.photonProxyHub.Telescope Name: ASCOM Telescope Driver for photonProxyHub DisplayName: ASCOM Telescope Driver for photonProxyHub Driver Version: 2011_10_08
2024-12-30T04:40:36.6010|INFO|FocuserVM.cs|Disconnect|426|Disconnected Focuser
2024-12-30T04:40:36.9917|INFO|FocuserVM.cs|ChooseFocuser|324|Successfully connected Focuser. Id: ASCOM.MicroTouchServer.Focuser1 Name: MicroTouch Focuser1 DisplayName: MicroTouch Focuser1 Driver Version: 1.3
2024-12-30T04:40:36.9950|INFO|RotatorVM.cs|Disconnect|438|Disconnected Rotator
2024-12-30T04:40:37.0030|INFO|FlatDeviceVM.cs|Disconnect|279|Disconnected Flat Device
2024-12-30T04:40:37.8796|INFO|FlatDeviceVM.cs|Connect|234|Successfully connected flat device. Id: ASCOM.OptecAlnitak.CoverCalibrator Name: Optec Alnitak DisplayName: Optec Alnitak Driver Version: 1.0
2024-12-30T04:40:37.8833|INFO|WeatherDataVM.cs|Disconnect|292|Disconnected Weather Device
2024-12-30T04:40:39.6447|INFO|AscomDevice.cs|GetProperty|379|Property ObservingConditions.SkyBrightness GET is not implemented in this driver (Lunatico CloudWatcher Observing Conditions)
2024-12-30T04:40:39.6514|INFO|AscomDevice.cs|GetProperty|379|Property ObservingConditions.StarFWHM GET is not implemented in this driver (Lunatico CloudWatcher Observing Conditions)
2024-12-30T04:40:39.6551|INFO|AscomDevice.cs|GetProperty|379|Property ObservingConditions.WindDirection GET is not implemented in this driver (Lunatico CloudWatcher Observing Conditions)
2024-12-30T04:40:39.6599|INFO|WeatherDataVM.cs|ChooseWeatherData|143|Successfully connected Weather Device. Id: ASCOM.CloudWatcher.ObservingConditions Name: Lunatico CloudWatcher Observing Conditions DisplayName: Lunatico CloudWatcher Observing Conditions Driver Version: 1.0
2024-12-30T04:40:39.6630|INFO|SwitchVM.cs|Disconnect|298|Disconnected Switch
2024-12-30T04:40:39.6660|INFO|DomeVM.cs|Disconnect|336|Disconnected Dome Device
2024-12-30T04:40:40.1380|INFO|DomeVM.cs|ChooseDome|191|Successfully connected Dome. Id: ASCOM.AMOS.Dome Name: ASCOM Dome Driver for AMOS DisplayName: ASCOM Dome Driver for AMOS Driver Version: 1.0.1
2024-12-30T04:40:40.1401|INFO|SafetyMonitorVM.cs|Disconnect|208|Disconnected Safety Monitor
2024-12-30T04:40:40.3860|INFO|SafetyMonitorVM.cs|Connect|168|Successfully connected Safety Monitor. Id: ASCOM.CloudWatcher.SafetyMonitor Name: Lunatico CloudWatcher Safety Monitor DisplayName: Lunatico CloudWatcher Safety Monitor Driver Version: 1.0
2024-12-30T04:41:23.1376|INFO|Sequence2VM.cs|StartSequence|485|Advanced Sequence starting
2024-12-30T04:41:28.4238|INFO|SequenceItem.cs|Run|208|Starting Category: * Instruction Set *, Container: NINA.Sequencer.Container.SequenceRootContainer, Strategy: SequentialStrategy, Items[CREATED]: 3, Triggers: Category: Ground Station, Item: Failures to Pushover
2024-12-30T04:41:28.4279|INFO|SequenceItem.cs|Run|208|Starting Category: * Instruction Set *, Container: NINA.Sequencer.Container.StartAreaContainer, Strategy: SequentialStrategy, Items[CREATED]: 4
2024-12-30T04:41:28.4287|INFO|SequenceItem.cs|Run|208|Starting Category: Utility, Item: WaitForSunAltitude, TargetAltitude: -6, Comparator: GREATER_THAN, CurrentSunAltitude: -31.06
2024-12-30T04:41:28.4303|INFO|SequenceItem.cs|Run|254|Finishing Category: Utility, Item: WaitForSunAltitude, TargetAltitude: -6, Comparator: GREATER_THAN, CurrentSunAltitude: -31.05
2024-12-30T04:41:28.4318|INFO|SequenceItem.cs|Run|208|Starting Category: Connector, Item: ConnectAllEquipment
2024-12-30T04:41:28.4328|INFO|ConnectAllEquipment.cs|Execute|167|Camera is already connected
2024-12-30T04:41:28.4329|INFO|ConnectAllEquipment.cs|Execute|167|Filter Wheel is already connected
2024-12-30T04:41:28.4329|INFO|ConnectAllEquipment.cs|Execute|167|Focuser is already connected
2024-12-30T04:41:28.4333|INFO|ConnectAllEquipment.cs|Execute|167|Telescope is already connected
2024-12-30T04:41:28.4333|INFO|ConnectAllEquipment.cs|Execute|167|Guider is already connected
2024-12-30T04:41:28.4333|INFO|ConnectAllEquipment.cs|Execute|167|Flat Panel is already connected
2024-12-30T04:41:28.4334|INFO|ConnectAllEquipment.cs|Execute|167|Weather is already connected
2024-12-30T04:41:28.4334|INFO|ConnectAllEquipment.cs|Execute|167|Dome is already connected
2024-12-30T04:41:28.4334|INFO|ConnectAllEquipment.cs|Execute|167|Safety Monitor is already connected
2024-12-30T04:41:28.4334|INFO|SequenceItem.cs|Run|254|Finishing Category: Connector, Item: ConnectAllEquipment
2024-12-30T04:41:28.4365|INFO|SequenceItem.cs|Run|208|Starting Category: Safety Monitor, Item: WaitUntilSafe
2024-12-30T04:41:28.4373|INFO|SequenceItem.cs|Run|254|Finishing Category: Safety Monitor, Item: WaitUntilSafe
2024-12-30T04:41:28.4376|INFO|SequenceItem.cs|Run|208|Starting Category: * Instruction Set *, Container: NINA.Sequencer.Container.SequentialContainer, Strategy: SequentialStrategy, Items[CREATED]: 16, Triggers: Trigger: WhenUnsafe
2024-12-30T04:41:28.4383|INFO|SequenceItem.cs|Run|208|Starting Category: ASA Tools, Item: PowerOn
2024-12-30T04:41:28.4446|INFO|SequenceItem.cs|Run|254|Finishing Category: ASA Tools, Item: PowerOn
2024-12-30T04:41:28.4451|INFO|SequenceItem.cs|Run|208|Starting Category: Utility, Item: WaitForTimeSpan, Time: 20s
2024-12-30T04:41:33.1559|INFO|DSOTarget.cs|FindRunningItem|69|DSOTarget, found running target: 
2024-12-30T04:41:38.1565|INFO|DSOTarget.cs|FindRunningItem|69|DSOTarget, found running target: 
2024-12-30T04:41:43.1600|INFO|DSOTarget.cs|FindRunningItem|69|DSOTarget, found running target: 
2024-12-30T04:41:48.1631|INFO|DSOTarget.cs|FindRunningItem|69|DSOTarget, found running target: 
2024-12-30T04:41:48.4913|INFO|SequenceItem.cs|Run|254|Finishing Category: Utility, Item: WaitForTimeSpan, Time: 20s
2024-12-30T04:41:48.4932|INFO|SequenceItem.cs|Run|208|Starting Category: Dome, Item: DisableDomeSynchronization
2024-12-30T04:41:52.1759|INFO|SequenceItem.cs|Run|254|Finishing Category: Dome, Item: DisableDomeSynchronization
2024-12-30T04:41:52.1762|INFO|SequenceItem.cs|Run|208|Starting Category: Dome, Item: OpenDomeShutter
2024-12-30T04:41:52.1784|INFO|DomeVM.cs|OpenShutter|429|Opening dome shutter. Shutter state after opening ShutterClosed
2024-12-30T04:41:52.1791|INFO|AscomDome.cs|OpenShutter|205|Sending an OpenShutter request, since it is currently ShutterClosed
2024-12-30T04:41:53.1645|INFO|DSOTarget.cs|FindRunningItem|69|DSOTarget, found running target: 
2024-12-30T04:41:58.1708|INFO|DSOTarget.cs|FindRunningItem|69|DSOTarget, found running target: 
2024-12-30T04:42:03.1810|INFO|DSOTarget.cs|FindRunningItem|69|DSOTarget, found running target: 
2024-12-30T04:42:08.1834|INFO|DSOTarget.cs|FindRunningItem|69|DSOTarget, found running target: 
2024-12-30T04:42:13.1947|INFO|DSOTarget.cs|FindRunningItem|69|DSOTarget, found running target: 
2024-12-30T04:42:18.2074|INFO|DSOTarget.cs|FindRunningItem|69|DSOTarget, found running target: 
2024-12-30T04:42:23.2211|INFO|DSOTarget.cs|FindRunningItem|69|DSOTarget, found running target: 
2024-12-30T04:42:28.2296|INFO|DSOTarget.cs|FindRunningItem|69|DSOTarget, found running target: 
2024-12-30T04:42:33.2408|INFO|DSOTarget.cs|FindRunningItem|69|DSOTarget, found running target: 
2024-12-30T04:42:38.2450|INFO|DSOTarget.cs|FindRunningItem|69|DSOTarget, found running target: 
2024-12-30T04:42:43.2555|INFO|DSOTarget.cs|FindRunningItem|69|DSOTarget, found running target: 
2024-12-30T04:42:48.2700|INFO|DSOTarget.cs|FindRunningItem|69|DSOTarget, found running target: 
2024-12-30T04:42:53.2794|INFO|DSOTarget.cs|FindRunningItem|69|DSOTarget, found running target: 
2024-12-30T04:42:58.2918|INFO|DSOTarget.cs|FindRunningItem|69|DSOTarget, found running target: 
2024-12-30T04:43:03.3025|INFO|DSOTarget.cs|FindRunningItem|69|DSOTarget, found running target: 
2024-12-30T04:43:08.3114|INFO|DSOTarget.cs|FindRunningItem|69|DSOTarget, found running target: 
2024-12-30T04:43:10.1617|INFO|DomeVM.cs|OpenShutter|435|Opened dome shutter. Shutter state after opening ShutterOpen
2024-12-30T04:43:10.1622|INFO|SequenceItem.cs|Run|254|Finishing Category: Dome, Item: OpenDomeShutter
2024-12-30T04:43:10.1626|INFO|SequenceItem.cs|Run|208|Starting Category: Ground Station, Item: Send to Pushover, Title: AMOS
2024-12-30T04:43:11.0138|INFO|SequenceItem.cs|Run|254|Finishing Category: Ground Station, Item: Send to Pushover, Title: AMOS
2024-12-30T04:43:11.0141|INFO|SequenceItem.cs|Run|208|Starting Category: Camera, Item: CoolCamera, Temperature: -15, Duration: 0
2024-12-30T04:43:11.0153|INFO|CameraVM.cs|CoolCamera|139|Cooling Camera. Target: -15 Duration: 00:00:00
2024-12-30T04:43:13.3149|INFO|DSOTarget.cs|FindRunningItem|69|DSOTarget, found running target: 
2024-12-30T04:43:18.3191|INFO|DSOTarget.cs|FindRunningItem|69|DSOTarget, found running target: 
2024-12-30T04:43:23.3189|INFO|DSOTarget.cs|FindRunningItem|69|DSOTarget, found running target: 
2024-12-30T04:43:28.3246|INFO|DSOTarget.cs|FindRunningItem|69|DSOTarget, found running target: 
2024-12-30T04:43:33.3312|INFO|DSOTarget.cs|FindRunningItem|69|DSOTarget, found running target: 
2024-12-30T04:43:38.3353|INFO|DSOTarget.cs|FindRunningItem|69|DSOTarget, found running target: 
2024-12-30T04:43:43.3404|INFO|DSOTarget.cs|FindRunningItem|69|DSOTarget, found running target: 
2024-12-30T04:43:48.3413|INFO|DSOTarget.cs|FindRunningItem|69|DSOTarget, found running target: 
2024-12-30T04:43:53.3435|INFO|DSOTarget.cs|FindRunningItem|69|DSOTarget, found running target: 
2024-12-30T04:43:58.3526|INFO|DSOTarget.cs|FindRunningItem|69|DSOTarget, found running target: 
2024-12-30T04:44:03.3547|INFO|DSOTarget.cs|FindRunningItem|69|DSOTarget, found running target: 
2024-12-30T04:44:08.3675|INFO|DSOTarget.cs|FindRunningItem|69|DSOTarget, found running target: 
2024-12-30T04:44:13.3721|INFO|DSOTarget.cs|FindRunningItem|69|DSOTarget, found running target: 
2024-12-30T04:44:18.3862|INFO|DSOTarget.cs|FindRunningItem|69|DSOTarget, found running target: 
2024-12-30T04:44:23.3959|INFO|DSOTarget.cs|FindRunningItem|69|DSOTarget, found running target: 
2024-12-30T04:44:28.4047|INFO|DSOTarget.cs|FindRunningItem|69|DSOTarget, found running target: 
2024-12-30T04:44:33.4145|INFO|DSOTarget.cs|FindRunningItem|69|DSOTarget, found running target: 
2024-12-30T04:44:38.4181|INFO|DSOTarget.cs|FindRunningItem|69|DSOTarget, found running target: 
2024-12-30T04:44:43.4328|INFO|DSOTarget.cs|FindRunningItem|69|DSOTarget, found running target: 
2024-12-30T04:44:48.4404|INFO|DSOTarget.cs|FindRunningItem|69|DSOTarget, found running target: 
2024-12-30T04:44:53.4539|INFO|DSOTarget.cs|FindRunningItem|69|DSOTarget, found running target: 
2024-12-30T04:44:58.4543|INFO|DSOTarget.cs|FindRunningItem|69|DSOTarget, found running target: 
2024-12-30T04:45:03.4705|INFO|DSOTarget.cs|FindRunningItem|69|DSOTarget, found running target: 
2024-12-30T04:45:08.4842|INFO|DSOTarget.cs|FindRunningItem|69|DSOTarget, found running target: 
2024-12-30T04:45:13.4853|INFO|DSOTarget.cs|FindRunningItem|69|DSOTarget, found running target: 
2024-12-30T04:45:18.4884|INFO|DSOTarget.cs|FindRunningItem|69|DSOTarget, found running target: 
2024-12-30T04:45:23.4925|INFO|DSOTarget.cs|FindRunningItem|69|DSOTarget, found running target: 
2024-12-30T04:45:28.5000|INFO|DSOTarget.cs|FindRunningItem|69|DSOTarget, found running target: 
2024-12-30T04:45:33.5033|INFO|DSOTarget.cs|FindRunningItem|69|DSOTarget, found running target: 
2024-12-30T04:45:38.5161|INFO|DSOTarget.cs|FindRunningItem|69|DSOTarget, found running target: 
2024-12-30T04:45:43.5289|INFO|DSOTarget.cs|FindRunningItem|69|DSOTarget, found running target: 
2024-12-30T04:45:48.5409|INFO|DSOTarget.cs|FindRunningItem|69|DSOTarget, found running target: 
2024-12-30T04:45:53.5520|INFO|DSOTarget.cs|FindRunningItem|69|DSOTarget, found running target: 
2024-12-30T04:45:58.5582|INFO|DSOTarget.cs|FindRunningItem|69|DSOTarget, found running target: 
2024-12-30T04:46:03.5587|INFO|DSOTarget.cs|FindRunningItem|69|DSOTarget, found running target: 
2024-12-30T04:46:08.5644|INFO|DSOTarget.cs|FindRunningItem|69|DSOTarget, found running target: 
2024-12-30T04:46:13.5648|INFO|DSOTarget.cs|FindRunningItem|69|DSOTarget, found running target: 
2024-12-30T04:46:18.5774|INFO|DSOTarget.cs|FindRunningItem|69|DSOTarget, found running target: 
2024-12-30T04:46:23.5817|INFO|DSOTarget.cs|FindRunningItem|69|DSOTarget, found running target: 
2024-12-30T04:46:28.5928|INFO|DSOTarget.cs|FindRunningItem|69|DSOTarget, found running target: 
2024-12-30T04:46:33.5935|INFO|DSOTarget.cs|FindRunningItem|69|DSOTarget, found running target: 
2024-12-30T04:46:38.6089|INFO|DSOTarget.cs|FindRunningItem|69|DSOTarget, found running target: 
2024-12-30T04:46:43.6127|INFO|DSOTarget.cs|FindRunningItem|69|DSOTarget, found running target: 
2024-12-30T04:46:48.6236|INFO|DSOTarget.cs|FindRunningItem|69|DSOTarget, found running target: 
2024-12-30T04:46:53.6350|INFO|DSOTarget.cs|FindRunningItem|69|DSOTarget, found running target: 
2024-12-30T04:46:58.6481|INFO|DSOTarget.cs|FindRunningItem|69|DSOTarget, found running target: 
2024-12-30T04:47:03.6476|INFO|DSOTarget.cs|FindRunningItem|69|DSOTarget, found running target: 
2024-12-30T04:47:08.6510|INFO|DSOTarget.cs|FindRunningItem|69|DSOTarget, found running target: 
2024-12-30T04:47:13.6609|INFO|DSOTarget.cs|FindRunningItem|69|DSOTarget, found running target: 
2024-12-30T04:47:18.6637|INFO|DSOTarget.cs|FindRunningItem|69|DSOTarget, found running target: 
2024-12-30T04:47:23.6644|INFO|DSOTarget.cs|FindRunningItem|69|DSOTarget, found running target: 
2024-12-30T04:47:28.6778|INFO|DSOTarget.cs|FindRunningItem|69|DSOTarget, found running target: 
2024-12-30T04:47:33.6794|INFO|DSOTarget.cs|FindRunningItem|69|DSOTarget, found running target: 
2024-12-30T04:47:38.6853|INFO|DSOTarget.cs|FindRunningItem|69|DSOTarget, found running target: 
2024-12-30T04:47:43.6873|INFO|DSOTarget.cs|FindRunningItem|69|DSOTarget, found running target: 
2024-12-30T04:47:48.6985|INFO|DSOTarget.cs|FindRunningItem|69|DSOTarget, found running target: 
2024-12-30T04:47:53.7074|INFO|DSOTarget.cs|FindRunningItem|69|DSOTarget, found running target: 
2024-12-30T04:47:58.7178|INFO|DSOTarget.cs|FindRunningItem|69|DSOTarget, found running target: 
2024-12-30T04:48:03.7268|INFO|DSOTarget.cs|FindRunningItem|69|DSOTarget, found running target: 
2024-12-30T04:48:08.7357|INFO|DSOTarget.cs|FindRunningItem|69|DSOTarget, found running target: 
2024-12-30T04:48:13.7441|INFO|DSOTarget.cs|FindRunningItem|69|DSOTarget, found running target: 
2024-12-30T04:48:18.7533|INFO|DSOTarget.cs|FindRunningItem|69|DSOTarget, found running target: 
2024-12-30T04:48:23.7622|INFO|DSOTarget.cs|FindRunningItem|69|DSOTarget, found running target: 
2024-12-30T04:48:28.7770|INFO|DSOTarget.cs|FindRunningItem|69|DSOTarget, found running target: 
2024-12-30T04:48:33.7804|INFO|DSOTarget.cs|FindRunningItem|69|DSOTarget, found running target: 
2024-12-30T04:48:38.7844|INFO|DSOTarget.cs|FindRunningItem|69|DSOTarget, found running target: 
2024-12-30T04:48:43.7946|INFO|DSOTarget.cs|FindRunningItem|69|DSOTarget, found running target: 
2024-12-30T04:48:48.7985|INFO|DSOTarget.cs|FindRunningItem|69|DSOTarget, found running target: 
2024-12-30T04:48:53.8082|INFO|DSOTarget.cs|FindRunningItem|69|DSOTarget, found running target: 
2024-12-30T04:48:58.8132|INFO|DSOTarget.cs|FindRunningItem|69|DSOTarget, found running target: 
2024-12-30T04:49:03.8171|INFO|DSOTarget.cs|FindRunningItem|69|DSOTarget, found running target: 
2024-12-30T04:49:08.8215|INFO|DSOTarget.cs|FindRunningItem|69|DSOTarget, found running target: 
2024-12-30T04:49:13.8289|INFO|DSOTarget.cs|FindRunningItem|69|DSOTarget, found running target: 
2024-12-30T04:49:18.8307|INFO|DSOTarget.cs|FindRunningItem|69|DSOTarget, found running target: 
2024-12-30T04:49:21.8771|INFO|SequenceItem.cs|Run|254|Finishing Category: Camera, Item: CoolCamera, Temperature: -15, Duration: 0
2024-12-30T04:49:21.8774|INFO|SequenceItem.cs|Run|208|Starting Category: Telescope, Item: ParkScope
2024-12-30T04:49:21.8800|INFO|TelescopeVM.cs|ParkTelescope|134|Mount has been commanded to park
2024-12-30T04:49:21.8813|INFO|TelescopeVM.cs|ParkTelescope|148|Mount commanded to park but it is already parked
2024-12-30T04:49:21.8817|INFO|TelescopeVM.cs|ParkTelescope|180|Mount has parked
2024-12-30T04:49:21.8819|INFO|SequenceItem.cs|Run|254|Finishing Category: Telescope, Item: ParkScope
2024-12-30T04:49:21.8821|INFO|SequenceItem.cs|Run|208|Starting Category: Telescope, Item: UnparkScope
2024-12-30T04:49:21.8830|INFO|TelescopeVM.cs|UnparkTelescope|230|Mount ordered to unpark
2024-12-30T04:49:23.8327|INFO|DSOTarget.cs|FindRunningItem|69|DSOTarget, found running target: 
2024-12-30T04:49:24.6678|INFO|TelescopeVM.cs|UnparkTelescope|271|Mount has unparked
2024-12-30T04:49:24.6681|INFO|SequenceItem.cs|Run|254|Finishing Category: Telescope, Item: UnparkScope
2024-12-30T04:49:24.6683|INFO|SequenceItem.cs|Run|208|Starting Category: Telescope, Item: FindHome
2024-12-30T04:49:24.6694|INFO|TelescopeVM.cs|FindHome|281|Mount ordered to locate home position
2024-12-30T04:49:28.8355|INFO|DSOTarget.cs|FindRunningItem|69|DSOTarget, found running target: 
2024-12-30T04:49:33.8517|INFO|DSOTarget.cs|FindRunningItem|69|DSOTarget, found running target: 
2024-12-30T04:49:38.8584|INFO|DSOTarget.cs|FindRunningItem|69|DSOTarget, found running target: 
2024-12-30T04:49:40.6475|INFO|TelescopeVM.cs|FindHome|338|Mount has located its home position
2024-12-30T04:49:40.6477|INFO|SequenceItem.cs|Run|254|Finishing Category: Telescope, Item: FindHome
2024-12-30T04:49:40.6479|INFO|SequenceItem.cs|Run|208|Starting Category: Flat Device, Item: OpenCover
2024-12-30T04:49:40.6500|INFO|FlatDeviceVM.cs|OpenCover|302|Opening Flat Device Cover
2024-12-30T04:49:43.8663|INFO|DSOTarget.cs|FindRunningItem|69|DSOTarget, found running target: 
2024-12-30T04:49:48.8767|INFO|DSOTarget.cs|FindRunningItem|69|DSOTarget, found running target: 
2024-12-30T04:49:51.9446|INFO|SequenceItem.cs|Run|254|Finishing Category: Flat Device, Item: OpenCover
2024-12-30T04:49:51.9510|INFO|SequenceItem.cs|Run|208|Starting Category: Telescope, Item: SetTracking, TrackingMode: Stopped
2024-12-30T04:49:51.9612|INFO|SequenceItem.cs|Run|254|Finishing Category: Telescope, Item: SetTracking, TrackingMode: Stopped
2024-12-30T04:49:51.9616|INFO|SequenceItem.cs|Run|208|Starting Category: Telescope, Item: SlewScopeToAltAz, Coordinates: NINA.Astrometry.InputTopocentricCoordinates
2024-12-30T04:49:51.9674|INFO|TelescopeVM.cs|SlewToCoordinatesAsync|926|Slewing from RA: 11:58:19; Dec: 46° 09' 51"; Epoch: JNOW to RA: 11:52:25; Dec: -02° 51' 52"; Epoch: JNOW - Alt: 40° 00' 00"; Az: 170° 00' 00"
2024-12-30T04:49:51.9720|INFO|DomeVM.cs|SlewToAzimuth|630|Slewing dome to azimuth 185.29660599851036°
2024-12-30T04:49:53.8890|INFO|DSOTarget.cs|FindRunningItem|69|DSOTarget, found running target: 
2024-12-30T04:49:58.8941|INFO|DSOTarget.cs|FindRunningItem|69|DSOTarget, found running target: 
2024-12-30T04:50:03.9037|INFO|DSOTarget.cs|FindRunningItem|69|DSOTarget, found running target: 
2024-12-30T04:50:08.9079|INFO|DSOTarget.cs|FindRunningItem|69|DSOTarget, found running target: 
2024-12-30T04:50:13.9130|INFO|DSOTarget.cs|FindRunningItem|69|DSOTarget, found running target: 
2024-12-30T04:50:18.9176|INFO|DSOTarget.cs|FindRunningItem|69|DSOTarget, found running target: 
2024-12-30T04:50:23.9244|INFO|DSOTarget.cs|FindRunningItem|69|DSOTarget, found running target: 
2024-12-30T04:50:28.9366|INFO|DSOTarget.cs|FindRunningItem|69|DSOTarget, found running target: 
2024-12-30T04:50:33.9441|INFO|DSOTarget.cs|FindRunningItem|69|DSOTarget, found running target: 
2024-12-30T04:50:38.9570|INFO|DSOTarget.cs|FindRunningItem|69|DSOTarget, found running target: 
2024-12-30T04:50:43.9572|INFO|DSOTarget.cs|FindRunningItem|69|DSOTarget, found running target: 
2024-12-30T04:50:48.9634|INFO|DSOTarget.cs|FindRunningItem|69|DSOTarget, found running target: 
2024-12-30T04:50:53.9767|INFO|DSOTarget.cs|FindRunningItem|69|DSOTarget, found running target: 
2024-12-30T04:50:54.1799|INFO|SequenceItem.cs|Run|254|Finishing Category: Telescope, Item: SlewScopeToAltAz, Coordinates: NINA.Astrometry.InputTopocentricCoordinates
2024-12-30T04:50:54.1803|INFO|SequenceItem.cs|Run|208|Starting Category: Dome, Item: EnableDomeSynchronization
2024-12-30T04:50:54.1818|INFO|DomeVM.cs|OnFollowChanged|716|Dome following enabled
2024-12-30T04:50:58.1962|INFO|SequenceItem.cs|Run|254|Finishing Category: Dome, Item: EnableDomeSynchronization
2024-12-30T04:50:58.1966|INFO|SequenceItem.cs|Run|208|Starting Category: Utility, Item: WaitForTime, Time: 18:6:33h, Offset: -10
2024-12-30T04:50:58.1971|INFO|SequenceItem.cs|Run|254|Finishing Category: Utility, Item: WaitForTime, Time: 18:6:33h, Offset: -10
2024-12-30T04:50:58.1972|INFO|SequenceItem.cs|Run|208|Starting Category: Telescope, Item: SetTracking, TrackingMode: Sidereal
2024-12-30T04:50:58.2100|INFO|SequenceItem.cs|Run|254|Finishing Category: Telescope, Item: SetTracking, TrackingMode: Sidereal
2024-12-30T04:50:58.2102|INFO|SequenceItem.cs|Run|208|Starting Category: Ground Station, Item: Send to Pushover, Title: AMOS
2024-12-30T04:50:58.8474|INFO|SequenceItem.cs|Run|254|Finishing Category: Ground Station, Item: Send to Pushover, Title: AMOS
2024-12-30T04:50:58.8492|INFO|SequenceItem.cs|Run|254|Finishing Category: * Instruction Set *, Container: NINA.Sequencer.Container.SequentialContainer, Strategy: SequentialStrategy, Items[FINISHED]: 16, Triggers: Trigger: WhenUnsafe
2024-12-30T04:50:58.8493|INFO|SequenceItem.cs|Run|254|Finishing Category: * Instruction Set *, Container: NINA.Sequencer.Container.StartAreaContainer, Strategy: SequentialStrategy, Items[FINISHED]: 4
2024-12-30T04:50:58.8494|INFO|SequenceItem.cs|Run|208|Starting Category: * Instruction Set *, Container: NINA.Sequencer.Container.TargetAreaContainer, Strategy: SequentialStrategy, Items[CREATED]: 1
2024-12-30T04:50:58.8498|INFO|SequenceItem.cs|Run|208|Starting Category: * Instruction Set *, Container: NINA.Sequencer.Container.SequentialContainer, Strategy: SequentialStrategy, Items[CREATED]: 1, Conditions: Condition: TimeCondition, Time: 6:33:33h, Condition: TargetSchedulerCondition mode=While Targets Remain Tonight, , Triggers: Category: Ground Station, Item: Failures to PushoverTrigger: WhenUnsafeTrigger: AutofocusAfterTimeTrigger, Amount: 30mTrigger: CenterAfterDriftTrigger, DistanceArcMinutes: 0.5Trigger: AutofocusAfterHFRIncreaseTrigger, Amount: 5Trigger: AutofocusAfterTemperatureChangeTrigger, Amount: 2°
2024-12-30T04:50:59.1075|INFO|SequenceItem.cs|Run|208|Starting Category: Target Scheduler, Container: Assistant.NINAPlugin.Sequencer.TargetSchedulerContainer, Strategy: SequentialStrategy, Target:  RA: 00:00:00; Dec: 00° 00' 00"; Epoch: J2000 0
2024-12-30T04:50:59.1387|INFO|Symbol.cs|OnMessageReceived|562|Received message from Target Scheduler re: TargetScheduler-TargetStart
2024-12-30T04:50:59.1504|INFO|SequenceItem.cs|Run|208|Starting Category: Scheduler, Item: Center, Coordinates RA: 12:22:55; Dec: 15° 49' 20"; Epoch: J2000
2024-12-30T04:50:59.2120|INFO|TelescopeVM.cs|SlewToCoordinatesAsync|926|Slewing from RA: 11:52:25; Dec: -02° 51' 52"; Epoch: JNOW to RA: 12:24:11; Dec: 15° 40' 54"; Epoch: JNOW - Alt: 56° 29' 10"; Az: 152° 34' 49"
2024-12-30T04:50:59.2129|INFO|DomeVM.cs|SlewToAzimuth|630|Slewing dome to azimuth 175.14161570633777°
2024-12-30T04:51:00.1967|INFO|DomeFollower.cs|WaitForPreviousSlew|212|Dome is already slewing. Waiting for previous slew to finish
2024-12-30T04:51:10.2838|INFO|CameraVM.cs|Capture|737|Starting Exposure - Exposure Time: 6s; Filter: Lum; Gain: 100; Offset 50; Binning: 1x1;
2024-12-30T04:51:18.6743|INFO|ImageSolver.cs|Solve|41|Platesolving with parameters: FocalLength: 1260 PixelSize: 3.8 SearchRadius: 30 BlindFailoverEnabled: True Regions: 5000 DownSampleFactor: 0 MaxObjects: 500 Reference Coordinates RA: 12:22:55 Dec: 15° 49' 20" Epoch: J2000
2024-12-30T04:51:18.8222|INFO|BaseImageData.cs|SaveToDisk|344|Saved image to C:\Users\AMOS\AppData\Local\NINA\PlateSolver\ho1xsanw.b5r.fits
2024-12-30T04:51:19.3698|INFO|ImageSolver.cs|Solve|54|Platesolve successful: Coordinates: RA: 12:23:41; Dec: 15° 48' 02"; Epoch: J2000
2024-12-30T04:51:19.3731|INFO|CenteringSolver.cs|Center|99|Centering Solver - Scope Position: RA: 12:24:11; Dec: 15° 40' 54"; Epoch: JNOW; Offset: RA: 00:00:00; Dec: 00° 00' 00"; Distance: 00° 00' 00"; Bearing: 00° 00' 00"; Centering Coordinates: RA: 12:24:11; Dec: 15° 40' 54"; Epoch: JNOW; Solved: RA: 12:24:58; Dec: 15° 39' 37"; Epoch: JNOW; Separation RA: -00:00:46; Dec: 00° 01' 17"; Distance: 00° 11' 15"; Bearing: -96° 33' 28"; Threshold: 1
2024-12-30T04:51:20.4245|INFO|TelescopeVM.cs|Sync|800|Syncing scope from RA: 12:24:11; Dec: 15° 40' 54"; Epoch: JNOW to RA: 12:24:58; Dec: 15° 39' 37"; Epoch: JNOW
2024-12-30T04:51:25.4275|INFO|CenteringSolver.cs|Center|132|Slewing to target after sync. Current Position: RA: 12:24:58; Dec: 15° 39' 37"; Epoch: JNOW; Target coordinates: RA: 12:24:11; Dec: 15° 40' 54"; Epoch: JNOW; Offset RA: 00:00:00; Dec: 00° 00' 00"; Distance: 00° 00' 00"; Bearing: 00° 00' 00"
2024-12-30T04:51:25.4289|INFO|TelescopeVM.cs|SlewToCoordinatesAsync|926|Slewing from RA: 12:24:58; Dec: 15° 39' 37"; Epoch: JNOW to RA: 12:24:11; Dec: 15° 40' 54"; Epoch: JNOW - Alt: 56° 31' 14"; Az: 152° 45' 39"
2024-12-30T04:51:32.5396|INFO|CameraVM.cs|Capture|737|Starting Exposure - Exposure Time: 6s; Filter: Lum; Gain: 100; Offset 50; Binning: 1x1;
2024-12-30T04:51:40.7153|INFO|ImageSolver.cs|Solve|41|Platesolving with parameters: FocalLength: 1260 PixelSize: 3.8 SearchRadius: 30 BlindFailoverEnabled: True Regions: 5000 DownSampleFactor: 0 MaxObjects: 500 Reference Coordinates RA: 12:22:55 Dec: 15° 49' 20" Epoch: J2000
2024-12-30T04:51:40.8426|INFO|BaseImageData.cs|SaveToDisk|344|Saved image to C:\Users\AMOS\AppData\Local\NINA\PlateSolver\ck1gha0s.uwu.fits
2024-12-30T04:51:41.3565|INFO|ImageSolver.cs|Solve|54|Platesolve successful: Coordinates: RA: 12:22:55; Dec: 15° 49' 19"; Epoch: J2000
2024-12-30T04:51:41.3579|INFO|CenteringSolver.cs|Center|99|Centering Solver - Scope Position: RA: 12:24:11; Dec: 15° 40' 54"; Epoch: JNOW; Offset: RA: 00:00:00; Dec: 00° 00' 00"; Distance: 00° 00' 00"; Bearing: 00° 00' 00"; Centering Coordinates: RA: 12:24:11; Dec: 15° 40' 54"; Epoch: JNOW; Solved: RA: 12:24:11; Dec: 15° 40' 53"; Epoch: JNOW; Separation RA: 00:00:00; Dec: 00° 00' 01"; Distance: 00° 00' 01"; Bearing: 122° 33' 43"; Threshold: 1
2024-12-30T04:51:41.3582|INFO|CenteringSolver.cs|Center|165|Restoring filter to Lum after centering
2024-12-30T04:51:41.3603|INFO|SequenceItem.cs|Run|254|Finishing Category: Scheduler, Item: Center, Coordinates RA: 12:22:55; Dec: 15° 49' 20"; Epoch: J2000
2024-12-30T04:51:41.3747|INFO|SequenceItem.cs|Run|208|Starting Category: , Container: Assistant.NINAPlugin.Sequencer.InstructionContainer, Strategy: InstructionContainerStrategy, Items[CREATED]: 2
2024-12-30T04:51:41.3761|INFO|SequenceItem.cs|Run|208|Starting Category: Dome, Item: EnableDomeSynchronization
2024-12-30T04:51:44.1981|INFO|SequenceItem.cs|Run|254|Finishing Category: Dome, Item: EnableDomeSynchronization
2024-12-30T04:51:44.2018|INFO|SequenceItem.cs|Run|208|Starting Category: Focuser, Item: RunAutofocus
2024-12-30T04:51:44.3162|INFO|CameraVM.cs|Capture|737|Starting Exposure - Exposure Time: 5s; Filter: Lum; Gain: 102; Offset 50; Binning: 1x1;
2024-12-30T04:51:51.1368|INFO|AutoFocusEngine.cs|StartBlindFocusPoints|788|Waiting on initial HFR analysis
2024-12-30T04:51:51.1412|INFO|FocuserVM.cs|MoveFocuserInternal|213|Moving Focuser to position 15574
2024-12-30T04:51:51.9390|INFO|HocusFocusStarDetection.cs|Detect|410|Average HFR: 2.0403549470835287, HFR MAD: 0.1312691809746367, Detected Stars 106, Region: 0
2024-12-30T04:51:59.1982|INFO|CameraVM.cs|Capture|737|Starting Exposure - Exposure Time: 5s; Filter: Lum; Gain: 102; Offset 50; Binning: 1x1;
2024-12-30T04:52:06.0730|INFO|FocuserVM.cs|MoveFocuserInternal|213|Moving Focuser to position 15514
2024-12-30T04:52:06.7463|INFO|HocusFocusStarDetection.cs|Detect|410|Average HFR: 9.83969471659655, HFR MAD: 0.3954409892359898, Detected Stars 10, Region: 0
2024-12-30T04:52:11.1995|INFO|CameraVM.cs|Capture|737|Starting Exposure - Exposure Time: 5s; Filter: Lum; Gain: 102; Offset 50; Binning: 1x1;
2024-12-30T04:52:18.0713|INFO|FocuserVM.cs|MoveFocuserInternal|213|Moving Focuser to position 15454
2024-12-30T04:52:18.6993|INFO|HocusFocusStarDetection.cs|Detect|410|Average HFR: 7.386310964306382, HFR MAD: 0.17756542372133843, Detected Stars 25, Region: 0
2024-12-30T04:52:23.1726|INFO|CameraVM.cs|Capture|737|Starting Exposure - Exposure Time: 5s; Filter: Lum; Gain: 102; Offset 50; Binning: 1x1;
2024-12-30T04:52:30.0191|INFO|FocuserVM.cs|MoveFocuserInternal|213|Moving Focuser to position 15394
2024-12-30T04:52:30.6490|INFO|HocusFocusStarDetection.cs|Detect|410|Average HFR: 5.122662343971374, HFR MAD: 0.3622840185784879, Detected Stars 42, Region: 0
2024-12-30T04:52:35.2085|INFO|CameraVM.cs|Capture|737|Starting Exposure - Exposure Time: 5s; Filter: Lum; Gain: 102; Offset 50; Binning: 1x1;
2024-12-30T04:52:42.0486|INFO|AutoFocusEngine.cs|StartBlindFocusPoints|816|Waiting on initial focuser move analyses
2024-12-30T04:52:42.7043|INFO|HocusFocusStarDetection.cs|Detect|410|Average HFR: 3.008092877648207, HFR MAD: 0.19844907662248135, Detected Stars 79, Region: 0
2024-12-30T04:52:42.7720|INFO|FocuserVM.cs|MoveFocuserInternal|213|Moving Focuser to position 15334
2024-12-30T04:52:47.1893|INFO|CameraVM.cs|Capture|737|Starting Exposure - Exposure Time: 5s; Filter: Lum; Gain: 102; Offset 50; Binning: 1x1;
2024-12-30T04:52:54.0249|INFO|AutoFocusEngine.cs|StartBlindFocusPoints|889|Waiting on next left movement analysis
2024-12-30T04:52:54.6855|INFO|HocusFocusStarDetection.cs|Detect|410|Average HFR: 2.058877194408426, HFR MAD: 0.14955164456538794, Detected Stars 108, Region: 0
2024-12-30T04:52:54.7584|INFO|FocuserVM.cs|MoveFocuserInternal|213|Moving Focuser to position 15274
2024-12-30T04:52:59.1673|INFO|CameraVM.cs|Capture|737|Starting Exposure - Exposure Time: 5s; Filter: Lum; Gain: 102; Offset 50; Binning: 1x1;
2024-12-30T04:53:06.0020|INFO|AutoFocusEngine.cs|StartBlindFocusPoints|889|Waiting on next left movement analysis
2024-12-30T04:53:06.6673|INFO|HocusFocusStarDetection.cs|Detect|410|Average HFR: 2.590130845505235, HFR MAD: 0.26254051567632564, Detected Stars 95, Region: 0
2024-12-30T04:53:06.7209|INFO|FocuserVM.cs|MoveFocuserInternal|213|Moving Focuser to position 15214
2024-12-30T04:53:11.1923|INFO|CameraVM.cs|Capture|737|Starting Exposure - Exposure Time: 5s; Filter: Lum; Gain: 102; Offset 50; Binning: 1x1;
2024-12-30T04:53:18.0312|INFO|AutoFocusEngine.cs|StartBlindFocusPoints|889|Waiting on next left movement analysis
2024-12-30T04:53:18.5891|INFO|DomeVM.cs|SlewToAzimuth|630|Slewing dome to azimuth 176.0733954620826°
2024-12-30T04:53:18.6942|INFO|HocusFocusStarDetection.cs|Detect|410|Average HFR: 4.043716284698974, HFR MAD: 0.4361099198747658, Detected Stars 68, Region: 0
2024-12-30T04:53:18.7592|INFO|FocuserVM.cs|MoveFocuserInternal|213|Moving Focuser to position 15154
2024-12-30T04:53:23.2166|INFO|CameraVM.cs|Capture|737|Starting Exposure - Exposure Time: 5s; Filter: Lum; Gain: 102; Offset 50; Binning: 1x1;
2024-12-30T04:53:30.0474|INFO|AutoFocusEngine.cs|StartBlindFocusPoints|889|Waiting on next left movement analysis
2024-12-30T04:53:30.6967|INFO|HocusFocusStarDetection.cs|Detect|410|Average HFR: 6.396109985161389, HFR MAD: 0.4566589461678916, Detected Stars 30, Region: 0
2024-12-30T04:53:30.7106|INFO|AutoFocusEngine.cs|StartBlindFocusPoints|860|Enough right trend points (4) with an established minimum (15334) to queue remaining left focus points down to 15094
2024-12-30T04:53:30.7410|INFO|FocuserVM.cs|MoveFocuserInternal|213|Moving Focuser to position 15094
2024-12-30T04:53:35.1531|INFO|CameraVM.cs|Capture|737|Starting Exposure - Exposure Time: 5s; Filter: Lum; Gain: 102; Offset 50; Binning: 1x1;
2024-12-30T04:53:41.9827|INFO|AutoFocusEngine.cs|StartBlindFocusPoints|915|Waiting on remaining AutoFocus analysis tasks
2024-12-30T04:53:42.6367|INFO|HocusFocusStarDetection.cs|Detect|410|Average HFR: 8.087894796588122, HFR MAD: 0.4883039113897629, Detected Stars 18, Region: 0
2024-12-30T04:53:42.7043|INFO|FocuserVM.cs|MoveFocuserInternal|213|Moving Focuser to position 15328
2024-12-30T04:53:49.1722|INFO|AutoFocusEngine.cs|ValidateCalculatedFocusPosition|1168|Validating HFR at final focus position 15328
2024-12-30T04:53:49.1972|INFO|CameraVM.cs|Capture|737|Starting Exposure - Exposure Time: 5s; Filter: Lum; Gain: 102; Offset 50; Binning: 1x1;
2024-12-30T04:53:56.6814|INFO|HocusFocusStarDetection.cs|Detect|410|Average HFR: 2.0807445965402556, HFR MAD: 0.13450943468486232, Detected Stars 110, Region: 0
2024-12-30T04:53:56.7223|INFO|FocuserMediator.cs|BroadcastSuccessfulAutoFocusRun|45|Autofocus notification received - Temperature 4.375
2024-12-30T04:53:56.7339|INFO|SequenceItem.cs|Run|254|Finishing Category: Focuser, Item: RunAutofocus
2024-12-30T04:53:56.7342|INFO|SequenceItem.cs|Run|254|Finishing Category: , Container: Assistant.NINAPlugin.Sequencer.InstructionContainer, Strategy: InstructionContainerStrategy, Items[FINISHED]: 2
2024-12-30T04:53:56.7346|INFO|SequenceItem.cs|Run|208|Starting Category: Scheduler, Item: SwitchFilter, Filter: Lum
2024-12-30T04:53:56.7380|INFO|SequenceItem.cs|Run|254|Finishing Category: Scheduler, Item: SwitchFilter, Filter: Lum
2024-12-30T04:53:56.7425|INFO|SequenceItem.cs|Run|208|Starting Category: Scheduler, Item: SetReadoutMode, Mode: 0
2024-12-30T04:53:56.7434|INFO|SequenceItem.cs|Run|254|Finishing Category: Scheduler, Item: SetReadoutMode, Mode: 0
2024-12-30T04:53:56.7488|INFO|SequenceItem.cs|Run|208|Starting Category: Scheduler, Item: TakeExposure, ExposureTime 300, Gain 102, Offset 50, ImageType LIGHT, Binning 1x1
2024-12-30T04:53:56.7871|INFO|CameraVM.cs|Capture|737|Starting Exposure - Exposure Time: 300s; Filter: ; Gain: 102; Offset 50; Binning: 1x1;
2024-12-30T04:54:03.8483|INFO|DockManagerVM.cs|InitializeAvalonDockLayout|356|Initializing imaging tab layout from C:\Users\AMOS\AppData\Local\NINA\Profiles\4efc0507-b521-49ce-88b6-96e9d454c1a7.dock.config
2024-12-30T04:55:50.3330|INFO|DomeVM.cs|SlewToAzimuth|630|Slewing dome to azimuth 177.10385065720294°
2024-12-30T04:58:20.6734|INFO|DomeVM.cs|SlewToAzimuth|630|Slewing dome to azimuth 178.13525352326837°
2024-12-30T04:58:58.7491|INFO|ImageSolver.cs|Solve|41|Platesolving with parameters: FocalLength: 1260 PixelSize: 3.8 SearchRadius: 30 BlindFailoverEnabled: True Regions: 5000 DownSampleFactor: 0 MaxObjects: 500 Reference Coordinates RA: 12:22:55 Dec: 15° 49' 20" Epoch: J2000
2024-12-30T04:58:58.7863|INFO|SequenceItem.cs|Run|254|Finishing Category: Scheduler, Item: TakeExposure, ExposureTime 300, Gain 102, Offset 50, ImageType LIGHT, Binning 1x1
2024-12-30T04:58:58.7938|INFO|SequenceItem.cs|Run|208|Starting Category: , Item: Dither
2024-12-30T04:58:58.8516|INFO|DirectGuider.cs|SelectDitherPulse|289|Dither target from (0, 0) to (-0.9002161050766181, 5.971764777822573) using guide durations of -0.07446260875065809 and 0.49396270705923045 seconds
2024-12-30T04:58:58.9343|INFO|BaseImageData.cs|SaveToDisk|344|Saved image to C:\Users\AMOS\AppData\Local\NINA\PlateSolver\j2uwejek.2os.fits
2024-12-30T04:58:59.4396|INFO|HocusFocusStarDetection.cs|Detect|410|Average HFR: 2.05721108631405, HFR MAD: 0.1343149969959918, Detected Stars 312, Region: 0
2024-12-30T04:58:59.6909|INFO|BaseImageData.cs|SaveToDisk|344|Saved image to C:\Users\AMOS\Documents\N.I.N.A\2024-12-29\LIGHT\2024-12-30_04-53-56_Lum_-15.00_300.00s_0000_20.57_NGC 4321_2.15_0.39__.fits
2024-12-30T04:58:59.6914|INFO|ImageSaveController.cs|DoWork|97|Successfully saved file at C:\Users\AMOS\Documents\N.I.N.A\2024-12-29\LIGHT\2024-12-30_04-53-56_Lum_-15.00_300.00s_0000_20.57_NGC 4321_2.15_0.39__.fits. Duration Total: 00:00:00.9458848; BeforeSave: 00:00:00.0027419; BeforeFinalizeImageSaved: 00:00:00.8173639; FinalizeSaveTime: 00:00:00.1257782
2024-12-30T04:58:59.8467|INFO|ImageSolver.cs|Solve|54|Platesolve successful: Coordinates: RA: 12:22:55; Dec: 15° 49' 20"; Epoch: J2000
2024-12-30T04:58:59.8473|INFO|CenterAfterDriftTrigger.cs|PlatesolvingImageFollower_PropertyChanged|189|Drift: 0.06399233676708256 / 0.5 arc minutes
2024-12-30T04:59:09.3703|INFO|SequenceItem.cs|Run|254|Finishing Category: , Item: Dither
2024-12-30T04:59:09.3715|INFO|SequenceItem.cs|Run|208|Starting Category: Scheduler, Item: TakeExposure, ExposureTime 300, Gain 102, Offset 50, ImageType LIGHT, Binning 1x1
2024-12-30T04:59:09.3887|INFO|CameraVM.cs|Capture|737|Starting Exposure - Exposure Time: 300s; Filter: ; Gain: 102; Offset 50; Binning: 1x1;
2024-12-30T05:00:56.3595|INFO|DomeVM.cs|SlewToAzimuth|630|Slewing dome to azimuth 179.17961093209772°
2024-12-30T05:03:28.2912|INFO|DomeVM.cs|SlewToAzimuth|630|Slewing dome to azimuth 180.20934190823607°
2024-12-30T05:04:11.2779|INFO|ImageSolver.cs|Solve|41|Platesolving with parameters: FocalLength: 1260 PixelSize: 3.8 SearchRadius: 30 BlindFailoverEnabled: True Regions: 5000 DownSampleFactor: 0 MaxObjects: 500 Reference Coordinates RA: 12:22:55 Dec: 15° 49' 17" Epoch: J2000
2024-12-30T05:04:11.3140|INFO|SequenceItem.cs|Run|254|Finishing Category: Scheduler, Item: TakeExposure, ExposureTime 300, Gain 102, Offset 50, ImageType LIGHT, Binning 1x1
2024-12-30T05:04:11.3146|INFO|SequenceItem.cs|Run|208|Starting Category: , Item: Dither
2024-12-30T05:04:11.3863|INFO|DirectGuider.cs|SelectDitherPulse|289|Dither target from (-0.9002161050766181, 5.971764777822573) to (-1.3075206029012756, -1.004496724683541) using guide durations of -0.03369074969095273 and -0.5770510301625613 seconds
2024-12-30T05:04:11.4771|INFO|BaseImageData.cs|SaveToDisk|344|Saved image to C:\Users\AMOS\AppData\Local\NINA\PlateSolver\vliu1kjh.kdx.fits
2024-12-30T05:04:12.0135|INFO|HocusFocusStarDetection.cs|Detect|410|Average HFR: 2.1422848368897736, HFR MAD: 0.15790491717248, Detected Stars 300, Region: 0
2024-12-30T05:04:12.2609|INFO|BaseImageData.cs|SaveToDisk|344|Saved image to C:\Users\AMOS\Documents\N.I.N.A\2024-12-29\LIGHT\2024-12-30_04-59-09_Lum_-15.00_300.00s_0001_20.57_NGC 4321_2.24_0.43__.fits
2024-12-30T05:04:12.2610|INFO|ImageSaveController.cs|DoWork|97|Successfully saved file at C:\Users\AMOS\Documents\N.I.N.A\2024-12-29\LIGHT\2024-12-30_04-59-09_Lum_-15.00_300.00s_0001_20.57_NGC 4321_2.24_0.43__.fits. Duration Total: 00:00:00.9832427; BeforeSave: 00:00:00.0000504; BeforeFinalizeImageSaved: 00:00:00.8600691; FinalizeSaveTime: 00:00:00.1231225
2024-12-30T05:04:12.3985|INFO|ImageSolver.cs|Solve|54|Platesolve successful: Coordinates: RA: 12:22:55; Dec: 15° 49' 16"; Epoch: J2000
2024-12-30T05:04:12.3986|INFO|CenterAfterDriftTrigger.cs|PlatesolvingImageFollower_PropertyChanged|189|Drift: 0.0722176055161968 / 0.5 arc minutes
2024-12-30T05:04:21.9765|INFO|SequenceItem.cs|Run|254|Finishing Category: , Item: Dither
2024-12-30T05:04:21.9777|INFO|SequenceItem.cs|Run|208|Starting Category: Scheduler, Item: TakeExposure, ExposureTime 300, Gain 102, Offset 50, ImageType LIGHT, Binning 1x1
2024-12-30T05:04:22.0127|INFO|CameraVM.cs|Capture|737|Starting Exposure - Exposure Time: 300s; Filter: ; Gain: 102; Offset 50; Binning: 1x1;
2024-12-30T05:06:00.3212|INFO|DomeVM.cs|SlewToAzimuth|630|Slewing dome to azimuth 181.23943992506287°
2024-12-30T05:08:34.1722|INFO|DomeVM.cs|SlewToAzimuth|630|Slewing dome to azimuth 182.28468908576963°
2024-12-30T05:09:23.8772|INFO|ImageSolver.cs|Solve|41|Platesolving with parameters: FocalLength: 1260 PixelSize: 3.8 SearchRadius: 30 BlindFailoverEnabled: True Regions: 5000 DownSampleFactor: 0 MaxObjects: 500 Reference Coordinates RA: 12:22:55 Dec: 15° 49' 20" Epoch: J2000
2024-12-30T05:09:23.9115|INFO|SequenceItem.cs|Run|254|Finishing Category: Scheduler, Item: TakeExposure, ExposureTime 300, Gain 102, Offset 50, ImageType LIGHT, Binning 1x1
2024-12-30T05:09:23.9151|INFO|SequenceItem.cs|Run|208|Starting Category: , Item: Dither
2024-12-30T05:09:23.9954|INFO|DirectGuider.cs|SelectDitherPulse|289|Dither target from (-1.3075206029012756, -1.004496724683541) to (8.217628925606707, -1.8964292182481264) using guide durations of 0.7878857961249639 and -0.07377741847291869 seconds
2024-12-30T05:09:24.0797|INFO|BaseImageData.cs|SaveToDisk|344|Saved image to C:\Users\AMOS\AppData\Local\NINA\PlateSolver\ruhfzhiy.crt.fits
2024-12-30T05:09:24.5252|INFO|HocusFocusStarDetection.cs|Detect|410|Average HFR: 2.0850134909436546, HFR MAD: 0.14363073019471928, Detected Stars 307, Region: 0
2024-12-30T05:09:24.7694|INFO|BaseImageData.cs|SaveToDisk|344|Saved image to C:\Users\AMOS\Documents\N.I.N.A\2024-12-29\LIGHT\2024-12-30_05-04-21_Lum_-15.00_300.00s_0002_20.58_NGC 4321_2.17_0.34__.fits
2024-12-30T05:09:24.7694|INFO|ImageSaveController.cs|DoWork|97|Successfully saved file at C:\Users\AMOS\Documents\N.I.N.A\2024-12-29\LIGHT\2024-12-30_05-04-21_Lum_-15.00_300.00s_0002_20.58_NGC 4321_2.17_0.34__.fits. Duration Total: 00:00:00.8923911; BeforeSave: 00:00:00.0000680; BeforeFinalizeImageSaved: 00:00:00.7711851; FinalizeSaveTime: 00:00:00.1211375
2024-12-30T05:09:24.9147|INFO|ImageSolver.cs|Solve|54|Platesolve successful: Coordinates: RA: 12:22:55; Dec: 15° 49' 20"; Epoch: J2000
2024-12-30T05:09:24.9149|INFO|CenterAfterDriftTrigger.cs|PlatesolvingImageFollower_PropertyChanged|189|Drift: 0.02291899974289649 / 0.5 arc minutes
2024-12-30T05:09:34.7863|INFO|SequenceItem.cs|Run|254|Finishing Category: , Item: Dither
2024-12-30T05:09:34.7886|INFO|SequenceItem.cs|Run|208|Starting Category: Scheduler, Item: TakeExposure, ExposureTime 300, Gain 102, Offset 50, ImageType LIGHT, Binning 1x1
2024-12-30T05:09:34.8056|INFO|CameraVM.cs|Capture|737|Starting Exposure - Exposure Time: 300s; Filter: ; Gain: 102; Offset 50; Binning: 1x1;
2024-12-30T05:11:06.1831|INFO|DomeVM.cs|SlewToAzimuth|630|Slewing dome to azimuth 183.31480170933327°
2024-12-30T05:13:38.2012|INFO|DomeVM.cs|SlewToAzimuth|630|Slewing dome to azimuth 184.34163203485468°
2024-12-30T05:14:36.5866|INFO|ImageSolver.cs|Solve|41|Platesolving with parameters: FocalLength: 1260 PixelSize: 3.8 SearchRadius: 30 BlindFailoverEnabled: True Regions: 5000 DownSampleFactor: 0 MaxObjects: 500 Reference Coordinates RA: 12:22:55 Dec: 15° 49' 21" Epoch: J2000
2024-12-30T05:14:36.6178|INFO|SequenceItem.cs|Run|254|Finishing Category: Scheduler, Item: TakeExposure, ExposureTime 300, Gain 102, Offset 50, ImageType LIGHT, Binning 1x1
2024-12-30T05:14:36.6255|INFO|SequenceItem.cs|Run|208|Starting Category: , Item: Dither
2024-12-30T05:14:36.6959|INFO|DirectGuider.cs|SelectDitherPulse|289|Dither target from (8.217628925606707, -1.8964292182481264) to (1.1085601307775836, -2.9022071259498263) using guide durations of -0.588036367340728 and -0.08319429791235851 seconds
2024-12-30T05:14:36.7614|INFO|BaseImageData.cs|SaveToDisk|344|Saved image to C:\Users\AMOS\AppData\Local\NINA\PlateSolver\ztqp3ako.dcm.fits
2024-12-30T05:14:37.2337|INFO|HocusFocusStarDetection.cs|Detect|410|Average HFR: 2.138609601151902, HFR MAD: 0.12999706737188443, Detected Stars 304, Region: 0
2024-12-30T05:14:37.4782|INFO|BaseImageData.cs|SaveToDisk|344|Saved image to C:\Users\AMOS\Documents\N.I.N.A\2024-12-29\LIGHT\2024-12-30_05-09-34_Lum_-15.00_300.00s_0003_20.57_NGC 4321_2.26_0.43__.fits
2024-12-30T05:14:37.4783|INFO|ImageSaveController.cs|DoWork|97|Successfully saved file at C:\Users\AMOS\Documents\N.I.N.A\2024-12-29\LIGHT\2024-12-30_05-09-34_Lum_-15.00_300.00s_0003_20.57_NGC 4321_2.26_0.43__.fits. Duration Total: 00:00:00.8917674; BeforeSave: 00:00:00.0000852; BeforeFinalizeImageSaved: 00:00:00.7701212; FinalizeSaveTime: 00:00:00.1215604
2024-12-30T05:14:37.5624|INFO|ImageSolver.cs|Solve|54|Platesolve successful: Coordinates: RA: 12:22:55; Dec: 15° 49' 21"; Epoch: J2000
2024-12-30T05:14:37.5625|INFO|CenterAfterDriftTrigger.cs|PlatesolvingImageFollower_PropertyChanged|189|Drift: 0.09540427816942991 / 0.5 arc minutes
2024-12-30T05:14:47.3553|INFO|SequenceItem.cs|Run|254|Finishing Category: , Item: Dither
2024-12-30T05:14:47.3559|INFO|SequenceItem.cs|Run|208|Starting Category: Scheduler, Item: TakeExposure, ExposureTime 300, Gain 102, Offset 50, ImageType LIGHT, Binning 1x1
2024-12-30T05:14:47.3900|INFO|CameraVM.cs|Capture|737|Starting Exposure - Exposure Time: 300s; Filter: ; Gain: 102; Offset 50; Binning: 1x1;
2024-12-30T05:16:08.2115|INFO|DomeVM.cs|SlewToAzimuth|630|Slewing dome to azimuth 185.3561173351823°
2024-12-30T05:18:40.2164|INFO|DomeVM.cs|SlewToAzimuth|630|Slewing dome to azimuth 186.3787971460774°
2024-12-30T05:19:49.3244|INFO|ImageSolver.cs|Solve|41|Platesolving with parameters: FocalLength: 1260 PixelSize: 3.8 SearchRadius: 30 BlindFailoverEnabled: True Regions: 5000 DownSampleFactor: 0 MaxObjects: 500 Reference Coordinates RA: 12:22:55 Dec: 15° 49' 21" Epoch: J2000
2024-12-30T05:19:49.3548|INFO|SequenceItem.cs|Run|254|Finishing Category: Scheduler, Item: TakeExposure, ExposureTime 300, Gain 102, Offset 50, ImageType LIGHT, Binning 1x1
2024-12-30T05:19:49.3641|INFO|SequenceItem.cs|Run|208|Starting Category: Scheduler, Item: SwitchFilter, Filter: R
2024-12-30T05:19:49.3673|INFO|FilterWheelVM.cs|ChangeFilter|112|Moving to Filter R at Position 1
2024-12-30T05:19:49.4281|INFO|FocuserVM.cs|MoveFocuserInternal|213|Moving Focuser to position 15353
2024-12-30T05:19:49.4750|INFO|BaseImageData.cs|SaveToDisk|344|Saved image to C:\Users\AMOS\AppData\Local\NINA\PlateSolver\gwwz52cc.nub.fits
2024-12-30T05:19:49.9407|INFO|HocusFocusStarDetection.cs|Detect|410|Average HFR: 2.10416089933243, HFR MAD: 0.14994681816384103, Detected Stars 304, Region: 0
2024-12-30T05:19:50.1832|INFO|BaseImageData.cs|SaveToDisk|344|Saved image to C:\Users\AMOS\Documents\N.I.N.A\2024-12-29\LIGHT\2024-12-30_05-14-47_Lum_-15.00_300.00s_0004_20.55_NGC 4321_2.24_0.37__.fits
2024-12-30T05:19:50.1833|INFO|ImageSaveController.cs|DoWork|97|Successfully saved file at C:\Users\AMOS\Documents\N.I.N.A\2024-12-29\LIGHT\2024-12-30_05-14-47_Lum_-15.00_300.00s_0004_20.55_NGC 4321_2.24_0.37__.fits. Duration Total: 00:00:00.8590116; BeforeSave: 00:00:00.0000726; BeforeFinalizeImageSaved: 00:00:00.7376440; FinalizeSaveTime: 00:00:00.1212946
2024-12-30T05:19:50.2532|INFO|ImageSolver.cs|Solve|54|Platesolve successful: Coordinates: RA: 12:22:55; Dec: 15° 49' 22"; Epoch: J2000
2024-12-30T05:19:50.2533|INFO|CenterAfterDriftTrigger.cs|PlatesolvingImageFollower_PropertyChanged|189|Drift: 0.03793350034512434 / 0.5 arc minutes
2024-12-30T05:19:57.1644|INFO|SequenceItem.cs|Run|254|Finishing Category: Scheduler, Item: SwitchFilter, Filter: R
2024-12-30T05:19:57.1651|INFO|SequenceItem.cs|Run|208|Starting Category: Scheduler, Item: SetReadoutMode, Mode: 0
2024-12-30T05:19:57.1655|INFO|SequenceItem.cs|Run|254|Finishing Category: Scheduler, Item: SetReadoutMode, Mode: 0
2024-12-30T05:19:57.1658|INFO|SequenceItem.cs|Run|208|Starting Category: Scheduler, Item: TakeExposure, ExposureTime 300, Gain 102, Offset 50, ImageType LIGHT, Binning 1x1
2024-12-30T05:19:57.1829|INFO|CameraVM.cs|Capture|737|Starting Exposure - Exposure Time: 300s; Filter: ; Gain: 102; Offset 50; Binning: 1x1;
2024-12-30T05:21:12.2145|INFO|DomeVM.cs|SlewToAzimuth|630|Slewing dome to azimuth 187.40063496978087°
2024-12-30T05:23:44.1801|INFO|DomeVM.cs|SlewToAzimuth|630|Slewing dome to azimuth 188.42125653380415°
2024-12-30T05:24:59.0704|INFO|ImageSolver.cs|Solve|41|Platesolving with parameters: FocalLength: 1260 PixelSize: 3.8 SearchRadius: 30 BlindFailoverEnabled: True Regions: 5000 DownSampleFactor: 0 MaxObjects: 500 Reference Coordinates RA: 12:22:55 Dec: 15° 49' 21" Epoch: J2000
2024-12-30T05:24:59.1048|INFO|SequenceItem.cs|Run|254|Finishing Category: Scheduler, Item: TakeExposure, ExposureTime 300, Gain 102, Offset 50, ImageType LIGHT, Binning 1x1
2024-12-30T05:24:59.1052|INFO|SequenceItem.cs|Run|208|Starting Category: , Item: Dither
2024-12-30T05:24:59.1871|INFO|DirectGuider.cs|SelectDitherPulse|289|Dither target from (1.1085601307775836, -2.9022071259498263) to (1.746893546494582, 9.686331135695065) using guide durations of 0.05280062322697566 and 1.0412781931287183 seconds
2024-12-30T05:24:59.2488|INFO|BaseImageData.cs|SaveToDisk|344|Saved image to C:\Users\AMOS\AppData\Local\NINA\PlateSolver\wci2ekrk.drj.fits
2024-12-30T05:24:59.7043|INFO|HocusFocusStarDetection.cs|Detect|410|Average HFR: 1.7690551174430968, HFR MAD: 0.11889683267271445, Detected Stars 198, Region: 0
2024-12-30T05:24:59.8364|INFO|ImageSolver.cs|Solve|54|Platesolve successful: Coordinates: RA: 12:22:55; Dec: 15° 49' 24"; Epoch: J2000
2024-12-30T05:24:59.8365|INFO|CenterAfterDriftTrigger.cs|PlatesolvingImageFollower_PropertyChanged|189|Drift: 0.058882356302044435 / 0.5 arc minutes
2024-12-30T05:24:59.9497|INFO|BaseImageData.cs|SaveToDisk|344|Saved image to C:\Users\AMOS\Documents\N.I.N.A\2024-12-29\LIGHT\2024-12-30_05-19-57_R_-15.00_300.00s_0005_20.56_NGC 4321_1.79_0.36__.fits
2024-12-30T05:24:59.9497|INFO|ImageSaveController.cs|DoWork|97|Successfully saved file at C:\Users\AMOS\Documents\N.I.N.A\2024-12-29\LIGHT\2024-12-30_05-19-57_R_-15.00_300.00s_0005_20.56_NGC 4321_1.79_0.36__.fits. Duration Total: 00:00:00.8794462; BeforeSave: 00:00:00.0000660; BeforeFinalizeImageSaved: 00:00:00.7582636; FinalizeSaveTime: 00:00:00.1211161
2024-12-30T05:25:10.2306|INFO|SequenceItem.cs|Run|254|Finishing Category: , Item: Dither
2024-12-30T05:25:10.2325|INFO|SequenceTrigger.cs|Run|114|Starting Trigger: AutofocusAfterTimeTrigger, Amount: 30m
2024-12-30T05:25:10.2328|INFO|SequenceItem.cs|Run|208|Starting Category: * Instruction Set *, Container: NINA.Sequencer.Container.SequentialContainer, Strategy: SequentialStrategy, Items[CREATED]: 1
2024-12-30T05:25:10.2329|INFO|SequenceItem.cs|Run|208|Starting Category: Focuser, Item: RunAutofocus
2024-12-30T05:25:10.4422|INFO|FilterWheelVM.cs|ChangeFilter|112|Moving to Filter Lum at Position 0
2024-12-30T05:25:10.5088|INFO|FocuserVM.cs|MoveFocuserInternal|213|Moving Focuser to position 15328
2024-12-30T05:25:15.1594|INFO|CameraVM.cs|Capture|737|Starting Exposure - Exposure Time: 5s; Filter: Lum; Gain: 102; Offset 50; Binning: 1x1;
2024-12-30T05:25:21.9380|INFO|AutoFocusEngine.cs|StartBlindFocusPoints|788|Waiting on initial HFR analysis
2024-12-30T05:25:21.9760|INFO|FocuserVM.cs|MoveFocuserInternal|213|Moving Focuser to position 15568
2024-12-30T05:25:22.6366|INFO|HocusFocusStarDetection.cs|Detect|410|Average HFR: 2.072925831986393, HFR MAD: 0.1582705852384243, Detected Stars 117, Region: 0
2024-12-30T05:25:29.1723|INFO|CameraVM.cs|Capture|737|Starting Exposure - Exposure Time: 5s; Filter: Lum; Gain: 102; Offset 50; Binning: 1x1;
2024-12-30T05:25:36.0041|INFO|FocuserVM.cs|MoveFocuserInternal|213|Moving Focuser to position 15508
2024-12-30T05:25:36.6354|INFO|HocusFocusStarDetection.cs|Detect|410|Average HFR: 9.00653848137303, HFR MAD: 0.2700267034670496, Detected Stars 16, Region: 0
2024-12-30T05:25:41.1588|INFO|CameraVM.cs|Capture|737|Starting Exposure - Exposure Time: 5s; Filter: Lum; Gain: 102; Offset 50; Binning: 1x1;
2024-12-30T05:25:47.8790|INFO|FocuserVM.cs|MoveFocuserInternal|213|Moving Focuser to position 15448
2024-12-30T05:25:48.5187|INFO|HocusFocusStarDetection.cs|Detect|410|Average HFR: 7.07688429127445, HFR MAD: 0.2603869875687561, Detected Stars 28, Region: 0
2024-12-30T05:25:51.1772|INFO|CameraVM.cs|Capture|737|Starting Exposure - Exposure Time: 5s; Filter: Lum; Gain: 102; Offset 50; Binning: 1x1;
2024-12-30T05:25:57.8730|INFO|FocuserVM.cs|MoveFocuserInternal|213|Moving Focuser to position 15388
2024-12-30T05:25:58.5065|INFO|HocusFocusStarDetection.cs|Detect|410|Average HFR: 4.741607027829253, HFR MAD: 0.2696817387938717, Detected Stars 47, Region: 0
2024-12-30T05:26:01.1454|INFO|CameraVM.cs|Capture|737|Starting Exposure - Exposure Time: 5s; Filter: Lum; Gain: 102; Offset 50; Binning: 1x1;
2024-12-30T05:26:07.8178|INFO|AutoFocusEngine.cs|StartBlindFocusPoints|816|Waiting on initial focuser move analyses
2024-12-30T05:26:08.4974|INFO|HocusFocusStarDetection.cs|Detect|410|Average HFR: 2.6791847485421063, HFR MAD: 0.22628225688869508, Detected Stars 88, Region: 0
2024-12-30T05:26:08.5383|INFO|FocuserVM.cs|MoveFocuserInternal|213|Moving Focuser to position 15328
2024-12-30T05:26:13.1870|INFO|CameraVM.cs|Capture|737|Starting Exposure - Exposure Time: 5s; Filter: Lum; Gain: 102; Offset 50; Binning: 1x1;
2024-12-30T05:26:18.2336|INFO|DomeVM.cs|SlewToAzimuth|630|Slewing dome to azimuth 189.4518442384124°
2024-12-30T05:26:19.9468|INFO|AutoFocusEngine.cs|StartBlindFocusPoints|889|Waiting on next left movement analysis
2024-12-30T05:26:20.6230|INFO|HocusFocusStarDetection.cs|Detect|410|Average HFR: 2.105708266265695, HFR MAD: 0.1350768292635658, Detected Stars 111, Region: 0
2024-12-30T05:26:20.6566|INFO|FocuserVM.cs|MoveFocuserInternal|213|Moving Focuser to position 15268
2024-12-30T05:26:25.1678|INFO|CameraVM.cs|Capture|737|Starting Exposure - Exposure Time: 5s; Filter: Lum; Gain: 102; Offset 50; Binning: 1x1;
2024-12-30T05:26:31.9419|INFO|AutoFocusEngine.cs|StartBlindFocusPoints|889|Waiting on next left movement analysis
2024-12-30T05:26:32.6276|INFO|HocusFocusStarDetection.cs|Detect|410|Average HFR: 2.6105982485117263, HFR MAD: 0.21308481755079622, Detected Stars 94, Region: 0
2024-12-30T05:26:32.6355|INFO|AutoFocusEngine.cs|StartBlindFocusPoints|860|Enough right trend points (4) with an established minimum (15328) to queue remaining left focus points down to 15088
2024-12-30T05:26:32.6755|INFO|FocuserVM.cs|MoveFocuserInternal|213|Moving Focuser to position 15208
2024-12-30T05:26:37.1817|INFO|CameraVM.cs|Capture|737|Starting Exposure - Exposure Time: 5s; Filter: Lum; Gain: 102; Offset 50; Binning: 1x1;
2024-12-30T05:26:43.8936|INFO|FocuserVM.cs|MoveFocuserInternal|213|Moving Focuser to position 15148
2024-12-30T05:26:44.5316|INFO|HocusFocusStarDetection.cs|Detect|410|Average HFR: 4.095646768880659, HFR MAD: 0.43865318731822, Detected Stars 65, Region: 0
2024-12-30T05:26:47.1646|INFO|CameraVM.cs|Capture|737|Starting Exposure - Exposure Time: 5s; Filter: Lum; Gain: 102; Offset 50; Binning: 1x1;
2024-12-30T05:26:53.9648|INFO|FocuserVM.cs|MoveFocuserInternal|213|Moving Focuser to position 15088
2024-12-30T05:26:54.6223|INFO|HocusFocusStarDetection.cs|Detect|410|Average HFR: 5.94846513404554, HFR MAD: 0.5753467633638474, Detected Stars 37, Region: 0
2024-12-30T05:26:59.1495|INFO|CameraVM.cs|Capture|737|Starting Exposure - Exposure Time: 5s; Filter: Lum; Gain: 102; Offset 50; Binning: 1x1;
2024-12-30T05:27:05.8189|INFO|AutoFocusEngine.cs|StartBlindFocusPoints|915|Waiting on remaining AutoFocus analysis tasks
2024-12-30T05:27:06.5477|INFO|HocusFocusStarDetection.cs|Detect|410|Average HFR: 8.421423586903117, HFR MAD: 0.44412290020411405, Detected Stars 16, Region: 0
2024-12-30T05:27:06.5818|INFO|FocuserVM.cs|MoveFocuserInternal|213|Moving Focuser to position 15324
2024-12-30T05:27:13.1620|INFO|AutoFocusEngine.cs|ValidateCalculatedFocusPosition|1168|Validating HFR at final focus position 15324
2024-12-30T05:27:13.1851|INFO|CameraVM.cs|Capture|737|Starting Exposure - Exposure Time: 5s; Filter: Lum; Gain: 102; Offset 50; Binning: 1x1;
2024-12-30T05:27:20.5537|INFO|HocusFocusStarDetection.cs|Detect|410|Average HFR: 2.029038665649387, HFR MAD: 0.15507115304927033, Detected Stars 118, Region: 0
2024-12-30T05:27:20.5549|INFO|FocuserMediator.cs|BroadcastSuccessfulAutoFocusRun|45|Autofocus notification received - Temperature 5
2024-12-30T05:27:20.5581|INFO|FilterWheelVM.cs|ChangeFilter|112|Moving to Filter R at Position 1
2024-12-30T05:27:20.6214|INFO|FocuserVM.cs|MoveFocuserInternal|213|Moving Focuser to position 15349
2024-12-30T05:27:27.1647|INFO|SequenceItem.cs|Run|254|Finishing Category: Focuser, Item: RunAutofocus
2024-12-30T05:27:27.1648|INFO|SequenceItem.cs|Run|254|Finishing Category: * Instruction Set *, Container: NINA.Sequencer.Container.SequentialContainer, Strategy: SequentialStrategy, Items[FINISHED]: 1
2024-12-30T05:27:27.1666|INFO|SequenceItem.cs|Run|208|Starting Category: Scheduler, Item: TakeExposure, ExposureTime 300, Gain 102, Offset 50, ImageType LIGHT, Binning 1x1
2024-12-30T05:27:27.1842|INFO|CameraVM.cs|Capture|737|Starting Exposure - Exposure Time: 300s; Filter: ; Gain: 102; Offset 50; Binning: 1x1;
2024-12-30T05:28:52.2362|INFO|DomeVM.cs|SlewToAzimuth|630|Slewing dome to azimuth 190.47829338300582°
2024-12-30T05:31:26.1850|INFO|DomeVM.cs|SlewToAzimuth|630|Slewing dome to azimuth 191.503008340198°
2024-12-30T05:32:29.0569|INFO|ImageSolver.cs|Solve|41|Platesolving with parameters: FocalLength: 1260 PixelSize: 3.8 SearchRadius: 30 BlindFailoverEnabled: True Regions: 5000 DownSampleFactor: 0 MaxObjects: 500 Reference Coordinates RA: 12:22:55 Dec: 15° 49' 15" Epoch: J2000
2024-12-30T05:32:29.0955|INFO|SequenceItem.cs|Run|254|Finishing Category: Scheduler, Item: TakeExposure, ExposureTime 300, Gain 102, Offset 50, ImageType LIGHT, Binning 1x1
2024-12-30T05:32:29.1102|INFO|SequenceItem.cs|Run|208|Starting Category: , Item: Dither
2024-12-30T05:32:29.1832|INFO|DirectGuider.cs|SelectDitherPulse|289|Dither target from (1.746893546494582, 9.686331135695065) to (-2.429099455332274, 6.282758618100194) using guide durations of -0.3454229837557214 and -0.28153116490910685 seconds
2024-12-30T05:32:29.2488|INFO|BaseImageData.cs|SaveToDisk|344|Saved image to C:\Users\AMOS\AppData\Local\NINA\PlateSolver\3koxlg5m.s0v.fits
2024-12-30T05:32:29.6833|INFO|HocusFocusStarDetection.cs|Detect|410|Average HFR: 1.8112398269233434, HFR MAD: 0.10882667199255946, Detected Stars 203, Region: 0
2024-12-30T05:32:29.8162|INFO|ImageSolver.cs|Solve|54|Platesolve successful: Coordinates: RA: 12:22:55; Dec: 15° 49' 17"; Epoch: J2000
2024-12-30T05:32:29.8163|INFO|CenterAfterDriftTrigger.cs|PlatesolvingImageFollower_PropertyChanged|189|Drift: 0.04693665172401428 / 0.5 arc minutes
2024-12-30T05:32:29.9283|INFO|BaseImageData.cs|SaveToDisk|344|Saved image to C:\Users\AMOS\Documents\N.I.N.A\2024-12-29\LIGHT\2024-12-30_05-27-27_R_-15.00_300.00s_0006_20.55_NGC 4321_1.87_0.35__.fits
2024-12-30T05:32:29.9283|INFO|ImageSaveController.cs|DoWork|97|Successfully saved file at C:\Users\AMOS\Documents\N.I.N.A\2024-12-29\LIGHT\2024-12-30_05-27-27_R_-15.00_300.00s_0006_20.55_NGC 4321_1.87_0.35__.fits. Duration Total: 00:00:00.8715818; BeforeSave: 00:00:00.0000700; BeforeFinalizeImageSaved: 00:00:00.7507451; FinalizeSaveTime: 00:00:00.1207663
2024-12-30T05:32:39.5425|INFO|SequenceItem.cs|Run|254|Finishing Category: , Item: Dither
2024-12-30T05:32:39.5436|INFO|SequenceItem.cs|Run|208|Starting Category: Scheduler, Item: TakeExposure, ExposureTime 300, Gain 102, Offset 50, ImageType LIGHT, Binning 1x1
2024-12-30T05:32:39.5768|INFO|CameraVM.cs|Capture|737|Starting Exposure - Exposure Time: 300s; Filter: ; Gain: 102; Offset 50; Binning: 1x1;
2024-12-30T05:34:02.1995|INFO|DomeVM.cs|SlewToAzimuth|630|Slewing dome to azimuth 192.5342812784018°
2024-12-30T05:36:40.2053|INFO|DomeVM.cs|SlewToAzimuth|630|Slewing dome to azimuth 193.5774522543718°
2024-12-30T05:37:41.3438|INFO|ImageSolver.cs|Solve|41|Platesolving with parameters: FocalLength: 1260 PixelSize: 3.8 SearchRadius: 30 BlindFailoverEnabled: True Regions: 5000 DownSampleFactor: 0 MaxObjects: 500 Reference Coordinates RA: 12:22:55 Dec: 15° 49' 17" Epoch: J2000
2024-12-30T05:37:41.3729|INFO|SequenceItem.cs|Run|254|Finishing Category: Scheduler, Item: TakeExposure, ExposureTime 300, Gain 102, Offset 50, ImageType LIGHT, Binning 1x1
2024-12-30T05:37:41.3733|INFO|SequenceItem.cs|Run|208|Starting Category: , Item: Dither
2024-12-30T05:37:41.4530|INFO|DirectGuider.cs|SelectDitherPulse|289|Dither target from (-2.429099455332274, 6.282758618100194) to (1.9087274204557978, 2.0578734004727286) using guide durations of 0.35880929441092985 and -0.349467170385557 seconds
2024-12-30T05:37:41.5321|INFO|BaseImageData.cs|SaveToDisk|344|Saved image to C:\Users\AMOS\AppData\Local\NINA\PlateSolver\kblb0dpo.p2b.fits
2024-12-30T05:37:41.9681|INFO|HocusFocusStarDetection.cs|Detect|410|Average HFR: 1.7999482353029699, HFR MAD: 0.1274459889828432, Detected Stars 207, Region: 0
2024-12-30T05:37:42.1006|INFO|ImageSolver.cs|Solve|54|Platesolve successful: Coordinates: RA: 12:22:55; Dec: 15° 49' 21"; Epoch: J2000
2024-12-30T05:37:42.1008|INFO|CenterAfterDriftTrigger.cs|PlatesolvingImageFollower_PropertyChanged|189|Drift: 0.047565846979066 / 0.5 arc minutes
2024-12-30T05:37:42.2127|INFO|BaseImageData.cs|SaveToDisk|344|Saved image to C:\Users\AMOS\Documents\N.I.N.A\2024-12-29\LIGHT\2024-12-30_05-32-39_R_-15.00_300.00s_0007_20.54_NGC 4321_1.85_0.35__.fits
2024-12-30T05:37:42.2128|INFO|ImageSaveController.cs|DoWork|97|Successfully saved file at C:\Users\AMOS\Documents\N.I.N.A\2024-12-29\LIGHT\2024-12-30_05-32-39_R_-15.00_300.00s_0007_20.54_NGC 4321_1.85_0.35__.fits. Duration Total: 00:00:00.8690580; BeforeSave: 00:00:00.0000644; BeforeFinalizeImageSaved: 00:00:00.7487197; FinalizeSaveTime: 00:00:00.1202735
2024-12-30T05:37:51.8140|INFO|SequenceItem.cs|Run|254|Finishing Category: , Item: Dither
2024-12-30T05:37:51.8147|INFO|SequenceItem.cs|Run|208|Starting Category: Scheduler, Item: TakeExposure, ExposureTime 300, Gain 102, Offset 50, ImageType LIGHT, Binning 1x1
2024-12-30T05:37:51.8324|INFO|CameraVM.cs|Capture|737|Starting Exposure - Exposure Time: 300s; Filter: ; Gain: 102; Offset 50; Binning: 1x1;
2024-12-30T05:39:16.2179|INFO|DomeVM.cs|SlewToAzimuth|630|Slewing dome to azimuth 194.60138558793653°
2024-12-30T05:41:52.1849|INFO|DomeVM.cs|SlewToAzimuth|630|Slewing dome to azimuth 195.62201931642946°
2024-12-30T05:42:53.7202|INFO|ImageSolver.cs|Solve|41|Platesolving with parameters: FocalLength: 1260 PixelSize: 3.8 SearchRadius: 30 BlindFailoverEnabled: True Regions: 5000 DownSampleFactor: 0 MaxObjects: 500 Reference Coordinates RA: 12:22:55 Dec: 15° 49' 19" Epoch: J2000
2024-12-30T05:42:53.7517|INFO|SequenceItem.cs|Run|254|Finishing Category: Scheduler, Item: TakeExposure, ExposureTime 300, Gain 102, Offset 50, ImageType LIGHT, Binning 1x1
2024-12-30T05:42:53.7627|INFO|SequenceItem.cs|Run|208|Starting Category: , Item: Dither
2024-12-30T05:42:53.8390|INFO|DirectGuider.cs|SelectDitherPulse|289|Dither target from (1.9087274204557978, 2.0578734004727286) to (-4.658264707516257, -1.1619915705572648) using guide durations of -0.5431977530020039 and -0.26633554344970245 seconds
2024-12-30T05:42:53.9185|INFO|BaseImageData.cs|SaveToDisk|344|Saved image to C:\Users\AMOS\AppData\Local\NINA\PlateSolver\if0yswsl.heg.fits
2024-12-30T05:42:54.3364|INFO|HocusFocusStarDetection.cs|Detect|410|Average HFR: 1.7629317753341776, HFR MAD: 0.12353566623202927, Detected Stars 190, Region: 0
2024-12-30T05:42:54.4844|INFO|ImageSolver.cs|Solve|54|Platesolve successful: Coordinates: RA: 12:22:55; Dec: 15° 49' 23"; Epoch: J2000
2024-12-30T05:42:54.4845|INFO|CenterAfterDriftTrigger.cs|PlatesolvingImageFollower_PropertyChanged|189|Drift: 0.05768631560196168 / 0.5 arc minutes
2024-12-30T05:42:54.5945|INFO|BaseImageData.cs|SaveToDisk|344|Saved image to C:\Users\AMOS\Documents\N.I.N.A\2024-12-29\LIGHT\2024-12-30_05-37-51_R_-15.00_300.00s_0008_20.53_NGC 4321_1.77_0.35__.fits
2024-12-30T05:42:54.5946|INFO|ImageSaveController.cs|DoWork|97|Successfully saved file at C:\Users\AMOS\Documents\N.I.N.A\2024-12-29\LIGHT\2024-12-30_05-37-51_R_-15.00_300.00s_0008_20.53_NGC 4321_1.77_0.35__.fits. Duration Total: 00:00:00.8751933; BeforeSave: 00:00:00.0002297; BeforeFinalizeImageSaved: 00:00:00.7550296; FinalizeSaveTime: 00:00:00.1199336
2024-12-30T05:43:04.4739|INFO|SequenceItem.cs|Run|254|Finishing Category: , Item: Dither
2024-12-30T05:43:04.4745|INFO|SequenceItem.cs|Run|208|Starting Category: Scheduler, Item: TakeExposure, ExposureTime 300, Gain 102, Offset 50, ImageType LIGHT, Binning 1x1
2024-12-30T05:43:04.5099|INFO|CameraVM.cs|Capture|737|Starting Exposure - Exposure Time: 300s; Filter: ; Gain: 102; Offset 50; Binning: 1x1;
2024-12-30T05:44:30.1758|INFO|DomeVM.cs|SlewToAzimuth|630|Slewing dome to azimuth 196.6459159190181°
2024-12-30T05:47:08.1786|INFO|DomeVM.cs|SlewToAzimuth|630|Slewing dome to azimuth 197.66952987512096°
2024-12-30T05:48:06.3575|INFO|ImageSolver.cs|Solve|41|Platesolving with parameters: FocalLength: 1260 PixelSize: 3.8 SearchRadius: 30 BlindFailoverEnabled: True Regions: 5000 DownSampleFactor: 0 MaxObjects: 500 Reference Coordinates RA: 12:22:55 Dec: 15° 49' 21" Epoch: J2000
2024-12-30T05:48:06.3866|INFO|SequenceItem.cs|Run|254|Finishing Category: Scheduler, Item: TakeExposure, ExposureTime 300, Gain 102, Offset 50, ImageType LIGHT, Binning 1x1
2024-12-30T05:48:06.3870|INFO|SequenceItem.cs|Run|208|Starting Category: Scheduler, Item: SwitchFilter, Filter: G
2024-12-30T05:48:06.3897|INFO|FilterWheelVM.cs|ChangeFilter|112|Moving to Filter G at Position 2
2024-12-30T05:48:06.4585|INFO|FocuserVM.cs|MoveFocuserInternal|213|Moving Focuser to position 15304
2024-12-30T05:48:06.5167|INFO|BaseImageData.cs|SaveToDisk|344|Saved image to C:\Users\AMOS\AppData\Local\NINA\PlateSolver\lmyjsq3l.kft.fits
2024-12-30T05:48:06.9741|INFO|HocusFocusStarDetection.cs|Detect|410|Average HFR: 1.7559733367291743, HFR MAD: 0.11264956911336799, Detected Stars 189, Region: 0
2024-12-30T05:48:07.1072|INFO|ImageSolver.cs|Solve|54|Platesolve successful: Coordinates: RA: 12:22:55; Dec: 15° 49' 25"; Epoch: J2000
2024-12-30T05:48:07.1073|INFO|CenterAfterDriftTrigger.cs|PlatesolvingImageFollower_PropertyChanged|189|Drift: 0.11582980890931677 / 0.5 arc minutes
2024-12-30T05:48:07.2165|INFO|BaseImageData.cs|SaveToDisk|344|Saved image to C:\Users\AMOS\Documents\N.I.N.A\2024-12-29\LIGHT\2024-12-30_05-43-04_R_-15.00_300.00s_0009_20.52_NGC 4321_1.74_0.35__.fits
2024-12-30T05:48:07.2166|INFO|ImageSaveController.cs|DoWork|97|Successfully saved file at C:\Users\AMOS\Documents\N.I.N.A\2024-12-29\LIGHT\2024-12-30_05-43-04_R_-15.00_300.00s_0009_20.52_NGC 4321_1.74_0.35__.fits. Duration Total: 00:00:00.8592615; BeforeSave: 00:00:00.0000633; BeforeFinalizeImageSaved: 00:00:00.7422998; FinalizeSaveTime: 00:00:00.1168978
2024-12-30T05:48:11.1192|INFO|SequenceItem.cs|Run|254|Finishing Category: Scheduler, Item: SwitchFilter, Filter: G
2024-12-30T05:48:11.1199|INFO|SequenceItem.cs|Run|208|Starting Category: Scheduler, Item: SetReadoutMode, Mode: 0
2024-12-30T05:48:11.1202|INFO|SequenceItem.cs|Run|254|Finishing Category: Scheduler, Item: SetReadoutMode, Mode: 0
2024-12-30T05:48:11.1249|INFO|SequenceItem.cs|Run|208|Starting Category: Scheduler, Item: TakeExposure, ExposureTime 300, Gain 102, Offset 50, ImageType LIGHT, Binning 1x1
2024-12-30T05:48:11.1424|INFO|CameraVM.cs|Capture|737|Starting Exposure - Exposure Time: 300s; Filter: ; Gain: 102; Offset 50; Binning: 1x1;
2024-12-30T05:49:48.1953|INFO|DomeVM.cs|SlewToAzimuth|630|Slewing dome to azimuth 198.69782373514957°
2024-12-30T05:52:28.2096|INFO|DomeVM.cs|SlewToAzimuth|630|Slewing dome to azimuth 199.72014206387854°
2024-12-30T05:53:12.9150|INFO|ImageSolver.cs|Solve|41|Platesolving with parameters: FocalLength: 1260 PixelSize: 3.8 SearchRadius: 30 BlindFailoverEnabled: True Regions: 5000 DownSampleFactor: 0 MaxObjects: 500 Reference Coordinates RA: 12:22:55 Dec: 15° 49' 21" Epoch: J2000
2024-12-30T05:53:12.9448|INFO|SequenceItem.cs|Run|254|Finishing Category: Scheduler, Item: TakeExposure, ExposureTime 300, Gain 102, Offset 50, ImageType LIGHT, Binning 1x1
2024-12-30T05:53:12.9452|INFO|SequenceItem.cs|Run|208|Starting Category: , Item: Dither
2024-12-30T05:53:13.0066|INFO|DirectGuider.cs|SelectDitherPulse|289|Dither target from (-4.658264707516257, -1.1619915705572648) to (-0.1302076631795737, -0.17335812310913368) using guide durations of 0.3745444434860526 and 0.08177617038841907 seconds
2024-12-30T05:53:13.0902|INFO|BaseImageData.cs|SaveToDisk|344|Saved image to C:\Users\AMOS\AppData\Local\NINA\PlateSolver\mv3bys4m.n5f.fits
2024-12-30T05:53:13.5307|INFO|HocusFocusStarDetection.cs|Detect|410|Average HFR: 1.90414687984441, HFR MAD: 0.14226858167476775, Detected Stars 223, Region: 0
2024-12-30T05:53:13.6643|INFO|ImageSolver.cs|Solve|54|Platesolve successful: Coordinates: RA: 12:22:55; Dec: 15° 49' 25"; Epoch: J2000
2024-12-30T05:53:13.6644|INFO|CenterAfterDriftTrigger.cs|PlatesolvingImageFollower_PropertyChanged|189|Drift: 0.11764488074899264 / 0.5 arc minutes
2024-12-30T05:53:13.7760|INFO|BaseImageData.cs|SaveToDisk|344|Saved image to C:\Users\AMOS\Documents\N.I.N.A\2024-12-29\LIGHT\2024-12-30_05-48-11_G_-15.00_300.00s_0010_20.52_NGC 4321_1.90_0.36__.fits
2024-12-30T05:53:13.7761|INFO|ImageSaveController.cs|DoWork|97|Successfully saved file at C:\Users\AMOS\Documents\N.I.N.A\2024-12-29\LIGHT\2024-12-30_05-48-11_G_-15.00_300.00s_0010_20.52_NGC 4321_1.90_0.36__.fits. Duration Total: 00:00:00.8680123; BeforeSave: 00:00:00.0068475; BeforeFinalizeImageSaved: 00:00:00.7417171; FinalizeSaveTime: 00:00:00.1194470
2024-12-30T05:53:23.3844|INFO|SequenceItem.cs|Run|254|Finishing Category: , Item: Dither
2024-12-30T05:53:23.3850|INFO|SequenceItem.cs|Run|208|Starting Category: Scheduler, Item: TakeExposure, ExposureTime 300, Gain 102, Offset 50, ImageType LIGHT, Binning 1x1
2024-12-30T05:53:23.4196|INFO|CameraVM.cs|Capture|737|Starting Exposure - Exposure Time: 300s; Filter: ; Gain: 102; Offset 50; Binning: 1x1;
2024-12-30T05:55:08.2233|INFO|DomeVM.cs|SlewToAzimuth|630|Slewing dome to azimuth 200.73597682061637°
2024-12-30T05:57:50.1857|INFO|DomeVM.cs|SlewToAzimuth|630|Slewing dome to azimuth 201.75873096251408°
2024-12-30T05:58:25.2342|INFO|ImageSolver.cs|Solve|41|Platesolving with parameters: FocalLength: 1260 PixelSize: 3.8 SearchRadius: 30 BlindFailoverEnabled: True Regions: 5000 DownSampleFactor: 0 MaxObjects: 500 Reference Coordinates RA: 12:22:55 Dec: 15° 49' 20" Epoch: J2000
2024-12-30T05:58:25.2684|INFO|SequenceItem.cs|Run|254|Finishing Category: Scheduler, Item: TakeExposure, ExposureTime 300, Gain 102, Offset 50, ImageType LIGHT, Binning 1x1
2024-12-30T05:58:25.2713|INFO|SequenceTrigger.cs|Run|114|Starting Assistant.NINAPlugin.Sequencer.SchedulerTargetEndTimeTrigger
2024-12-30T05:58:25.2792|INFO|SequenceItem.cs|Run|208|Starting Category: , Item: Dither
2024-12-30T05:58:25.3439|INFO|DirectGuider.cs|SelectDitherPulse|289|Dither target from (-0.1302076631795737, -0.17335812310913368) to (-7.72109420846296, -0.8792918825581679) using guide durations of -0.6278905828328452 and -0.05839227829551075 seconds
2024-12-30T05:58:25.4127|INFO|BaseImageData.cs|SaveToDisk|344|Saved image to C:\Users\AMOS\AppData\Local\NINA\PlateSolver\qdd31g1e.f3k.fits
2024-12-30T05:58:25.8543|INFO|HocusFocusStarDetection.cs|Detect|410|Average HFR: 1.8768476848522615, HFR MAD: 0.1427605959108431, Detected Stars 210, Region: 0
2024-12-30T05:58:25.9882|INFO|ImageSolver.cs|Solve|54|Platesolve successful: Coordinates: RA: 12:22:55; Dec: 15° 49' 25"; Epoch: J2000
2024-12-30T05:58:25.9883|INFO|CenterAfterDriftTrigger.cs|PlatesolvingImageFollower_PropertyChanged|189|Drift: 0.10009614701978778 / 0.5 arc minutes
2024-12-30T05:58:26.1167|INFO|BaseImageData.cs|SaveToDisk|344|Saved image to C:\Users\AMOS\Documents\N.I.N.A\2024-12-29\LIGHT\2024-12-30_05-53-23_G_-15.00_300.00s_0011_20.51_NGC 4321_1.90_0.35__.fits
2024-12-30T05:58:26.1168|INFO|ImageSaveController.cs|DoWork|97|Successfully saved file at C:\Users\AMOS\Documents\N.I.N.A\2024-12-29\LIGHT\2024-12-30_05-53-23_G_-15.00_300.00s_0011_20.51_NGC 4321_1.90_0.35__.fits. Duration Total: 00:00:00.8826778; BeforeSave: 00:00:00.0000580; BeforeFinalizeImageSaved: 00:00:00.7467431; FinalizeSaveTime: 00:00:00.1358761
2024-12-30T05:58:26.5599|INFO|SequenceItem.cs|Run|254|Finishing Category: Target Scheduler, Container: Assistant.NINAPlugin.Sequencer.TargetSchedulerContainer, Strategy: SequentialStrategy, Target:  RA: 00:00:00; Dec: 00° 00' 00"; Epoch: J2000 0
2024-12-30T05:58:26.5708|INFO|SequenceItem.cs|Run|254|Finishing Category: * Instruction Set *, Container: NINA.Sequencer.Container.SequentialContainer, Strategy: SequentialStrategy, Items[FINISHED]: 1, Conditions: Condition: TimeCondition, Time: 6:33:33h, Condition: TargetSchedulerCondition mode=While Targets Remain Tonight, , Triggers: Category: Ground Station, Item: Failures to PushoverTrigger: WhenUnsafeTrigger: AutofocusAfterTimeTrigger, Amount: 30mTrigger: CenterAfterDriftTrigger, DistanceArcMinutes: 0.5Trigger: AutofocusAfterHFRIncreaseTrigger, Amount: 5Trigger: AutofocusAfterTemperatureChangeTrigger, Amount: 2°
2024-12-30T05:58:26.5709|INFO|SequenceItem.cs|Run|254|Finishing Category: * Instruction Set *, Container: NINA.Sequencer.Container.TargetAreaContainer, Strategy: SequentialStrategy, Items[FINISHED]: 1
2024-12-30T05:58:26.5711|INFO|SequenceItem.cs|Run|208|Starting Category: * Instruction Set *, Container: NINA.Sequencer.Container.EndAreaContainer, Strategy: SequentialStrategy, Items[CREATED]: 3
2024-12-30T05:58:26.5712|INFO|SequenceItem.cs|Run|208|Starting Category: Dome, Item: DisableDomeSynchronization
2024-12-30T05:58:26.5721|INFO|DomeVM.cs|OnFollowChanged|719|Dome following stopped
2024-12-30T05:58:30.1503|INFO|SequenceItem.cs|Run|254|Finishing Category: Dome, Item: DisableDomeSynchronization
2024-12-30T05:58:30.1507|INFO|SequenceItem.cs|Run|208|Starting Category: * Instruction Set *, Container: NINA.Sequencer.Container.ParallelContainer, Strategy: ParallelStrategy, Items[CREATED]: 5
2024-12-30T05:58:30.1513|INFO|SequenceItem.cs|Run|208|Starting Category: Dome, Item: CloseDomeShutter
2024-12-30T05:58:30.1529|INFO|DomeVM.cs|CloseShutter|525|Closing dome shutter. Shutter state before closing ShutterOpen
2024-12-30T05:58:30.1536|INFO|AscomDome.cs|CloseShutter|244|Sending a CloseShutter request, since it is currently ShutterOpen
2024-12-30T06:00:28.2845|INFO|SequenceItem.cs|Run|208|Starting Category: Ground Station, Item: Send to Pushover, Title: Dome closed
2024-12-30T06:00:28.2897|INFO|SequenceItem.cs|Run|208|Starting Category: Flat Device, Item: CloseCover
2024-12-30T06:00:28.2957|INFO|FlatDeviceVM.cs|CloseCover|331|Closing Flat Device Cover
2024-12-30T06:00:28.4671|INFO|SequenceItem.cs|Run|208|Starting Category: Camera, Item: WarmCamera, Duration: 0
2024-12-30T06:00:28.4763|INFO|CameraVM.cs|WarmCamera|162|Warming Camera. Duration: 00:00:00
2024-12-30T06:00:28.4787|INFO|SequenceItem.cs|Run|208|Starting Category: Telescope, Item: ParkScope
2024-12-30T06:00:28.4788|INFO|TelescopeVM.cs|ParkTelescope|134|Mount has been commanded to park
2024-12-30T06:00:29.1606|INFO|SequenceItem.cs|Run|254|Finishing Category: Ground Station, Item: Send to Pushover, Title: Dome closed
2024-12-30T06:00:34.1505|INFO|DomeVM.cs|CloseShutter|531|Closed dome shutter. Shutter state after closing ShutterClosed
2024-12-30T06:00:34.1510|INFO|SequenceItem.cs|Run|254|Finishing Category: Dome, Item: CloseDomeShutter
2024-12-30T06:00:38.6416|INFO|TelescopeVM.cs|ParkTelescope|180|Mount has parked
2024-12-30T06:00:38.6418|INFO|SequenceItem.cs|Run|254|Finishing Category: Telescope, Item: ParkScope
2024-12-30T06:00:39.8909|INFO|SequenceItem.cs|Run|254|Finishing Category: Flat Device, Item: CloseCover
2024-12-30T06:11:50.6830|INFO|CameraVM.cs|WarmCamera|180|Could not reach warming temperature. Most likley due to ambient temperature being lower. Continuing...
2024-12-30T06:12:10.7551|INFO|CameraVM.cs|WarmCamera|187|Turning cooler off
2024-12-30T06:12:10.7570|INFO|SequenceItem.cs|Run|254|Finishing Category: Camera, Item: WarmCamera, Duration: 0
2024-12-30T06:12:10.7572|INFO|SequenceItem.cs|Run|254|Finishing Category: * Instruction Set *, Container: NINA.Sequencer.Container.ParallelContainer, Strategy: ParallelStrategy, Items[FINISHED]: 5
2024-12-30T06:12:10.7574|INFO|SequenceItem.cs|Run|208|Starting Category: ASA Tools, Item: PowerOn
2024-12-30T06:12:10.7588|INFO|SequenceItem.cs|Run|254|Finishing Category: ASA Tools, Item: PowerOn
2024-12-30T06:12:10.7590|INFO|SequenceItem.cs|Run|254|Finishing Category: * Instruction Set *, Container: NINA.Sequencer.Container.EndAreaContainer, Strategy: SequentialStrategy, Items[FINISHED]: 3
2024-12-30T06:12:10.7591|INFO|SequenceItem.cs|Run|254|Finishing Category: * Instruction Set *, Container: NINA.Sequencer.Container.SequenceRootContainer, Strategy: SequentialStrategy, Items[FINISHED]: 3, Triggers: Category: Ground Station, Item: Failures to Pushover
2024-12-30T06:12:10.7612|INFO|Sequence2VM.cs|StartSequence|490|Advanced Sequence finished
2024-12-30T07:17:18.3898|INFO|SafetyMonitorVM.cs|UpdateMonitorValues|94|SafetyMonitorInfo state changed to Unsafe
2024-12-30T08:53:19.3462|INFO|Thumbnail.cs|LoadOriginalImage|39|Reloading image from C:\Users\AMOS\Documents\N.I.N.A\2024-12-29\LIGHT\2024-12-30_05-48-11_G_-15.00_300.00s_0010_20.52_NGC 4321_1.90_0.36__.fits
2024-12-30T08:53:22.1289|INFO|Thumbnail.cs|LoadOriginalImage|39|Reloading image from C:\Users\AMOS\Documents\N.I.N.A\2024-12-29\LIGHT\2024-12-30_05-37-51_R_-15.00_300.00s_0008_20.53_NGC 4321_1.77_0.35__.fits
2024-12-30T08:53:25.0012|INFO|Thumbnail.cs|LoadOriginalImage|39|Reloading image from C:\Users\AMOS\Documents\N.I.N.A\2024-12-29\LIGHT\2024-12-30_05-48-11_G_-15.00_300.00s_0010_20.52_NGC 4321_1.90_0.36__.fits
2024-12-30T09:02:19.6049|INFO|ApplicationDeviceConnectionVM.cs|UsbDeviceWatcher_DeviceRemoved|178|USB Device disconnected DeviceId: USB\VID_1A40&PID_0101\8&19153604&0&4, PnpDeviceId: USB\VID_1A40&PID_0101\8&19153604&0&4, Description: Generischer USB-Hub, Name: Generischer USB-Hub, Manufacturer: (Standardmäßige USB-HUBs), Service: USBHUB3, Status: OK
2024-12-30T09:02:19.9470|INFO|ApplicationDeviceConnectionVM.cs|UsbDeviceWatcher_DeviceInserted|173|New USB device detected DeviceId: USB\VID_1A40&PID_0101\8&19153604&0&4, PnpDeviceId: USB\VID_1A40&PID_0101\8&19153604&0&4, Description: Generischer USB-Hub, Name: Generischer USB-Hub, Manufacturer: (Standardmäßige USB-HUBs), Service: USBHUB3, Status: OK
2024-12-30T09:02:24.1835|INFO|ApplicationDeviceConnectionVM.cs|UsbDeviceWatcher_DeviceRemoved|178|USB Device disconnected DeviceId: USB\VID_1A40&PID_0101\8&19153604&0&4, PnpDeviceId: USB\VID_1A40&PID_0101\8&19153604&0&4, Description: Generischer USB-Hub, Name: Generischer USB-Hub, Manufacturer: (Standardmäßige USB-HUBs), Service: USBHUB3, Status: OK
2024-12-30T09:02:24.5552|INFO|ApplicationDeviceConnectionVM.cs|UsbDeviceWatcher_DeviceInserted|173|New USB device detected DeviceId: USB\VID_1A40&PID_0101\8&19153604&0&4, PnpDeviceId: USB\VID_1A40&PID_0101\8&19153604&0&4, Description: Generischer USB-Hub, Name: Generischer USB-Hub, Manufacturer: (Standardmäßige USB-HUBs), Service: USBHUB3, Status: OK
2024-12-30T09:12:44.9388|INFO|FramingAssistantVM.cs|LoadImage|1072|Loading image from source NASA with field of view 12° for coordinates RA: 00:00:00; Dec: 00° 00' 00"; Epoch: J2000
2024-12-30T09:14:34.9651|INFO|FramingAssistantVM.cs|LoadImage|1072|Loading image from source NASA with field of view 12° for coordinates RA: 01:33:51; Dec: 30° 39' 36"; Epoch: J2000
2024-12-30T10:48:34.3517|INFO|AscomDevice.cs|Disconnect|299|Disconnecting from ASCOM.AMOS.Dome ASCOM Dome Driver for AMOS
2024-12-30T10:48:34.3636|INFO|DomeVM.cs|Disconnect|336|Disconnected Dome Device
2024-12-30T10:48:34.3644|INFO|AscomDevice.cs|Disconnect|299|Disconnecting from ASCOM.OptecAlnitak.CoverCalibrator Optec Alnitak
2024-12-30T10:48:34.4960|INFO|FlatDeviceVM.cs|Disconnect|279|Disconnected Flat Device
2024-12-30T10:48:34.4968|INFO|AscomDevice.cs|Disconnect|299|Disconnecting from ASCOM.ASICamera2.Camera ASI Camera (1) (ASCOM)
2024-12-30T10:48:34.5412|INFO|CameraVM.cs|Disconnect|645|Disconnected Camera
2024-12-30T10:48:34.5420|INFO|AscomDevice.cs|Disconnect|299|Disconnecting from ASCOM.photonProxyHub.Telescope ASCOM Telescope Driver for photonProxyHub
2024-12-30T10:48:34.5493|INFO|TelescopeVM.cs|Disconnect|763|Disconnected mount
2024-12-30T10:48:34.5495|INFO|AscomDevice.cs|Disconnect|299|Disconnecting from ASCOM.EFW2.FilterWheel ZWO FilterWheel (1)
2024-12-30T10:48:34.5786|INFO|FilterWheelVM.cs|Disconnect|324|Disconnected Filter Wheel
2024-12-30T10:48:34.5795|INFO|AscomDevice.cs|Disconnect|299|Disconnecting from ASCOM.MicroTouchServer.Focuser1 MicroTouch Focuser1
2024-12-30T10:48:34.6046|INFO|FocuserVM.cs|Disconnect|426|Disconnected Focuser
2024-12-30T10:48:34.6057|INFO|RotatorVM.cs|Disconnect|438|Disconnected Rotator
2024-12-30T10:48:34.6063|INFO|SwitchVM.cs|Disconnect|298|Disconnected Switch
2024-12-30T10:48:34.6070|INFO|AscomDevice.cs|Disconnect|299|Disconnecting from ASCOM.CloudWatcher.ObservingConditions Lunatico CloudWatcher Observing Conditions
2024-12-30T10:48:34.6117|INFO|WeatherDataVM.cs|Disconnect|292|Disconnected Weather Device
2024-12-30T10:48:34.6123|INFO|AscomDevice.cs|Disconnect|299|Disconnecting from ASCOM.CloudWatcher.SafetyMonitor Lunatico CloudWatcher Safety Monitor
2024-12-30T10:48:34.6158|INFO|SafetyMonitorVM.cs|Disconnect|208|Disconnected Safety Monitor
2024-12-30T10:48:36.6024|INFO|ApplicationVM.cs|Closing|288|Application shutting down
2024-12-30T10:48:36.6126|INFO|DomeVM.cs|Disconnect|336|Disconnected Dome Device
2024-12-30T10:48:36.6134|INFO|FlatDeviceVM.cs|Disconnect|279|Disconnected Flat Device
2024-12-30T10:48:36.6231|INFO|CameraVM.cs|Disconnect|645|Disconnected Camera
2024-12-30T10:48:36.6233|INFO|TelescopeVM.cs|Disconnect|763|Disconnected mount
2024-12-30T10:48:36.6238|INFO|FilterWheelVM.cs|Disconnect|324|Disconnected Filter Wheel
2024-12-30T10:48:36.6239|INFO|FocuserVM.cs|Disconnect|426|Disconnected Focuser
2024-12-30T10:48:36.6246|INFO|RotatorVM.cs|Disconnect|438|Disconnected Rotator
2024-12-30T10:48:36.6250|INFO|SwitchVM.cs|Disconnect|298|Disconnected Switch
2024-12-30T10:48:36.6262|INFO|WeatherDataVM.cs|Disconnect|292|Disconnected Weather Device
2024-12-30T10:48:36.6266|INFO|SafetyMonitorVM.cs|Disconnect|208|Disconnected Safety Monitor
2024-12-30T10:48:37.2801|INFO|HttpServer.cs|WaitForStopped|108|waited 0ms for web server to stop
