----------------------------------------------------------------------
--------------N.I.N.A. - Nighttime Imaging 'N' Astronomy--------------
--------------------------Version 3.1.2.9001--------------------------
-------------------------2024-12-27T19:10:30--------------------------
----------------------------------------------------------------------
---------------------Microsoft Windows 10.0.26100---------------------
-------------------------OS Architecture X64--------------------------
-----------------------Process Architecture X64-----------------------
------------------------------.NET 8.0.8------------------------------
----------------------------------------------------------------------
--------------------------Processor Count 12--------------------------
--------------------Total Physical Memory 27.89 GB--------------------
----------------------------------------------------------------------
DATE|LEVEL|SOURCE|MEMBER|LINE|MESSAGE
2024-12-27T19:10:30.0408|INFO|CameraChooserVM.cs|GetEquipment|69|Found 2 ASI Cameras
2024-12-27T19:10:30.1830|INFO|CameraChooserVM.cs|GetEquipment|84|Found 0 Altair Cameras
2024-12-27T19:10:30.3111|INFO|CameraChooserVM.cs|GetEquipment|96|Found 0 Atik Cameras
2024-12-27T19:10:30.3116|INFO|CameraChooserVM.cs|GetEquipment|110|Found 0 FLI Cameras
2024-12-27T19:10:31.3233|INFO|CameraChooserVM.cs|GetEquipment|130|Found 0 QHYCCD Cameras
2024-12-27T19:10:31.3613|INFO|CameraChooserVM.cs|GetEquipment|158|Found 0 ToupTek Cameras
2024-12-27T19:10:31.3660|INFO|CameraChooserVM.cs|GetEquipment|173|Found 0 Ogma Cameras
2024-12-27T19:10:31.3710|INFO|CameraChooserVM.cs|GetEquipment|188|Found 0 Omegon Cameras
2024-12-27T19:10:31.4131|INFO|CameraChooserVM.cs|GetEquipment|203|Found 0 RisingCam Cameras
2024-12-27T19:10:31.4195|INFO|CameraChooserVM.cs|GetEquipment|218|Found 0 MallinCam Cameras
2024-12-27T19:10:31.4271|INFO|CameraChooserVM.cs|GetEquipment|244|Found 0 SBIG Cameras
2024-12-27T19:10:32.2697|INFO|ApplicationVM.cs|CheckDiskInfo|100|Available Space on Drive C:\: 55.09 GB
2024-12-27T19:10:32.2699|INFO|ApplicationVM.cs|CheckDiskInfo|100|Available Space on Drive D:\: 4445.76 GB
2024-12-27T19:10:32.2708|INFO|ApplicationVM.cs|CheckDiskInfo|102|Drive E:\ is not ready
2024-12-27T19:10:32.2736|INFO|ApplicationVM.cs|CheckASCOMPlatformVersion|81|ASCOM Platform 6.6.2.4195 installed
2024-12-27T19:10:32.2761|INFO|ApplicationVM.cs|CheckDiskInfo|102|Drive F:\ is not ready
2024-12-27T19:10:32.5254|INFO|PluginLoader.cs|LoadPlugin|416|Successfully loaded plugin ASA Tools version 3.1.2.0 by Gerald Hitz (photon)
2024-12-27T19:10:32.5479|INFO|PluginLoader.cs|LoadPlugin|416|Successfully loaded plugin Connector version 2.0.3.0 by Stefan Berg
2024-12-27T19:10:32.5657|INFO|PluginLoader.cs|LoadPlugin|416|Successfully loaded plugin Device Actions and Commands version 2.0.0.0 by Dale Ghent
2024-12-27T19:10:32.5783|INFO|PluginLoader.cs|LoadPlugin|416|Successfully loaded plugin Filter Offset Calculator version 2.0.0.0 by S. Dimant & Stefan Berg
2024-12-27T19:10:32.6455|INFO|PluginLoader.cs|LoadPlugin|416|Successfully loaded plugin Ground Station version 2.4.1.0 by Dale Ghent
2024-12-27T19:10:33.9882|INFO|PluginLoader.cs|LoadPlugin|416|Successfully loaded plugin Hocus Focus version 3.0.0.18 by George Hilios (jokogeo)
2024-12-27T19:10:34.0008|INFO|PluginLoader.cs|LoadPlugin|416|Successfully loaded plugin Moon Angle version 2.2.0.0 by Dale Ghent
2024-12-27T19:10:34.2385|INFO|OrbitalElementsAccessor.cs|LoadJWST|87|No JWST vector table loaded since no file was found at C:\Users\AMOS\AppData\Local\NINA\OrbitalElements\JWSTVectorTable.bin.gz
2024-12-27T19:10:34.2393|INFO|OrbitalElementsAccessor.cs|LoadObjectType|118|No NumberedAsteroids orbital elements loaded since no file was found at C:\Users\AMOS\AppData\Local\NINA\OrbitalElements\NumberedAsteroidsElements.bin.gz
2024-12-27T19:10:34.2393|INFO|OrbitalElementsAccessor.cs|LoadObjectType|118|No Comet orbital elements loaded since no file was found at C:\Users\AMOS\AppData\Local\NINA\OrbitalElements\MPC_CometElements.bin.gz
2024-12-27T19:10:34.2393|INFO|OrbitalElementsAccessor.cs|LoadObjectType|118|No UnnumberedAsteroids orbital elements loaded since no file was found at C:\Users\AMOS\AppData\Local\NINA\OrbitalElements\UnnumberedAsteroidsElements.bin.gz
2024-12-27T19:10:34.2501|INFO|PluginLoader.cs|LoadPlugin|416|Successfully loaded plugin Orbitals version 3.0.0.13 by George Hilios (jokogeo)
2024-12-27T19:10:34.2630|INFO|PluginLoader.cs|LoadPlugin|416|Successfully loaded plugin Phd2 Tools version 1.0.5.0 by Stefan Berg @isbeorn
2024-12-27T19:10:34.3947|INFO|PluginLoader.cs|LoadPlugin|416|Successfully loaded plugin Sequencer Powerups version 3.20.0.0 by Marc Blank
2024-12-27T19:10:34.6089|ERROR|DllLoader.cs|LoadDllFromAbsolutePath|53|DllLoader failed to load library C:\Program Files\N.I.N.A. - Nighttime Imaging 'N' Astronomy\External\x64\SQLite\SQLite.Interop.dll due to error code 126
2024-12-27T19:10:34.9078|INFO|PluginLoader.cs|LoadPlugin|416|Successfully loaded plugin Target Scheduler version 4.9.0.1 by Tom Palmer @tcpalmer
2024-12-27T19:10:34.9399|INFO|SessionHistoryManager.cs|PurgeHistoryOlderThan|102|purging web session history older than 10 days
2024-12-27T19:10:34.9753|INFO|NINAWeb.cs|changePluginState|260|Web plugin state change from OFF to ON
2024-12-27T19:10:34.9764|INFO|NINALogWatcher.cs|Start|29|web viewer: watching log file: C:\Users\AMOS\AppData\Local\NINA\Logs\20241227-191027-3.1.2.9001.16388-202412.log
2024-12-27T19:10:34.9775|INFO|AutofocusDirectoryWatcher.cs|Watch|31|web viewer: watching AF directory file: C:\Users\AMOS\AppData\Local\NINA\AutoFocus
2024-12-27T19:10:34.9797|INFO|HttpServer.cs|ConfigureLogging|143|web server log: C:\Users\AMOS\AppData\Local\NINA\WebPlugin\webserver-20241227-191034.log
2024-12-27T19:10:34.9802|INFO|HttpServer.cs|WebServerTask|62|starting web server, listening at http://localhost:80/dist
2024-12-27T19:10:34.9807|INFO|PluginLoader.cs|LoadPlugin|416|Successfully loaded plugin Web Session History Viewer version 2.2.1.0 by Tom Palmer @tcpalmer
2024-12-27T19:10:34.9872|INFO|PluginFetcher.cs|RequestAll|43|Fetching plugin manifests from https://nighttime-imaging.eu/wp-json/nina/v1/plugins/manifests
2024-12-27T19:10:35.0258|INFO|CameraChooserVM.cs|GetEquipment|264|Found 0 SVBony Cameras
2024-12-27T19:10:35.0289|INFO|CameraChooserVM.cs|GetEquipment|264|Found 0 PlayerOne Cameras
2024-12-27T19:10:35.0396|INFO|CameraChooserVM.cs|GetEquipment|264|Found 0 ASTPAN Cameras
2024-12-27T19:10:35.0411|INFO|CameraChooserVM.cs|GetEquipment|278|Found 4 ASCOM Cameras
2024-12-27T19:10:35.6726|INFO|PluginFetcher.cs|RequestAll|57|Found 58 valid plugins at https://nighttime-imaging.eu/wp-json/nina/v1/plugins/manifests
2024-12-27T19:10:37.0328|INFO|DomeChooserVM.cs|GetEquipment|67|Found 0 Alpaca Domes
2024-12-27T19:10:37.0329|INFO|WeatherDataChooserVM.cs|GetEquipment|69|Found 0 Alpaca Observing Conditions
2024-12-27T19:10:37.0330|INFO|TelescopeChooserVM.cs|GetEquipment|69|Found 0 Alpaca Telescopes
2024-12-27T19:10:37.0329|INFO|FlatDeviceChooserVM.cs|GetEquipment|67|Found 0 Alpaca Cover Calibrators
2024-12-27T19:10:37.0328|INFO|FilterWheelChooserVM.cs|GetEquipment|193|Found 0 Alpaca Filter Wheels
2024-12-27T19:10:37.0329|INFO|FocuserChooserVM.cs|GetEquipment|67|Found 0 Alpaca Focusers
2024-12-27T19:10:37.0329|INFO|RotatorChooserVM.cs|GetEquipment|68|Found 0 Alpaca Rotators
2024-12-27T19:10:37.0395|INFO|SafetyMonitorChooserVM.cs|GetEquipment|71|Found 0 Alpaca Safety Monitors
2024-12-27T19:10:37.0330|INFO|SwitchChooserVM.cs|GetEquipment|71|Found 0 Alpaca Switch Hubs
2024-12-27T19:10:37.0436|INFO|CameraChooserVM.cs|GetEquipment|290|Found 0 Alpaca Cameras
2024-12-27T19:10:37.0456|INFO|CameraChooserVM.cs|GetEquipment|303|Found 0 Canon Cameras
2024-12-27T19:10:39.3755|INFO|CameraVM.cs|Disconnect|645|Disconnected Camera
2024-12-27T19:10:40.4167|INFO|AscomDevice.cs|GetProperty|379|Property Camera.BayerOffsetX GET is not implemented in this driver (ASI Camera (1) (ASCOM))
2024-12-27T19:10:40.4188|INFO|AscomDevice.cs|GetProperty|379|Property Camera.BayerOffsetY GET is not implemented in this driver (ASI Camera (1) (ASCOM))
2024-12-27T19:10:40.4243|INFO|CameraVM.cs|ChooseCamera|448|Successfully connected Camera. Id: ASCOM.ASICamera2.Camera Name: ASI Camera (1) (ASCOM) DisplayName: ASI Camera (1) (ASCOM)Driver Version: 6.5
2024-12-27T19:10:40.4276|INFO|FilterWheelVM.cs|Disconnect|324|Disconnected Filter Wheel
2024-12-27T19:10:41.3840|INFO|FilterWheelVM.cs|ChooseFW|272|Successfully connected Filter Wheel. Id: ASCOM.EFW2.FilterWheel Name: ZWO FilterWheel (1) DisplayName: ZWO FilterWheel (1) Driver Version: 6.0
2024-12-27T19:10:41.3903|INFO|TelescopeVM.cs|Disconnect|763|Disconnected mount
2024-12-27T19:10:41.4736|INFO|AscomTelescope.cs|CheckMountTime|817|Mount UTC Time: 2024-12-27 18:10:41Z / System UTC Time: 2024-12-27 18:10:41Z; Difference: 0.004 seconds
2024-12-27T19:10:41.4783|INFO|AscomTelescope.cs|CheckMountTime|837|Mount driver does not allow the mount's time to be set.
2024-12-27T19:10:41.5684|INFO|TelescopeVM.cs|ChooseTelescope|518|Successfully connected mount. Id: ASCOM.photonProxyHub.Telescope Name: ASCOM Telescope Driver for photonProxyHub DisplayName: ASCOM Telescope Driver for photonProxyHub Driver Version: 2011_10_08
2024-12-27T19:10:41.5704|INFO|FocuserVM.cs|Disconnect|426|Disconnected Focuser
2024-12-27T19:10:41.7306|INFO|FocuserVM.cs|ChooseFocuser|324|Successfully connected Focuser. Id: ASCOM.MicroTouchServer.Focuser1 Name: MicroTouch Focuser1 DisplayName: MicroTouch Focuser1 Driver Version: 1.3
2024-12-27T19:10:41.7355|INFO|RotatorVM.cs|Disconnect|438|Disconnected Rotator
2024-12-27T19:10:42.3906|INFO|RotatorVM.cs|Connect|398|Successfully connected Rotator. Id: ASCOM.PegasusAstroFalconV2.Rotator Name: PegasusAstro FalconV2 DisplayName: PegasusAstro FalconV2 Driver Version: 2.4.4561.305
2024-12-27T19:10:42.4000|INFO|FlatDeviceVM.cs|Disconnect|279|Disconnected Flat Device
2024-12-27T19:10:42.4165|INFO|FlatDeviceVM.cs|Connect|234|Successfully connected flat device. Id: ASCOM.OptecAlnitak.CoverCalibrator Name: Optec Alnitak DisplayName: Optec Alnitak Driver Version: 1.0
2024-12-27T19:10:42.4206|INFO|WeatherDataVM.cs|Disconnect|292|Disconnected Weather Device
2024-12-27T19:10:42.5115|INFO|AscomDevice.cs|GetProperty|379|Property ObservingConditions.SkyBrightness GET is not implemented in this driver (Lunatico CloudWatcher Observing Conditions)
2024-12-27T19:10:42.5170|INFO|AscomDevice.cs|GetProperty|379|Property ObservingConditions.StarFWHM GET is not implemented in this driver (Lunatico CloudWatcher Observing Conditions)
2024-12-27T19:10:42.5204|INFO|AscomDevice.cs|GetProperty|379|Property ObservingConditions.WindDirection GET is not implemented in this driver (Lunatico CloudWatcher Observing Conditions)
2024-12-27T19:10:42.5273|INFO|WeatherDataVM.cs|ChooseWeatherData|143|Successfully connected Weather Device. Id: ASCOM.CloudWatcher.ObservingConditions Name: Lunatico CloudWatcher Observing Conditions DisplayName: Lunatico CloudWatcher Observing Conditions Driver Version: 1.0
2024-12-27T19:10:42.5311|INFO|SwitchVM.cs|Disconnect|298|Disconnected Switch
2024-12-27T19:10:42.5341|INFO|DomeVM.cs|Disconnect|336|Disconnected Dome Device
2024-12-27T19:10:42.6041|INFO|DomeVM.cs|ChooseDome|191|Successfully connected Dome. Id: ASCOM.AMOS.Dome Name: ASCOM Dome Driver for AMOS DisplayName: ASCOM Dome Driver for AMOS Driver Version: 1.0.1
2024-12-27T19:10:42.6067|INFO|SafetyMonitorVM.cs|Disconnect|208|Disconnected Safety Monitor
2024-12-27T19:10:42.7759|INFO|SafetyMonitorVM.cs|Connect|168|Successfully connected Safety Monitor. Id: ASCOM.CloudWatcher.SafetyMonitor Name: Lunatico CloudWatcher Safety Monitor DisplayName: Lunatico CloudWatcher Safety Monitor Driver Version: 1.0
2024-12-27T19:10:42.9147|INFO|CameraVM.cs|CoolCamera|139|Cooling Camera. Target: -15 Duration: 00:00:00
2024-12-27T19:10:52.3443|INFO|CameraVM.cs|CoolCamera|139|Cooling Camera. Target: -15 Duration: 00:00:00
2024-12-27T19:17:40.1447|INFO|Sequence2VM.cs|StartSequence|485|Advanced Sequence starting
2024-12-27T19:17:45.8945|INFO|SequenceItem.cs|Run|208|Starting Category: * Instruction Set *, Container: NINA.Sequencer.Container.SequenceRootContainer, Strategy: SequentialStrategy, Items[CREATED]: 3, Triggers: Category: Ground Station, Item: Failures to Pushover
2024-12-27T19:17:45.8992|INFO|SequenceItem.cs|Run|208|Starting Category: * Instruction Set *, Container: NINA.Sequencer.Container.StartAreaContainer, Strategy: SequentialStrategy, Items[CREATED]: 3, Items[DISABLED]: 1
2024-12-27T19:17:45.9000|INFO|SequenceItem.cs|Run|208|Starting Category: Utility, Item: WaitForSunAltitude, TargetAltitude: -6, Comparator: GREATER_THAN, CurrentSunAltitude: -28.83
2024-12-27T19:17:45.9015|INFO|SequenceItem.cs|Run|254|Finishing Category: Utility, Item: WaitForSunAltitude, TargetAltitude: -6, Comparator: GREATER_THAN, CurrentSunAltitude: -28.83
2024-12-27T19:17:45.9030|INFO|SequenceItem.cs|Run|208|Starting Category: Connector, Item: ConnectAllEquipment
2024-12-27T19:17:45.9041|INFO|ConnectAllEquipment.cs|Execute|167|Camera is already connected
2024-12-27T19:17:45.9042|INFO|ConnectAllEquipment.cs|Execute|167|Filter Wheel is already connected
2024-12-27T19:17:45.9042|INFO|ConnectAllEquipment.cs|Execute|167|Focuser is already connected
2024-12-27T19:17:45.9043|INFO|ConnectAllEquipment.cs|Execute|167|Rotator is already connected
2024-12-27T19:17:45.9043|INFO|ConnectAllEquipment.cs|Execute|167|Telescope is already connected
2024-12-27T19:17:45.9043|INFO|ConnectAllEquipment.cs|Execute|167|Guider is already connected
2024-12-27T19:17:45.9048|INFO|ConnectAllEquipment.cs|Execute|167|Flat Panel is already connected
2024-12-27T19:17:45.9049|INFO|ConnectAllEquipment.cs|Execute|167|Weather is already connected
2024-12-27T19:17:45.9049|INFO|ConnectAllEquipment.cs|Execute|167|Dome is already connected
2024-12-27T19:17:45.9049|INFO|ConnectAllEquipment.cs|Execute|167|Safety Monitor is already connected
2024-12-27T19:17:45.9050|INFO|SequenceItem.cs|Run|254|Finishing Category: Connector, Item: ConnectAllEquipment
2024-12-27T19:17:45.9053|INFO|SequenceItem.cs|Run|208|Starting Category: Safety Monitor, Item: WaitUntilSafe
2024-12-27T19:17:45.9142|INFO|SequenceItem.cs|Run|254|Finishing Category: Safety Monitor, Item: WaitUntilSafe
2024-12-27T19:17:45.9163|INFO|SequenceItem.cs|Run|254|Finishing Category: * Instruction Set *, Container: NINA.Sequencer.Container.StartAreaContainer, Strategy: SequentialStrategy, Items[FINISHED]: 3, Items[DISABLED]: 1
2024-12-27T19:17:45.9232|INFO|SequenceItem.cs|Run|208|Starting Category: * Instruction Set *, Container: NINA.Sequencer.Container.TargetAreaContainer, Strategy: SequentialStrategy, Items[CREATED]: 2
2024-12-27T19:17:45.9237|INFO|SequenceItem.cs|Run|208|Starting Category: * Instruction Set *, Container: NINA.Sequencer.Container.SequentialContainer, Strategy: SequentialStrategy, Items[CREATED]: 5
2024-12-27T19:17:45.9241|INFO|SequenceItem.cs|Run|208|Starting Category: Utility, Item: WaitForAltitude, Altitude: >20
2024-12-27T19:17:45.9256|INFO|SequenceItem.cs|Run|254|Finishing Category: Utility, Item: WaitForAltitude, Altitude: >20
2024-12-27T19:17:45.9260|INFO|SequenceItem.cs|Run|208|Starting Category: Dome, Item: EnableDomeSynchronization
2024-12-27T19:17:45.9290|INFO|DomeVM.cs|OnFollowChanged|716|Dome following enabled
2024-12-27T19:17:45.9343|INFO|DomeVM.cs|SlewToAzimuth|630|Slewing dome to azimuth 213.14201240053418°
2024-12-27T19:17:48.6541|INFO|SequenceItem.cs|Run|254|Finishing Category: Dome, Item: EnableDomeSynchronization
2024-12-27T19:17:48.6544|INFO|SequenceItem.cs|Run|208|Starting Category: Telescope, Item: Center, Coordinates RA: 01:33:51; Dec: 30° 39' 36"; Epoch: J2000
2024-12-27T19:17:48.7072|INFO|TelescopeVM.cs|SlewToCoordinatesAsync|926|Slewing from RA: 01:35:16; Dec: 30° 47' 26"; Epoch: JNOW to RA: 01:35:16; Dec: 30° 47' 27"; Epoch: JNOW - Alt: 74° 05' 01"; Az: 183° 56' 54"
2024-12-27T19:17:48.7093|INFO|DomeFollower.cs|WaitForPreviousSlew|212|Dome is already slewing. Waiting for previous slew to finish
2024-12-27T19:17:49.9302|INFO|DSOTarget.cs|FindRunningItem|69|DSOTarget, found running target: 
2024-12-27T19:17:54.9304|INFO|DSOTarget.cs|FindRunningItem|69|DSOTarget, found running target: 
2024-12-27T19:17:59.9317|INFO|DSOTarget.cs|FindRunningItem|69|DSOTarget, found running target: 
2024-12-27T19:18:00.6274|INFO|DomeVM.cs|SlewToAzimuth|630|Slewing dome to azimuth 151.99287210509348°
2024-12-27T19:18:04.9328|INFO|DSOTarget.cs|FindRunningItem|69|DSOTarget, found running target: 
2024-12-27T19:18:08.6276|INFO|DomeFollower.cs|WaitForPreviousSlew|212|Dome is already slewing. Waiting for previous slew to finish
2024-12-27T19:18:09.9350|INFO|DSOTarget.cs|FindRunningItem|69|DSOTarget, found running target: 
2024-12-27T19:18:14.9358|INFO|DSOTarget.cs|FindRunningItem|69|DSOTarget, found running target: 
2024-12-27T19:18:19.9358|INFO|DSOTarget.cs|FindRunningItem|69|DSOTarget, found running target: 
2024-12-27T19:18:24.9373|INFO|DSOTarget.cs|FindRunningItem|69|DSOTarget, found running target: 
2024-12-27T19:18:29.9386|INFO|DSOTarget.cs|FindRunningItem|69|DSOTarget, found running target: 
2024-12-27T19:18:34.9394|INFO|DSOTarget.cs|FindRunningItem|69|DSOTarget, found running target: 
2024-12-27T19:18:39.9398|INFO|DSOTarget.cs|FindRunningItem|69|DSOTarget, found running target: 
2024-12-27T19:18:44.9412|INFO|DSOTarget.cs|FindRunningItem|69|DSOTarget, found running target: 
2024-12-27T19:18:49.9413|INFO|DSOTarget.cs|FindRunningItem|69|DSOTarget, found running target: 
2024-12-27T19:18:54.9430|INFO|DSOTarget.cs|FindRunningItem|69|DSOTarget, found running target: 
2024-12-27T19:18:56.6565|INFO|DomeVM.cs|SlewToAzimuth|630|Slewing dome to azimuth 213.7121785737275°
2024-12-27T19:18:56.6664|INFO|FilterWheelVM.cs|ChangeFilter|112|Moving to Filter Lum at Position 0
2024-12-27T19:18:56.7348|INFO|FocuserVM.cs|MoveFocuserInternal|213|Moving Focuser to position 15365
2024-12-27T19:18:59.9431|INFO|DSOTarget.cs|FindRunningItem|69|DSOTarget, found running target: 
2024-12-27T19:19:01.9250|INFO|CameraVM.cs|Capture|737|Starting Exposure - Exposure Time: 6s; Filter: Lum; Gain: 100; Offset 50; Binning: 1x1;
2024-12-27T19:19:04.9442|INFO|DSOTarget.cs|FindRunningItem|69|DSOTarget, found running target: 
2024-12-27T19:19:09.9456|INFO|DSOTarget.cs|FindRunningItem|69|DSOTarget, found running target: 
2024-12-27T19:19:09.9787|INFO|DSOTarget.cs|FindRunningItem|69|DSOTarget, found running target: 
2024-12-27T19:19:10.3365|INFO|ImageSolver.cs|Solve|41|Platesolving with parameters: FocalLength: 1260 PixelSize: 3.8 SearchRadius: 30 BlindFailoverEnabled: True Regions: 5000 DownSampleFactor: 0 MaxObjects: 500 Reference Coordinates RA: 01:33:51 Dec: 30° 39' 36" Epoch: J2000
2024-12-27T19:19:10.4908|INFO|BaseImageData.cs|SaveToDisk|344|Saved image to C:\Users\AMOS\AppData\Local\NINA\PlateSolver\gfsuxsbt.v1h.fits
2024-12-27T19:19:11.0417|INFO|ImageSolver.cs|Solve|54|Platesolve successful: Coordinates: RA: 01:33:51; Dec: 30° 39' 34"; Epoch: J2000
2024-12-27T19:19:11.0452|INFO|CenteringSolver.cs|Center|99|Centering Solver - Scope Position: RA: 01:35:16; Dec: 30° 47' 28"; Epoch: JNOW; Offset: RA: 00:00:00; Dec: 00° 00' 00"; Distance: 00° 00' 00"; Bearing: 00° 00' 00"; Centering Coordinates: RA: 01:35:16; Dec: 30° 47' 27"; Epoch: JNOW; Solved: RA: 01:35:16; Dec: 30° 47' 25"; Epoch: JNOW; Separation RA: -00:00:00; Dec: 00° 00' 02"; Distance: 00° 00' 05"; Bearing: -111° 30' 52"; Threshold: 1
2024-12-27T19:19:11.0455|INFO|CenteringSolver.cs|Center|165|Restoring filter to Ha after centering
2024-12-27T19:19:11.0484|INFO|FilterWheelVM.cs|ChangeFilter|112|Moving to Filter Ha at Position 4
2024-12-27T19:19:11.1051|INFO|FocuserVM.cs|MoveFocuserInternal|213|Moving Focuser to position 15412
2024-12-27T19:19:14.9471|INFO|DSOTarget.cs|FindRunningItem|69|DSOTarget, found running target: 
2024-12-27T19:19:17.8919|INFO|SequenceItem.cs|Run|254|Finishing Category: Telescope, Item: Center, Coordinates RA: 01:33:51; Dec: 30° 39' 36"; Epoch: J2000
2024-12-27T19:19:17.8922|INFO|SequenceItem.cs|Run|208|Starting Category: Focuser, Item: RunAutofocus
2024-12-27T19:19:17.9808|INFO|FilterWheelVM.cs|ChangeFilter|112|Moving to Filter Lum at Position 0
2024-12-27T19:19:18.0443|INFO|FocuserVM.cs|MoveFocuserInternal|213|Moving Focuser to position 15365
2024-12-27T19:19:19.9476|INFO|DSOTarget.cs|FindRunningItem|69|DSOTarget, found running target: 
2024-12-27T19:19:22.2751|INFO|CameraVM.cs|Capture|737|Starting Exposure - Exposure Time: 5s; Filter: Lum; Gain: 102; Offset 50; Binning: 1x1;
2024-12-27T19:19:24.9484|INFO|DSOTarget.cs|FindRunningItem|69|DSOTarget, found running target: 
2024-12-27T19:19:29.0864|INFO|AutoFocusEngine.cs|StartBlindFocusPoints|788|Waiting on initial HFR analysis
2024-12-27T19:19:29.1155|INFO|FocuserVM.cs|MoveFocuserInternal|213|Moving Focuser to position 15605
2024-12-27T19:19:29.2624|INFO|DSOTarget.cs|FindRunningItem|69|DSOTarget, found running target: 
2024-12-27T19:19:29.8518|INFO|HocusFocusStarDetection.cs|Detect|410|Average HFR: 2.1658058807064515, HFR MAD: 0.13123289157889495, Detected Stars 290, Region: 0
2024-12-27T19:19:29.9491|INFO|DSOTarget.cs|FindRunningItem|69|DSOTarget, found running target: 
2024-12-27T19:19:34.9487|INFO|DSOTarget.cs|FindRunningItem|69|DSOTarget, found running target: 
2024-12-27T19:19:35.8965|INFO|CameraVM.cs|Capture|737|Starting Exposure - Exposure Time: 5s; Filter: Lum; Gain: 102; Offset 50; Binning: 1x1;
2024-12-27T19:19:39.9505|INFO|DSOTarget.cs|FindRunningItem|69|DSOTarget, found running target: 
2024-12-27T19:19:42.6717|INFO|FocuserVM.cs|MoveFocuserInternal|213|Moving Focuser to position 15545
2024-12-27T19:19:42.8146|INFO|DSOTarget.cs|FindRunningItem|69|DSOTarget, found running target: 
2024-12-27T19:19:43.3574|INFO|HocusFocusStarDetection.cs|Detect|410|Average HFR: 9.423062452123162, HFR MAD: 0.252869923039059, Detected Stars 31, Region: 0
2024-12-27T19:19:44.9503|INFO|DSOTarget.cs|FindRunningItem|69|DSOTarget, found running target: 
2024-12-27T19:19:47.9133|INFO|CameraVM.cs|Capture|737|Starting Exposure - Exposure Time: 5s; Filter: Lum; Gain: 102; Offset 50; Binning: 1x1;
2024-12-27T19:19:49.9499|INFO|DSOTarget.cs|FindRunningItem|69|DSOTarget, found running target: 
2024-12-27T19:19:54.7565|INFO|FocuserVM.cs|MoveFocuserInternal|213|Moving Focuser to position 15485
2024-12-27T19:19:54.9086|INFO|DSOTarget.cs|FindRunningItem|69|DSOTarget, found running target: 
2024-12-27T19:19:55.0037|INFO|DSOTarget.cs|FindRunningItem|69|DSOTarget, found running target: 
2024-12-27T19:19:55.4261|INFO|HocusFocusStarDetection.cs|Detect|410|Average HFR: 6.84283124188697, HFR MAD: 0.23459206168252944, Detected Stars 54, Region: 0
2024-12-27T19:19:59.9017|INFO|CameraVM.cs|Capture|737|Starting Exposure - Exposure Time: 5s; Filter: Lum; Gain: 102; Offset 50; Binning: 1x1;
2024-12-27T19:20:00.0038|INFO|DSOTarget.cs|FindRunningItem|69|DSOTarget, found running target: 
2024-12-27T19:20:05.0062|INFO|DSOTarget.cs|FindRunningItem|69|DSOTarget, found running target: 
2024-12-27T19:20:06.6329|INFO|FocuserVM.cs|MoveFocuserInternal|213|Moving Focuser to position 15425
2024-12-27T19:20:06.7632|INFO|DSOTarget.cs|FindRunningItem|69|DSOTarget, found running target: 
2024-12-27T19:20:07.2895|INFO|HocusFocusStarDetection.cs|Detect|410|Average HFR: 4.683108732223428, HFR MAD: 0.22326639992196284, Detected Stars 97, Region: 0
2024-12-27T19:20:09.8961|INFO|CameraVM.cs|Capture|737|Starting Exposure - Exposure Time: 5s; Filter: Lum; Gain: 102; Offset 50; Binning: 1x1;
2024-12-27T19:20:10.0074|INFO|DSOTarget.cs|FindRunningItem|69|DSOTarget, found running target: 
2024-12-27T19:20:15.0081|INFO|DSOTarget.cs|FindRunningItem|69|DSOTarget, found running target: 
2024-12-27T19:20:16.5896|INFO|AutoFocusEngine.cs|StartBlindFocusPoints|816|Waiting on initial focuser move analyses
2024-12-27T19:20:16.7519|INFO|DSOTarget.cs|FindRunningItem|69|DSOTarget, found running target: 
2024-12-27T19:20:17.2756|INFO|HocusFocusStarDetection.cs|Detect|410|Average HFR: 2.8653304977466316, HFR MAD: 0.20465055104195917, Detected Stars 209, Region: 0
2024-12-27T19:20:17.3591|INFO|FocuserVM.cs|MoveFocuserInternal|213|Moving Focuser to position 15365
2024-12-27T19:20:20.0081|INFO|DSOTarget.cs|FindRunningItem|69|DSOTarget, found running target: 
2024-12-27T19:20:21.9162|INFO|CameraVM.cs|Capture|737|Starting Exposure - Exposure Time: 5s; Filter: Lum; Gain: 102; Offset 50; Binning: 1x1;
2024-12-27T19:20:25.0227|INFO|DSOTarget.cs|FindRunningItem|69|DSOTarget, found running target: 
2024-12-27T19:20:28.6202|INFO|AutoFocusEngine.cs|StartBlindFocusPoints|889|Waiting on next left movement analysis
2024-12-27T19:20:28.7843|INFO|DSOTarget.cs|FindRunningItem|69|DSOTarget, found running target: 
2024-12-27T19:20:29.3110|INFO|HocusFocusStarDetection.cs|Detect|410|Average HFR: 2.0575801538905063, HFR MAD: 0.15607667432749994, Detected Stars 276, Region: 0
2024-12-27T19:20:29.3625|INFO|FocuserVM.cs|MoveFocuserInternal|213|Moving Focuser to position 15305
2024-12-27T19:20:30.0231|INFO|DSOTarget.cs|FindRunningItem|69|DSOTarget, found running target: 
2024-12-27T19:20:33.9389|INFO|CameraVM.cs|Capture|737|Starting Exposure - Exposure Time: 5s; Filter: Lum; Gain: 102; Offset 50; Binning: 1x1;
2024-12-27T19:20:35.0241|INFO|DSOTarget.cs|FindRunningItem|69|DSOTarget, found running target: 
2024-12-27T19:20:40.0243|INFO|DSOTarget.cs|FindRunningItem|69|DSOTarget, found running target: 
2024-12-27T19:20:40.6458|INFO|AutoFocusEngine.cs|StartBlindFocusPoints|889|Waiting on next left movement analysis
2024-12-27T19:20:40.8094|INFO|DSOTarget.cs|FindRunningItem|69|DSOTarget, found running target: 
2024-12-27T19:20:41.3310|INFO|HocusFocusStarDetection.cs|Detect|410|Average HFR: 2.6943176720877515, HFR MAD: 0.2864556870373467, Detected Stars 212, Region: 0
2024-12-27T19:20:41.3464|INFO|AutoFocusEngine.cs|StartBlindFocusPoints|860|Enough right trend points (4) with an established minimum (15365) to queue remaining left focus points down to 15125
2024-12-27T19:20:41.3875|INFO|FocuserVM.cs|MoveFocuserInternal|213|Moving Focuser to position 15245
2024-12-27T19:20:45.0246|INFO|DSOTarget.cs|FindRunningItem|69|DSOTarget, found running target: 
2024-12-27T19:20:45.8863|INFO|CameraVM.cs|Capture|737|Starting Exposure - Exposure Time: 5s; Filter: Lum; Gain: 102; Offset 50; Binning: 1x1;
2024-12-27T19:20:50.0250|INFO|DSOTarget.cs|FindRunningItem|69|DSOTarget, found running target: 
2024-12-27T19:20:52.6188|INFO|FocuserVM.cs|MoveFocuserInternal|213|Moving Focuser to position 15185
2024-12-27T19:20:52.7524|INFO|DSOTarget.cs|FindRunningItem|69|DSOTarget, found running target: 
2024-12-27T19:20:53.3056|INFO|HocusFocusStarDetection.cs|Detect|410|Average HFR: 4.100647523074651, HFR MAD: 0.4602040338120057, Detected Stars 140, Region: 0
2024-12-27T19:20:55.0257|INFO|DSOTarget.cs|FindRunningItem|69|DSOTarget, found running target: 
2024-12-27T19:20:55.8875|INFO|CameraVM.cs|Capture|737|Starting Exposure - Exposure Time: 5s; Filter: Lum; Gain: 102; Offset 50; Binning: 1x1;
2024-12-27T19:21:00.0279|INFO|DSOTarget.cs|FindRunningItem|69|DSOTarget, found running target: 
2024-12-27T19:21:02.7054|INFO|FocuserVM.cs|MoveFocuserInternal|213|Moving Focuser to position 15125
2024-12-27T19:21:02.8323|INFO|DSOTarget.cs|FindRunningItem|69|DSOTarget, found running target: 
2024-12-27T19:21:03.3542|INFO|HocusFocusStarDetection.cs|Detect|410|Average HFR: 5.932449497247735, HFR MAD: 0.8376672746454616, Detected Stars 74, Region: 0
2024-12-27T19:21:05.0298|INFO|DSOTarget.cs|FindRunningItem|69|DSOTarget, found running target: 
2024-12-27T19:21:07.9125|INFO|CameraVM.cs|Capture|737|Starting Exposure - Exposure Time: 5s; Filter: Lum; Gain: 102; Offset 50; Binning: 1x1;
2024-12-27T19:21:10.0311|INFO|DSOTarget.cs|FindRunningItem|69|DSOTarget, found running target: 
2024-12-27T19:21:10.6751|INFO|DomeVM.cs|SlewToAzimuth|630|Slewing dome to azimuth 214.7902813215987°
2024-12-27T19:21:14.5964|INFO|AutoFocusEngine.cs|StartBlindFocusPoints|915|Waiting on remaining AutoFocus analysis tasks
2024-12-27T19:21:14.7562|INFO|DSOTarget.cs|FindRunningItem|69|DSOTarget, found running target: 
2024-12-27T19:21:15.0308|INFO|DSOTarget.cs|FindRunningItem|69|DSOTarget, found running target: 
2024-12-27T19:21:15.2753|INFO|HocusFocusStarDetection.cs|Detect|410|Average HFR: 8.439261133436295, HFR MAD: 0.5392405455081963, Detected Stars 34, Region: 0
2024-12-27T19:21:15.3322|INFO|FocuserVM.cs|MoveFocuserInternal|213|Moving Focuser to position 15364
2024-12-27T19:21:20.0327|INFO|DSOTarget.cs|FindRunningItem|69|DSOTarget, found running target: 
2024-12-27T19:21:21.8879|INFO|AutoFocusEngine.cs|ValidateCalculatedFocusPosition|1168|Validating HFR at final focus position 15364
2024-12-27T19:21:21.9316|INFO|CameraVM.cs|Capture|737|Starting Exposure - Exposure Time: 5s; Filter: Lum; Gain: 102; Offset 50; Binning: 1x1;
2024-12-27T19:21:25.0334|INFO|DSOTarget.cs|FindRunningItem|69|DSOTarget, found running target: 
2024-12-27T19:21:28.8921|INFO|DSOTarget.cs|FindRunningItem|69|DSOTarget, found running target: 
2024-12-27T19:21:29.4154|INFO|HocusFocusStarDetection.cs|Detect|410|Average HFR: 2.0324960563421217, HFR MAD: 0.1365442719615353, Detected Stars 286, Region: 0
2024-12-27T19:21:29.4405|INFO|FocuserMediator.cs|BroadcastSuccessfulAutoFocusRun|45|Autofocus notification received - Temperature 4
2024-12-27T19:21:29.4441|INFO|FilterWheelVM.cs|ChangeFilter|112|Moving to Filter Ha at Position 4
2024-12-27T19:21:29.5090|INFO|FocuserVM.cs|MoveFocuserInternal|213|Moving Focuser to position 15411
2024-12-27T19:21:30.0342|INFO|DSOTarget.cs|FindRunningItem|69|DSOTarget, found running target: 
2024-12-27T19:21:35.0357|INFO|DSOTarget.cs|FindRunningItem|69|DSOTarget, found running target: 
2024-12-27T19:21:35.8650|INFO|SequenceItem.cs|Run|254|Finishing Category: Focuser, Item: RunAutofocus
2024-12-27T19:21:35.8653|INFO|SequenceItem.cs|Run|208|Starting Category: Guider, Item: StartGuiding
2024-12-27T19:21:35.8665|INFO|SequenceItem.cs|Run|254|Finishing Category: Guider, Item: StartGuiding
2024-12-27T19:21:35.8669|INFO|SequenceItem.cs|Run|254|Finishing Category: * Instruction Set *, Container: NINA.Sequencer.Container.SequentialContainer, Strategy: SequentialStrategy, Items[FINISHED]: 5
2024-12-27T19:21:35.8674|INFO|SequenceItem.cs|Run|208|Starting Category: * Instruction Set *, Container: NINA.Sequencer.Container.SequentialContainer, Strategy: SequentialStrategy, Items[CREATED]: 1, Conditions: Condition: TimeCondition, Time: 6:33:8h, Condition: TargetSchedulerCondition mode=While Targets Remain Tonight, , Triggers: Category: Ground Station, Item: Failures to PushoverTrigger: WhenUnsafeTrigger: AutofocusAfterTimeTrigger, Amount: 30mTrigger: CenterAfterDriftTrigger, DistanceArcMinutes: 0.5Trigger: AutofocusAfterHFRIncreaseTrigger, Amount: 5Trigger: AutofocusAfterTemperatureChangeTrigger, Amount: 2°
2024-12-27T19:21:36.0532|INFO|SequenceItem.cs|Run|208|Starting Category: Target Scheduler, Container: Assistant.NINAPlugin.Sequencer.TargetSchedulerContainer, Strategy: SequentialStrategy, Target:  RA: 00:00:00; Dec: 00° 00' 00"; Epoch: J2000 0
2024-12-27T19:21:36.0922|INFO|Symbol.cs|OnMessageReceived|562|Received message from Target Scheduler re: TargetScheduler-TargetStart
2024-12-27T19:21:36.0986|INFO|SequenceItem.cs|Run|208|Starting Category: Scheduler, Item: CenterAndRotate, Coordinates RA: 01:33:51; Dec: 30° 39' 36"; Epoch: J2000, Position Angle: 280°
2024-12-27T19:21:36.1791|INFO|TelescopeVM.cs|SlewToCoordinatesAsync|926|Slewing from RA: 01:35:16; Dec: 30° 47' 27"; Epoch: JNOW to RA: 01:35:16; Dec: 30° 47' 27"; Epoch: JNOW - Alt: 74° 01' 19"; Az: 186° 54' 38"
2024-12-27T19:21:36.1803|INFO|DomeVM.cs|SlewToAzimuth|630|Slewing dome to azimuth 153.88175953618887°
2024-12-27T19:21:36.6430|INFO|DomeFollower.cs|WaitForPreviousSlew|212|Dome is already slewing. Waiting for previous slew to finish
2024-12-27T19:22:30.6231|INFO|DomeVM.cs|SlewToAzimuth|630|Slewing dome to azimuth 215.42546638173334°
2024-12-27T19:22:30.6290|INFO|FilterWheelVM.cs|ChangeFilter|112|Moving to Filter Lum at Position 0
2024-12-27T19:22:30.6893|INFO|FocuserVM.cs|MoveFocuserInternal|213|Moving Focuser to position 15364
2024-12-27T19:22:34.9054|INFO|CameraVM.cs|Capture|737|Starting Exposure - Exposure Time: 6s; Filter: Lum; Gain: 102; Offset 50; Binning: 1x1;
2024-12-27T19:22:43.0030|INFO|FilterWheelVM.cs|ChangeFilter|112|Moving to Filter Ha at Position 4
2024-12-27T19:22:43.0804|INFO|FocuserVM.cs|MoveFocuserInternal|213|Moving Focuser to position 15411
2024-12-27T19:22:43.3565|INFO|ImageSolver.cs|Solve|41|Platesolving with parameters: FocalLength: 1260 PixelSize: 3.8 SearchRadius: 30 BlindFailoverEnabled: True Regions: 5000 DownSampleFactor: 0 MaxObjects: 500 Reference Coordinates RA: 01:33:51 Dec: 30° 39' 36" Epoch: J2000
2024-12-27T19:22:43.4809|INFO|BaseImageData.cs|SaveToDisk|344|Saved image to C:\Users\AMOS\AppData\Local\NINA\PlateSolver\fcl35ckr.obq.fits
2024-12-27T19:22:44.0291|INFO|ImageSolver.cs|Solve|54|Platesolve successful: Coordinates: RA: 01:33:51; Dec: 30° 39' 35"; Epoch: J2000
2024-12-27T19:22:49.8627|INFO|RotatorVM.cs|Sync|113|Syncing Rotator to Sky Angle 325.18015°
2024-12-27T19:22:49.8668|INFO|CenterAndRotate.cs|Execute|154|Rotator target position 280 adjusted to 100 to be within the allowed mechanical range
2024-12-27T19:22:49.8672|INFO|CenterAndRotate.cs|Execute|174|Rotator not inside tolerance 1 - Current 325.18015° / Target: 280° - Moving rotator relatively by -225.18015°
2024-12-27T19:22:49.8700|INFO|RotatorVM.cs|MoveMechanical|192|Adjusted rotator mechanical target to 134.81985
2024-12-27T19:22:58.2806|INFO|Sequencer.cs|Start|85|Sequence run was cancelled
2024-12-27T19:22:58.3499|INFO|Sequence2VM.cs|StartSequence|490|Advanced Sequence finished
2024-12-27T19:24:46.9723|INFO|DomeVM.cs|SlewToAzimuth|630|Slewing dome to azimuth 216.49576291090474°
2024-12-27T19:26:59.1549|INFO|DomeVM.cs|SlewToAzimuth|630|Slewing dome to azimuth 217.51594309536443°
2024-12-27T19:27:34.3713|INFO|Sequence2VM.cs|StartSequence|485|Advanced Sequence starting
2024-12-27T19:27:34.3898|INFO|SequenceItem.cs|Run|208|Starting Category: * Instruction Set *, Container: NINA.Sequencer.Container.SequenceRootContainer, Strategy: SequentialStrategy, Items[CREATED]: 3, Triggers: Category: Ground Station, Item: Failures to Pushover
2024-12-27T19:27:34.3899|INFO|SequenceItem.cs|Run|208|Starting Category: * Instruction Set *, Container: NINA.Sequencer.Container.StartAreaContainer, Strategy: SequentialStrategy, Items[FINISHED]: 3, Items[DISABLED]: 1
2024-12-27T19:27:34.3900|INFO|SequenceItem.cs|Run|254|Finishing Category: * Instruction Set *, Container: NINA.Sequencer.Container.StartAreaContainer, Strategy: SequentialStrategy, Items[FINISHED]: 3, Items[DISABLED]: 1
2024-12-27T19:27:34.3900|INFO|SequenceItem.cs|Run|208|Starting Category: * Instruction Set *, Container: NINA.Sequencer.Container.TargetAreaContainer, Strategy: SequentialStrategy, Items[CREATED]: 1
2024-12-27T19:27:34.3901|INFO|SequenceItem.cs|Run|208|Starting Category: * Instruction Set *, Container: NINA.Sequencer.Container.SequentialContainer, Strategy: SequentialStrategy, Items[CREATED]: 1, Conditions: Condition: TimeCondition, Time: 6:33:8h, Condition: TargetSchedulerCondition mode=While Targets Remain Tonight, , Triggers: Category: Ground Station, Item: Failures to PushoverTrigger: WhenUnsafeTrigger: AutofocusAfterTimeTrigger, Amount: 30mTrigger: CenterAfterDriftTrigger, DistanceArcMinutes: 0.5Trigger: AutofocusAfterHFRIncreaseTrigger, Amount: 5Trigger: AutofocusAfterTemperatureChangeTrigger, Amount: 2°
2024-12-27T19:27:34.3904|INFO|SequenceItem.cs|Run|208|Starting Category: Target Scheduler, Container: Assistant.NINAPlugin.Sequencer.TargetSchedulerContainer, Strategy: SequentialStrategy, Target:  RA: 00:00:00; Dec: 00° 00' 00"; Epoch: J2000 0
2024-12-27T19:27:34.4157|INFO|Symbol.cs|OnMessageReceived|562|Received message from Target Scheduler re: TargetScheduler-TargetStart
2024-12-27T19:27:34.4589|INFO|SequenceItem.cs|Run|208|Starting Category: Scheduler, Item: CenterAndRotate, Coordinates RA: 01:33:51; Dec: 30° 39' 36"; Epoch: J2000, Position Angle: 280°
2024-12-27T19:27:34.5218|INFO|TelescopeVM.cs|SlewToCoordinatesAsync|926|Slewing from RA: 01:35:16; Dec: 30° 47' 27"; Epoch: JNOW to RA: 01:35:16; Dec: 30° 47' 27"; Epoch: JNOW - Alt: 73° 51' 26"; Az: 191° 31' 21"
2024-12-27T19:27:34.5229|INFO|DomeVM.cs|SlewToAzimuth|630|Slewing dome to azimuth 157.09463825135788°
2024-12-27T19:27:34.7712|INFO|DomeFollower.cs|WaitForPreviousSlew|212|Dome is already slewing. Waiting for previous slew to finish
2024-12-27T19:28:28.6215|INFO|DomeVM.cs|SlewToAzimuth|630|Slewing dome to azimuth 218.20416314806005°
2024-12-27T19:28:28.6244|INFO|FilterWheelVM.cs|ChangeFilter|112|Moving to Filter Lum at Position 0
2024-12-27T19:28:28.6824|INFO|FocuserVM.cs|MoveFocuserInternal|213|Moving Focuser to position 15364
2024-12-27T19:28:32.9044|INFO|CameraVM.cs|Capture|737|Starting Exposure - Exposure Time: 6s; Filter: Lum; Gain: 102; Offset 50; Binning: 1x1;
2024-12-27T19:28:41.0394|INFO|FilterWheelVM.cs|ChangeFilter|112|Moving to Filter Ha at Position 4
2024-12-27T19:28:41.1117|INFO|FocuserVM.cs|MoveFocuserInternal|213|Moving Focuser to position 15411
2024-12-27T19:28:41.3894|INFO|ImageSolver.cs|Solve|41|Platesolving with parameters: FocalLength: 1260 PixelSize: 3.8 SearchRadius: 30 BlindFailoverEnabled: True Regions: 5000 DownSampleFactor: 0 MaxObjects: 500 Reference Coordinates RA: 01:33:51 Dec: 30° 39' 36" Epoch: J2000
2024-12-27T19:28:41.5120|INFO|BaseImageData.cs|SaveToDisk|344|Saved image to C:\Users\AMOS\AppData\Local\NINA\PlateSolver\4prjw5pm.an1.fits
2024-12-27T19:28:42.0599|INFO|ImageSolver.cs|Solve|54|Platesolve successful: Coordinates: RA: 01:33:51; Dec: 30° 39' 35"; Epoch: J2000
2024-12-27T19:28:47.8733|INFO|RotatorVM.cs|Sync|113|Syncing Rotator to Sky Angle 325.1799°
2024-12-27T19:28:47.8766|INFO|CenterAndRotate.cs|Execute|154|Rotator target position 280 adjusted to 100 to be within the allowed mechanical range
2024-12-27T19:28:47.8767|INFO|CenterAndRotate.cs|Execute|174|Rotator not inside tolerance 1 - Current 325.1799° / Target: 280° - Moving rotator relatively by -225.1799°
2024-12-27T19:28:47.8770|INFO|RotatorVM.cs|MoveMechanical|192|Adjusted rotator mechanical target to 153.7201
2024-12-27T19:29:52.9703|INFO|FilterWheelVM.cs|ChangeFilter|112|Moving to Filter Lum at Position 0
2024-12-27T19:29:53.0292|INFO|FocuserVM.cs|MoveFocuserInternal|213|Moving Focuser to position 15364
2024-12-27T19:29:57.9475|INFO|CameraVM.cs|Capture|737|Starting Exposure - Exposure Time: 6s; Filter: Lum; Gain: 102; Offset 50; Binning: 1x1;
2024-12-27T19:30:06.0172|INFO|FilterWheelVM.cs|ChangeFilter|112|Moving to Filter Ha at Position 4
2024-12-27T19:30:06.0846|INFO|FocuserVM.cs|MoveFocuserInternal|213|Moving Focuser to position 15411
2024-12-27T19:30:06.3688|INFO|ImageSolver.cs|Solve|41|Platesolving with parameters: FocalLength: 1260 PixelSize: 3.8 SearchRadius: 30 BlindFailoverEnabled: True Regions: 5000 DownSampleFactor: 0 MaxObjects: 500 Reference Coordinates RA: 01:33:51 Dec: 30° 39' 36" Epoch: J2000
2024-12-27T19:30:06.5095|INFO|BaseImageData.cs|SaveToDisk|344|Saved image to C:\Users\AMOS\AppData\Local\NINA\PlateSolver\3zw3toq2.sy1.fits
2024-12-27T19:30:07.0371|INFO|ImageSolver.cs|Solve|54|Platesolve successful: Coordinates: RA: 01:33:51; Dec: 30° 39' 35"; Epoch: J2000
2024-12-27T19:30:11.9263|INFO|RotatorVM.cs|Sync|113|Syncing Rotator to Sky Angle 325.17804°
2024-12-27T19:30:11.9301|INFO|CenterAndRotate.cs|Execute|154|Rotator target position 280 adjusted to 280 to be within the allowed mechanical range
2024-12-27T19:30:11.9301|INFO|CenterAndRotate.cs|Execute|174|Rotator not inside tolerance 1 - Current 325.17804° / Target: 280° - Moving rotator relatively by -45.17804°
2024-12-27T19:30:29.1288|INFO|DockManagerVM.cs|InitializeAvalonDockLayout|356|Initializing imaging tab layout from C:\Users\AMOS\AppData\Local\NINA\Profiles\4efc0507-b521-49ce-88b6-96e9d454c1a7.dock.config
2024-12-27T19:30:36.9492|INFO|FilterWheelVM.cs|ChangeFilter|112|Moving to Filter Lum at Position 0
2024-12-27T19:30:37.0200|INFO|FocuserVM.cs|MoveFocuserInternal|213|Moving Focuser to position 15364
2024-12-27T19:30:41.9183|INFO|CameraVM.cs|Capture|737|Starting Exposure - Exposure Time: 6s; Filter: Lum; Gain: 102; Offset 50; Binning: 1x1;
2024-12-27T19:30:50.0132|INFO|FilterWheelVM.cs|ChangeFilter|112|Moving to Filter Ha at Position 4
2024-12-27T19:30:50.0748|INFO|FocuserVM.cs|MoveFocuserInternal|213|Moving Focuser to position 15411
2024-12-27T19:30:50.3495|INFO|ImageSolver.cs|Solve|41|Platesolving with parameters: FocalLength: 1260 PixelSize: 3.8 SearchRadius: 30 BlindFailoverEnabled: True Regions: 5000 DownSampleFactor: 0 MaxObjects: 500 Reference Coordinates RA: 01:33:51 Dec: 30° 39' 36" Epoch: J2000
2024-12-27T19:30:50.4861|INFO|BaseImageData.cs|SaveToDisk|344|Saved image to C:\Users\AMOS\AppData\Local\NINA\PlateSolver\yc1ll4lt.eqw.fits
2024-12-27T19:30:50.7874|INFO|DomeVM.cs|SlewToAzimuth|630|Slewing dome to azimuth 219.27789784398726°
2024-12-27T19:30:51.0281|INFO|ImageSolver.cs|Solve|54|Platesolve successful: Coordinates: RA: 01:33:51; Dec: 30° 39' 35"; Epoch: J2000
2024-12-27T19:30:55.8792|INFO|RotatorVM.cs|Sync|113|Syncing Rotator to Sky Angle 325.1777°
2024-12-27T19:30:55.8830|INFO|CenterAndRotate.cs|Execute|174|Rotator not inside tolerance 1 - Current 325.1777° / Target: 280° - Moving rotator relatively by -45.177704°
2024-12-27T19:31:11.9352|INFO|Sequencer.cs|Start|85|Sequence run was cancelled
2024-12-27T19:31:11.9367|INFO|Sequence2VM.cs|StartSequence|490|Advanced Sequence finished
2024-12-27T19:31:27.0097|INFO|AscomDevice.cs|Disconnect|299|Disconnecting from ASCOM.PegasusAstroFalconV2.Rotator PegasusAstro FalconV2
2024-12-27T19:31:27.0426|INFO|RotatorVM.cs|Disconnect|438|Disconnected Rotator
2024-12-27T19:32:05.7487|INFO|Sequence2VM.cs|StartSequence|485|Advanced Sequence starting
2024-12-27T19:32:05.7701|INFO|SequenceItem.cs|Run|208|Starting Category: * Instruction Set *, Container: NINA.Sequencer.Container.SequenceRootContainer, Strategy: SequentialStrategy, Items[CREATED]: 3, Triggers: Category: Ground Station, Item: Failures to Pushover
2024-12-27T19:32:05.7702|INFO|SequenceItem.cs|Run|208|Starting Category: * Instruction Set *, Container: NINA.Sequencer.Container.StartAreaContainer, Strategy: SequentialStrategy, Items[FINISHED]: 3, Items[DISABLED]: 1
2024-12-27T19:32:05.7703|INFO|SequenceItem.cs|Run|254|Finishing Category: * Instruction Set *, Container: NINA.Sequencer.Container.StartAreaContainer, Strategy: SequentialStrategy, Items[FINISHED]: 3, Items[DISABLED]: 1
2024-12-27T19:32:05.7703|INFO|SequenceItem.cs|Run|208|Starting Category: * Instruction Set *, Container: NINA.Sequencer.Container.TargetAreaContainer, Strategy: SequentialStrategy, Items[CREATED]: 1
2024-12-27T19:32:05.7704|INFO|SequenceItem.cs|Run|208|Starting Category: * Instruction Set *, Container: NINA.Sequencer.Container.SequentialContainer, Strategy: SequentialStrategy, Items[CREATED]: 1, Conditions: Condition: TimeCondition, Time: 6:33:8h, Condition: TargetSchedulerCondition mode=While Targets Remain Tonight, , Triggers: Category: Ground Station, Item: Failures to PushoverTrigger: WhenUnsafeTrigger: AutofocusAfterTimeTrigger, Amount: 30mTrigger: CenterAfterDriftTrigger, DistanceArcMinutes: 0.5Trigger: AutofocusAfterHFRIncreaseTrigger, Amount: 5Trigger: AutofocusAfterTemperatureChangeTrigger, Amount: 2°
2024-12-27T19:32:05.7706|INFO|SequenceItem.cs|Run|208|Starting Category: Target Scheduler, Container: Assistant.NINAPlugin.Sequencer.TargetSchedulerContainer, Strategy: SequentialStrategy, Target:  RA: 00:00:00; Dec: 00° 00' 00"; Epoch: J2000 0
2024-12-27T19:32:05.8002|INFO|Symbol.cs|OnMessageReceived|562|Received message from Target Scheduler re: TargetScheduler-TargetStart
2024-12-27T19:32:05.8396|INFO|SequenceItem.cs|Run|208|Starting Category: Scheduler, Item: Center, Coordinates RA: 01:33:51; Dec: 30° 39' 36"; Epoch: J2000
2024-12-27T19:32:05.8831|INFO|TelescopeVM.cs|SlewToCoordinatesAsync|926|Slewing from RA: 01:35:16; Dec: 30° 47' 27"; Epoch: JNOW to RA: 01:35:16; Dec: 30° 47' 27"; Epoch: JNOW - Alt: 73° 40' 45"; Az: 194° 56' 55"
2024-12-27T19:32:05.8836|INFO|DomeVM.cs|SlewToAzimuth|630|Slewing dome to azimuth 159.59906641945682°
2024-12-27T19:32:06.8461|INFO|DomeFollower.cs|WaitForPreviousSlew|212|Dome is already slewing. Waiting for previous slew to finish
2024-12-27T19:32:11.9100|INFO|FilterWheelVM.cs|ChangeFilter|112|Moving to Filter Lum at Position 0
2024-12-27T19:32:11.9546|INFO|FocuserVM.cs|MoveFocuserInternal|213|Moving Focuser to position 15364
2024-12-27T19:32:16.2016|INFO|CameraVM.cs|Capture|737|Starting Exposure - Exposure Time: 6s; Filter: Lum; Gain: 100; Offset 50; Binning: 1x1;
2024-12-27T19:32:24.4057|INFO|ImageSolver.cs|Solve|41|Platesolving with parameters: FocalLength: 1260 PixelSize: 3.8 SearchRadius: 30 BlindFailoverEnabled: True Regions: 5000 DownSampleFactor: 0 MaxObjects: 500 Reference Coordinates RA: 01:33:51 Dec: 30° 39' 36" Epoch: J2000
2024-12-27T19:32:24.5322|INFO|BaseImageData.cs|SaveToDisk|344|Saved image to C:\Users\AMOS\AppData\Local\NINA\PlateSolver\5uyr04og.enz.fits
2024-12-27T19:32:25.0726|INFO|ImageSolver.cs|Solve|54|Platesolve successful: Coordinates: RA: 01:33:51; Dec: 30° 39' 34"; Epoch: J2000
2024-12-27T19:32:25.0762|INFO|CenteringSolver.cs|Center|99|Centering Solver - Scope Position: RA: 01:35:16; Dec: 30° 47' 27"; Epoch: JNOW; Offset: RA: 00:00:00; Dec: 00° 00' 00"; Distance: 00° 00' 00"; Bearing: 00° 00' 00"; Centering Coordinates: RA: 01:35:16; Dec: 30° 47' 27"; Epoch: JNOW; Solved: RA: 01:35:16; Dec: 30° 47' 26"; Epoch: JNOW; Separation RA: -00:00:00; Dec: 00° 00' 02"; Distance: 00° 00' 05"; Bearing: -108° 38' 51"; Threshold: 1
2024-12-27T19:32:25.0763|INFO|CenteringSolver.cs|Center|165|Restoring filter to Ha after centering
2024-12-27T19:32:25.0790|INFO|FilterWheelVM.cs|ChangeFilter|112|Moving to Filter Ha at Position 4
2024-12-27T19:32:25.1512|INFO|FocuserVM.cs|MoveFocuserInternal|213|Moving Focuser to position 15411
2024-12-27T19:32:31.9152|INFO|SequenceItem.cs|Run|254|Finishing Category: Scheduler, Item: Center, Coordinates RA: 01:33:51; Dec: 30° 39' 36"; Epoch: J2000
2024-12-27T19:32:31.9164|INFO|SequenceItem.cs|Run|208|Starting Category: , Container: Assistant.NINAPlugin.Sequencer.InstructionContainer, Strategy: InstructionContainerStrategy, Items[CREATED]: 2
2024-12-27T19:32:31.9179|INFO|SequenceItem.cs|Run|208|Starting Category: Focuser, Item: RunAutofocus
2024-12-27T19:32:31.9737|INFO|FilterWheelVM.cs|ChangeFilter|112|Moving to Filter Lum at Position 0
2024-12-27T19:32:32.0327|INFO|FocuserVM.cs|MoveFocuserInternal|213|Moving Focuser to position 15364
2024-12-27T19:32:35.6141|INFO|DSOTarget.cs|FindRunningItem|69|DSOTarget, found running target: M 33
2024-12-27T19:32:36.2696|INFO|CameraVM.cs|Capture|737|Starting Exposure - Exposure Time: 5s; Filter: Lum; Gain: 102; Offset 50; Binning: 1x1;
2024-12-27T19:32:40.6160|INFO|DSOTarget.cs|FindRunningItem|69|DSOTarget, found running target: M 33
2024-12-27T19:32:43.0634|INFO|AutoFocusEngine.cs|StartBlindFocusPoints|788|Waiting on initial HFR analysis
2024-12-27T19:32:43.1047|INFO|FocuserVM.cs|MoveFocuserInternal|213|Moving Focuser to position 15604
2024-12-27T19:32:43.2032|INFO|DSOTarget.cs|FindRunningItem|69|DSOTarget, found running target: M 33
2024-12-27T19:32:43.7429|INFO|HocusFocusStarDetection.cs|Detect|410|Average HFR: 2.061410041028684, HFR MAD: 0.12941647202203121, Detected Stars 302, Region: 0
2024-12-27T19:32:45.6180|INFO|DSOTarget.cs|FindRunningItem|69|DSOTarget, found running target: M 33
2024-12-27T19:32:49.9170|INFO|CameraVM.cs|Capture|737|Starting Exposure - Exposure Time: 5s; Filter: Lum; Gain: 102; Offset 50; Binning: 1x1;
2024-12-27T19:32:50.6196|INFO|DSOTarget.cs|FindRunningItem|69|DSOTarget, found running target: M 33
2024-12-27T19:32:55.6204|INFO|DSOTarget.cs|FindRunningItem|69|DSOTarget, found running target: M 33
2024-12-27T19:32:56.6389|INFO|DomeVM.cs|SlewToAzimuth|630|Slewing dome to azimuth 220.21629670140382°
2024-12-27T19:32:56.7064|INFO|FocuserVM.cs|MoveFocuserInternal|213|Moving Focuser to position 15544
2024-12-27T19:32:56.8689|INFO|DSOTarget.cs|FindRunningItem|69|DSOTarget, found running target: M 33
2024-12-27T19:32:57.4179|INFO|HocusFocusStarDetection.cs|Detect|410|Average HFR: 7.75496124026101, HFR MAD: 0.20078173853594095, Detected Stars 11, Region: 0
2024-12-27T19:33:00.6209|INFO|DSOTarget.cs|FindRunningItem|69|DSOTarget, found running target: M 33
2024-12-27T19:33:01.9106|INFO|CameraVM.cs|Capture|737|Starting Exposure - Exposure Time: 5s; Filter: Lum; Gain: 102; Offset 50; Binning: 1x1;
2024-12-27T19:33:05.6210|INFO|DSOTarget.cs|FindRunningItem|69|DSOTarget, found running target: M 33
2024-12-27T19:33:08.6415|INFO|FocuserVM.cs|MoveFocuserInternal|213|Moving Focuser to position 15484
2024-12-27T19:33:08.7445|INFO|DSOTarget.cs|FindRunningItem|69|DSOTarget, found running target: M 33
2024-12-27T19:33:09.2734|INFO|HocusFocusStarDetection.cs|Detect|410|Average HFR: 6.251251654659908, HFR MAD: 0.24236878153117924, Detected Stars 53, Region: 0
2024-12-27T19:33:10.6221|INFO|DSOTarget.cs|FindRunningItem|69|DSOTarget, found running target: M 33
2024-12-27T19:33:11.8858|INFO|CameraVM.cs|Capture|737|Starting Exposure - Exposure Time: 5s; Filter: Lum; Gain: 102; Offset 50; Binning: 1x1;
2024-12-27T19:33:15.6225|INFO|DSOTarget.cs|FindRunningItem|69|DSOTarget, found running target: M 33
2024-12-27T19:33:18.5947|INFO|FocuserVM.cs|MoveFocuserInternal|213|Moving Focuser to position 15424
2024-12-27T19:33:18.7264|INFO|DSOTarget.cs|FindRunningItem|69|DSOTarget, found running target: M 33
2024-12-27T19:33:19.2599|INFO|HocusFocusStarDetection.cs|Detect|410|Average HFR: 4.712224700589305, HFR MAD: 0.24448630214566602, Detected Stars 96, Region: 0
2024-12-27T19:33:20.6228|INFO|DSOTarget.cs|FindRunningItem|69|DSOTarget, found running target: M 33
2024-12-27T19:33:21.9095|INFO|CameraVM.cs|Capture|737|Starting Exposure - Exposure Time: 5s; Filter: Lum; Gain: 102; Offset 50; Binning: 1x1;
2024-12-27T19:33:25.6247|INFO|DSOTarget.cs|FindRunningItem|69|DSOTarget, found running target: M 33
2024-12-27T19:33:28.6163|INFO|AutoFocusEngine.cs|StartBlindFocusPoints|816|Waiting on initial focuser move analyses
2024-12-27T19:33:28.7642|INFO|DSOTarget.cs|FindRunningItem|69|DSOTarget, found running target: M 33
2024-12-27T19:33:29.3035|INFO|HocusFocusStarDetection.cs|Detect|410|Average HFR: 2.600518409032345, HFR MAD: 0.19241089510683373, Detected Stars 236, Region: 0
2024-12-27T19:33:29.3436|INFO|FocuserVM.cs|MoveFocuserInternal|213|Moving Focuser to position 15364
2024-12-27T19:33:30.6269|INFO|DSOTarget.cs|FindRunningItem|69|DSOTarget, found running target: M 33
2024-12-27T19:33:33.9188|INFO|CameraVM.cs|Capture|737|Starting Exposure - Exposure Time: 5s; Filter: Lum; Gain: 102; Offset 50; Binning: 1x1;
2024-12-27T19:33:35.6321|INFO|DSOTarget.cs|FindRunningItem|69|DSOTarget, found running target: M 33
2024-12-27T19:33:40.6380|INFO|DSOTarget.cs|FindRunningItem|69|DSOTarget, found running target: M 33
2024-12-27T19:33:40.7726|INFO|AutoFocusEngine.cs|StartBlindFocusPoints|889|Waiting on next left movement analysis
2024-12-27T19:33:40.9429|INFO|DSOTarget.cs|FindRunningItem|69|DSOTarget, found running target: M 33
2024-12-27T19:33:41.4699|INFO|HocusFocusStarDetection.cs|Detect|410|Average HFR: 2.149663876821508, HFR MAD: 0.1413387098150154, Detected Stars 288, Region: 0
2024-12-27T19:33:41.5100|INFO|FocuserVM.cs|MoveFocuserInternal|213|Moving Focuser to position 15304
2024-12-27T19:33:45.6489|INFO|DSOTarget.cs|FindRunningItem|69|DSOTarget, found running target: M 33
2024-12-27T19:33:45.9351|INFO|CameraVM.cs|Capture|737|Starting Exposure - Exposure Time: 5s; Filter: Lum; Gain: 102; Offset 50; Binning: 1x1;
2024-12-27T19:33:50.6517|INFO|DSOTarget.cs|FindRunningItem|69|DSOTarget, found running target: M 33
2024-12-27T19:33:52.7717|INFO|AutoFocusEngine.cs|StartBlindFocusPoints|889|Waiting on next left movement analysis
2024-12-27T19:33:52.9130|INFO|DSOTarget.cs|FindRunningItem|69|DSOTarget, found running target: M 33
2024-12-27T19:33:53.4373|INFO|HocusFocusStarDetection.cs|Detect|410|Average HFR: 2.7148540192938997, HFR MAD: 0.3044082357859139, Detected Stars 216, Region: 0
2024-12-27T19:33:53.4807|INFO|FocuserVM.cs|MoveFocuserInternal|213|Moving Focuser to position 15244
2024-12-27T19:33:55.6665|INFO|DSOTarget.cs|FindRunningItem|69|DSOTarget, found running target: M 33
2024-12-27T19:33:57.9511|INFO|CameraVM.cs|Capture|737|Starting Exposure - Exposure Time: 5s; Filter: Lum; Gain: 102; Offset 50; Binning: 1x1;
2024-12-27T19:34:00.6731|INFO|DSOTarget.cs|FindRunningItem|69|DSOTarget, found running target: M 33
2024-12-27T19:34:04.7595|INFO|AutoFocusEngine.cs|StartBlindFocusPoints|889|Waiting on next left movement analysis
2024-12-27T19:34:04.9071|INFO|DSOTarget.cs|FindRunningItem|69|DSOTarget, found running target: M 33
2024-12-27T19:34:05.4338|INFO|HocusFocusStarDetection.cs|Detect|410|Average HFR: 4.026008494398751, HFR MAD: 0.5117684034216836, Detected Stars 145, Region: 0
2024-12-27T19:34:05.4428|INFO|AutoFocusEngine.cs|StartBlindFocusPoints|860|Enough right trend points (4) with an established minimum (15364) to queue remaining left focus points down to 15124
2024-12-27T19:34:05.4832|INFO|FocuserVM.cs|MoveFocuserInternal|213|Moving Focuser to position 15184
2024-12-27T19:34:05.6826|INFO|DSOTarget.cs|FindRunningItem|69|DSOTarget, found running target: M 33
2024-12-27T19:34:09.9260|INFO|CameraVM.cs|Capture|737|Starting Exposure - Exposure Time: 5s; Filter: Lum; Gain: 102; Offset 50; Binning: 1x1;
2024-12-27T19:34:10.6960|INFO|DSOTarget.cs|FindRunningItem|69|DSOTarget, found running target: M 33
2024-12-27T19:34:15.7051|INFO|DSOTarget.cs|FindRunningItem|69|DSOTarget, found running target: M 33
2024-12-27T19:34:16.7930|INFO|FocuserVM.cs|MoveFocuserInternal|213|Moving Focuser to position 15124
2024-12-27T19:34:16.8988|INFO|DSOTarget.cs|FindRunningItem|69|DSOTarget, found running target: M 33
2024-12-27T19:34:17.4342|INFO|HocusFocusStarDetection.cs|Detect|410|Average HFR: 6.001557359106306, HFR MAD: 0.6227719757568702, Detected Stars 81, Region: 0
2024-12-27T19:34:20.7163|INFO|DSOTarget.cs|FindRunningItem|69|DSOTarget, found running target: M 33
2024-12-27T19:34:21.9266|INFO|CameraVM.cs|Capture|737|Starting Exposure - Exposure Time: 5s; Filter: Lum; Gain: 102; Offset 50; Binning: 1x1;
2024-12-27T19:34:25.7199|INFO|DSOTarget.cs|FindRunningItem|69|DSOTarget, found running target: M 33
2024-12-27T19:34:28.7763|INFO|AutoFocusEngine.cs|StartBlindFocusPoints|915|Waiting on remaining AutoFocus analysis tasks
2024-12-27T19:34:28.9503|INFO|DSOTarget.cs|FindRunningItem|69|DSOTarget, found running target: M 33
2024-12-27T19:34:29.4712|INFO|HocusFocusStarDetection.cs|Detect|410|Average HFR: 8.637274271137281, HFR MAD: 0.5576190149724294, Detected Stars 33, Region: 0
2024-12-27T19:34:29.5144|INFO|FocuserVM.cs|MoveFocuserInternal|213|Moving Focuser to position 15356
2024-12-27T19:34:30.7287|INFO|DSOTarget.cs|FindRunningItem|69|DSOTarget, found running target: M 33
2024-12-27T19:34:35.7325|INFO|DSOTarget.cs|FindRunningItem|69|DSOTarget, found running target: M 33
2024-12-27T19:34:35.9039|INFO|AutoFocusEngine.cs|ValidateCalculatedFocusPosition|1168|Validating HFR at final focus position 15356
2024-12-27T19:34:35.9255|INFO|CameraVM.cs|Capture|737|Starting Exposure - Exposure Time: 5s; Filter: Lum; Gain: 102; Offset 50; Binning: 1x1;
2024-12-27T19:34:40.7336|INFO|DSOTarget.cs|FindRunningItem|69|DSOTarget, found running target: M 33
2024-12-27T19:34:42.8072|INFO|DSOTarget.cs|FindRunningItem|69|DSOTarget, found running target: M 33
2024-12-27T19:34:43.3524|INFO|HocusFocusStarDetection.cs|Detect|410|Average HFR: 1.9909885972298182, HFR MAD: 0.12253773596695505, Detected Stars 295, Region: 0
2024-12-27T19:34:43.3537|INFO|FocuserMediator.cs|BroadcastSuccessfulAutoFocusRun|45|Autofocus notification received - Temperature 4.1875
2024-12-27T19:34:43.3558|INFO|FilterWheelVM.cs|ChangeFilter|112|Moving to Filter Ha at Position 4
2024-12-27T19:34:43.4162|INFO|FocuserVM.cs|MoveFocuserInternal|213|Moving Focuser to position 15403
2024-12-27T19:34:45.7340|INFO|DSOTarget.cs|FindRunningItem|69|DSOTarget, found running target: M 33
2024-12-27T19:34:49.8852|INFO|SequenceItem.cs|Run|254|Finishing Category: Focuser, Item: RunAutofocus
2024-12-27T19:34:49.8856|INFO|SequenceItem.cs|Run|208|Starting Category: Telescope, Item: Center, Coordinates RA: 01:33:51; Dec: 30° 39' 36"; Epoch: J2000
2024-12-27T19:34:49.9310|INFO|TelescopeVM.cs|SlewToCoordinatesAsync|926|Slewing from RA: 01:35:16; Dec: 30° 47' 27"; Epoch: JNOW to RA: 01:35:16; Dec: 30° 47' 27"; Epoch: JNOW - Alt: 73° 32' 59"; Az: 196° 59' 06"
2024-12-27T19:34:49.9323|INFO|DomeVM.cs|SlewToAzimuth|630|Slewing dome to azimuth 161.13240838447172°
2024-12-27T19:34:50.7340|INFO|DSOTarget.cs|FindRunningItem|69|DSOTarget, found running target: M 33
2024-12-27T19:34:50.9325|INFO|DomeFollower.cs|WaitForPreviousSlew|212|Dome is already slewing. Waiting for previous slew to finish
2024-12-27T19:34:55.7351|INFO|DSOTarget.cs|FindRunningItem|69|DSOTarget, found running target: M 33
2024-12-27T19:35:00.7368|INFO|DSOTarget.cs|FindRunningItem|69|DSOTarget, found running target: M 33
2024-12-27T19:35:05.7384|INFO|DSOTarget.cs|FindRunningItem|69|DSOTarget, found running target: M 33
2024-12-27T19:35:10.7395|INFO|DSOTarget.cs|FindRunningItem|69|DSOTarget, found running target: M 33
2024-12-27T19:35:15.7404|INFO|DSOTarget.cs|FindRunningItem|69|DSOTarget, found running target: M 33
2024-12-27T19:35:20.7409|INFO|DSOTarget.cs|FindRunningItem|69|DSOTarget, found running target: M 33
2024-12-27T19:35:25.7417|INFO|DSOTarget.cs|FindRunningItem|69|DSOTarget, found running target: M 33
2024-12-27T19:35:30.7426|INFO|DSOTarget.cs|FindRunningItem|69|DSOTarget, found running target: M 33
2024-12-27T19:35:35.7425|INFO|DSOTarget.cs|FindRunningItem|69|DSOTarget, found running target: M 33
2024-12-27T19:35:40.7445|INFO|DSOTarget.cs|FindRunningItem|69|DSOTarget, found running target: M 33
2024-12-27T19:35:42.6503|INFO|DomeVM.cs|SlewToAzimuth|630|Slewing dome to azimuth 221.43181371384293°
2024-12-27T19:35:42.6537|INFO|FilterWheelVM.cs|ChangeFilter|112|Moving to Filter Lum at Position 0
2024-12-27T19:35:42.7180|INFO|FocuserVM.cs|MoveFocuserInternal|213|Moving Focuser to position 15356
2024-12-27T19:35:45.7453|INFO|DSOTarget.cs|FindRunningItem|69|DSOTarget, found running target: M 33
2024-12-27T19:35:47.8837|INFO|CameraVM.cs|Capture|737|Starting Exposure - Exposure Time: 6s; Filter: Lum; Gain: 100; Offset 50; Binning: 1x1;
2024-12-27T19:35:50.7461|INFO|DSOTarget.cs|FindRunningItem|69|DSOTarget, found running target: M 33
2024-12-27T19:35:55.7242|INFO|DSOTarget.cs|FindRunningItem|69|DSOTarget, found running target: M 33
2024-12-27T19:35:55.8408|INFO|DSOTarget.cs|FindRunningItem|69|DSOTarget, found running target: M 33
2024-12-27T19:35:55.9487|INFO|ImageSolver.cs|Solve|41|Platesolving with parameters: FocalLength: 1260 PixelSize: 3.8 SearchRadius: 30 BlindFailoverEnabled: True Regions: 5000 DownSampleFactor: 0 MaxObjects: 500 Reference Coordinates RA: 01:33:51 Dec: 30° 39' 36" Epoch: J2000
2024-12-27T19:35:56.0938|INFO|BaseImageData.cs|SaveToDisk|344|Saved image to C:\Users\AMOS\AppData\Local\NINA\PlateSolver\pbeogybk.0ul.fits
2024-12-27T19:35:56.6366|INFO|ImageSolver.cs|Solve|54|Platesolve successful: Coordinates: RA: 01:33:51; Dec: 30° 39' 34"; Epoch: J2000
2024-12-27T19:35:56.6387|INFO|CenteringSolver.cs|Center|99|Centering Solver - Scope Position: RA: 01:35:16; Dec: 30° 47' 27"; Epoch: JNOW; Offset: RA: 00:00:00; Dec: 00° 00' 00"; Distance: 00° 00' 00"; Bearing: 00° 00' 00"; Centering Coordinates: RA: 01:35:16; Dec: 30° 47' 27"; Epoch: JNOW; Solved: RA: 01:35:16; Dec: 30° 47' 25"; Epoch: JNOW; Separation RA: -00:00:00; Dec: 00° 00' 02"; Distance: 00° 00' 06"; Bearing: -109° 55' 27"; Threshold: 1
2024-12-27T19:35:56.6388|INFO|CenteringSolver.cs|Center|165|Restoring filter to Ha after centering
2024-12-27T19:35:56.6417|INFO|FilterWheelVM.cs|ChangeFilter|112|Moving to Filter Ha at Position 4
2024-12-27T19:35:56.7121|INFO|FocuserVM.cs|MoveFocuserInternal|213|Moving Focuser to position 15403
2024-12-27T19:36:00.8409|INFO|DSOTarget.cs|FindRunningItem|69|DSOTarget, found running target: M 33
2024-12-27T19:36:03.9067|INFO|SequenceItem.cs|Run|254|Finishing Category: Telescope, Item: Center, Coordinates RA: 01:33:51; Dec: 30° 39' 36"; Epoch: J2000
2024-12-27T19:36:03.9071|INFO|SequenceItem.cs|Run|254|Finishing Category: , Container: Assistant.NINAPlugin.Sequencer.InstructionContainer, Strategy: InstructionContainerStrategy, Items[FINISHED]: 2
2024-12-27T19:36:03.9077|INFO|SequenceItem.cs|Run|208|Starting Category: Scheduler, Item: SwitchFilter, Filter: Lum
2024-12-27T19:36:03.9080|INFO|FilterWheelVM.cs|ChangeFilter|112|Moving to Filter Lum at Position 0
2024-12-27T19:36:03.9389|INFO|FocuserVM.cs|MoveFocuserInternal|213|Moving Focuser to position 15356
2024-12-27T19:36:08.1657|INFO|SequenceItem.cs|Run|254|Finishing Category: Scheduler, Item: SwitchFilter, Filter: Lum
2024-12-27T19:36:08.1668|INFO|SequenceItem.cs|Run|208|Starting Category: Scheduler, Item: SetReadoutMode, Mode: 0
2024-12-27T19:36:08.1676|INFO|SequenceItem.cs|Run|254|Finishing Category: Scheduler, Item: SetReadoutMode, Mode: 0
2024-12-27T19:36:08.1725|INFO|SequenceItem.cs|Run|208|Starting Category: Scheduler, Item: TakeExposure, ExposureTime 300, Gain 102, Offset 50, ImageType LIGHT, Binning 1x1
2024-12-27T19:36:08.2239|INFO|CameraVM.cs|Capture|737|Starting Exposure - Exposure Time: 300s; Filter: ; Gain: 102; Offset 50; Binning: 1x1;
2024-12-27T19:37:12.0336|INFO|SequenceItem.cs|Run|254|Finishing Category: * Instruction Set *, Container: NINA.Sequencer.Container.TargetAreaContainer, Strategy: SequentialStrategy, Items[CREATED]: 1
2024-12-27T19:37:12.0338|INFO|SequenceItem.cs|Run|208|Starting Category: * Instruction Set *, Container: NINA.Sequencer.Container.EndAreaContainer, Strategy: SequentialStrategy, Items[CREATED]: 3
2024-12-27T19:37:12.0341|INFO|SequenceItem.cs|Run|208|Starting Category: Dome, Item: DisableDomeSynchronization
2024-12-27T19:37:12.0359|INFO|DomeVM.cs|OnFollowChanged|719|Dome following stopped
2024-12-27T19:37:14.6537|INFO|SequenceItem.cs|Run|254|Finishing Category: Dome, Item: DisableDomeSynchronization
2024-12-27T19:37:14.6541|INFO|SequenceItem.cs|Run|208|Starting Category: * Instruction Set *, Container: NINA.Sequencer.Container.ParallelContainer, Strategy: ParallelStrategy, Items[CREATED]: 5
2024-12-27T19:37:14.6550|INFO|SequenceItem.cs|Run|208|Starting Category: Dome, Item: CloseDomeShutter
2024-12-27T19:37:14.6576|INFO|DomeVM.cs|CloseShutter|525|Closing dome shutter. Shutter state before closing ShutterOpen
2024-12-27T19:37:14.6583|INFO|AscomDome.cs|CloseShutter|244|Sending a CloseShutter request, since it is currently ShutterOpen
2024-12-27T19:37:15.8727|INFO|DSOTarget.cs|FindRunningItem|69|DSOTarget, found running target: 
2024-12-27T19:37:20.8735|INFO|DSOTarget.cs|FindRunningItem|69|DSOTarget, found running target: 
2024-12-27T19:37:25.8744|INFO|DSOTarget.cs|FindRunningItem|69|DSOTarget, found running target: 
2024-12-27T19:37:30.8746|INFO|DSOTarget.cs|FindRunningItem|69|DSOTarget, found running target: 
2024-12-27T19:37:35.8763|INFO|DSOTarget.cs|FindRunningItem|69|DSOTarget, found running target: 
2024-12-27T19:37:40.8767|INFO|DSOTarget.cs|FindRunningItem|69|DSOTarget, found running target: 
2024-12-27T19:37:45.8782|INFO|DSOTarget.cs|FindRunningItem|69|DSOTarget, found running target: 
2024-12-27T19:37:50.8795|INFO|DSOTarget.cs|FindRunningItem|69|DSOTarget, found running target: 
2024-12-27T19:37:55.8801|INFO|DSOTarget.cs|FindRunningItem|69|DSOTarget, found running target: 
2024-12-27T19:38:00.8802|INFO|DSOTarget.cs|FindRunningItem|69|DSOTarget, found running target: 
2024-12-27T19:38:05.8799|INFO|DSOTarget.cs|FindRunningItem|69|DSOTarget, found running target: 
2024-12-27T19:38:10.8817|INFO|DSOTarget.cs|FindRunningItem|69|DSOTarget, found running target: 
2024-12-27T19:38:15.8825|INFO|DSOTarget.cs|FindRunningItem|69|DSOTarget, found running target: 
2024-12-27T19:38:20.8839|INFO|DSOTarget.cs|FindRunningItem|69|DSOTarget, found running target: 
2024-12-27T19:38:25.8857|INFO|DSOTarget.cs|FindRunningItem|69|DSOTarget, found running target: 
2024-12-27T19:38:30.8875|INFO|DSOTarget.cs|FindRunningItem|69|DSOTarget, found running target: 
2024-12-27T19:38:35.8895|INFO|DSOTarget.cs|FindRunningItem|69|DSOTarget, found running target: 
2024-12-27T19:38:40.8916|INFO|DSOTarget.cs|FindRunningItem|69|DSOTarget, found running target: 
2024-12-27T19:38:45.8925|INFO|DSOTarget.cs|FindRunningItem|69|DSOTarget, found running target: 
2024-12-27T19:38:50.8937|INFO|DSOTarget.cs|FindRunningItem|69|DSOTarget, found running target: 
2024-12-27T19:38:55.8933|INFO|DSOTarget.cs|FindRunningItem|69|DSOTarget, found running target: 
2024-12-27T19:38:58.8688|INFO|SequenceItem.cs|Run|208|Starting Category: Ground Station, Item: Send to Pushover, Title: Dome closed
2024-12-27T19:38:58.8800|INFO|SequenceItem.cs|Run|208|Starting Category: Flat Device, Item: CloseCover
2024-12-27T19:38:58.8818|INFO|FlatDeviceVM.cs|CloseCover|331|Closing Flat Device Cover
2024-12-27T19:38:58.9717|INFO|SequenceItem.cs|Run|208|Starting Category: Camera, Item: WarmCamera, Duration: 0
2024-12-27T19:38:58.9726|INFO|CameraVM.cs|WarmCamera|162|Warming Camera. Duration: 00:00:00
2024-12-27T19:38:58.9780|INFO|SequenceItem.cs|Run|208|Starting Category: Telescope, Item: ParkScope
2024-12-27T19:38:58.9797|INFO|TelescopeVM.cs|ParkTelescope|134|Mount has been commanded to park
2024-12-27T19:38:59.8198|INFO|SequenceItem.cs|Run|254|Finishing Category: Ground Station, Item: Send to Pushover, Title: Dome closed
2024-12-27T19:39:00.8942|INFO|DSOTarget.cs|FindRunningItem|69|DSOTarget, found running target: 
2024-12-27T19:39:01.0805|INFO|ApplicationDeviceConnectionVM.cs|UsbDeviceWatcher_DeviceInserted|173|New USB device detected DeviceId: USB\VID_1A40&PID_0101\8&19153604&0&4, PnpDeviceId: USB\VID_1A40&PID_0101\8&19153604&0&4, Description: Generischer USB-Hub, Name: Generischer USB-Hub, Manufacturer: (Standardmäßige USB-HUBs), Service: USBHUB3, Status: OK
2024-12-27T19:39:04.6286|INFO|DomeVM.cs|CloseShutter|531|Closed dome shutter. Shutter state after closing ShutterClosed
2024-12-27T19:39:04.6291|INFO|SequenceItem.cs|Run|254|Finishing Category: Dome, Item: CloseDomeShutter
2024-12-27T19:39:05.8945|INFO|DSOTarget.cs|FindRunningItem|69|DSOTarget, found running target: 
2024-12-27T19:39:07.6061|INFO|TelescopeVM.cs|ParkTelescope|180|Mount has parked
2024-12-27T19:39:07.6063|INFO|SequenceItem.cs|Run|254|Finishing Category: Telescope, Item: ParkScope
2024-12-27T19:39:10.4455|INFO|SequenceItem.cs|Run|254|Finishing Category: Flat Device, Item: CloseCover
2024-12-27T19:39:10.8948|INFO|DSOTarget.cs|FindRunningItem|69|DSOTarget, found running target: 
2024-12-27T19:39:12.9419|INFO|AscomDevice.cs|Disconnect|299|Disconnecting from ASCOM.AMOS.Dome ASCOM Dome Driver for AMOS
2024-12-27T19:39:12.9526|INFO|DomeVM.cs|Disconnect|336|Disconnected Dome Device
2024-12-27T19:39:12.9533|INFO|AscomDevice.cs|Disconnect|299|Disconnecting from ASCOM.OptecAlnitak.CoverCalibrator Optec Alnitak
2024-12-27T19:39:12.9583|INFO|FlatDeviceVM.cs|Disconnect|279|Disconnected Flat Device
2024-12-27T19:39:12.9599|INFO|AscomDevice.cs|Disconnect|299|Disconnecting from ASCOM.ASICamera2.Camera ASI Camera (1) (ASCOM)
2024-12-27T19:39:13.0219|INFO|CameraVM.cs|Disconnect|645|Disconnected Camera
2024-12-27T19:39:13.0229|INFO|AscomDevice.cs|Disconnect|299|Disconnecting from ASCOM.photonProxyHub.Telescope ASCOM Telescope Driver for photonProxyHub
2024-12-27T19:39:13.0317|INFO|TelescopeVM.cs|Disconnect|763|Disconnected mount
2024-12-27T19:39:13.0318|INFO|AscomDevice.cs|Disconnect|299|Disconnecting from ASCOM.EFW2.FilterWheel ZWO FilterWheel (1)
2024-12-27T19:39:13.0628|INFO|FilterWheelVM.cs|Disconnect|324|Disconnected Filter Wheel
2024-12-27T19:39:13.0636|INFO|AscomDevice.cs|Disconnect|299|Disconnecting from ASCOM.MicroTouchServer.Focuser1 MicroTouch Focuser1
2024-12-27T19:39:13.0872|INFO|FocuserVM.cs|Disconnect|426|Disconnected Focuser
2024-12-27T19:39:13.0881|INFO|RotatorVM.cs|Disconnect|438|Disconnected Rotator
2024-12-27T19:39:13.0888|INFO|SwitchVM.cs|Disconnect|298|Disconnected Switch
2024-12-27T19:39:13.0895|INFO|AscomDevice.cs|Disconnect|299|Disconnecting from ASCOM.CloudWatcher.ObservingConditions Lunatico CloudWatcher Observing Conditions
2024-12-27T19:39:13.0963|INFO|WeatherDataVM.cs|Disconnect|292|Disconnected Weather Device
2024-12-27T19:39:13.0969|INFO|AscomDevice.cs|Disconnect|299|Disconnecting from ASCOM.CloudWatcher.SafetyMonitor Lunatico CloudWatcher Safety Monitor
2024-12-27T19:39:13.1003|INFO|SafetyMonitorVM.cs|Disconnect|208|Disconnected Safety Monitor
2024-12-27T19:39:14.0407|ERROR|SequenceItem.cs|Run|263|Category: Camera, Item: WarmCamera, Duration: 0 - 
System.NullReferenceException: Object reference not set to an instance of an object.
   at NINA.WPF.Base.ViewModel.Equipment.Camera.CameraVM.RegulateTemperature(Double temperature, TimeSpan duration, Boolean cooling, IProgress`1 progress, CancellationToken ct) in C:\Projects\nina\NINA.WPF.Base\ViewModel\Equipment\Camera\CameraVM.cs:line 238
   at NINA.WPF.Base.ViewModel.Equipment.Camera.CameraVM.WarmCamera(TimeSpan duration, IProgress`1 progress, CancellationToken ct) in C:\Projects\nina\NINA.WPF.Base\ViewModel\Equipment\Camera\CameraVM.cs:line 174
   at NINA.Sequencer.SequenceItem.SequenceItem.Run(IProgress`1 progress, CancellationToken token) in C:\Projects\nina\NINA.Sequencer\SequenceItem\SequenceItem.cs:line 249
2024-12-27T19:39:14.0458|ERROR|SequenceItem.cs|RunErrorBehavior|195|Instruction Warm Camera failed after 1 attempt. Error behavior is set to ContinueOnError. Continuing.
2024-12-27T19:39:14.0459|INFO|SequenceItem.cs|Run|254|Finishing Category: * Instruction Set *, Container: NINA.Sequencer.Container.ParallelContainer, Strategy: ParallelStrategy, Items[FINISHED]: 4, Items[FAILED]: 1
2024-12-27T19:39:14.0462|INFO|SequenceItem.cs|Run|208|Starting Category: ASA Tools, Item: PowerOn
2024-12-27T19:39:14.0469|INFO|SequenceItem.cs|Run|254|Finishing Category: ASA Tools, Item: PowerOn
2024-12-27T19:39:14.0471|INFO|SequenceItem.cs|Run|254|Finishing Category: * Instruction Set *, Container: NINA.Sequencer.Container.EndAreaContainer, Strategy: SequentialStrategy, Items[FINISHED]: 3
2024-12-27T19:39:14.0471|INFO|SequenceItem.cs|Run|254|Finishing Category: * Instruction Set *, Container: NINA.Sequencer.Container.SequenceRootContainer, Strategy: SequentialStrategy, Items[FINISHED]: 3, Triggers: Category: Ground Station, Item: Failures to Pushover
2024-12-27T19:39:14.0473|INFO|Sequence2VM.cs|StartSequence|490|Advanced Sequence finished
2024-12-27T19:39:14.0511|INFO|FailuresToPushoverTrigger.cs|WorkerFn|191|Failures to Pushover: Sending Failure running Warm Camera
2024-12-27T19:39:15.8602|INFO|ApplicationVM.cs|Closing|288|Application shutting down
2024-12-27T19:39:15.8710|INFO|DomeVM.cs|Disconnect|336|Disconnected Dome Device
2024-12-27T19:39:15.8719|INFO|FlatDeviceVM.cs|Disconnect|279|Disconnected Flat Device
2024-12-27T19:39:15.8757|INFO|CameraVM.cs|Disconnect|645|Disconnected Camera
2024-12-27T19:39:15.8759|INFO|TelescopeVM.cs|Disconnect|763|Disconnected mount
2024-12-27T19:39:15.8765|INFO|FilterWheelVM.cs|Disconnect|324|Disconnected Filter Wheel
2024-12-27T19:39:15.8767|INFO|FocuserVM.cs|Disconnect|426|Disconnected Focuser
2024-12-27T19:39:15.8767|INFO|RotatorVM.cs|Disconnect|438|Disconnected Rotator
2024-12-27T19:39:15.8772|INFO|SwitchVM.cs|Disconnect|298|Disconnected Switch
2024-12-27T19:39:15.8784|INFO|WeatherDataVM.cs|Disconnect|292|Disconnected Weather Device
2024-12-27T19:39:15.8789|INFO|SafetyMonitorVM.cs|Disconnect|208|Disconnected Safety Monitor
2024-12-27T19:39:16.5450|INFO|HttpServer.cs|WaitForStopped|108|waited 0ms for web server to stop
