----------------------------------------------------------------------
--------------N.I.N.A. - Nighttime Imaging 'N' Astronomy--------------
--------------------------Version 3.1.2.9001--------------------------
-------------------------2024-12-31T17:05:53--------------------------
----------------------------------------------------------------------
---------------------Microsoft Windows 10.0.26100---------------------
-------------------------OS Architecture X64--------------------------
-----------------------Process Architecture X64-----------------------
------------------------------.NET 8.0.8------------------------------
----------------------------------------------------------------------
--------------------------Processor Count 12--------------------------
--------------------Total Physical Memory 27.89 GB--------------------
----------------------------------------------------------------------
DATE|LEVEL|SOURCE|MEMBER|LINE|MESSAGE
2024-12-31T17:05:52.8108|INFO|CameraChooserVM.cs|GetEquipment|69|Found 2 ASI Cameras
2024-12-31T17:05:53.9264|INFO|CameraChooserVM.cs|GetEquipment|84|Found 0 Altair Cameras
2024-12-31T17:05:54.0299|INFO|CameraChooserVM.cs|GetEquipment|96|Found 0 Atik Cameras
2024-12-31T17:05:54.0304|INFO|CameraChooserVM.cs|GetEquipment|110|Found 0 FLI Cameras
2024-12-31T17:05:55.2707|INFO|CameraChooserVM.cs|GetEquipment|130|Found 0 QHYCCD Cameras
2024-12-31T17:05:55.3058|INFO|CameraChooserVM.cs|GetEquipment|158|Found 0 ToupTek Cameras
2024-12-31T17:05:55.4587|INFO|CameraChooserVM.cs|GetEquipment|173|Found 0 Ogma Cameras
2024-12-31T17:05:55.6143|INFO|CameraChooserVM.cs|GetEquipment|188|Found 0 Omegon Cameras
2024-12-31T17:05:55.8174|INFO|CameraChooserVM.cs|GetEquipment|203|Found 0 RisingCam Cameras
2024-12-31T17:05:56.0048|INFO|CameraChooserVM.cs|GetEquipment|218|Found 0 MallinCam Cameras
2024-12-31T17:05:56.0099|INFO|CameraChooserVM.cs|GetEquipment|244|Found 0 SBIG Cameras
2024-12-31T17:05:56.4660|INFO|ApplicationVM.cs|CheckDiskInfo|100|Available Space on Drive C:\: 88.68 GB
2024-12-31T17:05:56.4661|INFO|ApplicationVM.cs|CheckDiskInfo|100|Available Space on Drive D:\: 4349.01 GB
2024-12-31T17:05:56.4670|INFO|ApplicationVM.cs|CheckDiskInfo|102|Drive E:\ is not ready
2024-12-31T17:05:56.4695|INFO|ApplicationVM.cs|CheckASCOMPlatformVersion|81|ASCOM Platform 6.6.2.4195 installed
2024-12-31T17:05:56.4721|INFO|ApplicationVM.cs|CheckDiskInfo|102|Drive F:\ is not ready
2024-12-31T17:05:56.7121|INFO|PluginLoader.cs|LoadPlugin|416|Successfully loaded plugin ASA Tools version 3.1.2.0 by Gerald Hitz (photon)
2024-12-31T17:05:56.8917|INFO|PluginLoader.cs|LoadPlugin|416|Successfully loaded plugin Connector version 2.0.3.0 by Stefan Berg
2024-12-31T17:05:57.1960|INFO|PluginLoader.cs|LoadPlugin|416|Successfully loaded plugin Device Actions and Commands version 2.0.0.0 by Dale Ghent
2024-12-31T17:05:57.4724|INFO|PluginLoader.cs|LoadPlugin|416|Successfully loaded plugin Filter Offset Calculator version 2.0.0.0 by S. Dimant & Stefan Berg
2024-12-31T17:05:57.8528|INFO|PluginLoader.cs|LoadPlugin|416|Successfully loaded plugin Ground Station version 2.4.1.0 by Dale Ghent
2024-12-31T17:05:59.8118|INFO|PluginLoader.cs|LoadPlugin|416|Successfully loaded plugin Hocus Focus version 3.0.0.18 by George Hilios (jokogeo)
2024-12-31T17:05:59.9579|INFO|PluginLoader.cs|LoadPlugin|416|Successfully loaded plugin Moon Angle version 2.2.0.0 by Dale Ghent
2024-12-31T17:06:00.1987|INFO|OrbitalElementsAccessor.cs|LoadJWST|87|No JWST vector table loaded since no file was found at C:\Users\AMOS\AppData\Local\NINA\OrbitalElements\JWSTVectorTable.bin.gz
2024-12-31T17:06:00.1992|INFO|OrbitalElementsAccessor.cs|LoadObjectType|118|No NumberedAsteroids orbital elements loaded since no file was found at C:\Users\AMOS\AppData\Local\NINA\OrbitalElements\NumberedAsteroidsElements.bin.gz
2024-12-31T17:06:00.1992|INFO|OrbitalElementsAccessor.cs|LoadObjectType|118|No UnnumberedAsteroids orbital elements loaded since no file was found at C:\Users\AMOS\AppData\Local\NINA\OrbitalElements\UnnumberedAsteroidsElements.bin.gz
2024-12-31T17:06:00.1992|INFO|OrbitalElementsAccessor.cs|LoadObjectType|118|No Comet orbital elements loaded since no file was found at C:\Users\AMOS\AppData\Local\NINA\OrbitalElements\MPC_CometElements.bin.gz
2024-12-31T17:06:00.2106|INFO|PluginLoader.cs|LoadPlugin|416|Successfully loaded plugin Orbitals version 3.0.0.13 by George Hilios (jokogeo)
2024-12-31T17:06:00.3492|INFO|PluginLoader.cs|LoadPlugin|416|Successfully loaded plugin Phd2 Tools version 1.0.5.0 by Stefan Berg @isbeorn
2024-12-31T17:06:00.5366|INFO|PluginLoader.cs|LoadPlugin|416|Successfully loaded plugin Remote Copy version 3.0.0.0 by Tom Palmer @tcpalmer
2024-12-31T17:06:00.8450|INFO|PluginLoader.cs|LoadPlugin|416|Successfully loaded plugin Sequencer Powerups version 3.20.0.0 by Marc Blank
2024-12-31T17:06:01.6389|ERROR|DllLoader.cs|LoadDllFromAbsolutePath|53|DllLoader failed to load library C:\Program Files\N.I.N.A. - Nighttime Imaging 'N' Astronomy\External\x64\SQLite\SQLite.Interop.dll due to error code 126
2024-12-31T17:06:01.9277|INFO|PluginLoader.cs|LoadPlugin|416|Successfully loaded plugin Target Scheduler version 4.9.0.1 by Tom Palmer @tcpalmer
2024-12-31T17:06:02.0891|INFO|SessionHistoryManager.cs|PurgeHistoryOlderThan|102|purging web session history older than 10 days
2024-12-31T17:06:02.0896|INFO|SessionHistoryManager.cs|PurgeHistoryOlderThan|110|purging old web session history: C:\Users\AMOS\AppData\Local\NINA\WebPlugin\sessions\20241221-174616
2024-12-31T17:06:02.1244|INFO|NINAWeb.cs|changePluginState|260|Web plugin state change from OFF to ON
2024-12-31T17:06:02.1255|INFO|NINALogWatcher.cs|Start|29|web viewer: watching log file: C:\Users\AMOS\AppData\Local\NINA\Logs\20241231-170552-3.1.2.9001.11076-202412.log
2024-12-31T17:06:02.1267|INFO|AutofocusDirectoryWatcher.cs|Watch|31|web viewer: watching AF directory file: C:\Users\AMOS\AppData\Local\NINA\AutoFocus
2024-12-31T17:06:02.1285|INFO|HttpServer.cs|ConfigureLogging|143|web server log: C:\Users\AMOS\AppData\Local\NINA\WebPlugin\webserver-20241231-170602.log
2024-12-31T17:06:02.1289|INFO|HttpServer.cs|WebServerTask|62|starting web server, listening at http://localhost:80/dist
2024-12-31T17:06:02.1297|INFO|PluginLoader.cs|LoadPlugin|416|Successfully loaded plugin Web Session History Viewer version 2.2.1.0 by Tom Palmer @tcpalmer
2024-12-31T17:06:02.1358|INFO|PluginFetcher.cs|RequestAll|43|Fetching plugin manifests from https://nighttime-imaging.eu/wp-json/nina/v1/plugins/manifests
2024-12-31T17:06:02.3864|INFO|CameraChooserVM.cs|GetEquipment|264|Found 0 SVBony Cameras
2024-12-31T17:06:02.5247|INFO|CameraChooserVM.cs|GetEquipment|264|Found 0 PlayerOne Cameras
2024-12-31T17:06:02.5371|INFO|CameraChooserVM.cs|GetEquipment|264|Found 0 ASTPAN Cameras
2024-12-31T17:06:02.5382|INFO|CameraChooserVM.cs|GetEquipment|278|Found 4 ASCOM Cameras
2024-12-31T17:06:02.9602|INFO|PluginFetcher.cs|RequestAll|57|Found 58 valid plugins at https://nighttime-imaging.eu/wp-json/nina/v1/plugins/manifests
2024-12-31T17:06:04.1899|INFO|TelescopeChooserVM.cs|GetEquipment|69|Found 0 Alpaca Telescopes
2024-12-31T17:06:04.1899|INFO|SwitchChooserVM.cs|GetEquipment|71|Found 0 Alpaca Switch Hubs
2024-12-31T17:06:04.1899|INFO|WeatherDataChooserVM.cs|GetEquipment|69|Found 0 Alpaca Observing Conditions
2024-12-31T17:06:04.1899|INFO|FocuserChooserVM.cs|GetEquipment|67|Found 0 Alpaca Focusers
2024-12-31T17:06:04.1899|INFO|RotatorChooserVM.cs|GetEquipment|68|Found 0 Alpaca Rotators
2024-12-31T17:06:04.1899|INFO|FlatDeviceChooserVM.cs|GetEquipment|67|Found 0 Alpaca Cover Calibrators
2024-12-31T17:06:04.1899|INFO|SafetyMonitorChooserVM.cs|GetEquipment|71|Found 0 Alpaca Safety Monitors
2024-12-31T17:06:04.1899|INFO|FilterWheelChooserVM.cs|GetEquipment|193|Found 0 Alpaca Filter Wheels
2024-12-31T17:06:04.3863|INFO|DomeChooserVM.cs|GetEquipment|67|Found 0 Alpaca Domes
2024-12-31T17:06:04.5411|INFO|CameraChooserVM.cs|GetEquipment|290|Found 0 Alpaca Cameras
2024-12-31T17:06:04.5432|INFO|CameraChooserVM.cs|GetEquipment|303|Found 0 Canon Cameras
2024-12-31T17:09:34.4302|INFO|DockManagerVM.cs|InitializeAvalonDockLayout|356|Initializing imaging tab layout from C:\Users\AMOS\AppData\Local\NINA\Profiles\4efc0507-b521-49ce-88b6-96e9d454c1a7.dock.config
2024-12-31T17:09:40.4297|INFO|CameraVM.cs|Disconnect|645|Disconnected Camera
2024-12-31T17:09:42.2544|INFO|AscomDevice.cs|GetProperty|379|Property Camera.BayerOffsetX GET is not implemented in this driver (ASI Camera (1) (ASCOM))
2024-12-31T17:09:42.2562|INFO|AscomDevice.cs|GetProperty|379|Property Camera.BayerOffsetY GET is not implemented in this driver (ASI Camera (1) (ASCOM))
2024-12-31T17:09:42.2598|INFO|CameraVM.cs|ChooseCamera|448|Successfully connected Camera. Id: ASCOM.ASICamera2.Camera Name: ASI Camera (1) (ASCOM) DisplayName: ASI Camera (1) (ASCOM)Driver Version: 6.5
2024-12-31T17:09:42.2631|INFO|FilterWheelVM.cs|Disconnect|324|Disconnected Filter Wheel
2024-12-31T17:09:43.3666|INFO|FilterWheelVM.cs|ChooseFW|272|Successfully connected Filter Wheel. Id: ASCOM.EFW2.FilterWheel Name: ZWO FilterWheel (1) DisplayName: ZWO FilterWheel (1) Driver Version: 6.0
2024-12-31T17:09:43.3727|INFO|TelescopeVM.cs|Disconnect|763|Disconnected mount
2024-12-31T17:09:44.0554|INFO|AscomTelescope.cs|CheckMountTime|817|Mount UTC Time: 2024-12-31 16:09:44Z / System UTC Time: 2024-12-31 16:09:44Z; Difference: 0.002 seconds
2024-12-31T17:09:44.0659|INFO|AscomTelescope.cs|CheckMountTime|837|Mount driver does not allow the mount's time to be set.
2024-12-31T17:09:44.1601|INFO|TelescopeVM.cs|ChooseTelescope|518|Successfully connected mount. Id: ASCOM.photonProxyHub.Telescope Name: ASCOM Telescope Driver for photonProxyHub DisplayName: ASCOM Telescope Driver for photonProxyHub Driver Version: 2011_10_08
2024-12-31T17:09:44.1620|INFO|FocuserVM.cs|Disconnect|426|Disconnected Focuser
2024-12-31T17:09:44.8693|INFO|FocuserVM.cs|ChooseFocuser|324|Successfully connected Focuser. Id: ASCOM.MicroTouchServer.Focuser1 Name: MicroTouch Focuser1 DisplayName: MicroTouch Focuser1 Driver Version: 1.3
2024-12-31T17:09:44.8729|INFO|RotatorVM.cs|Disconnect|438|Disconnected Rotator
2024-12-31T17:09:44.9439|INFO|FlatDeviceVM.cs|Disconnect|279|Disconnected Flat Device
2024-12-31T17:09:45.9265|INFO|FlatDeviceVM.cs|Connect|234|Successfully connected flat device. Id: ASCOM.OptecAlnitak.CoverCalibrator Name: Optec Alnitak DisplayName: Optec Alnitak Driver Version: 1.0
2024-12-31T17:09:45.9291|INFO|WeatherDataVM.cs|Disconnect|292|Disconnected Weather Device
2024-12-31T17:09:47.7994|INFO|AscomDevice.cs|GetProperty|379|Property ObservingConditions.SkyBrightness GET is not implemented in this driver (Lunatico CloudWatcher Observing Conditions)
2024-12-31T17:09:47.8049|INFO|AscomDevice.cs|GetProperty|379|Property ObservingConditions.StarFWHM GET is not implemented in this driver (Lunatico CloudWatcher Observing Conditions)
2024-12-31T17:09:47.8095|INFO|AscomDevice.cs|GetProperty|379|Property ObservingConditions.WindDirection GET is not implemented in this driver (Lunatico CloudWatcher Observing Conditions)
2024-12-31T17:09:47.8150|INFO|WeatherDataVM.cs|ChooseWeatherData|143|Successfully connected Weather Device. Id: ASCOM.CloudWatcher.ObservingConditions Name: Lunatico CloudWatcher Observing Conditions DisplayName: Lunatico CloudWatcher Observing Conditions Driver Version: 1.0
2024-12-31T17:09:47.8177|INFO|SwitchVM.cs|Disconnect|298|Disconnected Switch
2024-12-31T17:09:47.8367|INFO|DomeVM.cs|Disconnect|336|Disconnected Dome Device
2024-12-31T17:09:48.3935|INFO|DomeVM.cs|ChooseDome|191|Successfully connected Dome. Id: ASCOM.AMOS.Dome Name: ASCOM Dome Driver for AMOS DisplayName: ASCOM Dome Driver for AMOS Driver Version: 1.0.1
2024-12-31T17:09:48.3959|INFO|SafetyMonitorVM.cs|Disconnect|208|Disconnected Safety Monitor
2024-12-31T17:09:48.7104|INFO|SafetyMonitorVM.cs|Connect|168|Successfully connected Safety Monitor. Id: ASCOM.CloudWatcher.SafetyMonitor Name: Lunatico CloudWatcher Safety Monitor DisplayName: Lunatico CloudWatcher Safety Monitor Driver Version: 1.0
2024-12-31T17:10:02.9670|INFO|ApplicationDeviceConnectionVM.cs|UsbDeviceWatcher_DeviceRemoved|178|USB Device disconnected DeviceId: USB\VID_1A40&PID_0101\8&19153604&0&4, PnpDeviceId: USB\VID_1A40&PID_0101\8&19153604&0&4, Description: Generischer USB-Hub, Name: Generischer USB-Hub, Manufacturer: (Standardmäßige USB-HUBs), Service: USBHUB3, Status: OK
2024-12-31T17:10:03.2721|INFO|ApplicationDeviceConnectionVM.cs|UsbDeviceWatcher_DeviceInserted|173|New USB device detected DeviceId: USB\VID_1A40&PID_0101\8&19153604&0&4, PnpDeviceId: USB\VID_1A40&PID_0101\8&19153604&0&4, Description: Generischer USB-Hub, Name: Generischer USB-Hub, Manufacturer: (Standardmäßige USB-HUBs), Service: USBHUB3, Status: OK
2024-12-31T17:10:09.2703|INFO|ApplicationDeviceConnectionVM.cs|UsbDeviceWatcher_DeviceRemoved|178|USB Device disconnected DeviceId: USB\VID_1A40&PID_0101\8&19153604&0&4, PnpDeviceId: USB\VID_1A40&PID_0101\8&19153604&0&4, Description: Generischer USB-Hub, Name: Generischer USB-Hub, Manufacturer: (Standardmäßige USB-HUBs), Service: USBHUB3, Status: OK
2024-12-31T17:10:09.6305|INFO|ApplicationDeviceConnectionVM.cs|UsbDeviceWatcher_DeviceInserted|173|New USB device detected DeviceId: USB\VID_1A40&PID_0101\8&19153604&0&4, PnpDeviceId: USB\VID_1A40&PID_0101\8&19153604&0&4, Description: Generischer USB-Hub, Name: Generischer USB-Hub, Manufacturer: (Standardmäßige USB-HUBs), Service: USBHUB3, Status: OK
2024-12-31T17:13:43.4193|INFO|Sequence2VM.cs|StartSequence|485|Advanced Sequence starting
2024-12-31T17:13:46.7487|INFO|SequenceItem.cs|Run|208|Starting Category: * Instruction Set *, Container: NINA.Sequencer.Container.SequenceRootContainer, Strategy: SequentialStrategy, Items[CREATED]: 3, Triggers: Category: Ground Station, Item: Failures to Pushover
2024-12-31T17:13:46.7526|INFO|SequenceItem.cs|Run|208|Starting Category: * Instruction Set *, Container: NINA.Sequencer.Container.StartAreaContainer, Strategy: SequentialStrategy, Items[CREATED]: 4
2024-12-31T17:13:46.7535|INFO|SequenceItem.cs|Run|208|Starting Category: Utility, Item: WaitForSunAltitude, TargetAltitude: -6, Comparator: GREATER_THAN, CurrentSunAltitude: -7.89
2024-12-31T17:13:46.7555|INFO|SequenceItem.cs|Run|254|Finishing Category: Utility, Item: WaitForSunAltitude, TargetAltitude: -6, Comparator: GREATER_THAN, CurrentSunAltitude: -7.89
2024-12-31T17:13:46.7570|INFO|SequenceItem.cs|Run|208|Starting Category: Connector, Item: ConnectAllEquipment
2024-12-31T17:13:46.7583|INFO|ConnectAllEquipment.cs|Execute|167|Camera is already connected
2024-12-31T17:13:46.7583|INFO|ConnectAllEquipment.cs|Execute|167|Filter Wheel is already connected
2024-12-31T17:13:46.7584|INFO|ConnectAllEquipment.cs|Execute|167|Focuser is already connected
2024-12-31T17:13:46.7588|INFO|ConnectAllEquipment.cs|Execute|167|Telescope is already connected
2024-12-31T17:13:46.7589|INFO|ConnectAllEquipment.cs|Execute|167|Guider is already connected
2024-12-31T17:13:46.7589|INFO|ConnectAllEquipment.cs|Execute|167|Flat Panel is already connected
2024-12-31T17:13:46.7589|INFO|ConnectAllEquipment.cs|Execute|167|Weather is already connected
2024-12-31T17:13:46.7590|INFO|ConnectAllEquipment.cs|Execute|167|Dome is already connected
2024-12-31T17:13:46.7590|INFO|ConnectAllEquipment.cs|Execute|167|Safety Monitor is already connected
2024-12-31T17:13:46.7590|INFO|SequenceItem.cs|Run|254|Finishing Category: Connector, Item: ConnectAllEquipment
2024-12-31T17:13:46.7593|INFO|SequenceItem.cs|Run|208|Starting Category: Safety Monitor, Item: WaitUntilSafe
2024-12-31T17:13:46.7601|INFO|SequenceItem.cs|Run|254|Finishing Category: Safety Monitor, Item: WaitUntilSafe
2024-12-31T17:13:46.7605|INFO|SequenceItem.cs|Run|208|Starting Category: * Instruction Set *, Container: NINA.Sequencer.Container.SequentialContainer, Strategy: SequentialStrategy, Items[CREATED]: 16, Triggers: Trigger: WhenUnsafe
2024-12-31T17:13:46.7613|INFO|SequenceItem.cs|Run|208|Starting Category: ASA Tools, Item: PowerOn
2024-12-31T17:13:46.7657|INFO|SequenceItem.cs|Run|254|Finishing Category: ASA Tools, Item: PowerOn
2024-12-31T17:13:46.7758|INFO|SequenceItem.cs|Run|208|Starting Category: Utility, Item: WaitForTimeSpan, Time: 20s
2024-12-31T17:13:51.4918|INFO|DSOTarget.cs|FindRunningItem|69|DSOTarget, found running target: 
2024-12-31T17:13:56.4928|INFO|DSOTarget.cs|FindRunningItem|69|DSOTarget, found running target: 
2024-12-31T17:14:01.4951|INFO|DSOTarget.cs|FindRunningItem|69|DSOTarget, found running target: 
2024-12-31T17:14:06.4955|INFO|DSOTarget.cs|FindRunningItem|69|DSOTarget, found running target: 
2024-12-31T17:14:06.8507|INFO|SequenceItem.cs|Run|254|Finishing Category: Utility, Item: WaitForTimeSpan, Time: 20s
2024-12-31T17:14:06.8512|INFO|SequenceItem.cs|Run|208|Starting Category: Dome, Item: DisableDomeSynchronization
2024-12-31T17:14:10.4263|INFO|SequenceItem.cs|Run|254|Finishing Category: Dome, Item: DisableDomeSynchronization
2024-12-31T17:14:10.4267|INFO|SequenceItem.cs|Run|208|Starting Category: Dome, Item: OpenDomeShutter
2024-12-31T17:14:10.4292|INFO|DomeVM.cs|OpenShutter|429|Opening dome shutter. Shutter state after opening ShutterClosed
2024-12-31T17:14:10.4301|INFO|AscomDome.cs|OpenShutter|205|Sending an OpenShutter request, since it is currently ShutterClosed
2024-12-31T17:14:11.4971|INFO|DSOTarget.cs|FindRunningItem|69|DSOTarget, found running target: 
2024-12-31T17:14:16.4988|INFO|DSOTarget.cs|FindRunningItem|69|DSOTarget, found running target: 
2024-12-31T17:14:21.5011|INFO|DSOTarget.cs|FindRunningItem|69|DSOTarget, found running target: 
2024-12-31T17:14:26.5030|INFO|DSOTarget.cs|FindRunningItem|69|DSOTarget, found running target: 
2024-12-31T17:14:31.5037|INFO|DSOTarget.cs|FindRunningItem|69|DSOTarget, found running target: 
2024-12-31T17:14:36.5045|INFO|DSOTarget.cs|FindRunningItem|69|DSOTarget, found running target: 
2024-12-31T17:14:41.5055|INFO|DSOTarget.cs|FindRunningItem|69|DSOTarget, found running target: 
2024-12-31T17:14:46.5070|INFO|DSOTarget.cs|FindRunningItem|69|DSOTarget, found running target: 
2024-12-31T17:14:51.5095|INFO|DSOTarget.cs|FindRunningItem|69|DSOTarget, found running target: 
2024-12-31T17:14:56.5115|INFO|DSOTarget.cs|FindRunningItem|69|DSOTarget, found running target: 
2024-12-31T17:15:01.5145|INFO|DSOTarget.cs|FindRunningItem|69|DSOTarget, found running target: 
2024-12-31T17:15:06.5160|INFO|DSOTarget.cs|FindRunningItem|69|DSOTarget, found running target: 
2024-12-31T17:15:11.5167|INFO|DSOTarget.cs|FindRunningItem|69|DSOTarget, found running target: 
2024-12-31T17:15:16.5161|INFO|DSOTarget.cs|FindRunningItem|69|DSOTarget, found running target: 
2024-12-31T17:15:21.5167|INFO|DSOTarget.cs|FindRunningItem|69|DSOTarget, found running target: 
2024-12-31T17:15:26.5170|INFO|DSOTarget.cs|FindRunningItem|69|DSOTarget, found running target: 
2024-12-31T17:15:28.4145|INFO|DomeVM.cs|OpenShutter|435|Opened dome shutter. Shutter state after opening ShutterOpen
2024-12-31T17:15:28.4151|INFO|SequenceItem.cs|Run|254|Finishing Category: Dome, Item: OpenDomeShutter
2024-12-31T17:15:28.4156|INFO|SequenceItem.cs|Run|208|Starting Category: Ground Station, Item: Send to Pushover, Title: AMOS
2024-12-31T17:15:28.7016|INFO|SequenceItem.cs|Run|254|Finishing Category: Ground Station, Item: Send to Pushover, Title: AMOS
2024-12-31T17:15:28.7019|INFO|SequenceItem.cs|Run|208|Starting Category: Camera, Item: CoolCamera, Temperature: -15, Duration: 0
2024-12-31T17:15:28.7150|INFO|CameraVM.cs|CoolCamera|139|Cooling Camera. Target: -15 Duration: 00:00:00
2024-12-31T17:15:31.5170|INFO|DSOTarget.cs|FindRunningItem|69|DSOTarget, found running target: 
2024-12-31T17:15:36.5172|INFO|DSOTarget.cs|FindRunningItem|69|DSOTarget, found running target: 
2024-12-31T17:15:41.5186|INFO|DSOTarget.cs|FindRunningItem|69|DSOTarget, found running target: 
2024-12-31T17:15:46.5200|INFO|DSOTarget.cs|FindRunningItem|69|DSOTarget, found running target: 
2024-12-31T17:15:51.5216|INFO|DSOTarget.cs|FindRunningItem|69|DSOTarget, found running target: 
2024-12-31T17:15:56.5225|INFO|DSOTarget.cs|FindRunningItem|69|DSOTarget, found running target: 
2024-12-31T17:16:01.5244|INFO|DSOTarget.cs|FindRunningItem|69|DSOTarget, found running target: 
2024-12-31T17:16:06.5264|INFO|DSOTarget.cs|FindRunningItem|69|DSOTarget, found running target: 
2024-12-31T17:16:11.5271|INFO|DSOTarget.cs|FindRunningItem|69|DSOTarget, found running target: 
2024-12-31T17:16:16.5285|INFO|DSOTarget.cs|FindRunningItem|69|DSOTarget, found running target: 
2024-12-31T17:16:21.5296|INFO|DSOTarget.cs|FindRunningItem|69|DSOTarget, found running target: 
2024-12-31T17:16:26.5309|INFO|DSOTarget.cs|FindRunningItem|69|DSOTarget, found running target: 
2024-12-31T17:16:31.5321|INFO|DSOTarget.cs|FindRunningItem|69|DSOTarget, found running target: 
2024-12-31T17:16:36.5333|INFO|DSOTarget.cs|FindRunningItem|69|DSOTarget, found running target: 
2024-12-31T17:16:41.5350|INFO|DSOTarget.cs|FindRunningItem|69|DSOTarget, found running target: 
2024-12-31T17:16:46.5349|INFO|DSOTarget.cs|FindRunningItem|69|DSOTarget, found running target: 
2024-12-31T17:16:51.5360|INFO|DSOTarget.cs|FindRunningItem|69|DSOTarget, found running target: 
2024-12-31T17:16:56.5361|INFO|DSOTarget.cs|FindRunningItem|69|DSOTarget, found running target: 
2024-12-31T17:17:01.5371|INFO|DSOTarget.cs|FindRunningItem|69|DSOTarget, found running target: 
2024-12-31T17:17:06.5376|INFO|DSOTarget.cs|FindRunningItem|69|DSOTarget, found running target: 
2024-12-31T17:17:11.5382|INFO|DSOTarget.cs|FindRunningItem|69|DSOTarget, found running target: 
2024-12-31T17:17:16.5398|INFO|DSOTarget.cs|FindRunningItem|69|DSOTarget, found running target: 
2024-12-31T17:17:21.5411|INFO|DSOTarget.cs|FindRunningItem|69|DSOTarget, found running target: 
2024-12-31T17:17:26.5424|INFO|DSOTarget.cs|FindRunningItem|69|DSOTarget, found running target: 
2024-12-31T17:17:31.5440|INFO|DSOTarget.cs|FindRunningItem|69|DSOTarget, found running target: 
2024-12-31T17:17:36.5454|INFO|DSOTarget.cs|FindRunningItem|69|DSOTarget, found running target: 
2024-12-31T17:17:41.5454|INFO|DSOTarget.cs|FindRunningItem|69|DSOTarget, found running target: 
2024-12-31T17:17:46.5466|INFO|DSOTarget.cs|FindRunningItem|69|DSOTarget, found running target: 
2024-12-31T17:17:51.5481|INFO|DSOTarget.cs|FindRunningItem|69|DSOTarget, found running target: 
2024-12-31T17:17:56.5494|INFO|DSOTarget.cs|FindRunningItem|69|DSOTarget, found running target: 
2024-12-31T17:18:01.5503|INFO|DSOTarget.cs|FindRunningItem|69|DSOTarget, found running target: 
2024-12-31T17:18:06.5512|INFO|DSOTarget.cs|FindRunningItem|69|DSOTarget, found running target: 
2024-12-31T17:18:11.5516|INFO|DSOTarget.cs|FindRunningItem|69|DSOTarget, found running target: 
2024-12-31T17:18:16.5519|INFO|DSOTarget.cs|FindRunningItem|69|DSOTarget, found running target: 
2024-12-31T17:18:21.5544|INFO|DSOTarget.cs|FindRunningItem|69|DSOTarget, found running target: 
2024-12-31T17:18:26.5562|INFO|DSOTarget.cs|FindRunningItem|69|DSOTarget, found running target: 
2024-12-31T17:18:31.5566|INFO|DSOTarget.cs|FindRunningItem|69|DSOTarget, found running target: 
2024-12-31T17:18:36.5587|INFO|DSOTarget.cs|FindRunningItem|69|DSOTarget, found running target: 
2024-12-31T17:18:41.5581|INFO|DSOTarget.cs|FindRunningItem|69|DSOTarget, found running target: 
2024-12-31T17:18:46.5603|INFO|DSOTarget.cs|FindRunningItem|69|DSOTarget, found running target: 
2024-12-31T17:18:51.5604|INFO|DSOTarget.cs|FindRunningItem|69|DSOTarget, found running target: 
2024-12-31T17:18:56.5619|INFO|DSOTarget.cs|FindRunningItem|69|DSOTarget, found running target: 
2024-12-31T17:19:01.5630|INFO|DSOTarget.cs|FindRunningItem|69|DSOTarget, found running target: 
2024-12-31T17:19:06.5633|INFO|DSOTarget.cs|FindRunningItem|69|DSOTarget, found running target: 
2024-12-31T17:19:11.5632|INFO|DSOTarget.cs|FindRunningItem|69|DSOTarget, found running target: 
2024-12-31T17:19:16.5644|INFO|DSOTarget.cs|FindRunningItem|69|DSOTarget, found running target: 
2024-12-31T17:19:21.5654|INFO|DSOTarget.cs|FindRunningItem|69|DSOTarget, found running target: 
2024-12-31T17:19:26.5670|INFO|DSOTarget.cs|FindRunningItem|69|DSOTarget, found running target: 
2024-12-31T17:19:31.5690|INFO|DSOTarget.cs|FindRunningItem|69|DSOTarget, found running target: 
2024-12-31T17:19:36.5694|INFO|DSOTarget.cs|FindRunningItem|69|DSOTarget, found running target: 
2024-12-31T17:19:41.5705|INFO|DSOTarget.cs|FindRunningItem|69|DSOTarget, found running target: 
2024-12-31T17:19:46.5723|INFO|DSOTarget.cs|FindRunningItem|69|DSOTarget, found running target: 
2024-12-31T17:19:51.5729|INFO|DSOTarget.cs|FindRunningItem|69|DSOTarget, found running target: 
2024-12-31T17:19:56.5745|INFO|DSOTarget.cs|FindRunningItem|69|DSOTarget, found running target: 
2024-12-31T17:20:01.5751|INFO|DSOTarget.cs|FindRunningItem|69|DSOTarget, found running target: 
2024-12-31T17:20:06.5764|INFO|DSOTarget.cs|FindRunningItem|69|DSOTarget, found running target: 
2024-12-31T17:20:11.5773|INFO|DSOTarget.cs|FindRunningItem|69|DSOTarget, found running target: 
2024-12-31T17:20:16.5776|INFO|DSOTarget.cs|FindRunningItem|69|DSOTarget, found running target: 
2024-12-31T17:20:21.5794|INFO|DSOTarget.cs|FindRunningItem|69|DSOTarget, found running target: 
2024-12-31T17:20:26.5809|INFO|DSOTarget.cs|FindRunningItem|69|DSOTarget, found running target: 
2024-12-31T17:20:29.7895|INFO|SequenceItem.cs|Run|254|Finishing Category: Camera, Item: CoolCamera, Temperature: -15, Duration: 0
2024-12-31T17:20:29.7898|INFO|SequenceItem.cs|Run|208|Starting Category: Telescope, Item: ParkScope
2024-12-31T17:20:29.7999|INFO|TelescopeVM.cs|ParkTelescope|134|Mount has been commanded to park
2024-12-31T17:20:31.5826|INFO|DSOTarget.cs|FindRunningItem|69|DSOTarget, found running target: 
2024-12-31T17:20:36.2180|INFO|TelescopeVM.cs|ParkTelescope|180|Mount has parked
2024-12-31T17:20:36.2182|INFO|SequenceItem.cs|Run|254|Finishing Category: Telescope, Item: ParkScope
2024-12-31T17:20:36.2186|INFO|SequenceItem.cs|Run|208|Starting Category: Telescope, Item: UnparkScope
2024-12-31T17:20:36.2196|INFO|TelescopeVM.cs|UnparkTelescope|230|Mount ordered to unpark
2024-12-31T17:20:36.5836|INFO|DSOTarget.cs|FindRunningItem|69|DSOTarget, found running target: 
2024-12-31T17:20:40.2171|INFO|TelescopeVM.cs|UnparkTelescope|271|Mount has unparked
2024-12-31T17:20:40.2173|INFO|SequenceItem.cs|Run|254|Finishing Category: Telescope, Item: UnparkScope
2024-12-31T17:20:40.2177|INFO|SequenceItem.cs|Run|208|Starting Category: Telescope, Item: FindHome
2024-12-31T17:20:40.2226|INFO|TelescopeVM.cs|FindHome|281|Mount ordered to locate home position
2024-12-31T17:20:41.5844|INFO|DSOTarget.cs|FindRunningItem|69|DSOTarget, found running target: 
2024-12-31T17:20:46.5850|INFO|DSOTarget.cs|FindRunningItem|69|DSOTarget, found running target: 
2024-12-31T17:20:51.5854|INFO|DSOTarget.cs|FindRunningItem|69|DSOTarget, found running target: 
2024-12-31T17:20:56.2144|INFO|TelescopeVM.cs|FindHome|338|Mount has located its home position
2024-12-31T17:20:56.2147|INFO|SequenceItem.cs|Run|254|Finishing Category: Telescope, Item: FindHome
2024-12-31T17:20:56.2150|INFO|SequenceItem.cs|Run|208|Starting Category: Flat Device, Item: OpenCover
2024-12-31T17:20:56.2218|INFO|FlatDeviceVM.cs|OpenCover|302|Opening Flat Device Cover
2024-12-31T17:20:56.5860|INFO|DSOTarget.cs|FindRunningItem|69|DSOTarget, found running target: 
2024-12-31T17:21:01.5865|INFO|DSOTarget.cs|FindRunningItem|69|DSOTarget, found running target: 
2024-12-31T17:21:06.5882|INFO|DSOTarget.cs|FindRunningItem|69|DSOTarget, found running target: 
2024-12-31T17:21:07.9621|INFO|SequenceItem.cs|Run|254|Finishing Category: Flat Device, Item: OpenCover
2024-12-31T17:21:07.9630|INFO|SequenceItem.cs|Run|208|Starting Category: Telescope, Item: SetTracking, TrackingMode: Stopped
2024-12-31T17:21:07.9737|INFO|SequenceItem.cs|Run|254|Finishing Category: Telescope, Item: SetTracking, TrackingMode: Stopped
2024-12-31T17:21:07.9746|INFO|SequenceItem.cs|Run|208|Starting Category: Telescope, Item: SlewScopeToAltAz, Coordinates: NINA.Astrometry.InputTopocentricCoordinates
2024-12-31T17:21:07.9821|INFO|TelescopeVM.cs|SlewToCoordinatesAsync|926|Slewing from RA: 00:35:34; Dec: 46° 09' 51"; Epoch: JNOW to RA: 00:29:41; Dec: -02° 51' 52"; Epoch: JNOW - Alt: 40° 00' 00"; Az: 170° 00' 00"
2024-12-31T17:21:07.9878|INFO|DomeVM.cs|SlewToAzimuth|630|Slewing dome to azimuth 185.29448868392768°
2024-12-31T17:21:11.5899|INFO|DSOTarget.cs|FindRunningItem|69|DSOTarget, found running target: 
2024-12-31T17:21:16.5917|INFO|DSOTarget.cs|FindRunningItem|69|DSOTarget, found running target: 
2024-12-31T17:21:21.5928|INFO|DSOTarget.cs|FindRunningItem|69|DSOTarget, found running target: 
2024-12-31T17:21:22.0219|INFO|SequenceItem.cs|Run|254|Finishing Category: Telescope, Item: SlewScopeToAltAz, Coordinates: NINA.Astrometry.InputTopocentricCoordinates
2024-12-31T17:21:22.0224|INFO|SequenceItem.cs|Run|208|Starting Category: Dome, Item: EnableDomeSynchronization
2024-12-31T17:21:22.0245|INFO|DomeVM.cs|OnFollowChanged|716|Dome following enabled
2024-12-31T17:21:22.0255|INFO|DomeFollower.cs|WaitForPreviousSlew|212|Dome is already slewing. Waiting for previous slew to finish
2024-12-31T17:21:26.5950|INFO|DSOTarget.cs|FindRunningItem|69|DSOTarget, found running target: 
2024-12-31T17:21:31.5978|INFO|DSOTarget.cs|FindRunningItem|69|DSOTarget, found running target: 
2024-12-31T17:21:36.5989|INFO|DSOTarget.cs|FindRunningItem|69|DSOTarget, found running target: 
2024-12-31T17:21:41.5996|INFO|DSOTarget.cs|FindRunningItem|69|DSOTarget, found running target: 
2024-12-31T17:21:46.6005|INFO|DSOTarget.cs|FindRunningItem|69|DSOTarget, found running target: 
2024-12-31T17:21:51.6020|INFO|DSOTarget.cs|FindRunningItem|69|DSOTarget, found running target: 
2024-12-31T17:21:56.6037|INFO|DSOTarget.cs|FindRunningItem|69|DSOTarget, found running target: 
2024-12-31T17:22:01.6044|INFO|DSOTarget.cs|FindRunningItem|69|DSOTarget, found running target: 
2024-12-31T17:22:06.6054|INFO|DSOTarget.cs|FindRunningItem|69|DSOTarget, found running target: 
2024-12-31T17:22:10.4430|INFO|SequenceItem.cs|Run|254|Finishing Category: Dome, Item: EnableDomeSynchronization
2024-12-31T17:22:10.4434|INFO|SequenceItem.cs|Run|208|Starting Category: Utility, Item: WaitForTime, Time: 18:8:6h, Offset: -10
2024-12-31T17:22:11.6067|INFO|DSOTarget.cs|FindRunningItem|69|DSOTarget, found running target: 
2024-12-31T17:22:16.6078|INFO|DSOTarget.cs|FindRunningItem|69|DSOTarget, found running target: 
2024-12-31T17:22:21.6095|INFO|DSOTarget.cs|FindRunningItem|69|DSOTarget, found running target: 
2024-12-31T17:22:26.6111|INFO|DSOTarget.cs|FindRunningItem|69|DSOTarget, found running target: 
2024-12-31T17:22:31.6118|INFO|DSOTarget.cs|FindRunningItem|69|DSOTarget, found running target: 
2024-12-31T17:22:36.6119|INFO|DSOTarget.cs|FindRunningItem|69|DSOTarget, found running target: 
2024-12-31T17:22:41.6127|INFO|DSOTarget.cs|FindRunningItem|69|DSOTarget, found running target: 
2024-12-31T17:22:46.6135|INFO|DSOTarget.cs|FindRunningItem|69|DSOTarget, found running target: 
2024-12-31T17:22:51.6149|INFO|DSOTarget.cs|FindRunningItem|69|DSOTarget, found running target: 
2024-12-31T17:22:56.6152|INFO|DSOTarget.cs|FindRunningItem|69|DSOTarget, found running target: 
2024-12-31T17:23:01.6158|INFO|DSOTarget.cs|FindRunningItem|69|DSOTarget, found running target: 
2024-12-31T17:23:06.6181|INFO|DSOTarget.cs|FindRunningItem|69|DSOTarget, found running target: 
2024-12-31T17:23:11.6334|INFO|DSOTarget.cs|FindRunningItem|69|DSOTarget, found running target: 
2024-12-31T17:23:16.6350|INFO|DSOTarget.cs|FindRunningItem|69|DSOTarget, found running target: 
2024-12-31T17:23:21.6404|INFO|DSOTarget.cs|FindRunningItem|69|DSOTarget, found running target: 
2024-12-31T17:23:26.6532|INFO|DSOTarget.cs|FindRunningItem|69|DSOTarget, found running target: 
2024-12-31T17:23:31.6679|INFO|DSOTarget.cs|FindRunningItem|69|DSOTarget, found running target: 
2024-12-31T17:23:36.6824|INFO|DSOTarget.cs|FindRunningItem|69|DSOTarget, found running target: 
2024-12-31T17:23:41.6878|INFO|DSOTarget.cs|FindRunningItem|69|DSOTarget, found running target: 
2024-12-31T17:23:46.7034|INFO|DSOTarget.cs|FindRunningItem|69|DSOTarget, found running target: 
2024-12-31T17:23:51.7143|INFO|DSOTarget.cs|FindRunningItem|69|DSOTarget, found running target: 
2024-12-31T17:23:56.7236|INFO|DSOTarget.cs|FindRunningItem|69|DSOTarget, found running target: 
2024-12-31T17:24:01.7289|INFO|DSOTarget.cs|FindRunningItem|69|DSOTarget, found running target: 
2024-12-31T17:24:06.7363|INFO|DSOTarget.cs|FindRunningItem|69|DSOTarget, found running target: 
2024-12-31T17:24:11.7362|INFO|DSOTarget.cs|FindRunningItem|69|DSOTarget, found running target: 
2024-12-31T17:24:16.2811|INFO|DomeVM.cs|SlewToAzimuth|630|Slewing dome to azimuth 186.23902368805642°
2024-12-31T17:24:16.7419|INFO|DSOTarget.cs|FindRunningItem|69|DSOTarget, found running target: 
2024-12-31T17:24:21.7507|INFO|DSOTarget.cs|FindRunningItem|69|DSOTarget, found running target: 
2024-12-31T17:24:26.7644|INFO|DSOTarget.cs|FindRunningItem|69|DSOTarget, found running target: 
2024-12-31T17:24:31.7795|INFO|DSOTarget.cs|FindRunningItem|69|DSOTarget, found running target: 
2024-12-31T17:24:36.7843|INFO|DSOTarget.cs|FindRunningItem|69|DSOTarget, found running target: 
2024-12-31T17:24:41.7863|INFO|DSOTarget.cs|FindRunningItem|69|DSOTarget, found running target: 
2024-12-31T17:24:46.8004|INFO|DSOTarget.cs|FindRunningItem|69|DSOTarget, found running target: 
2024-12-31T17:24:51.8081|INFO|DSOTarget.cs|FindRunningItem|69|DSOTarget, found running target: 
2024-12-31T17:24:56.8207|INFO|DSOTarget.cs|FindRunningItem|69|DSOTarget, found running target: 
2024-12-31T17:25:01.8337|INFO|DSOTarget.cs|FindRunningItem|69|DSOTarget, found running target: 
2024-12-31T17:25:06.8355|INFO|DSOTarget.cs|FindRunningItem|69|DSOTarget, found running target: 
2024-12-31T17:25:11.8437|INFO|DSOTarget.cs|FindRunningItem|69|DSOTarget, found running target: 
2024-12-31T17:25:16.8457|INFO|DSOTarget.cs|FindRunningItem|69|DSOTarget, found running target: 
2024-12-31T17:25:21.8474|INFO|DSOTarget.cs|FindRunningItem|69|DSOTarget, found running target: 
2024-12-31T17:25:26.8487|INFO|DSOTarget.cs|FindRunningItem|69|DSOTarget, found running target: 
2024-12-31T17:25:31.8497|INFO|DSOTarget.cs|FindRunningItem|69|DSOTarget, found running target: 
2024-12-31T17:25:36.8503|INFO|DSOTarget.cs|FindRunningItem|69|DSOTarget, found running target: 
2024-12-31T17:25:41.8504|INFO|DSOTarget.cs|FindRunningItem|69|DSOTarget, found running target: 
2024-12-31T17:25:46.8525|INFO|DSOTarget.cs|FindRunningItem|69|DSOTarget, found running target: 
2024-12-31T17:25:51.8544|INFO|DSOTarget.cs|FindRunningItem|69|DSOTarget, found running target: 
2024-12-31T17:25:56.8554|INFO|DSOTarget.cs|FindRunningItem|69|DSOTarget, found running target: 
2024-12-31T17:26:01.8575|INFO|DSOTarget.cs|FindRunningItem|69|DSOTarget, found running target: 
2024-12-31T17:26:06.8580|INFO|DSOTarget.cs|FindRunningItem|69|DSOTarget, found running target: 
2024-12-31T17:26:11.8581|INFO|DSOTarget.cs|FindRunningItem|69|DSOTarget, found running target: 
2024-12-31T17:26:16.8602|INFO|DSOTarget.cs|FindRunningItem|69|DSOTarget, found running target: 
2024-12-31T17:26:21.8602|INFO|DSOTarget.cs|FindRunningItem|69|DSOTarget, found running target: 
2024-12-31T17:26:26.8607|INFO|DSOTarget.cs|FindRunningItem|69|DSOTarget, found running target: 
2024-12-31T17:26:31.8629|INFO|DSOTarget.cs|FindRunningItem|69|DSOTarget, found running target: 
2024-12-31T17:26:36.8645|INFO|DSOTarget.cs|FindRunningItem|69|DSOTarget, found running target: 
2024-12-31T17:26:41.8660|INFO|DSOTarget.cs|FindRunningItem|69|DSOTarget, found running target: 
2024-12-31T17:26:46.8680|INFO|DSOTarget.cs|FindRunningItem|69|DSOTarget, found running target: 
2024-12-31T17:26:51.8690|INFO|DSOTarget.cs|FindRunningItem|69|DSOTarget, found running target: 
2024-12-31T17:26:56.8689|INFO|DSOTarget.cs|FindRunningItem|69|DSOTarget, found running target: 
2024-12-31T17:27:01.8701|INFO|DSOTarget.cs|FindRunningItem|69|DSOTarget, found running target: 
2024-12-31T17:27:06.8701|INFO|DSOTarget.cs|FindRunningItem|69|DSOTarget, found running target: 
2024-12-31T17:27:11.8707|INFO|DSOTarget.cs|FindRunningItem|69|DSOTarget, found running target: 
2024-12-31T17:27:16.8713|INFO|DSOTarget.cs|FindRunningItem|69|DSOTarget, found running target: 
2024-12-31T17:27:21.8730|INFO|DSOTarget.cs|FindRunningItem|69|DSOTarget, found running target: 
2024-12-31T17:27:26.8738|INFO|DSOTarget.cs|FindRunningItem|69|DSOTarget, found running target: 
2024-12-31T17:27:31.8753|INFO|DSOTarget.cs|FindRunningItem|69|DSOTarget, found running target: 
2024-12-31T17:27:36.8771|INFO|DSOTarget.cs|FindRunningItem|69|DSOTarget, found running target: 
2024-12-31T17:27:41.8787|INFO|DSOTarget.cs|FindRunningItem|69|DSOTarget, found running target: 
2024-12-31T17:27:44.6407|INFO|DomeVM.cs|SlewToAzimuth|630|Slewing dome to azimuth 187.27012112702403°
2024-12-31T17:27:46.8803|INFO|DSOTarget.cs|FindRunningItem|69|DSOTarget, found running target: 
2024-12-31T17:27:51.8800|INFO|DSOTarget.cs|FindRunningItem|69|DSOTarget, found running target: 
2024-12-31T17:27:56.8801|INFO|DSOTarget.cs|FindRunningItem|69|DSOTarget, found running target: 
2024-12-31T17:28:01.8810|INFO|DSOTarget.cs|FindRunningItem|69|DSOTarget, found running target: 
2024-12-31T17:28:06.8819|INFO|DSOTarget.cs|FindRunningItem|69|DSOTarget, found running target: 
2024-12-31T17:28:11.8839|INFO|DSOTarget.cs|FindRunningItem|69|DSOTarget, found running target: 
2024-12-31T17:28:16.8844|INFO|DSOTarget.cs|FindRunningItem|69|DSOTarget, found running target: 
2024-12-31T17:28:21.8855|INFO|DSOTarget.cs|FindRunningItem|69|DSOTarget, found running target: 
2024-12-31T17:28:26.8861|INFO|DSOTarget.cs|FindRunningItem|69|DSOTarget, found running target: 
2024-12-31T17:28:31.8868|INFO|DSOTarget.cs|FindRunningItem|69|DSOTarget, found running target: 
2024-12-31T17:28:36.8875|INFO|DSOTarget.cs|FindRunningItem|69|DSOTarget, found running target: 
2024-12-31T17:28:41.8890|INFO|DSOTarget.cs|FindRunningItem|69|DSOTarget, found running target: 
2024-12-31T17:28:46.8910|INFO|DSOTarget.cs|FindRunningItem|69|DSOTarget, found running target: 
2024-12-31T17:28:51.8915|INFO|DSOTarget.cs|FindRunningItem|69|DSOTarget, found running target: 
2024-12-31T17:28:56.8923|INFO|DSOTarget.cs|FindRunningItem|69|DSOTarget, found running target: 
2024-12-31T17:29:01.8921|INFO|DSOTarget.cs|FindRunningItem|69|DSOTarget, found running target: 
2024-12-31T17:29:06.8927|INFO|DSOTarget.cs|FindRunningItem|69|DSOTarget, found running target: 
2024-12-31T17:29:11.9012|INFO|DSOTarget.cs|FindRunningItem|69|DSOTarget, found running target: 
2024-12-31T17:29:16.9013|INFO|DSOTarget.cs|FindRunningItem|69|DSOTarget, found running target: 
2024-12-31T17:29:21.9025|INFO|DSOTarget.cs|FindRunningItem|69|DSOTarget, found running target: 
2024-12-31T17:29:26.9043|INFO|DSOTarget.cs|FindRunningItem|69|DSOTarget, found running target: 
2024-12-31T17:29:31.9058|INFO|DSOTarget.cs|FindRunningItem|69|DSOTarget, found running target: 
2024-12-31T17:29:36.9079|INFO|DSOTarget.cs|FindRunningItem|69|DSOTarget, found running target: 
2024-12-31T17:29:41.9085|INFO|DSOTarget.cs|FindRunningItem|69|DSOTarget, found running target: 
2024-12-31T17:29:46.9098|INFO|DSOTarget.cs|FindRunningItem|69|DSOTarget, found running target: 
2024-12-31T17:29:51.9102|INFO|DSOTarget.cs|FindRunningItem|69|DSOTarget, found running target: 
2024-12-31T17:29:56.9117|INFO|DSOTarget.cs|FindRunningItem|69|DSOTarget, found running target: 
2024-12-31T17:30:01.9121|INFO|DSOTarget.cs|FindRunningItem|69|DSOTarget, found running target: 
2024-12-31T17:30:06.9127|INFO|DSOTarget.cs|FindRunningItem|69|DSOTarget, found running target: 
2024-12-31T17:30:11.9136|INFO|DSOTarget.cs|FindRunningItem|69|DSOTarget, found running target: 
2024-12-31T17:30:16.9151|INFO|DSOTarget.cs|FindRunningItem|69|DSOTarget, found running target: 
2024-12-31T17:30:21.9174|INFO|DSOTarget.cs|FindRunningItem|69|DSOTarget, found running target: 
2024-12-31T17:30:26.9170|INFO|DSOTarget.cs|FindRunningItem|69|DSOTarget, found running target: 
2024-12-31T17:30:31.9181|INFO|DSOTarget.cs|FindRunningItem|69|DSOTarget, found running target: 
2024-12-31T17:30:36.9185|INFO|DSOTarget.cs|FindRunningItem|69|DSOTarget, found running target: 
2024-12-31T17:30:41.9213|INFO|DSOTarget.cs|FindRunningItem|69|DSOTarget, found running target: 
2024-12-31T17:30:46.9330|INFO|DSOTarget.cs|FindRunningItem|69|DSOTarget, found running target: 
2024-12-31T17:30:51.9358|INFO|DSOTarget.cs|FindRunningItem|69|DSOTarget, found running target: 
2024-12-31T17:30:56.9351|INFO|DSOTarget.cs|FindRunningItem|69|DSOTarget, found running target: 
2024-12-31T17:31:01.9360|INFO|DSOTarget.cs|FindRunningItem|69|DSOTarget, found running target: 
2024-12-31T17:31:06.9370|INFO|DSOTarget.cs|FindRunningItem|69|DSOTarget, found running target: 
2024-12-31T17:31:11.9379|INFO|DSOTarget.cs|FindRunningItem|69|DSOTarget, found running target: 
2024-12-31T17:31:12.4986|INFO|DomeVM.cs|SlewToAzimuth|630|Slewing dome to azimuth 188.29948147370604°
2024-12-31T17:31:16.9390|INFO|DSOTarget.cs|FindRunningItem|69|DSOTarget, found running target: 
2024-12-31T17:31:19.5386|INFO|SequenceItem.cs|Run|208|Starting Category: Telescope, Item: SetTracking, TrackingMode: Sidereal
2024-12-31T17:31:19.5520|INFO|SequenceItem.cs|Run|254|Finishing Category: Telescope, Item: SetTracking, TrackingMode: Sidereal
2024-12-31T17:31:19.5521|INFO|SequenceItem.cs|Run|208|Starting Category: Ground Station, Item: Send to Pushover, Title: AMOS
2024-12-31T17:31:19.8795|INFO|SequenceItem.cs|Run|254|Finishing Category: Ground Station, Item: Send to Pushover, Title: AMOS
2024-12-31T17:31:19.8815|INFO|SequenceItem.cs|Run|254|Finishing Category: * Instruction Set *, Container: NINA.Sequencer.Container.SequentialContainer, Strategy: SequentialStrategy, Items[FINISHED]: 15, Items[SKIPPED]: 1, Triggers: Trigger: WhenUnsafe
2024-12-31T17:31:19.8819|INFO|SequenceItem.cs|Run|254|Finishing Category: * Instruction Set *, Container: NINA.Sequencer.Container.StartAreaContainer, Strategy: SequentialStrategy, Items[FINISHED]: 4
2024-12-31T17:31:19.8821|INFO|SequenceItem.cs|Run|208|Starting Category: * Instruction Set *, Container: NINA.Sequencer.Container.TargetAreaContainer, Strategy: SequentialStrategy, Items[CREATED]: 1
2024-12-31T17:31:19.8826|INFO|SequenceItem.cs|Run|208|Starting Category: * Instruction Set *, Container: NINA.Sequencer.Container.SequentialContainer, Strategy: SequentialStrategy, Items[CREATED]: 1, Conditions: Condition: TimeCondition, Time: 6:33:49h, Condition: TargetSchedulerCondition mode=While Targets Remain Tonight, , Triggers: Category: Ground Station, Item: Failures to PushoverTrigger: WhenUnsafeTrigger: AutofocusAfterTimeTrigger, Amount: 30mTrigger: CenterAfterDriftTrigger, DistanceArcMinutes: 0.5Trigger: AutofocusAfterHFRIncreaseTrigger, Amount: 5Trigger: AutofocusAfterTemperatureChangeTrigger, Amount: 2°
2024-12-31T17:31:19.8956|INFO|SequenceItem.cs|Run|208|Starting Category: Target Scheduler, Container: Assistant.NINAPlugin.Sequencer.TargetSchedulerContainer, Strategy: SequentialStrategy, Target:  RA: 00:00:00; Dec: 00° 00' 00"; Epoch: J2000 0
2024-12-31T17:31:19.9082|INFO|Symbol.cs|OnMessageReceived|562|Received message from Target Scheduler re: TargetScheduler-WaitStart
2024-12-31T17:39:50.3587|INFO|Symbol.cs|OnMessageReceived|562|Received message from Target Scheduler re: TargetScheduler-TargetStart
2024-12-31T17:39:50.3807|INFO|SequenceItem.cs|Run|208|Starting Category: Scheduler, Item: Center, Coordinates RA: 01:33:51; Dec: 30° 39' 36"; Epoch: J2000
2024-12-31T17:39:50.4637|INFO|TelescopeVM.cs|SlewToCoordinatesAsync|926|Slewing from RA: 00:38:13; Dec: -02° 51' 52"; Epoch: JNOW to RA: 01:35:16; Dec: 30° 47' 27"; Epoch: JNOW - Alt: 68° 12' 00"; Az: 129° 56' 17"
2024-12-31T17:39:50.4641|INFO|DomeVM.cs|SlewToAzimuth|630|Slewing dome to azimuth 166.07788403904186°
2024-12-31T17:39:50.5968|INFO|DomeFollower.cs|WaitForPreviousSlew|212|Dome is already slewing. Waiting for previous slew to finish
2024-12-31T17:40:02.5968|INFO|CameraVM.cs|Capture|737|Starting Exposure - Exposure Time: 6s; Filter: Lum; Gain: 100; Offset 50; Binning: 1x1;
2024-12-31T17:40:11.0907|INFO|ImageSolver.cs|Solve|41|Platesolving with parameters: FocalLength: 1260 PixelSize: 3.8 SearchRadius: 30 BlindFailoverEnabled: True Regions: 5000 DownSampleFactor: 0 MaxObjects: 500 Reference Coordinates RA: 01:33:51 Dec: 30° 39' 36" Epoch: J2000
2024-12-31T17:40:11.2480|INFO|BaseImageData.cs|SaveToDisk|344|Saved image to C:\Users\AMOS\AppData\Local\NINA\PlateSolver\c3uqhtmo.0to.fits
2024-12-31T17:40:11.7353|INFO|ImageSolver.cs|Solve|54|Platesolve successful: Coordinates: RA: 01:34:42; Dec: 30° 38' 20"; Epoch: J2000
2024-12-31T17:40:11.7386|INFO|CenteringSolver.cs|Center|99|Centering Solver - Scope Position: RA: 01:35:16; Dec: 30° 47' 28"; Epoch: JNOW; Offset: RA: 00:00:00; Dec: 00° 00' 00"; Distance: 00° 00' 00"; Bearing: 00° 00' 00"; Centering Coordinates: RA: 01:35:16; Dec: 30° 47' 27"; Epoch: JNOW; Solved: RA: 01:36:07; Dec: 30° 46' 11"; Epoch: JNOW; Separation RA: -00:00:51; Dec: 00° 01' 17"; Distance: 00° 11' 08"; Bearing: -96° 31' 46"; Threshold: 1
2024-12-31T17:40:12.8309|INFO|TelescopeVM.cs|Sync|800|Syncing scope from RA: 01:35:16; Dec: 30° 47' 28"; Epoch: JNOW to RA: 01:36:07; Dec: 30° 46' 11"; Epoch: JNOW
2024-12-31T17:40:17.8328|INFO|CenteringSolver.cs|Center|132|Slewing to target after sync. Current Position: RA: 01:36:07; Dec: 30° 46' 11"; Epoch: JNOW; Target coordinates: RA: 01:35:16; Dec: 30° 47' 27"; Epoch: JNOW; Offset RA: 00:00:00; Dec: 00° 00' 00"; Distance: 00° 00' 00"; Bearing: 00° 00' 00"
2024-12-31T17:40:17.8343|INFO|TelescopeVM.cs|SlewToCoordinatesAsync|926|Slewing from RA: 01:36:07; Dec: 30° 46' 11"; Epoch: JNOW to RA: 01:35:16; Dec: 30° 47' 27"; Epoch: JNOW - Alt: 68° 15' 36"; Az: 130° 08' 52"
2024-12-31T17:40:24.8837|INFO|CameraVM.cs|Capture|737|Starting Exposure - Exposure Time: 6s; Filter: Lum; Gain: 100; Offset 50; Binning: 1x1;
2024-12-31T17:40:32.9432|INFO|ImageSolver.cs|Solve|41|Platesolving with parameters: FocalLength: 1260 PixelSize: 3.8 SearchRadius: 30 BlindFailoverEnabled: True Regions: 5000 DownSampleFactor: 0 MaxObjects: 500 Reference Coordinates RA: 01:33:51 Dec: 30° 39' 36" Epoch: J2000
2024-12-31T17:40:33.0888|INFO|BaseImageData.cs|SaveToDisk|344|Saved image to C:\Users\AMOS\AppData\Local\NINA\PlateSolver\nrtxpugb.5iv.fits
2024-12-31T17:40:33.5428|INFO|ImageSolver.cs|Solve|54|Platesolve successful: Coordinates: RA: 01:33:51; Dec: 30° 39' 33"; Epoch: J2000
2024-12-31T17:40:33.5452|INFO|CenteringSolver.cs|Center|99|Centering Solver - Scope Position: RA: 01:35:16; Dec: 30° 47' 27"; Epoch: JNOW; Offset: RA: 00:00:00; Dec: 00° 00' 00"; Distance: 00° 00' 00"; Bearing: 00° 00' 00"; Centering Coordinates: RA: 01:35:16; Dec: 30° 47' 27"; Epoch: JNOW; Solved: RA: 01:35:16; Dec: 30° 47' 25"; Epoch: JNOW; Separation RA: 00:00:00; Dec: 00° 00' 03"; Distance: 00° 00' 03"; Bearing: 146° 26' 22"; Threshold: 1
2024-12-31T17:40:33.5455|INFO|CenteringSolver.cs|Center|165|Restoring filter to Lum after centering
2024-12-31T17:40:33.5488|INFO|SequenceItem.cs|Run|254|Finishing Category: Scheduler, Item: Center, Coordinates RA: 01:33:51; Dec: 30° 39' 36"; Epoch: J2000
2024-12-31T17:40:33.5590|INFO|SequenceItem.cs|Run|208|Starting Category: , Container: Assistant.NINAPlugin.Sequencer.InstructionContainer, Strategy: InstructionContainerStrategy, Items[CREATED]: 2
2024-12-31T17:40:33.5609|INFO|SequenceItem.cs|Run|208|Starting Category: Dome, Item: EnableDomeSynchronization
2024-12-31T17:40:36.4409|INFO|SequenceItem.cs|Run|254|Finishing Category: Dome, Item: EnableDomeSynchronization
2024-12-31T17:40:36.4473|INFO|SequenceItem.cs|Run|208|Starting Category: Focuser, Item: RunAutofocus
2024-12-31T17:40:36.5543|INFO|CameraVM.cs|Capture|737|Starting Exposure - Exposure Time: 5s; Filter: Lum; Gain: 102; Offset 50; Binning: 1x1;
2024-12-31T17:40:43.3834|INFO|AutoFocusEngine.cs|StartBlindFocusPoints|788|Waiting on initial HFR analysis
2024-12-31T17:40:43.4236|INFO|FocuserVM.cs|MoveFocuserInternal|213|Moving Focuser to position 15524
2024-12-31T17:40:44.1733|INFO|HocusFocusStarDetection.cs|Detect|410|Average HFR: 2.588529421630315, HFR MAD: 0.2469807111232183, Detected Stars 190, Region: 0
2024-12-31T17:40:49.0702|INFO|CameraVM.cs|Capture|737|Starting Exposure - Exposure Time: 5s; Filter: Lum; Gain: 102; Offset 50; Binning: 1x1;
2024-12-31T17:40:55.8929|INFO|FocuserVM.cs|MoveFocuserInternal|213|Moving Focuser to position 15464
2024-12-31T17:40:56.5944|INFO|HocusFocusStarDetection.cs|Detect|410|Average HFR: 7.140605144949806, HFR MAD: 0.2688004662478676, Detected Stars 36, Region: 0
2024-12-31T17:41:01.0396|INFO|CameraVM.cs|Capture|737|Starting Exposure - Exposure Time: 5s; Filter: Lum; Gain: 102; Offset 50; Binning: 1x1;
2024-12-31T17:41:07.9430|INFO|FocuserVM.cs|MoveFocuserInternal|213|Moving Focuser to position 15404
2024-12-31T17:41:08.7153|INFO|HocusFocusStarDetection.cs|Detect|410|Average HFR: 4.954042213882323, HFR MAD: 0.2700437161226663, Detected Stars 67, Region: 0
2024-12-31T17:41:13.0743|INFO|CameraVM.cs|Capture|737|Starting Exposure - Exposure Time: 5s; Filter: Lum; Gain: 102; Offset 50; Binning: 1x1;
2024-12-31T17:41:19.7876|INFO|FocuserVM.cs|MoveFocuserInternal|213|Moving Focuser to position 15344
2024-12-31T17:41:20.4225|INFO|HocusFocusStarDetection.cs|Detect|410|Average HFR: 2.985073788628466, HFR MAD: 0.21533458373693692, Detected Stars 161, Region: 0
2024-12-31T17:41:23.0652|INFO|CameraVM.cs|Capture|737|Starting Exposure - Exposure Time: 5s; Filter: Lum; Gain: 102; Offset 50; Binning: 1x1;
2024-12-31T17:41:26.4787|INFO|DomeVM.cs|SlewToAzimuth|630|Slewing dome to azimuth 167.01364786471947°
2024-12-31T17:41:29.7444|INFO|AutoFocusEngine.cs|StartBlindFocusPoints|816|Waiting on initial focuser move analyses
2024-12-31T17:41:30.4182|INFO|HocusFocusStarDetection.cs|Detect|410|Average HFR: 1.9756994393456244, HFR MAD: 0.13497468939642854, Detected Stars 248, Region: 0
2024-12-31T17:41:30.4746|INFO|FocuserVM.cs|MoveFocuserInternal|213|Moving Focuser to position 15284
2024-12-31T17:41:35.0489|INFO|CameraVM.cs|Capture|737|Starting Exposure - Exposure Time: 5s; Filter: Lum; Gain: 102; Offset 50; Binning: 1x1;
2024-12-31T17:41:41.7340|INFO|AutoFocusEngine.cs|StartBlindFocusPoints|889|Waiting on next left movement analysis
2024-12-31T17:41:42.4006|INFO|HocusFocusStarDetection.cs|Detect|410|Average HFR: 2.5787847811204148, HFR MAD: 0.23366863177285024, Detected Stars 189, Region: 0
2024-12-31T17:41:42.4471|INFO|FocuserVM.cs|MoveFocuserInternal|213|Moving Focuser to position 15224
2024-12-31T17:41:47.0207|INFO|CameraVM.cs|Capture|737|Starting Exposure - Exposure Time: 5s; Filter: Lum; Gain: 102; Offset 50; Binning: 1x1;
2024-12-31T17:41:53.7052|INFO|AutoFocusEngine.cs|StartBlindFocusPoints|889|Waiting on next left movement analysis
2024-12-31T17:41:54.4156|INFO|HocusFocusStarDetection.cs|Detect|410|Average HFR: 4.063163508576363, HFR MAD: 0.3964200240049398, Detected Stars 114, Region: 0
2024-12-31T17:41:54.4615|INFO|FocuserVM.cs|MoveFocuserInternal|213|Moving Focuser to position 15164
2024-12-31T17:41:59.0657|INFO|CameraVM.cs|Capture|737|Starting Exposure - Exposure Time: 5s; Filter: Lum; Gain: 102; Offset 50; Binning: 1x1;
2024-12-31T17:42:05.7506|INFO|AutoFocusEngine.cs|StartBlindFocusPoints|889|Waiting on next left movement analysis
2024-12-31T17:42:06.4259|INFO|HocusFocusStarDetection.cs|Detect|410|Average HFR: 6.265365377606361, HFR MAD: 0.4241979645211833, Detected Stars 51, Region: 0
2024-12-31T17:42:06.4746|INFO|FocuserVM.cs|MoveFocuserInternal|213|Moving Focuser to position 15104
2024-12-31T17:42:11.0283|INFO|CameraVM.cs|Capture|737|Starting Exposure - Exposure Time: 5s; Filter: Lum; Gain: 102; Offset 50; Binning: 1x1;
2024-12-31T17:42:17.7257|INFO|AutoFocusEngine.cs|StartBlindFocusPoints|889|Waiting on next left movement analysis
2024-12-31T17:42:18.3878|INFO|HocusFocusStarDetection.cs|Detect|410|Average HFR: 8.67036741542083, HFR MAD: 0.36992300150672897, Detected Stars 30, Region: 0
2024-12-31T17:42:18.3965|INFO|AutoFocusEngine.cs|StartBlindFocusPoints|842|Enough left trend points (4) with an established minimum (15344) to queue remaining right focus points up to 15584
2024-12-31T17:42:18.4336|INFO|FocuserVM.cs|MoveFocuserInternal|213|Moving Focuser to position 15584
2024-12-31T17:42:25.0464|INFO|CameraVM.cs|Capture|737|Starting Exposure - Exposure Time: 5s; Filter: Lum; Gain: 102; Offset 50; Binning: 1x1;
2024-12-31T17:42:31.7390|INFO|AutoFocusEngine.cs|StartBlindFocusPoints|915|Waiting on remaining AutoFocus analysis tasks
2024-12-31T17:42:32.4118|INFO|HocusFocusStarDetection.cs|Detect|410|Average HFR: 9.624613341416016, HFR MAD: 0.31853554465878275, Detected Stars 27, Region: 0
2024-12-31T17:42:32.4646|INFO|FocuserVM.cs|MoveFocuserInternal|213|Moving Focuser to position 15335
2024-12-31T17:42:37.0485|INFO|AutoFocusEngine.cs|ValidateCalculatedFocusPosition|1168|Validating HFR at final focus position 15335
2024-12-31T17:42:37.0730|INFO|CameraVM.cs|Capture|737|Starting Exposure - Exposure Time: 5s; Filter: Lum; Gain: 102; Offset 50; Binning: 1x1;
2024-12-31T17:42:44.5592|INFO|HocusFocusStarDetection.cs|Detect|410|Average HFR: 2.045318013436294, HFR MAD: 0.11295008870562206, Detected Stars 252, Region: 0
2024-12-31T17:42:44.5975|INFO|FocuserMediator.cs|BroadcastSuccessfulAutoFocusRun|45|Autofocus notification received - Temperature 5.625
2024-12-31T17:42:44.6093|INFO|SequenceItem.cs|Run|254|Finishing Category: Focuser, Item: RunAutofocus
2024-12-31T17:42:44.6096|INFO|SequenceItem.cs|Run|254|Finishing Category: , Container: Assistant.NINAPlugin.Sequencer.InstructionContainer, Strategy: InstructionContainerStrategy, Items[FINISHED]: 2
2024-12-31T17:42:44.6101|INFO|SequenceItem.cs|Run|208|Starting Category: Scheduler, Item: SwitchFilter, Filter: Ha
2024-12-31T17:42:44.6103|INFO|FilterWheelVM.cs|ChangeFilter|112|Moving to Filter Ha at Position 4
2024-12-31T17:42:44.6798|INFO|FocuserVM.cs|MoveFocuserInternal|213|Moving Focuser to position 15382
2024-12-31T17:42:51.0425|INFO|SequenceItem.cs|Run|254|Finishing Category: Scheduler, Item: SwitchFilter, Filter: Ha
2024-12-31T17:42:51.0433|INFO|SequenceItem.cs|Run|208|Starting Category: Scheduler, Item: SetReadoutMode, Mode: 0
2024-12-31T17:42:51.0440|INFO|SequenceItem.cs|Run|254|Finishing Category: Scheduler, Item: SetReadoutMode, Mode: 0
2024-12-31T17:42:51.0510|INFO|SequenceItem.cs|Run|208|Starting Category: Scheduler, Item: TakeExposure, ExposureTime 300, Gain 102, Offset 50, ImageType LIGHT, Binning 1x1
2024-12-31T17:42:51.0938|INFO|CameraVM.cs|Capture|737|Starting Exposure - Exposure Time: 300s; Filter: ; Gain: 102; Offset 50; Binning: 1x1;
2024-12-31T17:43:10.4341|INFO|DomeVM.cs|SlewToAzimuth|630|Slewing dome to azimuth 168.03242154307137°
2024-12-31T17:44:54.4772|INFO|DomeVM.cs|SlewToAzimuth|630|Slewing dome to azimuth 169.0583462817086°
2024-12-31T17:46:38.4222|INFO|DomeVM.cs|SlewToAzimuth|630|Slewing dome to azimuth 170.08531622303062°
2024-12-31T17:47:53.0868|INFO|ImageSolver.cs|Solve|41|Platesolving with parameters: FocalLength: 1260 PixelSize: 3.8 SearchRadius: 30 BlindFailoverEnabled: True Regions: 5000 DownSampleFactor: 0 MaxObjects: 500 Reference Coordinates RA: 01:33:51 Dec: 30° 39' 36" Epoch: J2000
2024-12-31T17:47:53.1055|INFO|SequenceItem.cs|Run|254|Finishing Category: Scheduler, Item: TakeExposure, ExposureTime 300, Gain 102, Offset 50, ImageType LIGHT, Binning 1x1
2024-12-31T17:47:53.1170|INFO|SequenceItem.cs|Run|208|Starting Category: , Item: Dither
2024-12-31T17:47:53.1985|INFO|DirectGuider.cs|SelectDitherPulse|289|Dither target from (0, 0) to (0.013773818442962556, 1.3729431396111786) using guide durations of 0.001139320267585778 and 0.11356487321793274 seconds
2024-12-31T17:47:53.2741|INFO|BaseImageData.cs|SaveToDisk|344|Saved image to C:\Users\AMOS\AppData\Local\NINA\PlateSolver\orazlmlj.kl0.fits
2024-12-31T17:47:53.7481|INFO|HocusFocusStarDetection.cs|Detect|410|Average HFR: 1.7614742871108184, HFR MAD: 0.11143941264022894, Detected Stars 172, Region: 0
2024-12-31T17:47:53.8941|INFO|ImageSolver.cs|Solve|54|Platesolve successful: Coordinates: RA: 01:33:50; Dec: 30° 39' 27"; Epoch: J2000
2024-12-31T17:47:53.8969|INFO|CenterAfterDriftTrigger.cs|PlatesolvingImageFollower_PropertyChanged|189|Drift: 0.18810866904936044 / 0.5 arc minutes
2024-12-31T17:47:54.0124|INFO|BaseImageData.cs|SaveToDisk|344|Saved image to C:\Users\AMOS\Documents\N.I.N.A\2024-12-31\LIGHT\2024-12-31_17-42-51_Ha_-15.00_300.00s_0000_19.55_M 33_1.85_0.44__.fits
2024-12-31T17:47:54.0129|INFO|ImageSaveController.cs|DoWork|97|Successfully saved file at C:\Users\AMOS\Documents\N.I.N.A\2024-12-31\LIGHT\2024-12-31_17-42-51_Ha_-15.00_300.00s_0000_19.55_M 33_1.85_0.44__.fits. Duration Total: 00:00:00.9327667; BeforeSave: 00:00:00.0055535; BeforeFinalizeImageSaved: 00:00:00.8015036; FinalizeSaveTime: 00:00:00.1257088
2024-12-31T17:48:03.3299|INFO|SequenceItem.cs|Run|254|Finishing Category: , Item: Dither
2024-12-31T17:48:03.3307|INFO|SequenceItem.cs|Run|208|Starting Category: Scheduler, Item: TakeExposure, ExposureTime 300, Gain 102, Offset 50, ImageType LIGHT, Binning 1x1
2024-12-31T17:48:03.3493|INFO|CameraVM.cs|Capture|737|Starting Exposure - Exposure Time: 300s; Filter: ; Gain: 102; Offset 50; Binning: 1x1;
2024-12-31T17:48:22.4368|INFO|DomeVM.cs|SlewToAzimuth|630|Slewing dome to azimuth 171.11980801008016°
2024-12-31T17:50:06.4460|INFO|DomeVM.cs|SlewToAzimuth|630|Slewing dome to azimuth 172.15515829530705°
2024-12-31T17:51:32.3994|INFO|Sequencer.cs|Start|85|Sequence run was cancelled
2024-12-31T17:51:32.4015|INFO|Sequence2VM.cs|StartSequence|490|Advanced Sequence finished
2024-12-31T17:51:37.5433|ERROR|SequenceContainerCreationConverter.cs|Create|39|Encountered unknown sequence container: Assistant.NINAPlugin.Sequencer.PlanTargetContainer, Assistant.NINAPlugin
2024-12-31T17:51:37.5472|ERROR|SequenceItemCreationConverter.cs|Create|54|Encountered unknown sequence item: Assistant.NINAPlugin.Sequencer.PlanTakeExposure, Assistant.NINAPlugin
2024-12-31T17:51:37.5489|ERROR|SequenceItemCreationConverter.cs|Create|54|Encountered unknown sequence item: Assistant.NINAPlugin.Sequencer.PlanTakeExposure, Assistant.NINAPlugin
2024-12-31T17:51:37.5491|ERROR|SequenceItemCreationConverter.cs|Create|54|Encountered unknown sequence item: Assistant.NINAPlugin.Sequencer.PlanTakeExposure, Assistant.NINAPlugin
2024-12-31T17:51:37.5491|ERROR|SequenceItemCreationConverter.cs|Create|54|Encountered unknown sequence item: Assistant.NINAPlugin.Sequencer.PlanTakeExposure, Assistant.NINAPlugin
2024-12-31T17:51:37.5492|ERROR|SequenceItemCreationConverter.cs|Create|54|Encountered unknown sequence item: Assistant.NINAPlugin.Sequencer.PlanTakeExposure, Assistant.NINAPlugin
2024-12-31T17:51:37.5495|ERROR|SequenceItemCreationConverter.cs|Create|54|Encountered unknown sequence item: Assistant.NINAPlugin.Sequencer.PlanTakeExposure, Assistant.NINAPlugin
2024-12-31T17:51:37.5496|ERROR|SequenceItemCreationConverter.cs|Create|54|Encountered unknown sequence item: Assistant.NINAPlugin.Sequencer.PlanTakeExposure, Assistant.NINAPlugin
2024-12-31T17:51:37.5498|ERROR|SequenceItemCreationConverter.cs|Create|54|Encountered unknown sequence item: Assistant.NINAPlugin.Sequencer.PlanTakeExposure, Assistant.NINAPlugin
2024-12-31T17:51:37.5500|ERROR|SequenceItemCreationConverter.cs|Create|54|Encountered unknown sequence item: Assistant.NINAPlugin.Sequencer.PlanTakeExposure, Assistant.NINAPlugin
2024-12-31T17:51:37.5501|ERROR|SequenceItemCreationConverter.cs|Create|54|Encountered unknown sequence item: Assistant.NINAPlugin.Sequencer.PlanTakeExposure, Assistant.NINAPlugin
2024-12-31T17:51:37.5502|ERROR|SequenceItemCreationConverter.cs|Create|54|Encountered unknown sequence item: Assistant.NINAPlugin.Sequencer.PlanTakeExposure, Assistant.NINAPlugin
2024-12-31T17:51:37.5503|ERROR|SequenceItemCreationConverter.cs|Create|54|Encountered unknown sequence item: Assistant.NINAPlugin.Sequencer.PlanTakeExposure, Assistant.NINAPlugin
2024-12-31T17:51:37.5505|ERROR|SequenceItemCreationConverter.cs|Create|54|Encountered unknown sequence item: Assistant.NINAPlugin.Sequencer.PlanTakeExposure, Assistant.NINAPlugin
2024-12-31T17:51:37.5506|ERROR|SequenceItemCreationConverter.cs|Create|54|Encountered unknown sequence item: Assistant.NINAPlugin.Sequencer.PlanTakeExposure, Assistant.NINAPlugin
2024-12-31T17:51:37.5507|ERROR|SequenceItemCreationConverter.cs|Create|54|Encountered unknown sequence item: Assistant.NINAPlugin.Sequencer.PlanTakeExposure, Assistant.NINAPlugin
2024-12-31T17:51:37.5508|ERROR|SequenceItemCreationConverter.cs|Create|54|Encountered unknown sequence item: Assistant.NINAPlugin.Sequencer.PlanTakeExposure, Assistant.NINAPlugin
2024-12-31T17:51:37.5508|ERROR|SequenceItemCreationConverter.cs|Create|54|Encountered unknown sequence item: Assistant.NINAPlugin.Sequencer.PlanTakeExposure, Assistant.NINAPlugin
2024-12-31T17:51:37.5511|ERROR|SequenceItemCreationConverter.cs|Create|54|Encountered unknown sequence item: Assistant.NINAPlugin.Sequencer.PlanTakeExposure, Assistant.NINAPlugin
2024-12-31T17:51:37.5512|ERROR|SequenceItemCreationConverter.cs|Create|54|Encountered unknown sequence item: Assistant.NINAPlugin.Sequencer.PlanTakeExposure, Assistant.NINAPlugin
2024-12-31T17:51:37.5513|ERROR|SequenceItemCreationConverter.cs|Create|54|Encountered unknown sequence item: Assistant.NINAPlugin.Sequencer.PlanTakeExposure, Assistant.NINAPlugin
2024-12-31T17:51:37.5517|ERROR|SequenceTriggerCreationConverter.cs|Create|39|Encountered unknown sequence trigger: Assistant.NINAPlugin.Sequencer.SchedulerTargetEndTimeTrigger, Assistant.NINAPlugin
2024-12-31T17:51:48.4841|INFO|DomeVM.cs|SlewToAzimuth|630|Slewing dome to azimuth 173.17067776483717°
2024-12-31T17:53:30.7576|INFO|DomeVM.cs|SlewToAzimuth|630|Slewing dome to azimuth 174.19696277815828°
2024-12-31T17:55:05.2809|INFO|Sequence2VM.cs|StartSequence|485|Advanced Sequence starting
2024-12-31T17:55:11.7421|INFO|Sequence2VM.cs|StartSequence|490|Advanced Sequence finished
2024-12-31T17:55:12.7227|INFO|DomeVM.cs|SlewToAzimuth|630|Slewing dome to azimuth 175.21848412987697°
2024-12-31T17:56:56.6756|INFO|DomeVM.cs|SlewToAzimuth|630|Slewing dome to azimuth 176.26491315742453°
2024-12-31T17:58:13.7686|INFO|ApplicationVM.cs|Closing|288|Application shutting down
2024-12-31T17:58:13.8067|INFO|AscomDevice.cs|Disconnect|299|Disconnecting from ASCOM.AMOS.Dome ASCOM Dome Driver for AMOS
2024-12-31T17:58:13.8212|INFO|DomeVM.cs|OnFollowChanged|719|Dome following stopped
2024-12-31T17:58:13.8225|INFO|DomeVM.cs|Disconnect|336|Disconnected Dome Device
2024-12-31T17:58:13.8232|INFO|AscomDevice.cs|Disconnect|299|Disconnecting from ASCOM.OptecAlnitak.CoverCalibrator Optec Alnitak
2024-12-31T17:58:13.9551|INFO|FlatDeviceVM.cs|Disconnect|279|Disconnected Flat Device
2024-12-31T17:58:13.9559|INFO|AscomDevice.cs|Disconnect|299|Disconnecting from ASCOM.ASICamera2.Camera ASI Camera (1) (ASCOM)
2024-12-31T17:58:13.9997|INFO|CameraVM.cs|Disconnect|645|Disconnected Camera
2024-12-31T17:58:14.0005|INFO|AscomDevice.cs|Disconnect|299|Disconnecting from ASCOM.photonProxyHub.Telescope ASCOM Telescope Driver for photonProxyHub
2024-12-31T17:58:14.0084|INFO|TelescopeVM.cs|Disconnect|763|Disconnected mount
2024-12-31T17:58:14.0085|INFO|AscomDevice.cs|Disconnect|299|Disconnecting from ASCOM.EFW2.FilterWheel ZWO FilterWheel (1)
2024-12-31T17:58:14.0132|INFO|FilterWheelVM.cs|Disconnect|324|Disconnected Filter Wheel
2024-12-31T17:58:14.0141|INFO|AscomDevice.cs|Disconnect|299|Disconnecting from ASCOM.MicroTouchServer.Focuser1 MicroTouch Focuser1
2024-12-31T17:58:14.0265|INFO|FocuserVM.cs|Disconnect|426|Disconnected Focuser
2024-12-31T17:58:14.0276|INFO|RotatorVM.cs|Disconnect|438|Disconnected Rotator
2024-12-31T17:58:14.0283|INFO|SwitchVM.cs|Disconnect|298|Disconnected Switch
2024-12-31T17:58:14.0290|INFO|AscomDevice.cs|Disconnect|299|Disconnecting from ASCOM.CloudWatcher.ObservingConditions Lunatico CloudWatcher Observing Conditions
2024-12-31T17:58:14.0335|INFO|WeatherDataVM.cs|Disconnect|292|Disconnected Weather Device
2024-12-31T17:58:14.0342|INFO|AscomDevice.cs|Disconnect|299|Disconnecting from ASCOM.CloudWatcher.SafetyMonitor Lunatico CloudWatcher Safety Monitor
2024-12-31T17:58:14.0386|INFO|SafetyMonitorVM.cs|Disconnect|208|Disconnected Safety Monitor
2024-12-31T17:58:14.6952|INFO|HttpServer.cs|WaitForStopped|108|waited 0ms for web server to stop
