----------------------------------------------------------------------
--------------N.I.N.A. - Nighttime Imaging 'N' Astronomy--------------
--------------------------Version 3.1.2.9001--------------------------
-------------------------2024-12-11T23:34:09--------------------------
----------------------------------------------------------------------
---------------------Microsoft Windows 10.0.22631---------------------
-------------------------OS Architecture X64--------------------------
-----------------------Process Architecture X64-----------------------
------------------------------.NET 8.0.8------------------------------
----------------------------------------------------------------------
--------------------------Processor Count 12--------------------------
--------------------Total Physical Memory 27.89 GB--------------------
----------------------------------------------------------------------
DATE|LEVEL|SOURCE|MEMBER|LINE|MESSAGE
2024-12-11T23:34:09.1238|INFO|CameraChooserVM.cs|GetEquipment|69|Found 2 ASI Cameras
2024-12-11T23:34:09.2439|INFO|CameraChooserVM.cs|GetEquipment|84|Found 0 Altair Cameras
2024-12-11T23:34:09.4175|INFO|CameraChooserVM.cs|GetEquipment|96|Found 0 Atik Cameras
2024-12-11T23:34:09.4179|INFO|CameraChooserVM.cs|GetEquipment|110|Found 0 FLI Cameras
2024-12-11T23:34:10.4252|INFO|CameraChooserVM.cs|GetEquipment|130|Found 0 QHYCCD Cameras
2024-12-11T23:34:10.4635|INFO|CameraChooserVM.cs|GetEquipment|158|Found 0 ToupTek Cameras
2024-12-11T23:34:10.4669|INFO|CameraChooserVM.cs|GetEquipment|173|Found 0 Ogma Cameras
2024-12-11T23:34:10.4706|INFO|CameraChooserVM.cs|GetEquipment|188|Found 0 Omegon Cameras
2024-12-11T23:34:10.4991|INFO|CameraChooserVM.cs|GetEquipment|203|Found 0 RisingCam Cameras
2024-12-11T23:34:10.5033|INFO|CameraChooserVM.cs|GetEquipment|218|Found 0 MallinCam Cameras
2024-12-11T23:34:10.5082|INFO|CameraChooserVM.cs|GetEquipment|244|Found 0 SBIG Cameras
2024-12-11T23:34:10.7930|INFO|ApplicationVM.cs|CheckDiskInfo|100|Available Space on Drive C:\: 72.44 GB
2024-12-11T23:34:10.7932|INFO|ApplicationVM.cs|CheckDiskInfo|100|Available Space on Drive D:\: 4454.81 GB
2024-12-11T23:34:10.7940|INFO|ApplicationVM.cs|CheckDiskInfo|102|Drive E:\ is not ready
2024-12-11T23:34:10.7960|INFO|ApplicationVM.cs|CheckASCOMPlatformVersion|81|ASCOM Platform 6.6.2.4195 installed
2024-12-11T23:34:10.7983|INFO|ApplicationVM.cs|CheckDiskInfo|102|Drive F:\ is not ready
2024-12-11T23:34:10.9956|INFO|PluginLoader.cs|LoadPlugin|416|Successfully loaded plugin ASA Tools version 3.1.2.0 by Gerald Hitz (photon)
2024-12-11T23:34:11.0160|INFO|PluginLoader.cs|LoadPlugin|416|Successfully loaded plugin Connector version 2.0.3.0 by Stefan Berg
2024-12-11T23:34:11.0410|INFO|PluginLoader.cs|LoadPlugin|416|Successfully loaded plugin Device Actions and Commands version 2.0.0.0 by Dale Ghent
2024-12-11T23:34:11.0520|INFO|PluginLoader.cs|LoadPlugin|416|Successfully loaded plugin Filter Offset Calculator version 2.0.0.0 by S. Dimant & Stefan Berg
2024-12-11T23:34:11.1268|INFO|PluginLoader.cs|LoadPlugin|416|Successfully loaded plugin Ground Station version 2.4.1.0 by Dale Ghent
2024-12-11T23:34:11.2316|INFO|PluginLoader.cs|LoadPlugin|416|Successfully loaded plugin Hocus Focus version 3.0.0.18 by George Hilios (jokogeo)
2024-12-11T23:34:11.2424|INFO|PluginLoader.cs|LoadPlugin|416|Successfully loaded plugin Moon Angle version 2.2.0.0 by Dale Ghent
2024-12-11T23:34:11.2911|INFO|OrbitalElementsAccessor.cs|LoadJWST|87|No JWST vector table loaded since no file was found at C:\Users\AMOS\AppData\Local\NINA\OrbitalElements\JWSTVectorTable.bin.gz
2024-12-11T23:34:11.2916|INFO|OrbitalElementsAccessor.cs|LoadObjectType|118|No Comet orbital elements loaded since no file was found at C:\Users\AMOS\AppData\Local\NINA\OrbitalElements\MPC_CometElements.bin.gz
2024-12-11T23:34:11.2916|INFO|OrbitalElementsAccessor.cs|LoadObjectType|118|No UnnumberedAsteroids orbital elements loaded since no file was found at C:\Users\AMOS\AppData\Local\NINA\OrbitalElements\UnnumberedAsteroidsElements.bin.gz
2024-12-11T23:34:11.2916|INFO|OrbitalElementsAccessor.cs|LoadObjectType|118|No NumberedAsteroids orbital elements loaded since no file was found at C:\Users\AMOS\AppData\Local\NINA\OrbitalElements\NumberedAsteroidsElements.bin.gz
2024-12-11T23:34:11.2991|INFO|PluginLoader.cs|LoadPlugin|416|Successfully loaded plugin Orbitals version 3.0.0.13 by George Hilios (jokogeo)
2024-12-11T23:34:11.3127|INFO|PluginLoader.cs|LoadPlugin|416|Successfully loaded plugin Phd2 Tools version 1.0.4.2 by Stefan Berg
2024-12-11T23:34:11.4259|INFO|PluginLoader.cs|LoadPlugin|416|Successfully loaded plugin Sequencer Powerups version 3.20.0.0 by Marc Blank
2024-12-11T23:34:11.5117|ERROR|DllLoader.cs|LoadDllFromAbsolutePath|53|DllLoader failed to load library C:\Program Files\N.I.N.A. - Nighttime Imaging 'N' Astronomy\External\x64\SQLite\SQLite.Interop.dll due to error code 126
2024-12-11T23:34:11.7269|INFO|PluginLoader.cs|LoadPlugin|416|Successfully loaded plugin Target Scheduler version 4.9.0.0 by Tom Palmer @tcpalmer
2024-12-11T23:34:11.7599|INFO|SessionHistoryManager.cs|PurgeHistoryOlderThan|102|purging web session history older than 10 days
2024-12-11T23:34:11.7931|INFO|NINAWeb.cs|changePluginState|260|Web plugin state change from OFF to ON
2024-12-11T23:34:11.7942|INFO|NINALogWatcher.cs|Start|29|web viewer: watching log file: C:\Users\AMOS\AppData\Local\NINA\Logs\20241211-233408-3.1.2.9001.13920-202412.log
2024-12-11T23:34:11.7953|INFO|AutofocusDirectoryWatcher.cs|Watch|31|web viewer: watching AF directory file: C:\Users\AMOS\AppData\Local\NINA\AutoFocus
2024-12-11T23:34:11.7970|INFO|HttpServer.cs|ConfigureLogging|143|web server log: C:\Users\AMOS\AppData\Local\NINA\WebPlugin\webserver-20241211-233411.log
2024-12-11T23:34:11.7974|INFO|HttpServer.cs|WebServerTask|62|starting web server, listening at http://localhost:80/dist
2024-12-11T23:34:11.7985|INFO|PluginLoader.cs|LoadPlugin|416|Successfully loaded plugin Web Session History Viewer version 2.2.1.0 by Tom Palmer @tcpalmer
2024-12-11T23:34:11.8045|INFO|PluginFetcher.cs|RequestAll|43|Fetching plugin manifests from https://nighttime-imaging.eu/wp-json/nina/v1/plugins/manifests
2024-12-11T23:34:11.8399|INFO|CameraChooserVM.cs|GetEquipment|264|Found 0 SVBony Cameras
2024-12-11T23:34:11.8439|INFO|CameraChooserVM.cs|GetEquipment|264|Found 0 PlayerOne Cameras
2024-12-11T23:34:11.8577|INFO|CameraChooserVM.cs|GetEquipment|264|Found 0 ASTPAN Cameras
2024-12-11T23:34:11.8593|INFO|CameraChooserVM.cs|GetEquipment|278|Found 4 ASCOM Cameras
2024-12-11T23:34:12.7303|INFO|PluginFetcher.cs|RequestAll|57|Found 58 valid plugins at https://nighttime-imaging.eu/wp-json/nina/v1/plugins/manifests
2024-12-11T23:34:13.8481|INFO|SwitchChooserVM.cs|GetEquipment|71|Found 0 Alpaca Switch Hubs
2024-12-11T23:34:13.8480|INFO|TelescopeChooserVM.cs|GetEquipment|69|Found 0 Alpaca Telescopes
2024-12-11T23:34:13.8480|INFO|DomeChooserVM.cs|GetEquipment|67|Found 0 Alpaca Domes
2024-12-11T23:34:13.8481|INFO|FocuserChooserVM.cs|GetEquipment|67|Found 0 Alpaca Focusers
2024-12-11T23:34:13.8480|INFO|WeatherDataChooserVM.cs|GetEquipment|69|Found 0 Alpaca Observing Conditions
2024-12-11T23:34:13.8480|INFO|FlatDeviceChooserVM.cs|GetEquipment|67|Found 0 Alpaca Cover Calibrators
2024-12-11T23:34:13.8480|INFO|SafetyMonitorChooserVM.cs|GetEquipment|71|Found 0 Alpaca Safety Monitors
2024-12-11T23:34:13.8480|INFO|FilterWheelChooserVM.cs|GetEquipment|193|Found 0 Alpaca Filter Wheels
2024-12-11T23:34:13.8481|INFO|RotatorChooserVM.cs|GetEquipment|68|Found 0 Alpaca Rotators
2024-12-11T23:34:13.8624|INFO|CameraChooserVM.cs|GetEquipment|290|Found 0 Alpaca Cameras
2024-12-11T23:34:13.8643|INFO|CameraChooserVM.cs|GetEquipment|303|Found 0 Canon Cameras
2024-12-11T23:34:26.6972|INFO|CameraVM.cs|Disconnect|645|Disconnected Camera
2024-12-11T23:34:27.8376|INFO|AscomDevice.cs|GetProperty|379|Property Camera.BayerOffsetX GET is not implemented in this driver (ASI Camera (1) (ASCOM))
2024-12-11T23:34:27.8396|INFO|AscomDevice.cs|GetProperty|379|Property Camera.BayerOffsetY GET is not implemented in this driver (ASI Camera (1) (ASCOM))
2024-12-11T23:34:27.8430|INFO|CameraVM.cs|ChooseCamera|448|Successfully connected Camera. Id: ASCOM.ASICamera2.Camera Name: ASI Camera (1) (ASCOM) DisplayName: ASI Camera (1) (ASCOM)Driver Version: 6.5
2024-12-11T23:34:27.8463|INFO|FilterWheelVM.cs|Disconnect|324|Disconnected Filter Wheel
2024-12-11T23:34:28.8029|INFO|FilterWheelVM.cs|ChooseFW|272|Successfully connected Filter Wheel. Id: ASCOM.EFW2.FilterWheel Name: ZWO FilterWheel (1) DisplayName: ZWO FilterWheel (1) Driver Version: 6.0
2024-12-11T23:34:28.8091|INFO|TelescopeVM.cs|Disconnect|763|Disconnected mount
2024-12-11T23:34:29.2960|INFO|AscomTelescope.cs|CheckMountTime|817|Mount UTC Time: 2024-12-11 22:34:29Z / System UTC Time: 2024-12-11 22:34:29Z; Difference: 0.002 seconds
2024-12-11T23:34:29.3053|INFO|AscomTelescope.cs|CheckMountTime|837|Mount driver does not allow the mount's time to be set.
2024-12-11T23:34:29.4262|INFO|TelescopeVM.cs|ChooseTelescope|518|Successfully connected mount. Id: ASCOM.photonProxyHub.Telescope Name: ASCOM Telescope Driver for photonProxyHub DisplayName: ASCOM Telescope Driver for photonProxyHub Driver Version: 2011_10_08
2024-12-11T23:34:29.4281|INFO|FocuserVM.cs|Disconnect|426|Disconnected Focuser
2024-12-11T23:34:29.8385|INFO|FocuserVM.cs|ChooseFocuser|324|Successfully connected Focuser. Id: ASCOM.MicroTouchServer.Focuser1 Name: MicroTouch Focuser1 DisplayName: MicroTouch Focuser1 Driver Version: 1.3
2024-12-11T23:34:29.8458|INFO|RotatorVM.cs|Disconnect|438|Disconnected Rotator
2024-12-11T23:34:30.4327|INFO|RotatorVM.cs|Connect|398|Successfully connected Rotator. Id: ASCOM.PegasusAstroFalconV2.Rotator Name: PegasusAstro FalconV2 DisplayName: PegasusAstro FalconV2 Driver Version: 2.4.4561.305
2024-12-11T23:34:30.4434|INFO|FlatDeviceVM.cs|Disconnect|279|Disconnected Flat Device
2024-12-11T23:34:31.2390|INFO|FlatDeviceVM.cs|Connect|234|Successfully connected flat device. Id: ASCOM.OptecAlnitak.CoverCalibrator Name: Optec Alnitak DisplayName: Optec Alnitak Driver Version: 1.0
2024-12-11T23:34:31.2445|INFO|WeatherDataVM.cs|Disconnect|292|Disconnected Weather Device
2024-12-11T23:34:31.2786|INFO|AscomDevice.cs|GetProperty|379|Property ObservingConditions.SkyBrightness GET is not implemented in this driver (Lunatico CloudWatcher Observing Conditions)
2024-12-11T23:34:31.2825|INFO|AscomDevice.cs|GetProperty|379|Property ObservingConditions.StarFWHM GET is not implemented in this driver (Lunatico CloudWatcher Observing Conditions)
2024-12-11T23:34:31.2854|INFO|AscomDevice.cs|GetProperty|379|Property ObservingConditions.WindDirection GET is not implemented in this driver (Lunatico CloudWatcher Observing Conditions)
2024-12-11T23:34:31.2889|INFO|WeatherDataVM.cs|ChooseWeatherData|143|Successfully connected Weather Device. Id: ASCOM.CloudWatcher.ObservingConditions Name: Lunatico CloudWatcher Observing Conditions DisplayName: Lunatico CloudWatcher Observing Conditions Driver Version: 1.0
2024-12-11T23:34:31.3029|INFO|SwitchVM.cs|Disconnect|298|Disconnected Switch
2024-12-11T23:34:31.3076|INFO|DomeVM.cs|Disconnect|336|Disconnected Dome Device
2024-12-11T23:34:31.7198|INFO|DomeVM.cs|ChooseDome|191|Successfully connected Dome. Id: ASCOM.AMOS.Dome Name: ASCOM Dome Driver for AMOS DisplayName: ASCOM Dome Driver for AMOS Driver Version: 1.0.1
2024-12-11T23:34:31.7253|INFO|SafetyMonitorVM.cs|Disconnect|208|Disconnected Safety Monitor
2024-12-11T23:34:31.7981|INFO|SafetyMonitorVM.cs|Connect|168|Successfully connected Safety Monitor. Id: ASCOM.CloudWatcher.SafetyMonitor Name: Lunatico CloudWatcher Safety Monitor DisplayName: Lunatico CloudWatcher Safety Monitor Driver Version: 1.0
2024-12-11T23:35:11.5235|INFO|CameraVM.cs|CoolCamera|139|Cooling Camera. Target: -15 Duration: 00:00:00
2024-12-11T23:37:29.2116|INFO|Sequence2VM.cs|StartSequence|485|Advanced Sequence starting
2024-12-11T23:37:29.2246|INFO|SequenceItem.cs|Run|208|Starting Category: * Instruction Set *, Container: NINA.Sequencer.Container.SequenceRootContainer, Strategy: SequentialStrategy, Items[CREATED]: 3, Triggers: Category: Ground Station, Item: Failures to Pushover
2024-12-11T23:37:29.2407|INFO|SequenceItem.cs|Run|208|Starting Category: * Instruction Set *, Container: NINA.Sequencer.Container.StartAreaContainer, Strategy: SequentialStrategy, Items[CREATED]: 4
2024-12-11T23:37:29.2421|INFO|SequenceItem.cs|Run|208|Starting Category: Utility, Item: WaitForSunAltitude, TargetAltitude: -6, Comparator: GREATER_THAN, CurrentSunAltitude: -66.05
2024-12-11T23:37:29.2442|INFO|SequenceItem.cs|Run|254|Finishing Category: Utility, Item: WaitForSunAltitude, TargetAltitude: -6, Comparator: GREATER_THAN, CurrentSunAltitude: -66.05
2024-12-11T23:37:29.2464|INFO|SequenceItem.cs|Run|208|Starting Category: Connector, Item: ConnectAllEquipment
2024-12-11T23:37:29.2476|INFO|ConnectAllEquipment.cs|Execute|167|Camera is already connected
2024-12-11T23:37:29.2477|INFO|ConnectAllEquipment.cs|Execute|167|Filter Wheel is already connected
2024-12-11T23:37:29.2477|INFO|ConnectAllEquipment.cs|Execute|167|Focuser is already connected
2024-12-11T23:37:29.2477|INFO|ConnectAllEquipment.cs|Execute|167|Rotator is already connected
2024-12-11T23:37:29.2477|INFO|ConnectAllEquipment.cs|Execute|167|Telescope is already connected
2024-12-11T23:37:29.2478|INFO|ConnectAllEquipment.cs|Execute|167|Guider is already connected
2024-12-11T23:37:29.2482|INFO|ConnectAllEquipment.cs|Execute|167|Flat Panel is already connected
2024-12-11T23:37:29.2482|INFO|ConnectAllEquipment.cs|Execute|167|Weather is already connected
2024-12-11T23:37:29.2482|INFO|ConnectAllEquipment.cs|Execute|167|Dome is already connected
2024-12-11T23:37:29.2483|INFO|ConnectAllEquipment.cs|Execute|167|Safety Monitor is already connected
2024-12-11T23:37:29.2483|INFO|SequenceItem.cs|Run|254|Finishing Category: Connector, Item: ConnectAllEquipment
2024-12-11T23:37:29.2485|INFO|SequenceItem.cs|Run|208|Starting Category: Safety Monitor, Item: WaitUntilSafe
2024-12-11T23:37:29.2490|INFO|SequenceItem.cs|Run|254|Finishing Category: Safety Monitor, Item: WaitUntilSafe
2024-12-11T23:37:29.2521|INFO|SequenceItem.cs|Run|208|Starting Category: * Instruction Set *, Container: NINA.Sequencer.Container.SequentialContainer, Strategy: SequentialStrategy, Items[CREATED]: 15, Triggers: Trigger: WhenUnsafe
2024-12-11T23:37:29.2529|INFO|SequenceItem.cs|Run|208|Starting Category: ASA Tools, Item: PowerOn
2024-12-11T23:37:29.2574|INFO|SequenceItem.cs|Run|254|Finishing Category: ASA Tools, Item: PowerOn
2024-12-11T23:37:29.2578|INFO|SequenceItem.cs|Run|208|Starting Category: Utility, Item: WaitForTimeSpan, Time: 20s
2024-12-11T23:37:49.3157|INFO|SequenceItem.cs|Run|254|Finishing Category: Utility, Item: WaitForTimeSpan, Time: 20s
2024-12-11T23:37:49.3162|INFO|SequenceItem.cs|Run|208|Starting Category: Dome, Item: DisableDomeSynchronization
2024-12-11T23:37:51.7378|INFO|SequenceItem.cs|Run|254|Finishing Category: Dome, Item: DisableDomeSynchronization
2024-12-11T23:37:51.7382|INFO|SequenceItem.cs|Run|208|Starting Category: Dome, Item: OpenDomeShutter
2024-12-11T23:37:51.7403|INFO|DomeVM.cs|OpenShutter|429|Opening dome shutter. Shutter state after opening ShutterClosed
2024-12-11T23:37:51.7411|INFO|AscomDome.cs|OpenShutter|205|Sending an OpenShutter request, since it is currently ShutterClosed
2024-12-11T23:37:52.1374|INFO|ApplicationDeviceConnectionVM.cs|UsbDeviceWatcher_DeviceRemoved|178|USB Device disconnected DeviceId: USB\VID_0403&PID_6015\DN05OHKK, PnpDeviceId: USB\VID_0403&PID_6015\DN05OHKK, Description: USB Serial Converter, Name: USB Serial Converter, Manufacturer: FTDI, Service: FTDIBUS, Status: OK
2024-12-11T23:37:52.9764|ERROR|SequenceItem.cs|Run|263|Category: Dome, Item: OpenDomeShutter - 
ASCOM.NotConnectedException: Maestro is not connected to the Dome controller.
   at ASCOM.Com.DriverAccess.DynamicAccess.CheckDotNetExceptions(String memberName, Exception e)
   at ASCOM.Com.DriverAccess.DynamicAccess.TryInvokeMember(InvokeMemberBinder binder, Object[] args, Object& result)
   at CallSite.Target(Closure, CallSite, Object)
   at System.Dynamic.UpdateDelegates.UpdateAndExecuteVoid1[T0](CallSite site, T0 arg0)
   at ASCOM.Com.DriverAccess.Dome.OpenShutter()
   at ASCOM.Common.ClientExtensions.<>c__DisplayClass10_0.<OpenShutterAsync>b__0() in J:\ASCOMLibrary\ASCOM.Common\ClientExtensions.cs:line 239
   at ASCOM.Common.ClientExtensions.ProcessTask(Action initiatorMethod, Func`1 processRunningFunction, Int32 pollInterval, CancellationToken cancellationToken, ILogger logger, String callingMethodName, Func`1 updateFunction) in J:\ASCOMLibrary\ASCOM.Common\ClientExtensions.cs:line 613
   at ASCOM.Common.ClientExtensions.OpenShutterAsync(IDomeV2 device, CancellationToken cancellationToken, Int32 pollInterval, ILogger logger) in J:\ASCOMLibrary\ASCOM.Common\ClientExtensions.cs:line 239
   at NINA.Equipment.Equipment.MyDome.AscomDome.OpenShutter(CancellationToken ct) in C:\Projects\nina\NINA.Equipment\Equipment\MyDome\AscomDome.cs:line 206
   at NINA.WPF.Base.ViewModel.Equipment.Dome.DomeVM.OpenShutter(CancellationToken cancellationToken) in C:\Projects\nina\NINA.WPF.Base\ViewModel\Equipment\Dome\DomeVM.cs:line 431
   at NINA.Sequencer.SequenceItem.Dome.OpenDomeShutter.Execute(IProgress`1 progress, CancellationToken token) in C:\Projects\nina\NINA.Sequencer\SequenceItem\Dome\OpenDomeShutter.cs:line 64
   at NINA.Sequencer.SequenceItem.SequenceItem.Run(IProgress`1 progress, CancellationToken token) in C:\Projects\nina\NINA.Sequencer\SequenceItem\SequenceItem.cs:line 249
2024-12-11T23:37:52.9877|ERROR|SequenceItem.cs|RunErrorBehavior|195|Instruction Open Dome Shutter failed after 1 attempt. Error behavior is set to ContinueOnError. Continuing.
2024-12-11T23:37:52.9880|INFO|SequenceItem.cs|Run|208|Starting Category: Ground Station, Item: Send to Pushover, Title: AMOS
2024-12-11T23:37:52.9947|INFO|FailuresToPushoverTrigger.cs|WorkerFn|191|Failures to Pushover: Sending Failure running Open Dome Shutter
2024-12-11T23:37:53.7088|INFO|SequenceItem.cs|Run|254|Finishing Category: Ground Station, Item: Send to Pushover, Title: AMOS
2024-12-11T23:37:53.7091|INFO|SequenceItem.cs|Run|208|Starting Category: Camera, Item: CoolCamera, Temperature: -15, Duration: 0
2024-12-11T23:37:53.7096|INFO|CameraVM.cs|CoolCamera|139|Cooling Camera. Target: -15 Duration: 00:00:00
2024-12-11T23:37:53.7224|ERROR|AscomDevice.cs|GetProperty|391|ASCOM Dome Driver for AMOS is not connected 
ASCOM.NotConnectedException: Not connected to Maestro or Maestro is not connected to the dome controller.
   at ASCOM.Com.DriverAccess.DynamicAccess.CheckDotNetExceptions(String memberName, Exception e)
   at ASCOM.Com.DriverAccess.DynamicAccess.TryGetMember(GetMemberBinder binder, Object& result)
   at CallSite.Target(Closure, CallSite, Object)
   at ASCOM.Com.DriverAccess.Dome.get_CanSlave()
   at InvokeStub_Dome.get_CanSlave(Object, Object, IntPtr*)
   at System.Reflection.MethodBaseInvoker.InvokeWithNoArgs(Object obj, BindingFlags invokeAttr)
2024-12-11T23:37:53.7226|ERROR|AscomDevice.cs|GetProperty|398|An unexpected exception occurred during GET of Dome.CanSlave: 
ASCOM.NotConnectedException: Not connected to Maestro or Maestro is not connected to the dome controller.
   at ASCOM.Com.DriverAccess.DynamicAccess.CheckDotNetExceptions(String memberName, Exception e)
   at ASCOM.Com.DriverAccess.DynamicAccess.TryGetMember(GetMemberBinder binder, Object& result)
   at CallSite.Target(Closure, CallSite, Object)
   at ASCOM.Com.DriverAccess.Dome.get_CanSlave()
   at InvokeStub_Dome.get_CanSlave(Object, Object, IntPtr*)
   at System.Reflection.MethodBaseInvoker.InvokeWithNoArgs(Object obj, BindingFlags invokeAttr)
2024-12-11T23:37:53.9231|INFO|AscomDevice.cs|GetProperty|356|Retrying to GET Dome.CanSlave - Attempt 2 / 3
2024-12-11T23:37:53.9263|ERROR|AscomDevice.cs|GetProperty|391|ASCOM Dome Driver for AMOS is not connected 
ASCOM.NotConnectedException: Not connected to Maestro or Maestro is not connected to the dome controller.
   at ASCOM.Com.DriverAccess.DynamicAccess.CheckDotNetExceptions(String memberName, Exception e)
   at ASCOM.Com.DriverAccess.DynamicAccess.TryGetMember(GetMemberBinder binder, Object& result)
   at CallSite.Target(Closure, CallSite, Object)
   at ASCOM.Com.DriverAccess.Dome.get_CanSlave()
   at InvokeStub_Dome.get_CanSlave(Object, Object, IntPtr*)
   at System.Reflection.MethodBaseInvoker.InvokeWithNoArgs(Object obj, BindingFlags invokeAttr)
2024-12-11T23:37:53.9266|ERROR|AscomDevice.cs|GetProperty|398|An unexpected exception occurred during GET of Dome.CanSlave: 
ASCOM.NotConnectedException: Not connected to Maestro or Maestro is not connected to the dome controller.
   at ASCOM.Com.DriverAccess.DynamicAccess.CheckDotNetExceptions(String memberName, Exception e)
   at ASCOM.Com.DriverAccess.DynamicAccess.TryGetMember(GetMemberBinder binder, Object& result)
   at CallSite.Target(Closure, CallSite, Object)
   at ASCOM.Com.DriverAccess.Dome.get_CanSlave()
   at InvokeStub_Dome.get_CanSlave(Object, Object, IntPtr*)
   at System.Reflection.MethodBaseInvoker.InvokeWithNoArgs(Object obj, BindingFlags invokeAttr)
2024-12-11T23:37:54.1274|INFO|AscomDevice.cs|GetProperty|356|Retrying to GET Dome.CanSlave - Attempt 3 / 3
2024-12-11T23:37:54.1298|ERROR|AscomDevice.cs|GetProperty|391|ASCOM Dome Driver for AMOS is not connected 
ASCOM.NotConnectedException: Not connected to Maestro or Maestro is not connected to the dome controller.
   at ASCOM.Com.DriverAccess.DynamicAccess.CheckDotNetExceptions(String memberName, Exception e)
   at ASCOM.Com.DriverAccess.DynamicAccess.TryGetMember(GetMemberBinder binder, Object& result)
   at CallSite.Target(Closure, CallSite, Object)
   at ASCOM.Com.DriverAccess.Dome.get_CanSlave()
   at InvokeStub_Dome.get_CanSlave(Object, Object, IntPtr*)
   at System.Reflection.MethodBaseInvoker.InvokeWithNoArgs(Object obj, BindingFlags invokeAttr)
2024-12-11T23:37:54.1299|ERROR|AscomDevice.cs|GetProperty|398|An unexpected exception occurred during GET of Dome.CanSlave: 
ASCOM.NotConnectedException: Not connected to Maestro or Maestro is not connected to the dome controller.
   at ASCOM.Com.DriverAccess.DynamicAccess.CheckDotNetExceptions(String memberName, Exception e)
   at ASCOM.Com.DriverAccess.DynamicAccess.TryGetMember(GetMemberBinder binder, Object& result)
   at CallSite.Target(Closure, CallSite, Object)
   at ASCOM.Com.DriverAccess.Dome.get_CanSlave()
   at InvokeStub_Dome.get_CanSlave(Object, Object, IntPtr*)
   at System.Reflection.MethodBaseInvoker.InvokeWithNoArgs(Object obj, BindingFlags invokeAttr)
2024-12-11T23:37:54.1299|INFO|AscomDevice.cs|GetProperty|408|GET Dome.CanSlave failed - Returning last known value True
2024-12-11T23:37:54.1324|ERROR|AscomDevice.cs|GetProperty|391|ASCOM Dome Driver for AMOS is not connected 
ASCOM.NotConnectedException: Not connected to Maestro or Maestro is not connected to the dome controller.
   at ASCOM.Com.DriverAccess.DynamicAccess.CheckDotNetExceptions(String memberName, Exception e)
   at ASCOM.Com.DriverAccess.DynamicAccess.TryGetMember(GetMemberBinder binder, Object& result)
   at CallSite.Target(Closure, CallSite, Object)
   at ASCOM.Com.DriverAccess.Dome.get_CanSetAzimuth()
   at InvokeStub_Dome.get_CanSetAzimuth(Object, Object, IntPtr*)
   at System.Reflection.MethodBaseInvoker.InvokeWithNoArgs(Object obj, BindingFlags invokeAttr)
2024-12-11T23:37:54.1326|ERROR|AscomDevice.cs|GetProperty|398|An unexpected exception occurred during GET of Dome.CanSetAzimuth: 
ASCOM.NotConnectedException: Not connected to Maestro or Maestro is not connected to the dome controller.
   at ASCOM.Com.DriverAccess.DynamicAccess.CheckDotNetExceptions(String memberName, Exception e)
   at ASCOM.Com.DriverAccess.DynamicAccess.TryGetMember(GetMemberBinder binder, Object& result)
   at CallSite.Target(Closure, CallSite, Object)
   at ASCOM.Com.DriverAccess.Dome.get_CanSetAzimuth()
   at InvokeStub_Dome.get_CanSetAzimuth(Object, Object, IntPtr*)
   at System.Reflection.MethodBaseInvoker.InvokeWithNoArgs(Object obj, BindingFlags invokeAttr)
2024-12-11T23:37:54.3334|INFO|AscomDevice.cs|GetProperty|356|Retrying to GET Dome.CanSetAzimuth - Attempt 2 / 3
2024-12-11T23:37:54.3361|ERROR|AscomDevice.cs|GetProperty|391|ASCOM Dome Driver for AMOS is not connected 
ASCOM.NotConnectedException: Not connected to Maestro or Maestro is not connected to the dome controller.
   at ASCOM.Com.DriverAccess.DynamicAccess.CheckDotNetExceptions(String memberName, Exception e)
   at ASCOM.Com.DriverAccess.DynamicAccess.TryGetMember(GetMemberBinder binder, Object& result)
   at CallSite.Target(Closure, CallSite, Object)
   at ASCOM.Com.DriverAccess.Dome.get_CanSetAzimuth()
   at InvokeStub_Dome.get_CanSetAzimuth(Object, Object, IntPtr*)
   at System.Reflection.MethodBaseInvoker.InvokeWithNoArgs(Object obj, BindingFlags invokeAttr)
2024-12-11T23:37:54.3362|ERROR|AscomDevice.cs|GetProperty|398|An unexpected exception occurred during GET of Dome.CanSetAzimuth: 
ASCOM.NotConnectedException: Not connected to Maestro or Maestro is not connected to the dome controller.
   at ASCOM.Com.DriverAccess.DynamicAccess.CheckDotNetExceptions(String memberName, Exception e)
   at ASCOM.Com.DriverAccess.DynamicAccess.TryGetMember(GetMemberBinder binder, Object& result)
   at CallSite.Target(Closure, CallSite, Object)
   at ASCOM.Com.DriverAccess.Dome.get_CanSetAzimuth()
   at InvokeStub_Dome.get_CanSetAzimuth(Object, Object, IntPtr*)
   at System.Reflection.MethodBaseInvoker.InvokeWithNoArgs(Object obj, BindingFlags invokeAttr)
2024-12-11T23:37:54.5372|INFO|AscomDevice.cs|GetProperty|356|Retrying to GET Dome.CanSetAzimuth - Attempt 3 / 3
2024-12-11T23:37:54.5401|ERROR|AscomDevice.cs|GetProperty|391|ASCOM Dome Driver for AMOS is not connected 
ASCOM.NotConnectedException: Not connected to Maestro or Maestro is not connected to the dome controller.
   at ASCOM.Com.DriverAccess.DynamicAccess.CheckDotNetExceptions(String memberName, Exception e)
   at ASCOM.Com.DriverAccess.DynamicAccess.TryGetMember(GetMemberBinder binder, Object& result)
   at CallSite.Target(Closure, CallSite, Object)
   at ASCOM.Com.DriverAccess.Dome.get_CanSetAzimuth()
   at InvokeStub_Dome.get_CanSetAzimuth(Object, Object, IntPtr*)
   at System.Reflection.MethodBaseInvoker.InvokeWithNoArgs(Object obj, BindingFlags invokeAttr)
2024-12-11T23:37:54.5402|ERROR|AscomDevice.cs|GetProperty|398|An unexpected exception occurred during GET of Dome.CanSetAzimuth: 
ASCOM.NotConnectedException: Not connected to Maestro or Maestro is not connected to the dome controller.
   at ASCOM.Com.DriverAccess.DynamicAccess.CheckDotNetExceptions(String memberName, Exception e)
   at ASCOM.Com.DriverAccess.DynamicAccess.TryGetMember(GetMemberBinder binder, Object& result)
   at CallSite.Target(Closure, CallSite, Object)
   at ASCOM.Com.DriverAccess.Dome.get_CanSetAzimuth()
   at InvokeStub_Dome.get_CanSetAzimuth(Object, Object, IntPtr*)
   at System.Reflection.MethodBaseInvoker.InvokeWithNoArgs(Object obj, BindingFlags invokeAttr)
2024-12-11T23:37:54.5403|INFO|AscomDevice.cs|GetProperty|408|GET Dome.CanSetAzimuth failed - Returning last known value True
2024-12-11T23:37:54.5432|ERROR|DeviceUpdateTimer.cs|Run|104
ASCOM.NotConnectedException: Not connected to Maestro or Maestro is not connected to the dome controller.
   at ASCOM.Com.DriverAccess.DynamicAccess.CheckDotNetExceptions(String memberName, Exception e)
   at ASCOM.Com.DriverAccess.DynamicAccess.TryGetMember(GetMemberBinder binder, Object& result)
   at CallSite.Target(Closure, CallSite, Object)
   at ASCOM.Com.DriverAccess.Dome.get_CanSyncAzimuth()
   at NINA.WPF.Base.ViewModel.Equipment.Dome.DomeVM.GetDomeValues() in C:\Projects\nina\NINA.WPF.Base\ViewModel\Equipment\Dome\DomeVM.cs:line 222
   at NINA.Core.Utility.DeviceUpdateTimer.<Run>b__22_0() in C:\Projects\nina\NINA.Core\Utility\DeviceUpdateTimer.cs:line 95
2024-12-11T23:38:43.8647|INFO|SequenceItem.cs|Run|254|Finishing Category: Camera, Item: CoolCamera, Temperature: -15, Duration: 0
2024-12-11T23:38:43.8650|INFO|SequenceItem.cs|Run|208|Starting Category: Telescope, Item: ParkScope
2024-12-11T23:38:43.8675|INFO|TelescopeVM.cs|ParkTelescope|134|Mount has been commanded to park
2024-12-11T23:38:49.4655|INFO|TelescopeVM.cs|ParkTelescope|180|Mount has parked
2024-12-11T23:38:49.4658|INFO|SequenceItem.cs|Run|254|Finishing Category: Telescope, Item: ParkScope
2024-12-11T23:38:49.4661|INFO|SequenceItem.cs|Run|208|Starting Category: Telescope, Item: UnparkScope
2024-12-11T23:38:49.4670|INFO|TelescopeVM.cs|UnparkTelescope|230|Mount ordered to unpark
2024-12-11T23:38:53.4511|INFO|TelescopeVM.cs|UnparkTelescope|271|Mount has unparked
2024-12-11T23:38:53.4513|INFO|SequenceItem.cs|Run|254|Finishing Category: Telescope, Item: UnparkScope
2024-12-11T23:38:53.4516|INFO|SequenceItem.cs|Run|208|Starting Category: Telescope, Item: FindHome
2024-12-11T23:38:53.4526|INFO|TelescopeVM.cs|FindHome|281|Mount ordered to locate home position
2024-12-11T23:39:09.4479|INFO|TelescopeVM.cs|FindHome|338|Mount has located its home position
2024-12-11T23:39:09.4482|INFO|SequenceItem.cs|Run|254|Finishing Category: Telescope, Item: FindHome
2024-12-11T23:39:09.4484|INFO|SequenceItem.cs|Run|208|Starting Category: Flat Device, Item: OpenCover
2024-12-11T23:39:09.4500|INFO|SequenceItem.cs|Run|254|Finishing Category: Flat Device, Item: OpenCover
2024-12-11T23:39:09.4508|INFO|SequenceItem.cs|Run|208|Starting Category: Telescope, Item: SetTracking, TrackingMode: Stopped
2024-12-11T23:39:09.4559|INFO|SequenceItem.cs|Run|254|Finishing Category: Telescope, Item: SetTracking, TrackingMode: Stopped
2024-12-11T23:39:09.4564|INFO|SequenceItem.cs|Run|208|Starting Category: Telescope, Item: SlewScopeToAltAz, Coordinates: NINA.Astrometry.InputTopocentricCoordinates
2024-12-11T23:39:09.4603|INFO|TelescopeVM.cs|SlewToCoordinatesAsync|926|Slewing from RA: 05:35:59; Dec: 46° 09' 51"; Epoch: JNOW to RA: 05:29:54; Dec: -02° 51' 52"; Epoch: JNOW - Alt: 40° 00' 00"; Az: 170° 00' 00"
2024-12-11T23:39:23.4946|INFO|SequenceItem.cs|Run|254|Finishing Category: Telescope, Item: SlewScopeToAltAz, Coordinates: NINA.Astrometry.InputTopocentricCoordinates
2024-12-11T23:39:23.4950|INFO|SequenceItem.cs|Run|208|Starting Category: Utility, Item: WaitForTime, Time: 17:58:10h, Offset: -10
2024-12-11T23:39:23.4958|INFO|SequenceItem.cs|Run|254|Finishing Category: Utility, Item: WaitForTime, Time: 17:58:10h, Offset: -10
2024-12-11T23:39:23.4959|INFO|SequenceItem.cs|Run|208|Starting Category: Telescope, Item: SetTracking, TrackingMode: Sidereal
2024-12-11T23:39:23.5064|INFO|SequenceItem.cs|Run|254|Finishing Category: Telescope, Item: SetTracking, TrackingMode: Sidereal
2024-12-11T23:39:23.5065|INFO|SequenceItem.cs|Run|208|Starting Category: Ground Station, Item: Send to Pushover, Title: AMOS
2024-12-11T23:39:24.2644|INFO|SequenceItem.cs|Run|254|Finishing Category: Ground Station, Item: Send to Pushover, Title: AMOS
2024-12-11T23:39:24.2657|INFO|SequenceItem.cs|Run|254|Finishing Category: * Instruction Set *, Container: NINA.Sequencer.Container.SequentialContainer, Strategy: SequentialStrategy, Items[FINISHED]: 14, Items[FAILED]: 1, Triggers: Trigger: WhenUnsafe
2024-12-11T23:39:24.2659|INFO|SequenceItem.cs|Run|254|Finishing Category: * Instruction Set *, Container: NINA.Sequencer.Container.StartAreaContainer, Strategy: SequentialStrategy, Items[FINISHED]: 4
2024-12-11T23:39:24.2660|INFO|SequenceItem.cs|Run|208|Starting Category: * Instruction Set *, Container: NINA.Sequencer.Container.TargetAreaContainer, Strategy: SequentialStrategy, Items[CREATED]: 1
2024-12-11T23:39:24.2667|INFO|SequenceItem.cs|Run|208|Starting Category: * Instruction Set *, Container: NINA.Sequencer.Container.DeepSkyObjectContainer, Strategy: SequentialStrategy, Items[CREATED]: 2, Triggers: Category: Ground Station, Item: Failures to Pushover, Target: Crab Nebula RA: 05:34:32; Dec: 22° 00' 52"; Epoch: J2000 0
2024-12-11T23:39:24.2669|INFO|SequenceItem.cs|Run|208|Starting Category: * Instruction Set *, Container: NINA.Sequencer.Container.SequentialContainer, Strategy: SequentialStrategy, Items[CREATED]: 5
2024-12-11T23:39:24.2671|INFO|SequenceItem.cs|Run|208|Starting Category: Utility, Item: WaitForAltitude, Altitude: >20
2024-12-11T23:39:24.2681|INFO|SequenceItem.cs|Run|254|Finishing Category: Utility, Item: WaitForAltitude, Altitude: >20
2024-12-11T23:39:24.2683|INFO|SequenceItem.cs|Run|208|Starting Category: Dome, Item: EnableDomeSynchronization
2024-12-11T23:39:24.2683|ERROR|SequenceItem.cs|RunErrorBehavior|195|Instruction Enable dome sync failed after 1 attempt. Error behavior is set to ContinueOnError. Continuing.
2024-12-11T23:39:24.2684|ERROR|SequenceItem.cs|Run|281|Failed validation: Category: Dome, Item: EnableDomeSynchronization - Dome not connected
2024-12-11T23:39:24.2687|INFO|SequenceItem.cs|Run|208|Starting Category: Telescope, Item: Center, Coordinates RA: 05:34:32; Dec: 22° 00' 52"; Epoch: J2000
2024-12-11T23:39:24.2703|INFO|FailuresToPushoverTrigger.cs|WorkerFn|191|Failures to Pushover: Sending Failure running Enable dome sync
2024-12-11T23:39:24.2703|INFO|FailuresToPushoverTrigger.cs|WorkerFn|191|Failures to Pushover: Sending Failure running Enable dome sync
2024-12-11T23:39:24.3207|INFO|TelescopeVM.cs|SlewToCoordinatesAsync|926|Slewing from RA: 05:29:54; Dec: -02° 51' 52"; Epoch: JNOW to RA: 05:36:03; Dec: 22° 01' 55"; Epoch: JNOW - Alt: 64° 16' 10"; Az: 160° 11' 32"
2024-12-11T23:39:36.3905|INFO|CameraVM.cs|Capture|737|Starting Exposure - Exposure Time: 6s; Filter: Lum; Gain: 100; Offset 50; Binning: 1x1;
2024-12-11T23:39:44.6171|INFO|ImageSolver.cs|Solve|41|Platesolving with parameters: FocalLength: 1260 PixelSize: 3.8 SearchRadius: 30 BlindFailoverEnabled: True Regions: 5000 DownSampleFactor: 0 MaxObjects: 500 Reference Coordinates RA: 05:34:32 Dec: 22° 00' 52" Epoch: J2000
2024-12-11T23:39:44.7434|INFO|BaseImageData.cs|SaveToDisk|344|Saved image to C:\Users\AMOS\AppData\Local\NINA\PlateSolver\whoqeetm.bdo.fits
2024-12-11T23:39:45.2149|ERROR|ASTAPSolver.cs|ReadResult|62|ASTAP - Plate solve failed.

Not enough stars.
2024-12-11T23:39:45.2169|INFO|ImageSolver.cs|Solve|41|Platesolving with parameters: FocalLength: 1260 PixelSize: 3.8 SearchRadius: 30 BlindFailoverEnabled: True Regions: 5000 DownSampleFactor: 0 MaxObjects: 500 
2024-12-11T23:39:45.3279|INFO|BaseImageData.cs|SaveToDisk|344|Saved image to C:\Users\AMOS\AppData\Local\NINA\PlateSolver\tohluo0g.hud.fits
2024-12-11T23:39:45.8287|ERROR|ASTAPSolver.cs|ReadResult|62|ASTAP - Plate solve failed.

Not enough stars.
2024-12-11T23:39:45.8298|INFO|ImageSolver.cs|Solve|56|Platesolve failed
2024-12-11T23:39:45.8299|INFO|ImageSolver.cs|Solve|56|Platesolve failed
2024-12-11T23:39:56.2376|INFO|CenteringSolver.cs|Center|165|Restoring filter to Lum after centering
2024-12-11T23:39:56.2418|INFO|SequenceItem.cs|Run|254|Finishing Category: * Instruction Set *, Container: NINA.Sequencer.Container.TargetAreaContainer, Strategy: SequentialStrategy, Items[CREATED]: 1
2024-12-11T23:39:56.2419|INFO|SequenceItem.cs|Run|208|Starting Category: * Instruction Set *, Container: NINA.Sequencer.Container.EndAreaContainer, Strategy: SequentialStrategy, Items[CREATED]: 3
2024-12-11T23:39:56.2421|INFO|SequenceItem.cs|Run|208|Starting Category: Dome, Item: DisableDomeSynchronization
2024-12-11T23:39:56.2422|ERROR|SequenceItem.cs|RunErrorBehavior|195|Instruction Disable Dome Sync failed after 1 attempt. Error behavior is set to ContinueOnError. Continuing.
2024-12-11T23:39:56.2423|ERROR|SequenceItem.cs|Run|281|Failed validation: Category: Dome, Item: DisableDomeSynchronization - Dome not connected
2024-12-11T23:39:56.2425|INFO|SequenceItem.cs|Run|208|Starting Category: * Instruction Set *, Container: NINA.Sequencer.Container.ParallelContainer, Strategy: ParallelStrategy, Items[CREATED]: 5
2024-12-11T23:39:56.2431|INFO|SequenceItem.cs|Run|208|Starting Category: Dome, Item: CloseDomeShutter
2024-12-11T23:39:56.2432|ERROR|SequenceItem.cs|RunErrorBehavior|195|Instruction Close Dome Shutter failed after 1 attempt. Error behavior is set to ContinueOnError. Continuing.
2024-12-11T23:39:56.2433|ERROR|SequenceItem.cs|Run|281|Failed validation: Category: Dome, Item: CloseDomeShutter - Dome not connected
2024-12-11T23:39:56.2433|INFO|SequenceItem.cs|Run|208|Starting Category: Ground Station, Item: Send to Pushover, Title: Dome closed
2024-12-11T23:39:56.2435|INFO|FailuresToPushoverTrigger.cs|WorkerFn|191|Failures to Pushover: Sending Failure running Disable Dome Sync
2024-12-11T23:39:56.2447|INFO|SequenceItem.cs|Run|208|Starting Category: Flat Device, Item: CloseCover
2024-12-11T23:39:56.2464|INFO|FlatDeviceVM.cs|CloseCover|331|Closing Flat Device Cover
2024-12-11T23:39:56.4170|INFO|SequenceItem.cs|Run|208|Starting Category: Camera, Item: WarmCamera, Duration: 0
2024-12-11T23:39:56.4179|INFO|CameraVM.cs|WarmCamera|162|Warming Camera. Duration: 00:00:00
2024-12-11T23:39:56.4201|INFO|SequenceItem.cs|Run|208|Starting Category: Telescope, Item: ParkScope
2024-12-11T23:39:56.4202|INFO|TelescopeVM.cs|ParkTelescope|134|Mount has been commanded to park
2024-12-11T23:39:56.8168|INFO|SequenceItem.cs|Run|254|Finishing Category: Ground Station, Item: Send to Pushover, Title: Dome closed
2024-12-11T23:39:56.8544|INFO|FailuresToPushoverTrigger.cs|WorkerFn|191|Failures to Pushover: Sending Failure running Close Dome Shutter
2024-12-11T23:40:05.4824|INFO|TelescopeVM.cs|ParkTelescope|180|Mount has parked
2024-12-11T23:40:05.4825|INFO|SequenceItem.cs|Run|254|Finishing Category: Telescope, Item: ParkScope
2024-12-11T23:40:09.2430|INFO|SequenceItem.cs|Run|254|Finishing Category: Flat Device, Item: CloseCover
2024-12-11T23:42:12.3860|INFO|AscomDevice.cs|Disconnect|299|Disconnecting from ASCOM.AMOS.Dome ASCOM Dome Driver for AMOS
2024-12-11T23:42:12.3974|INFO|DomeVM.cs|Disconnect|336|Disconnected Dome Device
2024-12-11T23:42:12.4346|INFO|DomeVM.cs|ChooseDome|191|Successfully connected Dome. Id: ASCOM.AMOS.Dome Name: ASCOM Dome Driver for AMOS DisplayName: ASCOM Dome Driver for AMOS Driver Version: 1.0.1
2024-12-11T23:42:20.8266|INFO|DomeVM.cs|CloseShutter|525|Closing dome shutter. Shutter state before closing ShutterOpen
2024-12-11T23:42:20.8283|INFO|AscomDome.cs|CloseShutter|244|Sending a CloseShutter request, since it is currently ShutterOpen
2024-12-11T23:43:50.4763|INFO|DomeVM.cs|CloseShutter|531|Closed dome shutter. Shutter state after closing ShutterClosed
2024-12-11T23:44:45.7450|INFO|AscomDevice.cs|Disconnect|299|Disconnecting from ASCOM.AMOS.Dome ASCOM Dome Driver for AMOS
2024-12-11T23:44:45.7533|INFO|DomeVM.cs|Disconnect|336|Disconnected Dome Device
2024-12-11T23:44:45.7545|INFO|AscomDevice.cs|Disconnect|299|Disconnecting from ASCOM.OptecAlnitak.CoverCalibrator Optec Alnitak
2024-12-11T23:44:45.8853|INFO|FlatDeviceVM.cs|Disconnect|279|Disconnected Flat Device
2024-12-11T23:44:45.8862|INFO|AscomDevice.cs|Disconnect|299|Disconnecting from ASCOM.ASICamera2.Camera ASI Camera (1) (ASCOM)
2024-12-11T23:44:45.9237|INFO|CameraVM.cs|Disconnect|645|Disconnected Camera
2024-12-11T23:44:45.9244|INFO|AscomDevice.cs|Disconnect|299|Disconnecting from ASCOM.photonProxyHub.Telescope ASCOM Telescope Driver for photonProxyHub
2024-12-11T23:44:45.9312|INFO|TelescopeVM.cs|Disconnect|763|Disconnected mount
2024-12-11T23:44:45.9313|INFO|AscomDevice.cs|Disconnect|299|Disconnecting from ASCOM.EFW2.FilterWheel ZWO FilterWheel (1)
2024-12-11T23:44:45.9364|INFO|FilterWheelVM.cs|Disconnect|324|Disconnected Filter Wheel
2024-12-11T23:44:46.0401|INFO|AscomDevice.cs|Disconnect|299|Disconnecting from ASCOM.MicroTouchServer.Focuser1 MicroTouch Focuser1
2024-12-11T23:44:46.0516|INFO|FocuserVM.cs|Disconnect|426|Disconnected Focuser
2024-12-11T23:44:46.0527|INFO|AscomDevice.cs|Disconnect|299|Disconnecting from ASCOM.PegasusAstroFalconV2.Rotator PegasusAstro FalconV2
2024-12-11T23:44:46.0578|INFO|RotatorVM.cs|Disconnect|438|Disconnected Rotator
2024-12-11T23:44:46.0587|INFO|SwitchVM.cs|Disconnect|298|Disconnected Switch
2024-12-11T23:44:46.0675|INFO|AscomDevice.cs|Disconnect|299|Disconnecting from ASCOM.CloudWatcher.ObservingConditions Lunatico CloudWatcher Observing Conditions
2024-12-11T23:44:46.0722|INFO|WeatherDataVM.cs|Disconnect|292|Disconnected Weather Device
2024-12-11T23:44:46.0727|INFO|AscomDevice.cs|Disconnect|299|Disconnecting from ASCOM.CloudWatcher.SafetyMonitor Lunatico CloudWatcher Safety Monitor
2024-12-11T23:44:46.0768|INFO|SafetyMonitorVM.cs|Disconnect|208|Disconnected Safety Monitor
2024-12-11T23:44:49.2207|ERROR|SequenceItem.cs|Run|263|Category: Camera, Item: WarmCamera, Duration: 0 - 
System.NullReferenceException: Object reference not set to an instance of an object.
   at NINA.WPF.Base.ViewModel.Equipment.Camera.CameraVM.RegulateTemperature(Double temperature, TimeSpan duration, Boolean cooling, IProgress`1 progress, CancellationToken ct) in C:\Projects\nina\NINA.WPF.Base\ViewModel\Equipment\Camera\CameraVM.cs:line 238
   at NINA.WPF.Base.ViewModel.Equipment.Camera.CameraVM.WarmCamera(TimeSpan duration, IProgress`1 progress, CancellationToken ct) in C:\Projects\nina\NINA.WPF.Base\ViewModel\Equipment\Camera\CameraVM.cs:line 174
   at NINA.Sequencer.SequenceItem.SequenceItem.Run(IProgress`1 progress, CancellationToken token) in C:\Projects\nina\NINA.Sequencer\SequenceItem\SequenceItem.cs:line 249
2024-12-11T23:44:49.2212|ERROR|SequenceItem.cs|RunErrorBehavior|195|Instruction Warm Camera failed after 1 attempt. Error behavior is set to ContinueOnError. Continuing.
2024-12-11T23:44:49.2212|INFO|SequenceItem.cs|Run|254|Finishing Category: * Instruction Set *, Container: NINA.Sequencer.Container.ParallelContainer, Strategy: ParallelStrategy, Items[FAILED]: 2, Items[FINISHED]: 3
2024-12-11T23:44:49.2214|INFO|SequenceItem.cs|Run|208|Starting Category: ASA Tools, Item: PowerOn
2024-12-11T23:44:49.2219|INFO|SequenceItem.cs|Run|254|Finishing Category: ASA Tools, Item: PowerOn
2024-12-11T23:44:49.2221|INFO|SequenceItem.cs|Run|254|Finishing Category: * Instruction Set *, Container: NINA.Sequencer.Container.EndAreaContainer, Strategy: SequentialStrategy, Items[FAILED]: 1, Items[FINISHED]: 2
2024-12-11T23:44:49.2221|INFO|SequenceItem.cs|Run|254|Finishing Category: * Instruction Set *, Container: NINA.Sequencer.Container.SequenceRootContainer, Strategy: SequentialStrategy, Items[FINISHED]: 3, Triggers: Category: Ground Station, Item: Failures to Pushover
2024-12-11T23:44:49.2242|INFO|Sequence2VM.cs|StartSequence|490|Advanced Sequence finished
2024-12-11T23:44:49.2249|INFO|FailuresToPushoverTrigger.cs|WorkerFn|191|Failures to Pushover: Sending Failure running Warm Camera
2024-12-11T23:45:15.8404|INFO|ApplicationVM.cs|Closing|288|Application shutting down
2024-12-11T23:45:15.8471|INFO|DomeVM.cs|Disconnect|336|Disconnected Dome Device
2024-12-11T23:45:15.8479|INFO|FlatDeviceVM.cs|Disconnect|279|Disconnected Flat Device
2024-12-11T23:45:15.8515|INFO|CameraVM.cs|Disconnect|645|Disconnected Camera
2024-12-11T23:45:15.8517|INFO|TelescopeVM.cs|Disconnect|763|Disconnected mount
2024-12-11T23:45:15.8521|INFO|FilterWheelVM.cs|Disconnect|324|Disconnected Filter Wheel
2024-12-11T23:45:15.8522|INFO|FocuserVM.cs|Disconnect|426|Disconnected Focuser
2024-12-11T23:45:15.8529|INFO|RotatorVM.cs|Disconnect|438|Disconnected Rotator
2024-12-11T23:45:15.8533|INFO|SwitchVM.cs|Disconnect|298|Disconnected Switch
2024-12-11T23:45:15.8544|INFO|WeatherDataVM.cs|Disconnect|292|Disconnected Weather Device
2024-12-11T23:45:15.8547|INFO|SafetyMonitorVM.cs|Disconnect|208|Disconnected Safety Monitor
2024-12-11T23:45:16.5160|INFO|HttpServer.cs|WaitForStopped|108|waited 0ms for web server to stop
