----------------------------------------------------------------------
--------------N.I.N.A. - Nighttime Imaging 'N' Astronomy--------------
--------------------------Version 3.1.2.9001--------------------------
-------------------------2024-12-30T16:59:57--------------------------
----------------------------------------------------------------------
---------------------Microsoft Windows 10.0.26100---------------------
-------------------------OS Architecture X64--------------------------
-----------------------Process Architecture X64-----------------------
------------------------------.NET 8.0.8------------------------------
----------------------------------------------------------------------
--------------------------Processor Count 12--------------------------
--------------------Total Physical Memory 27.89 GB--------------------
----------------------------------------------------------------------
DATE|LEVEL|SOURCE|MEMBER|LINE|MESSAGE
2024-12-30T16:59:57.3130|ERROR|ProfileService.cs|MigrateModularizedSolutionNamespaceChange|445|Failed to migrate profile C:\Users\AMOS\AppData\Local\NINA\Profiles\4efc0507-b521-49ce-88b6-96e9d454c1a7.profile due to 
System.IO.IOException: The process cannot access the file 'C:\Users\AMOS\AppData\Local\NINA\Profiles\4efc0507-b521-49ce-88b6-96e9d454c1a7.profile' because it is being used by another process.
   at Microsoft.Win32.SafeHandles.SafeFileHandle.CreateFile(String fullPath, FileMode mode, FileAccess access, FileShare share, FileOptions options)
   at Microsoft.Win32.SafeHandles.SafeFileHandle.Open(String fullPath, FileMode mode, FileAccess access, FileShare share, FileOptions options, Int64 preallocationSize, Nullable`1 unixCreateMode)
   at System.IO.Strategies.OSFileStreamStrategy..ctor(String path, FileMode mode, FileAccess access, FileShare share, FileOptions options, Int64 preallocationSize, Nullable`1 unixCreateMode)
   at System.IO.Strategies.FileStreamHelpers.ChooseStrategyCore(String path, FileMode mode, FileAccess access, FileShare share, FileOptions options, Int64 preallocationSize, Nullable`1 unixCreateMode)
   at System.IO.StreamReader.ValidateArgsAndOpenPath(String path, Encoding encoding, Int32 bufferSize)
   at System.IO.File.ReadAllText(String path, Encoding encoding)
   at NINA.Profile.ProfileService.MigrateModularizedSolutionNamespaceChange() in C:\Projects\nina\NINA.Profile\ProfileService.cs:line 419
2024-12-30T16:59:57.8979|INFO|CameraChooserVM.cs|GetEquipment|69|Found 2 ASI Cameras
2024-12-30T16:59:57.9455|INFO|CameraChooserVM.cs|GetEquipment|84|Found 0 Altair Cameras
2024-12-30T16:59:58.1466|INFO|CameraChooserVM.cs|GetEquipment|96|Found 0 Atik Cameras
2024-12-30T16:59:58.1470|INFO|CameraChooserVM.cs|GetEquipment|110|Found 0 FLI Cameras
2024-12-30T16:59:59.1671|INFO|CameraChooserVM.cs|GetEquipment|130|Found 0 QHYCCD Cameras
2024-12-30T16:59:59.2002|INFO|CameraChooserVM.cs|GetEquipment|158|Found 0 ToupTek Cameras
2024-12-30T16:59:59.2032|INFO|CameraChooserVM.cs|GetEquipment|173|Found 0 Ogma Cameras
2024-12-30T16:59:59.2068|INFO|CameraChooserVM.cs|GetEquipment|188|Found 0 Omegon Cameras
2024-12-30T16:59:59.2364|INFO|CameraChooserVM.cs|GetEquipment|203|Found 0 RisingCam Cameras
2024-12-30T16:59:59.2406|INFO|CameraChooserVM.cs|GetEquipment|218|Found 0 MallinCam Cameras
2024-12-30T16:59:59.2456|INFO|CameraChooserVM.cs|GetEquipment|244|Found 0 SBIG Cameras
2024-12-30T16:59:59.6412|INFO|ApplicationVM.cs|CheckDiskInfo|100|Available Space on Drive C:\: 93.23 GB
2024-12-30T16:59:59.6414|INFO|ApplicationVM.cs|CheckDiskInfo|100|Available Space on Drive D:\: 4349.01 GB
2024-12-30T16:59:59.6422|INFO|ApplicationVM.cs|CheckDiskInfo|102|Drive E:\ is not ready
2024-12-30T16:59:59.6444|INFO|ApplicationVM.cs|CheckASCOMPlatformVersion|81|ASCOM Platform 6.6.2.4195 installed
2024-12-30T16:59:59.6467|INFO|ApplicationVM.cs|CheckDiskInfo|102|Drive F:\ is not ready
2024-12-30T16:59:59.8520|INFO|PluginLoader.cs|LoadPlugin|416|Successfully loaded plugin ASA Tools version 3.1.2.0 by Gerald Hitz (photon)
2024-12-30T16:59:59.8736|INFO|PluginLoader.cs|LoadPlugin|416|Successfully loaded plugin Connector version 2.0.3.0 by Stefan Berg
2024-12-30T16:59:59.8973|INFO|PluginLoader.cs|LoadPlugin|416|Successfully loaded plugin Device Actions and Commands version 2.0.0.0 by Dale Ghent
2024-12-30T16:59:59.9104|INFO|PluginLoader.cs|LoadPlugin|416|Successfully loaded plugin Filter Offset Calculator version 2.0.0.0 by S. Dimant & Stefan Berg
2024-12-30T16:59:59.9919|INFO|PluginLoader.cs|LoadPlugin|416|Successfully loaded plugin Ground Station version 2.4.1.0 by Dale Ghent
2024-12-30T17:00:00.1099|INFO|PluginLoader.cs|LoadPlugin|416|Successfully loaded plugin Hocus Focus version 3.0.0.18 by George Hilios (jokogeo)
2024-12-30T17:00:00.1235|INFO|PluginLoader.cs|LoadPlugin|416|Successfully loaded plugin Moon Angle version 2.2.0.0 by Dale Ghent
2024-12-30T17:00:00.1718|INFO|OrbitalElementsAccessor.cs|LoadJWST|87|No JWST vector table loaded since no file was found at C:\Users\AMOS\AppData\Local\NINA\OrbitalElements\JWSTVectorTable.bin.gz
2024-12-30T17:00:00.1724|INFO|OrbitalElementsAccessor.cs|LoadObjectType|118|No NumberedAsteroids orbital elements loaded since no file was found at C:\Users\AMOS\AppData\Local\NINA\OrbitalElements\NumberedAsteroidsElements.bin.gz
2024-12-30T17:00:00.1724|INFO|OrbitalElementsAccessor.cs|LoadObjectType|118|No Comet orbital elements loaded since no file was found at C:\Users\AMOS\AppData\Local\NINA\OrbitalElements\MPC_CometElements.bin.gz
2024-12-30T17:00:00.1724|INFO|OrbitalElementsAccessor.cs|LoadObjectType|118|No UnnumberedAsteroids orbital elements loaded since no file was found at C:\Users\AMOS\AppData\Local\NINA\OrbitalElements\UnnumberedAsteroidsElements.bin.gz
2024-12-30T17:00:00.1797|INFO|PluginLoader.cs|LoadPlugin|416|Successfully loaded plugin Orbitals version 3.0.0.13 by George Hilios (jokogeo)
2024-12-30T17:00:00.2004|INFO|PluginLoader.cs|LoadPlugin|416|Successfully loaded plugin Phd2 Tools version 1.0.5.0 by Stefan Berg @isbeorn
2024-12-30T17:00:00.2128|INFO|PluginLoader.cs|LoadPlugin|416|Successfully loaded plugin Remote Copy version 3.0.0.0 by Tom Palmer @tcpalmer
2024-12-30T17:00:00.3154|INFO|PluginLoader.cs|LoadPlugin|416|Successfully loaded plugin Sequencer Powerups version 3.20.0.0 by Marc Blank
2024-12-30T17:00:00.3894|ERROR|DllLoader.cs|LoadDllFromAbsolutePath|53|DllLoader failed to load library C:\Program Files\N.I.N.A. - Nighttime Imaging 'N' Astronomy\External\x64\SQLite\SQLite.Interop.dll due to error code 126
2024-12-30T17:00:00.6540|INFO|PluginLoader.cs|LoadPlugin|416|Successfully loaded plugin Target Scheduler version 4.9.0.1 by Tom Palmer @tcpalmer
2024-12-30T17:00:00.6981|INFO|SessionHistoryManager.cs|PurgeHistoryOlderThan|102|purging web session history older than 10 days
2024-12-30T17:00:00.7338|INFO|PluginLoader.cs|LoadPlugin|416|Successfully loaded plugin Web Session History Viewer version 2.2.1.0 by Tom Palmer @tcpalmer
2024-12-30T17:00:00.7396|INFO|PluginFetcher.cs|RequestAll|43|Fetching plugin manifests from https://nighttime-imaging.eu/wp-json/nina/v1/plugins/manifests
2024-12-30T17:00:00.7889|INFO|CameraChooserVM.cs|GetEquipment|264|Found 0 SVBony Cameras
2024-12-30T17:00:00.7922|INFO|CameraChooserVM.cs|GetEquipment|264|Found 0 PlayerOne Cameras
2024-12-30T17:00:00.8040|INFO|CameraChooserVM.cs|GetEquipment|264|Found 0 ASTPAN Cameras
2024-12-30T17:00:00.8050|INFO|CameraChooserVM.cs|GetEquipment|278|Found 4 ASCOM Cameras
2024-12-30T17:00:01.4777|INFO|PluginFetcher.cs|RequestAll|57|Found 58 valid plugins at https://nighttime-imaging.eu/wp-json/nina/v1/plugins/manifests
2024-12-30T17:00:02.7595|INFO|SwitchChooserVM.cs|GetEquipment|71|Found 0 Alpaca Switch Hubs
2024-12-30T17:00:02.7597|INFO|TelescopeChooserVM.cs|GetEquipment|69|Found 0 Alpaca Telescopes
2024-12-30T17:00:02.7595|INFO|FlatDeviceChooserVM.cs|GetEquipment|67|Found 0 Alpaca Cover Calibrators
2024-12-30T17:00:02.7595|INFO|WeatherDataChooserVM.cs|GetEquipment|69|Found 0 Alpaca Observing Conditions
2024-12-30T17:00:02.7595|INFO|SafetyMonitorChooserVM.cs|GetEquipment|71|Found 0 Alpaca Safety Monitors
2024-12-30T17:00:02.7595|INFO|FocuserChooserVM.cs|GetEquipment|67|Found 0 Alpaca Focusers
2024-12-30T17:00:02.7595|INFO|DomeChooserVM.cs|GetEquipment|67|Found 0 Alpaca Domes
2024-12-30T17:00:02.7596|INFO|RotatorChooserVM.cs|GetEquipment|68|Found 0 Alpaca Rotators
2024-12-30T17:00:02.7595|INFO|FilterWheelChooserVM.cs|GetEquipment|193|Found 0 Alpaca Filter Wheels
2024-12-30T17:00:02.8065|INFO|CameraChooserVM.cs|GetEquipment|290|Found 0 Alpaca Cameras
2024-12-30T17:00:02.8085|INFO|CameraChooserVM.cs|GetEquipment|303|Found 0 Canon Cameras
2024-12-30T17:00:04.5533|INFO|CameraVM.cs|Disconnect|645|Disconnected Camera
2024-12-30T17:00:07.3531|INFO|AscomDevice.cs|GetProperty|379|Property Camera.BayerOffsetX GET is not implemented in this driver (ASI Camera (2) (ASCOM))
2024-12-30T17:00:07.3554|INFO|AscomDevice.cs|GetProperty|379|Property Camera.BayerOffsetY GET is not implemented in this driver (ASI Camera (2) (ASCOM))
2024-12-30T17:00:07.3602|INFO|CameraVM.cs|ChooseCamera|448|Successfully connected Camera. Id: ASCOM.ASICamera2_2.Camera Name: ASI Camera (2) (ASCOM) DisplayName: ASI Camera (2) (ASCOM)Driver Version: 6.5
2024-12-30T17:00:12.8566|INFO|CameraVM.cs|CoolCamera|139|Cooling Camera. Target: -10 Duration: 00:00:00
2024-12-30T17:00:15.1311|ERROR|NotifyTaskCompletion.cs|WatchTaskAsync|35
System.Threading.Tasks.TaskCanceledException: A task was canceled.
   at NINA.Core.Utility.CoreUtil.Delay(TimeSpan span, CancellationToken token) in C:\Projects\nina\NINA.Core\Utility\CoreUtil.cs:line 129
   at NINA.Core.Utility.CoreUtil.Delay(Int32 milliseconds, CancellationToken token) in C:\Projects\nina\NINA.Core\Utility\CoreUtil.cs:line 124
   at NINA.Core.Utility.CoreUtil.Wait(TimeSpan t, Boolean progressCountDown, CancellationToken token, IProgress`1 progress, String status) in C:\Projects\nina\NINA.Core\Utility\CoreUtil.cs:line 142
   at NINA.WPF.Base.ViewModel.Equipment.Camera.CameraVM.RegulateTemperature(Double temperature, TimeSpan duration, Boolean cooling, IProgress`1 progress, CancellationToken ct) in C:\Projects\nina\NINA.WPF.Base\ViewModel\Equipment\Camera\CameraVM.cs:line 237
   at NINA.WPF.Base.ViewModel.Equipment.Camera.CameraVM.CoolCamera(Double temperature, TimeSpan duration, IProgress`1 progress, CancellationToken ct) in C:\Projects\nina\NINA.WPF.Base\ViewModel\Equipment\Camera\CameraVM.cs:line 148
   at NINA.Core.Utility.NotifyTaskCompletion`1.WatchTaskAsync(Task task) in C:\Projects\nina\NINA.Core\Utility\NotifyTaskCompletion.cs:line 33
2024-12-30T17:00:18.7437|INFO|AscomDevice.cs|Disconnect|299|Disconnecting from ASCOM.ASICamera2_2.Camera ASI Camera (2) (ASCOM)
2024-12-30T17:00:18.7895|INFO|CameraVM.cs|Disconnect|645|Disconnected Camera
2024-12-30T17:00:21.0916|INFO|ApplicationVM.cs|Closing|288|Application shutting down
2024-12-30T17:00:21.0992|INFO|DomeVM.cs|Disconnect|336|Disconnected Dome Device
2024-12-30T17:00:21.1005|INFO|FlatDeviceVM.cs|Disconnect|279|Disconnected Flat Device
2024-12-30T17:00:21.1038|INFO|CameraVM.cs|Disconnect|645|Disconnected Camera
2024-12-30T17:00:21.1068|INFO|TelescopeVM.cs|Disconnect|763|Disconnected mount
2024-12-30T17:00:21.1077|INFO|FilterWheelVM.cs|Disconnect|324|Disconnected Filter Wheel
2024-12-30T17:00:21.1090|INFO|FocuserVM.cs|Disconnect|426|Disconnected Focuser
2024-12-30T17:00:21.1106|INFO|RotatorVM.cs|Disconnect|438|Disconnected Rotator
2024-12-30T17:00:21.1117|INFO|SwitchVM.cs|Disconnect|298|Disconnected Switch
2024-12-30T17:00:21.1128|INFO|WeatherDataVM.cs|Disconnect|292|Disconnected Weather Device
2024-12-30T17:00:21.1137|INFO|SafetyMonitorVM.cs|Disconnect|208|Disconnected Safety Monitor
