----------------------------------------------------------------------
--------------N.I.N.A. - Nighttime Imaging 'N' Astronomy--------------
--------------------------Version 3.1.2.9001--------------------------
-------------------------2024-12-25T17:58:38--------------------------
----------------------------------------------------------------------
---------------------Microsoft Windows 10.0.26100---------------------
-------------------------OS Architecture X64--------------------------
-----------------------Process Architecture X64-----------------------
------------------------------.NET 8.0.8------------------------------
----------------------------------------------------------------------
--------------------------Processor Count 12--------------------------
--------------------Total Physical Memory 27.89 GB--------------------
----------------------------------------------------------------------
DATE|LEVEL|SOURCE|MEMBER|LINE|MESSAGE
2024-12-25T17:58:38.8314|INFO|CameraChooserVM.cs|GetEquipment|69|Found 0 ASI Cameras
2024-12-25T17:58:39.1627|ERROR|DllLoader.cs|LoadDllFromAbsolutePath|53|DllLoader failed to load library C:\Program Files\N.I.N.A. - Nighttime Imaging 'N' Astronomy\External\x64\Atik\Atik.Core.dll due to error code 126
2024-12-25T17:58:39.6849|INFO|CameraChooserVM.cs|GetEquipment|84|Found 0 Altair Cameras
2024-12-25T17:58:39.9761|INFO|CameraChooserVM.cs|GetEquipment|96|Found 0 Atik Cameras
2024-12-25T17:58:39.9765|INFO|CameraChooserVM.cs|GetEquipment|110|Found 0 FLI Cameras
2024-12-25T17:58:41.0870|INFO|CameraChooserVM.cs|GetEquipment|130|Found 0 QHYCCD Cameras
2024-12-25T17:58:41.2056|INFO|CameraChooserVM.cs|GetEquipment|158|Found 0 ToupTek Cameras
2024-12-25T17:58:41.3348|INFO|CameraChooserVM.cs|GetEquipment|173|Found 0 Ogma Cameras
2024-12-25T17:58:41.4954|INFO|CameraChooserVM.cs|GetEquipment|188|Found 0 Omegon Cameras
2024-12-25T17:58:41.7080|INFO|CameraChooserVM.cs|GetEquipment|203|Found 0 RisingCam Cameras
2024-12-25T17:58:41.8133|INFO|CameraChooserVM.cs|GetEquipment|218|Found 0 MallinCam Cameras
2024-12-25T17:58:41.8143|INFO|CameraChooserVM.cs|GetEquipment|244|Found 0 SBIG Cameras
2024-12-25T17:58:41.9889|INFO|ApplicationVM.cs|CheckDiskInfo|100|Available Space on Drive C:\: 49.85 GB
2024-12-25T17:58:41.9891|INFO|ApplicationVM.cs|CheckDiskInfo|100|Available Space on Drive D:\: 4446.96 GB
2024-12-25T17:58:41.9899|INFO|ApplicationVM.cs|CheckDiskInfo|102|Drive E:\ is not ready
2024-12-25T17:58:41.9918|INFO|ApplicationVM.cs|CheckASCOMPlatformVersion|81|ASCOM Platform 6.6.2.4195 installed
2024-12-25T17:58:41.9943|INFO|ApplicationVM.cs|CheckDiskInfo|102|Drive F:\ is not ready
2024-12-25T17:58:42.4086|INFO|PluginLoader.cs|LoadPlugin|416|Successfully loaded plugin ASA Tools version 3.1.2.0 by Gerald Hitz (photon)
2024-12-25T17:58:42.7333|INFO|PluginLoader.cs|LoadPlugin|416|Successfully loaded plugin Connector version 2.0.3.0 by Stefan Berg
2024-12-25T17:58:43.0095|INFO|PluginLoader.cs|LoadPlugin|416|Successfully loaded plugin Device Actions and Commands version 2.0.0.0 by Dale Ghent
2024-12-25T17:58:43.3541|INFO|PluginLoader.cs|LoadPlugin|416|Successfully loaded plugin Filter Offset Calculator version 2.0.0.0 by S. Dimant & Stefan Berg
2024-12-25T17:58:43.7386|INFO|PluginLoader.cs|LoadPlugin|416|Successfully loaded plugin Ground Station version 2.4.1.0 by Dale Ghent
2024-12-25T17:58:44.7452|INFO|PluginLoader.cs|LoadPlugin|416|Successfully loaded plugin Hocus Focus version 3.0.0.18 by George Hilios (jokogeo)
2024-12-25T17:58:44.8987|INFO|PluginLoader.cs|LoadPlugin|416|Successfully loaded plugin Moon Angle version 2.2.0.0 by Dale Ghent
2024-12-25T17:58:45.3022|INFO|OrbitalElementsAccessor.cs|LoadJWST|87|No JWST vector table loaded since no file was found at C:\Users\AMOS\AppData\Local\NINA\OrbitalElements\JWSTVectorTable.bin.gz
2024-12-25T17:58:45.3029|INFO|OrbitalElementsAccessor.cs|LoadObjectType|118|No UnnumberedAsteroids orbital elements loaded since no file was found at C:\Users\AMOS\AppData\Local\NINA\OrbitalElements\UnnumberedAsteroidsElements.bin.gz
2024-12-25T17:58:45.3029|INFO|OrbitalElementsAccessor.cs|LoadObjectType|118|No Comet orbital elements loaded since no file was found at C:\Users\AMOS\AppData\Local\NINA\OrbitalElements\MPC_CometElements.bin.gz
2024-12-25T17:58:45.3029|INFO|OrbitalElementsAccessor.cs|LoadObjectType|118|No NumberedAsteroids orbital elements loaded since no file was found at C:\Users\AMOS\AppData\Local\NINA\OrbitalElements\NumberedAsteroidsElements.bin.gz
2024-12-25T17:58:45.3082|INFO|PluginLoader.cs|LoadPlugin|416|Successfully loaded plugin Orbitals version 3.0.0.13 by George Hilios (jokogeo)
2024-12-25T17:58:45.3685|INFO|PluginLoader.cs|LoadPlugin|416|Successfully loaded plugin Phd2 Tools version 1.0.4.2 by Stefan Berg
2024-12-25T17:58:45.6615|INFO|PluginLoader.cs|LoadPlugin|416|Successfully loaded plugin Sequencer Powerups version 3.20.0.0 by Marc Blank
2024-12-25T17:58:46.4574|ERROR|DllLoader.cs|LoadDllFromAbsolutePath|53|DllLoader failed to load library C:\Program Files\N.I.N.A. - Nighttime Imaging 'N' Astronomy\External\x64\SQLite\SQLite.Interop.dll due to error code 126
2024-12-25T17:58:46.8294|INFO|PluginLoader.cs|LoadPlugin|416|Successfully loaded plugin Target Scheduler version 4.9.0.0 by Tom Palmer @tcpalmer
2024-12-25T17:58:47.4519|INFO|SessionHistoryManager.cs|PurgeHistoryOlderThan|102|purging web session history older than 10 days
2024-12-25T17:58:47.5465|INFO|NINAWeb.cs|changePluginState|260|Web plugin state change from OFF to ON
2024-12-25T17:58:47.5556|INFO|NINALogWatcher.cs|Start|29|web viewer: watching log file: C:\Users\AMOS\AppData\Local\NINA\Logs\20241225-175837-3.1.2.9001.14160-202412.log
2024-12-25T17:58:47.5606|INFO|HttpServer.cs|ConfigureLogging|143|web server log: C:\Users\AMOS\AppData\Local\NINA\WebPlugin\webserver-20241225-175847.log
2024-12-25T17:58:47.5611|INFO|HttpServer.cs|WebServerTask|62|starting web server, listening at http://localhost:80/dist
2024-12-25T17:58:47.5660|INFO|AutofocusDirectoryWatcher.cs|Watch|31|web viewer: watching AF directory file: C:\Users\AMOS\AppData\Local\NINA\AutoFocus
2024-12-25T17:58:47.5695|INFO|PluginLoader.cs|LoadPlugin|416|Successfully loaded plugin Web Session History Viewer version 2.2.1.0 by Tom Palmer @tcpalmer
2024-12-25T17:58:47.5759|INFO|PluginFetcher.cs|RequestAll|43|Fetching plugin manifests from https://nighttime-imaging.eu/wp-json/nina/v1/plugins/manifests
2024-12-25T17:58:47.9081|INFO|CameraChooserVM.cs|GetEquipment|264|Found 0 SVBony Cameras
2024-12-25T17:58:47.9849|INFO|CameraChooserVM.cs|GetEquipment|264|Found 0 PlayerOne Cameras
2024-12-25T17:58:47.9927|INFO|CameraChooserVM.cs|GetEquipment|264|Found 0 ASTPAN Cameras
2024-12-25T17:58:47.9939|INFO|CameraChooserVM.cs|GetEquipment|278|Found 4 ASCOM Cameras
2024-12-25T17:58:48.4334|INFO|PluginFetcher.cs|RequestAll|57|Found 58 valid plugins at https://nighttime-imaging.eu/wp-json/nina/v1/plugins/manifests
2024-12-25T17:58:49.6236|INFO|WeatherDataChooserVM.cs|GetEquipment|69|Found 0 Alpaca Observing Conditions
2024-12-25T17:58:49.6236|INFO|FilterWheelChooserVM.cs|GetEquipment|193|Found 0 Alpaca Filter Wheels
2024-12-25T17:58:49.6239|INFO|FocuserChooserVM.cs|GetEquipment|67|Found 0 Alpaca Focusers
2024-12-25T17:58:49.6239|INFO|RotatorChooserVM.cs|GetEquipment|68|Found 0 Alpaca Rotators
2024-12-25T17:58:49.6240|INFO|TelescopeChooserVM.cs|GetEquipment|69|Found 0 Alpaca Telescopes
2024-12-25T17:58:49.6239|INFO|SwitchChooserVM.cs|GetEquipment|71|Found 0 Alpaca Switch Hubs
2024-12-25T17:58:49.6239|INFO|DomeChooserVM.cs|GetEquipment|67|Found 0 Alpaca Domes
2024-12-25T17:58:49.6240|INFO|FlatDeviceChooserVM.cs|GetEquipment|67|Found 0 Alpaca Cover Calibrators
2024-12-25T17:58:49.8109|INFO|SafetyMonitorChooserVM.cs|GetEquipment|71|Found 0 Alpaca Safety Monitors
2024-12-25T17:58:49.9960|INFO|CameraChooserVM.cs|GetEquipment|290|Found 0 Alpaca Cameras
2024-12-25T17:58:50.0027|INFO|CameraChooserVM.cs|GetEquipment|303|Found 0 Canon Cameras
2024-12-25T17:59:32.1270|INFO|CameraVM.cs|Disconnect|645|Disconnected Camera
2024-12-25T17:59:33.4346|ERROR|AscomDevice.cs|Connect|246
ASCOM.DriverAccessCOMException (0x00000000): Communication Failure
 ---> System.Runtime.InteropServices.COMException (0x00000000): Communication Failure
   at ASCOM.Com.DriverAccess.DynamicAccess.CheckDotNetExceptions(String memberName, Exception e)
   at ASCOM.Com.DriverAccess.DynamicAccess.TrySetMember(SetMemberBinder binder, Object value)
   at CallSite.Target(Closure, CallSite, Object, Boolean)
   at System.Dynamic.UpdateDelegates.UpdateAndExecute2[T0,T1,TRet](CallSite site, T0 arg0, T1 arg1)
   at ASCOM.Com.DriverAccess.ASCOMDevice.set_Connected(Boolean value)
   at NINA.Equipment.Equipment.AscomDevice`1.set_Connected(Boolean value) in C:\Projects\nina\NINA.Equipment\Equipment\AscomDevice.cs:line 144
   at NINA.Equipment.Equipment.AscomDevice`1.<Connect>b__43_0() in C:\Projects\nina\NINA.Equipment\Equipment\AscomDevice.cs:line 239
2024-12-25T17:59:33.4405|INFO|FilterWheelVM.cs|Disconnect|324|Disconnected Filter Wheel
2024-12-25T17:59:33.6578|ERROR|AscomDevice.cs|Connect|246
ASCOM.DriverAccessCOMException (0x00000000): Communication Failure
 ---> System.Runtime.InteropServices.COMException (0x00000000): Communication Failure
   at ASCOM.Com.DriverAccess.DynamicAccess.CheckDotNetExceptions(String memberName, Exception e)
   at ASCOM.Com.DriverAccess.DynamicAccess.TrySetMember(SetMemberBinder binder, Object value)
   at CallSite.Target(Closure, CallSite, Object, Boolean)
   at ASCOM.Com.DriverAccess.ASCOMDevice.set_Connected(Boolean value)
   at NINA.Equipment.Equipment.AscomDevice`1.set_Connected(Boolean value) in C:\Projects\nina\NINA.Equipment\Equipment\AscomDevice.cs:line 144
   at NINA.Equipment.Equipment.AscomDevice`1.<Connect>b__43_0() in C:\Projects\nina\NINA.Equipment\Equipment\AscomDevice.cs:line 239
2024-12-25T17:59:33.6655|INFO|TelescopeVM.cs|Disconnect|763|Disconnected mount
2024-12-25T17:59:40.5082|INFO|AscomTelescope.cs|CheckMountTime|817|Mount UTC Time: 2024-12-25 16:59:40Z / System UTC Time: 2024-12-25 16:59:40Z; Difference: 0.003 seconds
2024-12-25T17:59:40.5302|INFO|AscomTelescope.cs|CheckMountTime|837|Mount driver does not allow the mount's time to be set.
2024-12-25T17:59:40.6581|INFO|TelescopeVM.cs|ChooseTelescope|518|Successfully connected mount. Id: ASCOM.photonProxyHub.Telescope Name: ASCOM Telescope Driver for photonProxyHub DisplayName: ASCOM Telescope Driver for photonProxyHub Driver Version: 2011_10_08
2024-12-25T17:59:40.6608|INFO|FocuserVM.cs|Disconnect|426|Disconnected Focuser
2024-12-25T17:59:41.3704|ERROR|AscomDevice.cs|Connect|246
ASCOM.DriverException: Device is not connected
   at ASCOM.Com.DriverAccess.DynamicAccess.CheckDotNetExceptions(String memberName, Exception e)
   at ASCOM.Com.DriverAccess.DynamicAccess.TrySetMember(SetMemberBinder binder, Object value)
   at CallSite.Target(Closure, CallSite, Object, Boolean)
   at ASCOM.Com.DriverAccess.ASCOMDevice.set_Connected(Boolean value)
   at ASCOM.Com.DriverAccess.Focuser.set_Connected(Boolean value)
   at NINA.Equipment.Equipment.AscomDevice`1.set_Connected(Boolean value) in C:\Projects\nina\NINA.Equipment\Equipment\AscomDevice.cs:line 144
   at NINA.Equipment.Equipment.AscomDevice`1.<Connect>b__43_0() in C:\Projects\nina\NINA.Equipment\Equipment\AscomDevice.cs:line 239
2024-12-25T17:59:41.3740|INFO|RotatorVM.cs|Disconnect|438|Disconnected Rotator
2024-12-25T17:59:50.9474|INFO|RotatorVM.cs|Connect|398|Successfully connected Rotator. Id: ASCOM.PegasusAstroFalconV2.Rotator Name: PegasusAstro FalconV2 DisplayName: PegasusAstro FalconV2 Driver Version: 2.4.4561.305
2024-12-25T17:59:50.9571|INFO|FlatDeviceVM.cs|Disconnect|279|Disconnected Flat Device
2024-12-25T17:59:51.5175|ERROR|AscomDevice.cs|Connect|246
ASCOM.DriverException: Der Anschluss COM4 ist nicht vorhanden.
 ---> System.IO.IOException: Der Anschluss COM4 ist nicht vorhanden.
   --- End of inner exception stack trace ---
   at ASCOM.Com.DriverAccess.DynamicAccess.CheckDotNetExceptions(String memberName, Exception e)
   at ASCOM.Com.DriverAccess.DynamicAccess.TrySetMember(SetMemberBinder binder, Object value)
   at CallSite.Target(Closure, CallSite, Object, Boolean)
   at ASCOM.Com.DriverAccess.ASCOMDevice.set_Connected(Boolean value)
   at NINA.Equipment.Equipment.AscomDevice`1.set_Connected(Boolean value) in C:\Projects\nina\NINA.Equipment\Equipment\AscomDevice.cs:line 144
   at NINA.Equipment.Equipment.AscomDevice`1.<Connect>b__43_0() in C:\Projects\nina\NINA.Equipment\Equipment\AscomDevice.cs:line 239
2024-12-25T17:59:51.5213|INFO|WeatherDataVM.cs|Disconnect|292|Disconnected Weather Device
2024-12-25T17:59:53.6514|INFO|AscomDevice.cs|GetProperty|379|Property ObservingConditions.SkyBrightness GET is not implemented in this driver (Lunatico CloudWatcher Observing Conditions)
2024-12-25T17:59:53.6567|INFO|AscomDevice.cs|GetProperty|379|Property ObservingConditions.StarFWHM GET is not implemented in this driver (Lunatico CloudWatcher Observing Conditions)
2024-12-25T17:59:53.6609|INFO|AscomDevice.cs|GetProperty|379|Property ObservingConditions.WindDirection GET is not implemented in this driver (Lunatico CloudWatcher Observing Conditions)
2024-12-25T17:59:53.6665|INFO|WeatherDataVM.cs|ChooseWeatherData|143|Successfully connected Weather Device. Id: ASCOM.CloudWatcher.ObservingConditions Name: Lunatico CloudWatcher Observing Conditions DisplayName: Lunatico CloudWatcher Observing Conditions Driver Version: 1.0
2024-12-25T17:59:53.6702|INFO|SwitchVM.cs|Disconnect|298|Disconnected Switch
2024-12-25T17:59:53.6734|INFO|DomeVM.cs|Disconnect|336|Disconnected Dome Device
2024-12-25T17:59:54.3671|INFO|DomeVM.cs|ChooseDome|191|Successfully connected Dome. Id: ASCOM.AMOS.Dome Name: ASCOM Dome Driver for AMOS DisplayName: ASCOM Dome Driver for AMOS Driver Version: 1.0.1
2024-12-25T17:59:54.3694|INFO|SafetyMonitorVM.cs|Disconnect|208|Disconnected Safety Monitor
2024-12-25T17:59:55.2690|INFO|SafetyMonitorVM.cs|Connect|168|Successfully connected Safety Monitor. Id: ASCOM.CloudWatcher.SafetyMonitor Name: Lunatico CloudWatcher Safety Monitor DisplayName: Lunatico CloudWatcher Safety Monitor Driver Version: 1.0
2024-12-25T18:00:11.3593|INFO|AscomDevice.cs|Disconnect|299|Disconnecting from ASCOM.AMOS.Dome ASCOM Dome Driver for AMOS
2024-12-25T18:00:11.3768|INFO|DomeVM.cs|Disconnect|336|Disconnected Dome Device
2024-12-25T18:00:11.3777|INFO|FlatDeviceVM.cs|Disconnect|279|Disconnected Flat Device
2024-12-25T18:00:11.3820|INFO|CameraVM.cs|Disconnect|645|Disconnected Camera
2024-12-25T18:00:11.3828|INFO|AscomDevice.cs|Disconnect|299|Disconnecting from ASCOM.photonProxyHub.Telescope ASCOM Telescope Driver for photonProxyHub
2024-12-25T18:00:11.3929|INFO|TelescopeVM.cs|Disconnect|763|Disconnected mount
2024-12-25T18:00:11.3938|INFO|FilterWheelVM.cs|Disconnect|324|Disconnected Filter Wheel
2024-12-25T18:00:11.3940|INFO|FocuserVM.cs|Disconnect|426|Disconnected Focuser
2024-12-25T18:00:11.5047|INFO|AscomDevice.cs|Disconnect|299|Disconnecting from ASCOM.PegasusAstroFalconV2.Rotator PegasusAstro FalconV2
2024-12-25T18:00:11.5102|INFO|RotatorVM.cs|Disconnect|438|Disconnected Rotator
2024-12-25T18:00:11.5113|INFO|SwitchVM.cs|Disconnect|298|Disconnected Switch
2024-12-25T18:00:11.5119|INFO|AscomDevice.cs|Disconnect|299|Disconnecting from ASCOM.CloudWatcher.ObservingConditions Lunatico CloudWatcher Observing Conditions
2024-12-25T18:00:11.5171|INFO|WeatherDataVM.cs|Disconnect|292|Disconnected Weather Device
2024-12-25T18:00:11.5179|INFO|AscomDevice.cs|Disconnect|299|Disconnecting from ASCOM.CloudWatcher.SafetyMonitor Lunatico CloudWatcher Safety Monitor
2024-12-25T18:00:11.5230|INFO|SafetyMonitorVM.cs|Disconnect|208|Disconnected Safety Monitor
2024-12-25T18:00:20.8722|INFO|ApplicationVM.cs|Closing|288|Application shutting down
2024-12-25T18:00:20.8836|INFO|DomeVM.cs|Disconnect|336|Disconnected Dome Device
2024-12-25T18:00:20.8844|INFO|FlatDeviceVM.cs|Disconnect|279|Disconnected Flat Device
2024-12-25T18:00:20.8874|INFO|CameraVM.cs|Disconnect|645|Disconnected Camera
2024-12-25T18:00:20.8876|INFO|TelescopeVM.cs|Disconnect|763|Disconnected mount
2024-12-25T18:00:20.8880|INFO|FilterWheelVM.cs|Disconnect|324|Disconnected Filter Wheel
2024-12-25T18:00:20.8881|INFO|FocuserVM.cs|Disconnect|426|Disconnected Focuser
2024-12-25T18:00:20.8889|INFO|RotatorVM.cs|Disconnect|438|Disconnected Rotator
2024-12-25T18:00:20.8893|INFO|SwitchVM.cs|Disconnect|298|Disconnected Switch
2024-12-25T18:00:20.8905|INFO|WeatherDataVM.cs|Disconnect|292|Disconnected Weather Device
2024-12-25T18:00:20.8909|INFO|SafetyMonitorVM.cs|Disconnect|208|Disconnected Safety Monitor
2024-12-25T18:00:21.1197|INFO|HttpServer.cs|WaitForStopped|108|waited 0ms for web server to stop
