----------------------------------------------------------------------
--------------N.I.N.A. - Nighttime Imaging 'N' Astronomy--------------
--------------------------Version 3.1.2.9001--------------------------
-------------------------2024-11-25T19:22:48--------------------------
----------------------------------------------------------------------
---------------------Microsoft Windows 10.0.22631---------------------
-------------------------OS Architecture X64--------------------------
-----------------------Process Architecture X64-----------------------
------------------------------.NET 8.0.8------------------------------
----------------------------------------------------------------------
--------------------------Processor Count 12--------------------------
--------------------Total Physical Memory 27.89 GB--------------------
----------------------------------------------------------------------
DATE|LEVEL|SOURCE|MEMBER|LINE|MESSAGE
2024-11-25T19:22:48.5745|INFO|CameraChooserVM.cs|GetEquipment|69|Found 2 ASI Cameras
2024-11-25T19:22:48.6858|INFO|CameraChooserVM.cs|GetEquipment|84|Found 0 Altair Cameras
2024-11-25T19:22:48.8559|INFO|CameraChooserVM.cs|GetEquipment|96|Found 0 Atik Cameras
2024-11-25T19:22:48.8563|INFO|CameraChooserVM.cs|GetEquipment|110|Found 0 FLI Cameras
2024-11-25T19:22:49.8635|INFO|CameraChooserVM.cs|GetEquipment|130|Found 0 QHYCCD Cameras
2024-11-25T19:22:49.9051|INFO|CameraChooserVM.cs|GetEquipment|158|Found 0 ToupTek Cameras
2024-11-25T19:22:49.9086|INFO|CameraChooserVM.cs|GetEquipment|173|Found 0 Ogma Cameras
2024-11-25T19:22:49.9121|INFO|CameraChooserVM.cs|GetEquipment|188|Found 0 Omegon Cameras
2024-11-25T19:22:49.9402|INFO|CameraChooserVM.cs|GetEquipment|203|Found 0 RisingCam Cameras
2024-11-25T19:22:49.9443|INFO|CameraChooserVM.cs|GetEquipment|218|Found 0 MallinCam Cameras
2024-11-25T19:22:49.9490|INFO|CameraChooserVM.cs|GetEquipment|244|Found 0 SBIG Cameras
2024-11-25T19:22:50.2393|INFO|ApplicationVM.cs|CheckDiskInfo|100|Available Space on Drive C:\: 37.49 GB
2024-11-25T19:22:50.2394|INFO|ApplicationVM.cs|CheckDiskInfo|100|Available Space on Drive D:\: 4456.28 GB
2024-11-25T19:22:50.2404|INFO|ApplicationVM.cs|CheckDiskInfo|102|Drive E:\ is not ready
2024-11-25T19:22:50.2418|INFO|ApplicationVM.cs|CheckASCOMPlatformVersion|81|ASCOM Platform 6.6.2.4195 installed
2024-11-25T19:22:50.2460|INFO|ApplicationVM.cs|CheckDiskInfo|102|Drive F:\ is not ready
2024-11-25T19:22:50.4713|INFO|PluginLoader.cs|LoadPlugin|416|Successfully loaded plugin ASA Tools version 3.1.2.0 by Gerald Hitz (photon)
2024-11-25T19:22:50.4888|INFO|PluginLoader.cs|LoadPlugin|416|Successfully loaded plugin Connector version 2.0.3.0 by Stefan Berg
2024-11-25T19:22:50.4995|INFO|PluginLoader.cs|LoadPlugin|416|Successfully loaded plugin Device Actions and Commands version 2.0.0.0 by Dale Ghent
2024-11-25T19:22:50.5086|INFO|PluginLoader.cs|LoadPlugin|416|Successfully loaded plugin Filter Offset Calculator version 2.0.0.0 by S. Dimant & Stefan Berg
2024-11-25T19:22:50.5727|INFO|PluginLoader.cs|LoadPlugin|416|Successfully loaded plugin Ground Station version 2.4.1.0 by Dale Ghent
2024-11-25T19:22:50.6667|INFO|PluginLoader.cs|LoadPlugin|416|Successfully loaded plugin Hocus Focus version 3.0.0.18 by George Hilios (jokogeo)
2024-11-25T19:22:50.6790|INFO|PluginLoader.cs|LoadPlugin|416|Successfully loaded plugin Moon Angle version 2.2.0.0 by Dale Ghent
2024-11-25T19:22:50.7254|INFO|OrbitalElementsAccessor.cs|LoadJWST|87|No JWST vector table loaded since no file was found at C:\Users\AMOS\AppData\Local\NINA\OrbitalElements\JWSTVectorTable.bin.gz
2024-11-25T19:22:50.7261|INFO|OrbitalElementsAccessor.cs|LoadObjectType|118|No NumberedAsteroids orbital elements loaded since no file was found at C:\Users\AMOS\AppData\Local\NINA\OrbitalElements\NumberedAsteroidsElements.bin.gz
2024-11-25T19:22:50.7261|INFO|OrbitalElementsAccessor.cs|LoadObjectType|118|No Comet orbital elements loaded since no file was found at C:\Users\AMOS\AppData\Local\NINA\OrbitalElements\MPC_CometElements.bin.gz
2024-11-25T19:22:50.7261|INFO|OrbitalElementsAccessor.cs|LoadObjectType|118|No UnnumberedAsteroids orbital elements loaded since no file was found at C:\Users\AMOS\AppData\Local\NINA\OrbitalElements\UnnumberedAsteroidsElements.bin.gz
2024-11-25T19:22:50.7347|INFO|PluginLoader.cs|LoadPlugin|416|Successfully loaded plugin Orbitals version 3.0.0.13 by George Hilios (jokogeo)
2024-11-25T19:22:50.7454|INFO|PluginLoader.cs|LoadPlugin|416|Successfully loaded plugin Phd2 Tools version 1.0.4.2 by Stefan Berg
2024-11-25T19:22:50.8553|INFO|PluginLoader.cs|LoadPlugin|416|Successfully loaded plugin Sequencer Powerups version 3.18.0.0 by Marc Blank
2024-11-25T19:22:50.9481|ERROR|DllLoader.cs|LoadDllFromAbsolutePath|53|DllLoader failed to load library C:\Program Files\N.I.N.A. - Nighttime Imaging 'N' Astronomy\External\x64\SQLite\SQLite.Interop.dll due to error code 126
2024-11-25T19:22:51.1600|INFO|PluginLoader.cs|LoadPlugin|416|Successfully loaded plugin Target Scheduler version 4.9.0.0 by Tom Palmer @tcpalmer
2024-11-25T19:22:51.1978|INFO|SessionHistoryManager.cs|PurgeHistoryOlderThan|102|purging web session history older than 10 days
2024-11-25T19:22:51.2304|INFO|NINAWeb.cs|changePluginState|260|Web plugin state change from OFF to ON
2024-11-25T19:22:51.2315|INFO|NINALogWatcher.cs|Start|29|web viewer: watching log file: C:\Users\AMOS\AppData\Local\NINA\Logs\20241125-192248-3.1.2.9001.16312-202411.log
2024-11-25T19:22:51.2325|INFO|AutofocusDirectoryWatcher.cs|Watch|31|web viewer: watching AF directory file: C:\Users\AMOS\AppData\Local\NINA\AutoFocus
2024-11-25T19:22:51.2342|INFO|HttpServer.cs|ConfigureLogging|143|web server log: C:\Users\AMOS\AppData\Local\NINA\WebPlugin\webserver-20241125-192251.log
2024-11-25T19:22:51.2346|INFO|HttpServer.cs|WebServerTask|62|starting web server, listening at http://localhost:80/dist
2024-11-25T19:22:51.2355|INFO|PluginLoader.cs|LoadPlugin|416|Successfully loaded plugin Web Session History Viewer version 2.2.1.0 by Tom Palmer @tcpalmer
2024-11-25T19:22:51.2418|INFO|PluginFetcher.cs|RequestAll|43|Fetching plugin manifests from https://nighttime-imaging.eu/wp-json/nina/v1/plugins/manifests
2024-11-25T19:22:51.2641|INFO|CameraChooserVM.cs|GetEquipment|264|Found 0 SVBony Cameras
2024-11-25T19:22:51.2670|INFO|CameraChooserVM.cs|GetEquipment|264|Found 0 PlayerOne Cameras
2024-11-25T19:22:51.2832|INFO|CameraChooserVM.cs|GetEquipment|264|Found 0 ASTPAN Cameras
2024-11-25T19:22:51.2844|INFO|CameraChooserVM.cs|GetEquipment|278|Found 4 ASCOM Cameras
2024-11-25T19:22:51.8343|INFO|PluginFetcher.cs|RequestAll|57|Found 58 valid plugins at https://nighttime-imaging.eu/wp-json/nina/v1/plugins/manifests
2024-11-25T19:22:53.2722|INFO|DomeChooserVM.cs|GetEquipment|67|Found 0 Alpaca Domes
2024-11-25T19:22:53.2722|INFO|WeatherDataChooserVM.cs|GetEquipment|69|Found 0 Alpaca Observing Conditions
2024-11-25T19:22:53.2725|INFO|SafetyMonitorChooserVM.cs|GetEquipment|71|Found 0 Alpaca Safety Monitors
2024-11-25T19:22:53.2845|INFO|RotatorChooserVM.cs|GetEquipment|68|Found 0 Alpaca Rotators
2024-11-25T19:22:53.2845|INFO|FocuserChooserVM.cs|GetEquipment|67|Found 0 Alpaca Focusers
2024-11-25T19:22:53.2846|INFO|FlatDeviceChooserVM.cs|GetEquipment|67|Found 0 Alpaca Cover Calibrators
2024-11-25T19:22:53.2846|INFO|FilterWheelChooserVM.cs|GetEquipment|193|Found 0 Alpaca Filter Wheels
2024-11-25T19:22:53.2846|INFO|TelescopeChooserVM.cs|GetEquipment|69|Found 0 Alpaca Telescopes
2024-11-25T19:22:53.2862|INFO|SwitchChooserVM.cs|GetEquipment|71|Found 0 Alpaca Switch Hubs
2024-11-25T19:22:53.2862|INFO|CameraChooserVM.cs|GetEquipment|290|Found 0 Alpaca Cameras
2024-11-25T19:22:53.2880|INFO|CameraChooserVM.cs|GetEquipment|303|Found 0 Canon Cameras
2024-11-25T19:23:10.2464|INFO|ApplicationVM.cs|Closing|288|Application shutting down
2024-11-25T19:23:10.2554|INFO|DomeVM.cs|Disconnect|336|Disconnected Dome Device
2024-11-25T19:23:10.2568|INFO|FlatDeviceVM.cs|Disconnect|279|Disconnected Flat Device
2024-11-25T19:23:10.2599|INFO|CameraVM.cs|Disconnect|645|Disconnected Camera
2024-11-25T19:23:10.2632|INFO|TelescopeVM.cs|Disconnect|763|Disconnected mount
2024-11-25T19:23:10.2643|INFO|FilterWheelVM.cs|Disconnect|324|Disconnected Filter Wheel
2024-11-25T19:23:10.2658|INFO|FocuserVM.cs|Disconnect|426|Disconnected Focuser
2024-11-25T19:23:10.2673|INFO|RotatorVM.cs|Disconnect|438|Disconnected Rotator
2024-11-25T19:23:10.2685|INFO|SwitchVM.cs|Disconnect|298|Disconnected Switch
2024-11-25T19:23:10.2698|INFO|WeatherDataVM.cs|Disconnect|292|Disconnected Weather Device
2024-11-25T19:23:10.2707|INFO|SafetyMonitorVM.cs|Disconnect|208|Disconnected Safety Monitor
2024-11-25T19:23:10.8374|INFO|HttpServer.cs|WaitForStopped|108|waited 0ms for web server to stop
