----------------------------------------------------------------------
--------------N.I.N.A. - Nighttime Imaging 'N' Astronomy--------------
--------------------------Version 3.1.2.9001--------------------------
-------------------------2024-11-11T18:25:59--------------------------
----------------------------------------------------------------------
---------------------Microsoft Windows 10.0.22631---------------------
-------------------------OS Architecture X64--------------------------
-----------------------Process Architecture X64-----------------------
------------------------------.NET 8.0.8------------------------------
----------------------------------------------------------------------
--------------------------Processor Count 12--------------------------
--------------------Total Physical Memory 27.89 GB--------------------
----------------------------------------------------------------------
DATE|LEVEL|SOURCE|MEMBER|LINE|MESSAGE
2024-11-11T18:25:59.4496|ERROR|ProfileService.cs|MigrateModularizedSolutionNamespaceChange|445|Failed to migrate profile C:\Users\AMOS\AppData\Local\NINA\Profiles\4efc0507-b521-49ce-88b6-96e9d454c1a7.profile due to 
System.IO.IOException: The process cannot access the file 'C:\Users\AMOS\AppData\Local\NINA\Profiles\4efc0507-b521-49ce-88b6-96e9d454c1a7.profile' because it is being used by another process.
   at Microsoft.Win32.SafeHandles.SafeFileHandle.CreateFile(String fullPath, FileMode mode, FileAccess access, FileShare share, FileOptions options)
   at Microsoft.Win32.SafeHandles.SafeFileHandle.Open(String fullPath, FileMode mode, FileAccess access, FileShare share, FileOptions options, Int64 preallocationSize, Nullable`1 unixCreateMode)
   at System.IO.Strategies.OSFileStreamStrategy..ctor(String path, FileMode mode, FileAccess access, FileShare share, FileOptions options, Int64 preallocationSize, Nullable`1 unixCreateMode)
   at System.IO.Strategies.FileStreamHelpers.ChooseStrategyCore(String path, FileMode mode, FileAccess access, FileShare share, FileOptions options, Int64 preallocationSize, Nullable`1 unixCreateMode)
   at System.IO.StreamReader.ValidateArgsAndOpenPath(String path, Encoding encoding, Int32 bufferSize)
   at System.IO.File.ReadAllText(String path, Encoding encoding)
   at NINA.Profile.ProfileService.MigrateModularizedSolutionNamespaceChange() in C:\Projects\nina\NINA.Profile\ProfileService.cs:line 419
2024-11-11T18:26:00.0379|INFO|CameraChooserVM.cs|GetEquipment|69|Found 2 ASI Cameras
2024-11-11T18:26:00.0682|INFO|CameraChooserVM.cs|GetEquipment|84|Found 0 Altair Cameras
2024-11-11T18:26:00.2978|INFO|CameraChooserVM.cs|GetEquipment|96|Found 0 Atik Cameras
2024-11-11T18:26:00.2983|INFO|CameraChooserVM.cs|GetEquipment|110|Found 0 FLI Cameras
2024-11-11T18:26:01.3066|INFO|CameraChooserVM.cs|GetEquipment|130|Found 0 QHYCCD Cameras
2024-11-11T18:26:01.3387|INFO|CameraChooserVM.cs|GetEquipment|158|Found 0 ToupTek Cameras
2024-11-11T18:26:01.3415|INFO|CameraChooserVM.cs|GetEquipment|173|Found 0 Ogma Cameras
2024-11-11T18:26:01.3448|INFO|CameraChooserVM.cs|GetEquipment|188|Found 0 Omegon Cameras
2024-11-11T18:26:01.3727|INFO|CameraChooserVM.cs|GetEquipment|203|Found 0 RisingCam Cameras
2024-11-11T18:26:01.3766|INFO|CameraChooserVM.cs|GetEquipment|218|Found 0 MallinCam Cameras
2024-11-11T18:26:01.3812|INFO|CameraChooserVM.cs|GetEquipment|244|Found 0 SBIG Cameras
2024-11-11T18:26:01.7860|INFO|ApplicationVM.cs|CheckDiskInfo|100|Available Space on Drive C:\: 40.57 GB
2024-11-11T18:26:01.7862|INFO|ApplicationVM.cs|CheckDiskInfo|100|Available Space on Drive D:\: 4495.69 GB
2024-11-11T18:26:01.7871|INFO|ApplicationVM.cs|CheckDiskInfo|102|Drive E:\ is not ready
2024-11-11T18:26:01.7899|INFO|ApplicationVM.cs|CheckASCOMPlatformVersion|81|ASCOM Platform 6.6.2.4195 installed
2024-11-11T18:26:01.7918|INFO|ApplicationVM.cs|CheckDiskInfo|102|Drive F:\ is not ready
2024-11-11T18:26:02.0410|INFO|PluginLoader.cs|LoadPlugin|416|Successfully loaded plugin ASA Tools version 3.1.1.0 by Gerald Hitz (photon)
2024-11-11T18:26:02.0628|INFO|PluginLoader.cs|LoadPlugin|416|Successfully loaded plugin Connector version 2.0.3.0 by Stefan Berg
2024-11-11T18:26:02.0956|INFO|PluginLoader.cs|LoadPlugin|416|Successfully loaded plugin Device Actions and Commands version 2.0.0.0 by Dale Ghent
2024-11-11T18:26:02.1068|INFO|PluginLoader.cs|LoadPlugin|416|Successfully loaded plugin Filter Offset Calculator version 2.0.0.0 by S. Dimant & Stefan Berg
2024-11-11T18:26:02.1780|INFO|PluginLoader.cs|LoadPlugin|416|Successfully loaded plugin Ground Station version 2.4.1.0 by Dale Ghent
2024-11-11T18:26:02.2995|INFO|PluginLoader.cs|LoadPlugin|416|Successfully loaded plugin Hocus Focus version 3.0.0.18 by George Hilios (jokogeo)
2024-11-11T18:26:02.3134|INFO|PluginLoader.cs|LoadPlugin|416|Successfully loaded plugin Moon Angle version 2.2.0.0 by Dale Ghent
2024-11-11T18:26:02.3615|INFO|OrbitalElementsAccessor.cs|LoadJWST|87|No JWST vector table loaded since no file was found at C:\Users\AMOS\AppData\Local\NINA\OrbitalElements\JWSTVectorTable.bin.gz
2024-11-11T18:26:02.3624|INFO|OrbitalElementsAccessor.cs|LoadObjectType|118|No NumberedAsteroids orbital elements loaded since no file was found at C:\Users\AMOS\AppData\Local\NINA\OrbitalElements\NumberedAsteroidsElements.bin.gz
2024-11-11T18:26:02.3624|INFO|OrbitalElementsAccessor.cs|LoadObjectType|118|No UnnumberedAsteroids orbital elements loaded since no file was found at C:\Users\AMOS\AppData\Local\NINA\OrbitalElements\UnnumberedAsteroidsElements.bin.gz
2024-11-11T18:26:02.3624|INFO|OrbitalElementsAccessor.cs|LoadObjectType|118|No Comet orbital elements loaded since no file was found at C:\Users\AMOS\AppData\Local\NINA\OrbitalElements\MPC_CometElements.bin.gz
2024-11-11T18:26:02.3701|INFO|PluginLoader.cs|LoadPlugin|416|Successfully loaded plugin Orbitals version 3.0.0.13 by George Hilios (jokogeo)
2024-11-11T18:26:02.3819|INFO|PluginLoader.cs|LoadPlugin|416|Successfully loaded plugin Phd2 Tools version 1.0.4.2 by Stefan Berg
2024-11-11T18:26:02.4971|INFO|PluginLoader.cs|LoadPlugin|416|Successfully loaded plugin Sequencer Powerups version 3.16.1.0 by Marc Blank
2024-11-11T18:26:02.5885|ERROR|DllLoader.cs|LoadDllFromAbsolutePath|53|DllLoader failed to load library C:\Program Files\N.I.N.A. - Nighttime Imaging 'N' Astronomy\External\x64\SQLite\SQLite.Interop.dll due to error code 126
2024-11-11T18:26:02.8157|INFO|PluginLoader.cs|LoadPlugin|416|Successfully loaded plugin Target Scheduler version 4.9.0.0 by Tom Palmer @tcpalmer
2024-11-11T18:26:02.8484|INFO|SessionHistoryManager.cs|PurgeHistoryOlderThan|102|purging web session history older than 10 days
2024-11-11T18:26:02.8949|INFO|PluginLoader.cs|LoadPlugin|416|Successfully loaded plugin Web Session History Viewer version 2.2.1.0 by Tom Palmer @tcpalmer
2024-11-11T18:26:02.9017|INFO|PluginFetcher.cs|RequestAll|43|Fetching plugin manifests from https://nighttime-imaging.eu/wp-json/nina/v1/plugins/manifests
2024-11-11T18:26:02.9169|INFO|CameraChooserVM.cs|GetEquipment|264|Found 0 SVBony Cameras
2024-11-11T18:26:02.9228|INFO|CameraChooserVM.cs|GetEquipment|264|Found 0 PlayerOne Cameras
2024-11-11T18:26:02.9309|INFO|CameraChooserVM.cs|GetEquipment|264|Found 0 ASTPAN Cameras
2024-11-11T18:26:02.9323|INFO|CameraChooserVM.cs|GetEquipment|278|Found 4 ASCOM Cameras
2024-11-11T18:26:03.5650|INFO|PluginFetcher.cs|RequestAll|57|Found 56 valid plugins at https://nighttime-imaging.eu/wp-json/nina/v1/plugins/manifests
2024-11-11T18:26:04.9272|INFO|FilterWheelChooserVM.cs|GetEquipment|193|Found 0 Alpaca Filter Wheels
2024-11-11T18:26:04.9275|INFO|FlatDeviceChooserVM.cs|GetEquipment|67|Found 0 Alpaca Cover Calibrators
2024-11-11T18:26:04.9274|INFO|WeatherDataChooserVM.cs|GetEquipment|69|Found 0 Alpaca Observing Conditions
2024-11-11T18:26:04.9272|INFO|DomeChooserVM.cs|GetEquipment|67|Found 0 Alpaca Domes
2024-11-11T18:26:04.9272|INFO|SwitchChooserVM.cs|GetEquipment|71|Found 0 Alpaca Switch Hubs
2024-11-11T18:26:04.9272|INFO|TelescopeChooserVM.cs|GetEquipment|69|Found 0 Alpaca Telescopes
2024-11-11T18:26:04.9273|INFO|RotatorChooserVM.cs|GetEquipment|68|Found 0 Alpaca Rotators
2024-11-11T18:26:04.9272|INFO|FocuserChooserVM.cs|GetEquipment|67|Found 0 Alpaca Focusers
2024-11-11T18:26:04.9272|INFO|SafetyMonitorChooserVM.cs|GetEquipment|71|Found 0 Alpaca Safety Monitors
2024-11-11T18:26:04.9348|INFO|CameraChooserVM.cs|GetEquipment|290|Found 0 Alpaca Cameras
2024-11-11T18:26:04.9365|INFO|CameraChooserVM.cs|GetEquipment|303|Found 0 Canon Cameras
2024-11-11T18:26:14.7474|INFO|DockManagerVM.cs|InitializeAvalonDockLayout|356|Initializing imaging tab layout from C:\Users\AMOS\AppData\Local\NINA\Profiles\6d4d26b1-99ea-40bc-87a1-5e5cf54ed59f.dock.config
2024-11-11T18:26:36.1895|INFO|CameraVM.cs|Disconnect|645|Disconnected Camera
2024-11-11T18:26:36.9753|INFO|AscomDevice.cs|GetProperty|379|Property Camera.BayerOffsetX GET is not implemented in this driver (ASI Camera (2) (ASCOM))
2024-11-11T18:26:36.9774|INFO|AscomDevice.cs|GetProperty|379|Property Camera.BayerOffsetY GET is not implemented in this driver (ASI Camera (2) (ASCOM))
2024-11-11T18:26:36.9812|INFO|CameraVM.cs|ChooseCamera|448|Successfully connected Camera. Id: ASCOM.ASICamera2_2.Camera Name: ASI Camera (2) (ASCOM) DisplayName: ASI Camera (2) (ASCOM)Driver Version: 6.5
2024-11-11T18:26:42.2685|INFO|CameraVM.cs|CoolCamera|139|Cooling Camera. Target: -10 Duration: 00:00:00
2024-11-11T18:28:03.0357|INFO|AscomDevice.cs|Disconnect|299|Disconnecting from ASCOM.ASICamera2_2.Camera ASI Camera (2) (ASCOM)
2024-11-11T18:28:03.0555|INFO|CameraVM.cs|Disconnect|645|Disconnected Camera
2024-11-11T18:28:03.0600|ERROR|NotifyTaskCompletion.cs|WatchTaskAsync|35
System.Threading.Tasks.TaskCanceledException: A task was canceled.
   at NINA.Core.Utility.CoreUtil.Delay(TimeSpan span, CancellationToken token) in C:\Projects\nina\NINA.Core\Utility\CoreUtil.cs:line 129
   at NINA.Core.Utility.CoreUtil.Delay(Int32 milliseconds, CancellationToken token) in C:\Projects\nina\NINA.Core\Utility\CoreUtil.cs:line 124
   at NINA.Core.Utility.CoreUtil.Wait(TimeSpan t, Boolean progressCountDown, CancellationToken token, IProgress`1 progress, String status) in C:\Projects\nina\NINA.Core\Utility\CoreUtil.cs:line 142
   at NINA.WPF.Base.ViewModel.Equipment.Camera.CameraVM.RegulateTemperature(Double temperature, TimeSpan duration, Boolean cooling, IProgress`1 progress, CancellationToken ct) in C:\Projects\nina\NINA.WPF.Base\ViewModel\Equipment\Camera\CameraVM.cs:line 237
   at NINA.WPF.Base.ViewModel.Equipment.Camera.CameraVM.CoolCamera(Double temperature, TimeSpan duration, IProgress`1 progress, CancellationToken ct) in C:\Projects\nina\NINA.WPF.Base\ViewModel\Equipment\Camera\CameraVM.cs:line 148
   at NINA.Core.Utility.NotifyTaskCompletion`1.WatchTaskAsync(Task task) in C:\Projects\nina\NINA.Core\Utility\NotifyTaskCompletion.cs:line 33
2024-11-11T18:28:03.8219|INFO|AscomDevice.cs|GetProperty|379|Property Camera.BayerOffsetX GET is not implemented in this driver (ASI Camera (2) (ASCOM))
2024-11-11T18:28:03.8226|INFO|AscomDevice.cs|GetProperty|379|Property Camera.BayerOffsetY GET is not implemented in this driver (ASI Camera (2) (ASCOM))
2024-11-11T18:28:03.8232|INFO|CameraVM.cs|ChooseCamera|448|Successfully connected Camera. Id: ASCOM.ASICamera2_2.Camera Name: ASI Camera (2) (ASCOM) DisplayName: ASI Camera (2) (ASCOM)Driver Version: 6.5
2024-11-11T18:28:03.8260|INFO|FilterWheelVM.cs|Disconnect|324|Disconnected Filter Wheel
2024-11-11T18:28:03.8318|INFO|TelescopeVM.cs|Disconnect|763|Disconnected mount
2024-11-11T18:28:03.8756|INFO|AscomTelescope.cs|CheckMountTime|817|Mount UTC Time: 2024-11-11 17:28:03Z / System UTC Time: 2024-11-11 17:28:03Z; Difference: 0.003 seconds
2024-11-11T18:28:03.8808|INFO|AscomTelescope.cs|CheckMountTime|837|Mount driver does not allow the mount's time to be set.
2024-11-11T18:28:03.9882|INFO|TelescopeVM.cs|ChooseTelescope|518|Successfully connected mount. Id: ASCOM.photonProxyHub.Telescope Name: ASCOM Telescope Driver for photonProxyHub DisplayName: ASCOM Telescope Driver for photonProxyHub Driver Version: 2011_10_08
2024-11-11T18:28:03.9906|INFO|FocuserVM.cs|Disconnect|426|Disconnected Focuser
2024-11-11T18:28:05.2322|INFO|FocuserVM.cs|ChooseFocuser|324|Successfully connected Focuser. Id: ASCOM.ArcoEsatto.Focuser Name: PLL ASCOM Focuser DisplayName: PLL ASCOM Focuser Driver Version: 3.6
2024-11-11T18:28:05.2397|INFO|RotatorVM.cs|Disconnect|438|Disconnected Rotator
2024-11-11T18:28:05.6871|INFO|RotatorVM.cs|Connect|398|Successfully connected Rotator. Id: ASCOM.ArcoEsatto.Rotator Name: PLL ASCOM Rotator DisplayName: PLL ASCOM Rotator Driver Version: 3.6
2024-11-11T18:28:05.7155|INFO|PHD2Guider.cs|Connect|202|Connecting to PHD2 server at 127.0.0.1:4400
2024-11-11T18:28:11.9929|INFO|FlatDeviceVM.cs|Disconnect|279|Disconnected Flat Device
2024-11-11T18:28:12.0108|INFO|FlatDeviceVM.cs|Connect|234|Successfully connected flat device. Id: ASCOM.OptecAlnitak.CoverCalibrator Name: Optec Alnitak DisplayName: Optec Alnitak Driver Version: 1.0
2024-11-11T18:28:12.0132|INFO|WeatherDataVM.cs|Disconnect|292|Disconnected Weather Device
2024-11-11T18:28:12.0606|INFO|AscomDevice.cs|GetProperty|379|Property ObservingConditions.SkyBrightness GET is not implemented in this driver (Lunatico CloudWatcher Observing Conditions)
2024-11-11T18:28:12.0651|INFO|AscomDevice.cs|GetProperty|379|Property ObservingConditions.StarFWHM GET is not implemented in this driver (Lunatico CloudWatcher Observing Conditions)
2024-11-11T18:28:12.0698|INFO|AscomDevice.cs|GetProperty|379|Property ObservingConditions.WindDirection GET is not implemented in this driver (Lunatico CloudWatcher Observing Conditions)
2024-11-11T18:28:12.0736|INFO|WeatherDataVM.cs|ChooseWeatherData|143|Successfully connected Weather Device. Id: ASCOM.CloudWatcher.ObservingConditions Name: Lunatico CloudWatcher Observing Conditions DisplayName: Lunatico CloudWatcher Observing Conditions Driver Version: 1.0
2024-11-11T18:28:12.0771|INFO|SwitchVM.cs|Disconnect|298|Disconnected Switch
2024-11-11T18:28:12.0800|INFO|DomeVM.cs|Disconnect|336|Disconnected Dome Device
2024-11-11T18:28:12.2387|INFO|DomeVM.cs|ChooseDome|191|Successfully connected Dome. Id: ASCOM.MaestroDome.Dome Name: Astrometric dome control via Maestro DisplayName: Astrometric dome control via Maestro Driver Version: 1.0.1
2024-11-11T18:28:12.2409|INFO|SafetyMonitorVM.cs|Disconnect|208|Disconnected Safety Monitor
2024-11-11T18:28:12.3187|INFO|SafetyMonitorVM.cs|Connect|168|Successfully connected Safety Monitor. Id: ASCOM.CloudWatcher.SafetyMonitor Name: Lunatico CloudWatcher Safety Monitor DisplayName: Lunatico CloudWatcher Safety Monitor Driver Version: 1.0
2024-11-11T18:28:32.7279|INFO|FocuserVM.cs|MoveFocuserInternal|213|Moving Focuser to position 237269
2024-11-11T18:28:39.4163|INFO|CameraVM.cs|Capture|737|Starting Exposure - Exposure Time: 2s; Filter: ; Gain: 102; Offset 10; Binning: 1x1;
2024-11-11T18:28:49.3592|INFO|FocuserVM.cs|MoveFocuserInternal|213|Moving Focuser to position 230269
2024-11-11T18:28:49.7271|INFO|StarDetection.cs|Detect|244|Average HFR: 7.30176148218785, HFR σ: 0.62634003592899, Detected Stars 4, Sensitivity High, ResizeFactor: 0.25
2024-11-11T18:28:55.4286|INFO|CameraVM.cs|Capture|737|Starting Exposure - Exposure Time: 2s; Filter: ; Gain: 102; Offset 10; Binning: 1x1;
2024-11-11T18:29:05.3684|INFO|FocuserVM.cs|MoveFocuserInternal|213|Moving Focuser to position 223269
2024-11-11T18:29:05.6301|INFO|StarDetection.cs|Detect|244|Average HFR: 9.802709093156281, HFR σ: 0.6037492509080299, Detected Stars 4, Sensitivity High, ResizeFactor: 0.25
2024-11-11T18:29:11.4115|INFO|CameraVM.cs|Capture|737|Starting Exposure - Exposure Time: 2s; Filter: ; Gain: 102; Offset 10; Binning: 1x1;
2024-11-11T18:29:14.8948|INFO|FocuserVM.cs|MoveFocuserInternal|213|Moving Focuser to position 216269
2024-11-11T18:29:15.1963|INFO|StarDetection.cs|Detect|244|Average HFR: 9.832998057745424, HFR σ: 1.8443583898967872, Detected Stars 5, Sensitivity High, ResizeFactor: 0.25
2024-11-11T18:29:19.4636|INFO|CameraVM.cs|Capture|737|Starting Exposure - Exposure Time: 2s; Filter: ; Gain: 102; Offset 10; Binning: 1x1;
2024-11-11T18:29:29.2011|INFO|FocuserVM.cs|MoveFocuserInternal|213|Moving Focuser to position 209269
2024-11-11T18:29:29.5286|INFO|StarDetection.cs|Detect|244|Average HFR: 12.736154888892576, HFR σ: 3.2862024684470135, Detected Stars 4, Sensitivity High, ResizeFactor: 0.25
2024-11-11T18:29:35.5002|INFO|CameraVM.cs|Capture|737|Starting Exposure - Exposure Time: 2s; Filter: ; Gain: 102; Offset 10; Binning: 1x1;
2024-11-11T18:29:45.6059|INFO|StarDetection.cs|Detect|244|Average HFR: 16.517290986015322, HFR σ: 0.36514603912254207, Detected Stars 3, Sensitivity High, ResizeFactor: 0.25
2024-11-11T18:29:45.7217|INFO|FocuserVM.cs|MoveFocuserInternal|213|Moving Focuser to position 237269
2024-11-11T18:29:55.4403|INFO|FocuserVM.cs|MoveFocuserInternal|213|Moving Focuser to position 244269
2024-11-11T18:30:01.3933|INFO|CameraVM.cs|Capture|737|Starting Exposure - Exposure Time: 2s; Filter: ; Gain: 102; Offset 10; Binning: 1x1;
2024-11-11T18:30:11.6108|INFO|StarDetection.cs|Detect|244|Average HFR: 6.824374791237199, HFR σ: 0.6663283392155173, Detected Stars 5, Sensitivity High, ResizeFactor: 0.25
2024-11-11T18:30:11.8399|INFO|FocuserVM.cs|MoveFocuserInternal|213|Moving Focuser to position 251269
2024-11-11T18:30:19.4026|INFO|CameraVM.cs|Capture|737|Starting Exposure - Exposure Time: 2s; Filter: ; Gain: 102; Offset 10; Binning: 1x1;
2024-11-11T18:30:29.5611|INFO|StarDetection.cs|Detect|244|Average HFR: 7.0443356803912875, HFR σ: 0.596967692041217, Detected Stars 5, Sensitivity High, ResizeFactor: 0.25
2024-11-11T18:30:29.7289|INFO|FocuserVM.cs|MoveFocuserInternal|213|Moving Focuser to position 258269
2024-11-11T18:30:35.3716|INFO|CameraVM.cs|Capture|737|Starting Exposure - Exposure Time: 2s; Filter: ; Gain: 102; Offset 10; Binning: 1x1;
2024-11-11T18:30:49.5959|INFO|StarDetection.cs|Detect|244|Average HFR: 7.386223562275981, HFR σ: 0.5248272417528164, Detected Stars 4, Sensitivity High, ResizeFactor: 0.25
2024-11-11T18:30:49.8427|INFO|FocuserVM.cs|MoveFocuserInternal|213|Moving Focuser to position 265269
2024-11-11T18:30:57.4305|INFO|CameraVM.cs|Capture|737|Starting Exposure - Exposure Time: 2s; Filter: ; Gain: 102; Offset 10; Binning: 1x1;
2024-11-11T18:31:01.1501|INFO|StarDetection.cs|Detect|244|Average HFR: 8.376697578950601, HFR σ: 1.0975996703497213, Detected Stars 5, Sensitivity High, ResizeFactor: 0.25
2024-11-11T18:31:01.3699|INFO|FocuserVM.cs|MoveFocuserInternal|213|Moving Focuser to position 272269
2024-11-11T18:31:07.4240|INFO|CameraVM.cs|Capture|737|Starting Exposure - Exposure Time: 2s; Filter: ; Gain: 102; Offset 10; Binning: 1x1;
2024-11-11T18:31:11.1987|INFO|StarDetection.cs|Detect|244|Average HFR: 10.197042706392418, HFR σ: 0.3701132756867768, Detected Stars 4, Sensitivity High, ResizeFactor: 0.25
2024-11-11T18:31:11.4163|INFO|FocuserVM.cs|MoveFocuserInternal|213|Moving Focuser to position 250257
2024-11-11T18:31:17.4265|INFO|CameraVM.cs|Capture|737|Starting Exposure - Exposure Time: 2s; Filter: ; Gain: 102; Offset 10; Binning: 1x1;
2024-11-11T18:31:21.1596|INFO|StarDetection.cs|Detect|244|Average HFR: 7.170333279100075, HFR σ: 0.6400237226133537, Detected Stars 4, Sensitivity High, ResizeFactor: 0.25
2024-11-11T18:31:21.1666|INFO|FocuserMediator.cs|BroadcastSuccessfulAutoFocusRun|45|Autofocus notification received - Temperature 0.81
2024-11-11T18:31:21.1669|INFO|AutoFocusVM.cs|StartAutoFocus|277|AutoFocus completed
2024-11-11T18:31:21.1691|INFO|FilterWheelVM.cs|Disconnect|324|Disconnected Filter Wheel
2024-11-11T18:32:05.9449|INFO|CameraVM.cs|WarmCamera|162|Warming Camera. Duration: 00:00:00
2024-11-11T18:32:48.1165|INFO|FocuserVM.cs|MoveFocuserInternal|213|Moving Focuser to position 278257
2024-11-11T18:32:57.4113|INFO|CameraVM.cs|Capture|737|Starting Exposure - Exposure Time: 52s; Filter: ; Gain: 102; Offset 10; Binning: 1x1;
2024-11-11T18:33:51.3822|INFO|FocuserVM.cs|MoveFocuserInternal|213|Moving Focuser to position 271257
2024-11-11T18:33:51.6470|INFO|StarDetection.cs|Detect|244|Average HFR: 11.782764745572367, HFR σ: 3.001828619551217, Detected Stars 15, Sensitivity High, ResizeFactor: 0.25
2024-11-11T18:33:57.3926|INFO|CameraVM.cs|Capture|737|Starting Exposure - Exposure Time: 52s; Filter: ; Gain: 102; Offset 10; Binning: 1x1;
2024-11-11T18:34:07.0221|INFO|CameraVM.cs|WarmCamera|180|Could not reach warming temperature. Most likley due to ambient temperature being lower. Continuing...
2024-11-11T18:34:25.8277|WARNING|AutoFocusVM.cs|StartAutoFocus|279|AutoFocus cancelled
2024-11-11T18:34:25.8278|WARNING|AutoFocusVM.cs|StartAutoFocus|285|AutoFocus did not complete successfully, so restoring the focuser position to 250257
2024-11-11T18:34:25.9201|INFO|FocuserVM.cs|MoveFocuserInternal|213|Moving Focuser to position 250257
2024-11-11T18:34:27.1155|INFO|CameraVM.cs|WarmCamera|187|Turning cooler off
2024-11-11T18:34:31.3910|INFO|FilterWheelVM.cs|Disconnect|324|Disconnected Filter Wheel
2024-11-11T18:35:34.6685|INFO|FocuserVM.cs|MoveFocuserInternal|213|Moving Focuser to position 278257
2024-11-11T18:35:41.3913|INFO|CameraVM.cs|Capture|737|Starting Exposure - Exposure Time: 5s; Filter: ; Gain: 102; Offset 10; Binning: 1x1;
2024-11-11T18:35:48.6009|INFO|FocuserVM.cs|MoveFocuserInternal|213|Moving Focuser to position 271257
2024-11-11T18:35:49.0510|INFO|StarDetection.cs|Detect|244|Average HFR: 9.404748225864955, HFR σ: 4.579309468678753, Detected Stars 6, Sensitivity High, ResizeFactor: 0.25
2024-11-11T18:35:53.3886|INFO|CameraVM.cs|Capture|737|Starting Exposure - Exposure Time: 5s; Filter: ; Gain: 102; Offset 10; Binning: 1x1;
2024-11-11T18:36:00.6471|INFO|FocuserVM.cs|MoveFocuserInternal|213|Moving Focuser to position 264257
2024-11-11T18:36:01.0983|INFO|StarDetection.cs|Detect|244|Average HFR: 8.564638027336624, HFR σ: 1.9286928261167675, Detected Stars 5, Sensitivity High, ResizeFactor: 0.25
2024-11-11T18:36:05.4224|INFO|CameraVM.cs|Capture|737|Starting Exposure - Exposure Time: 5s; Filter: ; Gain: 102; Offset 10; Binning: 1x1;
2024-11-11T18:36:12.6760|INFO|FocuserVM.cs|MoveFocuserInternal|213|Moving Focuser to position 257257
2024-11-11T18:36:13.0862|INFO|StarDetection.cs|Detect|244|Average HFR: 7.96365252662501, HFR σ: 1.08298669198246, Detected Stars 8, Sensitivity High, ResizeFactor: 0.25
2024-11-11T18:36:17.4277|INFO|CameraVM.cs|Capture|737|Starting Exposure - Exposure Time: 5s; Filter: ; Gain: 102; Offset 10; Binning: 1x1;
2024-11-11T18:36:24.8369|INFO|FocuserVM.cs|MoveFocuserInternal|213|Moving Focuser to position 250257
2024-11-11T18:36:25.1988|INFO|StarDetection.cs|Detect|244|Average HFR: 6.978559100670255, HFR σ: 0.4905837737880046, Detected Stars 9, Sensitivity High, ResizeFactor: 0.25
2024-11-11T18:36:29.4933|INFO|CameraVM.cs|Capture|737|Starting Exposure - Exposure Time: 5s; Filter: ; Gain: 102; Offset 10; Binning: 1x1;
2024-11-11T18:36:37.2827|INFO|StarDetection.cs|Detect|244|Average HFR: 7.275231193766354, HFR σ: 0.5054560266750833, Detected Stars 8, Sensitivity High, ResizeFactor: 0.25
2024-11-11T18:36:37.4107|INFO|FocuserVM.cs|MoveFocuserInternal|213|Moving Focuser to position 243257
2024-11-11T18:36:43.3562|INFO|CameraVM.cs|Capture|737|Starting Exposure - Exposure Time: 5s; Filter: ; Gain: 102; Offset 10; Binning: 1x1;
2024-11-11T18:36:50.6296|INFO|StarDetection.cs|Detect|244|Average HFR: 7.324844603585424, HFR σ: 0.34720782192013083, Detected Stars 8, Sensitivity High, ResizeFactor: 0.25
2024-11-11T18:36:50.7456|INFO|FocuserVM.cs|MoveFocuserInternal|213|Moving Focuser to position 236257
2024-11-11T18:36:55.4302|INFO|CameraVM.cs|Capture|737|Starting Exposure - Exposure Time: 5s; Filter: ; Gain: 102; Offset 10; Binning: 1x1;
2024-11-11T18:37:02.6070|INFO|StarDetection.cs|Detect|244|Average HFR: 8.36554008807098, HFR σ: 0.8644040181847072, Detected Stars 9, Sensitivity High, ResizeFactor: 0.25
2024-11-11T18:37:02.7489|INFO|FocuserVM.cs|MoveFocuserInternal|213|Moving Focuser to position 229257
2024-11-11T18:37:07.3733|INFO|CameraVM.cs|Capture|737|Starting Exposure - Exposure Time: 5s; Filter: ; Gain: 102; Offset 10; Binning: 1x1;
2024-11-11T18:37:14.5244|INFO|StarDetection.cs|Detect|244|Average HFR: 8.131772563744486, HFR σ: 2.3388389978257957, Detected Stars 8, Sensitivity High, ResizeFactor: 0.25
2024-11-11T18:37:14.6294|INFO|FocuserVM.cs|MoveFocuserInternal|213|Moving Focuser to position 278257
2024-11-11T18:37:23.4261|INFO|FocuserVM.cs|MoveFocuserInternal|213|Moving Focuser to position 285257
2024-11-11T18:37:31.4106|INFO|CameraVM.cs|Capture|737|Starting Exposure - Exposure Time: 5s; Filter: ; Gain: 102; Offset 10; Binning: 1x1;
2024-11-11T18:37:38.6780|INFO|StarDetection.cs|Detect|244|Average HFR: 17.033017308400492, HFR σ: 1.6089886292757272, Detected Stars 3, Sensitivity High, ResizeFactor: 0.25
2024-11-11T18:37:38.8786|INFO|FocuserVM.cs|MoveFocuserInternal|213|Moving Focuser to position 250344
2024-11-11T18:37:45.4120|INFO|CameraVM.cs|Capture|737|Starting Exposure - Exposure Time: 5s; Filter: ; Gain: 102; Offset 10; Binning: 1x1;
2024-11-11T18:37:52.6804|INFO|StarDetection.cs|Detect|244|Average HFR: 7.100082604545511, HFR σ: 0.6239163195376402, Detected Stars 9, Sensitivity High, ResizeFactor: 0.25
2024-11-11T18:37:52.6816|INFO|FocuserMediator.cs|BroadcastSuccessfulAutoFocusRun|45|Autofocus notification received - Temperature 0.62
2024-11-11T18:37:52.6818|INFO|AutoFocusVM.cs|StartAutoFocus|277|AutoFocus completed
2024-11-11T18:37:52.6819|INFO|FilterWheelVM.cs|Disconnect|324|Disconnected Filter Wheel
2024-11-11T18:38:12.6292|INFO|AscomDevice.cs|Disconnect|299|Disconnecting from ASCOM.MaestroDome.Dome Astrometric dome control via Maestro
2024-11-11T18:38:12.6912|INFO|DomeVM.cs|Disconnect|336|Disconnected Dome Device
2024-11-11T18:38:12.6920|INFO|AscomDevice.cs|Disconnect|299|Disconnecting from ASCOM.OptecAlnitak.CoverCalibrator Optec Alnitak
2024-11-11T18:38:12.7026|INFO|FlatDeviceVM.cs|Disconnect|279|Disconnected Flat Device
2024-11-11T18:38:12.7032|INFO|AscomDevice.cs|Disconnect|299|Disconnecting from ASCOM.ASICamera2_2.Camera ASI Camera (2) (ASCOM)
2024-11-11T18:38:12.7383|INFO|CameraVM.cs|Disconnect|645|Disconnected Camera
2024-11-11T18:38:12.7392|INFO|AscomDevice.cs|Disconnect|299|Disconnecting from ASCOM.photonProxyHub.Telescope ASCOM Telescope Driver for photonProxyHub
2024-11-11T18:38:12.7711|INFO|TelescopeVM.cs|Disconnect|763|Disconnected mount
2024-11-11T18:38:12.7714|INFO|FilterWheelVM.cs|Disconnect|324|Disconnected Filter Wheel
2024-11-11T18:38:12.7722|INFO|AscomDevice.cs|Disconnect|299|Disconnecting from ASCOM.ArcoEsatto.Focuser PLL ASCOM Focuser
2024-11-11T18:38:12.7784|INFO|FocuserVM.cs|Disconnect|426|Disconnected Focuser
2024-11-11T18:38:12.7792|INFO|AscomDevice.cs|Disconnect|299|Disconnecting from ASCOM.ArcoEsatto.Rotator PLL ASCOM Rotator
2024-11-11T18:38:12.7859|INFO|RotatorVM.cs|Disconnect|438|Disconnected Rotator
2024-11-11T18:38:12.7866|INFO|SwitchVM.cs|Disconnect|298|Disconnected Switch
2024-11-11T18:38:12.7873|INFO|AscomDevice.cs|Disconnect|299|Disconnecting from ASCOM.CloudWatcher.ObservingConditions Lunatico CloudWatcher Observing Conditions
2024-11-11T18:38:12.7911|INFO|WeatherDataVM.cs|Disconnect|292|Disconnected Weather Device
2024-11-11T18:38:12.7918|INFO|AscomDevice.cs|Disconnect|299|Disconnecting from ASCOM.CloudWatcher.SafetyMonitor Lunatico CloudWatcher Safety Monitor
2024-11-11T18:38:12.7953|INFO|SafetyMonitorVM.cs|Disconnect|208|Disconnected Safety Monitor
2024-11-11T18:38:20.4312|INFO|ApplicationVM.cs|Closing|288|Application shutting down
2024-11-11T18:38:20.4431|INFO|DomeVM.cs|Disconnect|336|Disconnected Dome Device
2024-11-11T18:38:20.4439|INFO|FlatDeviceVM.cs|Disconnect|279|Disconnected Flat Device
2024-11-11T18:38:20.4443|INFO|CameraVM.cs|Disconnect|645|Disconnected Camera
2024-11-11T18:38:20.4445|INFO|TelescopeVM.cs|Disconnect|763|Disconnected mount
2024-11-11T18:38:20.4446|INFO|FilterWheelVM.cs|Disconnect|324|Disconnected Filter Wheel
2024-11-11T18:38:20.4447|INFO|FocuserVM.cs|Disconnect|426|Disconnected Focuser
2024-11-11T18:38:20.4455|INFO|RotatorVM.cs|Disconnect|438|Disconnected Rotator
2024-11-11T18:38:20.4459|INFO|SwitchVM.cs|Disconnect|298|Disconnected Switch
2024-11-11T18:38:20.4471|INFO|WeatherDataVM.cs|Disconnect|292|Disconnected Weather Device
2024-11-11T18:38:20.4475|INFO|SafetyMonitorVM.cs|Disconnect|208|Disconnected Safety Monitor
