----------------------------------------------------------------------
--------------N.I.N.A. - Nighttime Imaging 'N' Astronomy--------------
--------------------------Version 3.1.2.9001--------------------------
-------------------------2024-12-30T14:49:46--------------------------
----------------------------------------------------------------------
---------------------Microsoft Windows 10.0.26100---------------------
-------------------------OS Architecture X64--------------------------
-----------------------Process Architecture X64-----------------------
------------------------------.NET 8.0.8------------------------------
----------------------------------------------------------------------
--------------------------Processor Count 12--------------------------
--------------------Total Physical Memory 27.89 GB--------------------
----------------------------------------------------------------------
DATE|LEVEL|SOURCE|MEMBER|LINE|MESSAGE
2024-12-30T14:49:45.9223|INFO|CameraChooserVM.cs|GetEquipment|69|Found 0 ASI Cameras
2024-12-30T14:49:46.4681|INFO|CameraChooserVM.cs|GetEquipment|84|Found 0 Altair Cameras
2024-12-30T14:49:46.5761|INFO|CameraChooserVM.cs|GetEquipment|96|Found 0 Atik Cameras
2024-12-30T14:49:46.5765|INFO|CameraChooserVM.cs|GetEquipment|110|Found 0 FLI Cameras
2024-12-30T14:49:47.6615|INFO|CameraChooserVM.cs|GetEquipment|130|Found 0 QHYCCD Cameras
2024-12-30T14:49:47.7665|INFO|CameraChooserVM.cs|GetEquipment|158|Found 0 ToupTek Cameras
2024-12-30T14:49:47.8304|INFO|CameraChooserVM.cs|GetEquipment|173|Found 0 Ogma Cameras
2024-12-30T14:49:47.9093|INFO|CameraChooserVM.cs|GetEquipment|188|Found 0 Omegon Cameras
2024-12-30T14:49:48.0456|INFO|CameraChooserVM.cs|GetEquipment|203|Found 0 RisingCam Cameras
2024-12-30T14:49:48.1037|INFO|CameraChooserVM.cs|GetEquipment|218|Found 0 MallinCam Cameras
2024-12-30T14:49:48.1048|INFO|CameraChooserVM.cs|GetEquipment|244|Found 0 SBIG Cameras
2024-12-30T14:49:48.7070|INFO|ApplicationVM.cs|CheckDiskInfo|100|Available Space on Drive C:\: 93.36 GB
2024-12-30T14:49:48.7071|INFO|ApplicationVM.cs|CheckDiskInfo|100|Available Space on Drive D:\: 4349.01 GB
2024-12-30T14:49:48.7080|INFO|ApplicationVM.cs|CheckDiskInfo|102|Drive E:\ is not ready
2024-12-30T14:49:48.7090|INFO|ApplicationVM.cs|CheckASCOMPlatformVersion|81|ASCOM Platform 6.6.2.4195 installed
2024-12-30T14:49:48.7126|INFO|ApplicationVM.cs|CheckDiskInfo|102|Drive F:\ is not ready
2024-12-30T14:49:49.0039|INFO|PluginLoader.cs|LoadPlugin|416|Successfully loaded plugin ASA Tools version 3.1.2.0 by Gerald Hitz (photon)
2024-12-30T14:49:49.1870|INFO|PluginLoader.cs|LoadPlugin|416|Successfully loaded plugin Connector version 2.0.3.0 by Stefan Berg
2024-12-30T14:49:49.4782|INFO|PluginLoader.cs|LoadPlugin|416|Successfully loaded plugin Device Actions and Commands version 2.0.0.0 by Dale Ghent
2024-12-30T14:49:49.7089|INFO|PluginLoader.cs|LoadPlugin|416|Successfully loaded plugin Filter Offset Calculator version 2.0.0.0 by S. Dimant & Stefan Berg
2024-12-30T14:49:49.9179|INFO|PluginLoader.cs|LoadPlugin|416|Successfully loaded plugin Ground Station version 2.4.1.0 by Dale Ghent
2024-12-30T14:49:52.0162|INFO|PluginLoader.cs|LoadPlugin|416|Successfully loaded plugin Hocus Focus version 3.0.0.18 by George Hilios (jokogeo)
2024-12-30T14:49:52.1811|INFO|PluginLoader.cs|LoadPlugin|416|Successfully loaded plugin Moon Angle version 2.2.0.0 by Dale Ghent
2024-12-30T14:49:52.5392|INFO|OrbitalElementsAccessor.cs|LoadJWST|87|No JWST vector table loaded since no file was found at C:\Users\AMOS\AppData\Local\NINA\OrbitalElements\JWSTVectorTable.bin.gz
2024-12-30T14:49:52.5397|INFO|OrbitalElementsAccessor.cs|LoadObjectType|118|No NumberedAsteroids orbital elements loaded since no file was found at C:\Users\AMOS\AppData\Local\NINA\OrbitalElements\NumberedAsteroidsElements.bin.gz
2024-12-30T14:49:52.5397|INFO|OrbitalElementsAccessor.cs|LoadObjectType|118|No UnnumberedAsteroids orbital elements loaded since no file was found at C:\Users\AMOS\AppData\Local\NINA\OrbitalElements\UnnumberedAsteroidsElements.bin.gz
2024-12-30T14:49:52.5398|INFO|OrbitalElementsAccessor.cs|LoadObjectType|118|No Comet orbital elements loaded since no file was found at C:\Users\AMOS\AppData\Local\NINA\OrbitalElements\MPC_CometElements.bin.gz
2024-12-30T14:49:52.5423|INFO|PluginLoader.cs|LoadPlugin|416|Successfully loaded plugin Orbitals version 3.0.0.13 by George Hilios (jokogeo)
2024-12-30T14:49:52.7228|INFO|PluginLoader.cs|LoadPlugin|416|Successfully loaded plugin Phd2 Tools version 1.0.5.0 by Stefan Berg @isbeorn
2024-12-30T14:49:52.7534|INFO|PluginLoader.cs|LoadPlugin|416|Successfully loaded plugin Remote Copy version 3.0.0.0 by Tom Palmer @tcpalmer
2024-12-30T14:49:53.0631|INFO|PluginLoader.cs|LoadPlugin|416|Successfully loaded plugin Sequencer Powerups version 3.20.0.0 by Marc Blank
2024-12-30T14:49:53.8103|ERROR|DllLoader.cs|LoadDllFromAbsolutePath|53|DllLoader failed to load library C:\Program Files\N.I.N.A. - Nighttime Imaging 'N' Astronomy\External\x64\SQLite\SQLite.Interop.dll due to error code 126
2024-12-30T14:49:54.1552|INFO|PluginLoader.cs|LoadPlugin|416|Successfully loaded plugin Target Scheduler version 4.9.0.1 by Tom Palmer @tcpalmer
2024-12-30T14:49:54.3488|INFO|SessionHistoryManager.cs|PurgeHistoryOlderThan|102|purging web session history older than 10 days
2024-12-30T14:49:54.3857|INFO|NINAWeb.cs|changePluginState|260|Web plugin state change from OFF to ON
2024-12-30T14:49:54.3868|INFO|NINALogWatcher.cs|Start|29|web viewer: watching log file: C:\Users\AMOS\AppData\Local\NINA\Logs\20241230-144945-3.1.2.9001.17172-202412.log
2024-12-30T14:49:54.3888|INFO|AutofocusDirectoryWatcher.cs|Watch|31|web viewer: watching AF directory file: C:\Users\AMOS\AppData\Local\NINA\AutoFocus
2024-12-30T14:49:54.3921|INFO|PluginLoader.cs|LoadPlugin|416|Successfully loaded plugin Web Session History Viewer version 2.2.1.0 by Tom Palmer @tcpalmer
2024-12-30T14:49:54.3936|INFO|HttpServer.cs|ConfigureLogging|143|web server log: C:\Users\AMOS\AppData\Local\NINA\WebPlugin\webserver-20241230-144954.log
2024-12-30T14:49:54.3941|INFO|HttpServer.cs|WebServerTask|62|starting web server, listening at http://localhost:80/dist
2024-12-30T14:49:54.4005|INFO|PluginFetcher.cs|RequestAll|43|Fetching plugin manifests from https://nighttime-imaging.eu/wp-json/nina/v1/plugins/manifests
2024-12-30T14:49:54.4896|INFO|CameraChooserVM.cs|GetEquipment|264|Found 0 SVBony Cameras
2024-12-30T14:49:54.5204|INFO|CameraChooserVM.cs|GetEquipment|264|Found 0 PlayerOne Cameras
2024-12-30T14:49:54.5306|INFO|CameraChooserVM.cs|GetEquipment|264|Found 0 ASTPAN Cameras
2024-12-30T14:49:54.5316|INFO|CameraChooserVM.cs|GetEquipment|278|Found 4 ASCOM Cameras
2024-12-30T14:49:55.5858|INFO|PluginFetcher.cs|RequestAll|57|Found 58 valid plugins at https://nighttime-imaging.eu/wp-json/nina/v1/plugins/manifests
2024-12-30T14:49:56.4571|INFO|FlatDeviceChooserVM.cs|GetEquipment|67|Found 0 Alpaca Cover Calibrators
2024-12-30T14:49:56.4571|INFO|TelescopeChooserVM.cs|GetEquipment|69|Found 0 Alpaca Telescopes
2024-12-30T14:49:56.4571|INFO|FilterWheelChooserVM.cs|GetEquipment|193|Found 0 Alpaca Filter Wheels
2024-12-30T14:49:56.4571|INFO|SafetyMonitorChooserVM.cs|GetEquipment|71|Found 0 Alpaca Safety Monitors
2024-12-30T14:49:56.4572|INFO|SwitchChooserVM.cs|GetEquipment|71|Found 0 Alpaca Switch Hubs
2024-12-30T14:49:56.4571|INFO|RotatorChooserVM.cs|GetEquipment|68|Found 0 Alpaca Rotators
2024-12-30T14:49:56.4571|INFO|FocuserChooserVM.cs|GetEquipment|67|Found 0 Alpaca Focusers
2024-12-30T14:49:56.4571|INFO|DomeChooserVM.cs|GetEquipment|67|Found 0 Alpaca Domes
2024-12-30T14:49:56.4897|INFO|WeatherDataChooserVM.cs|GetEquipment|69|Found 0 Alpaca Observing Conditions
2024-12-30T14:49:56.5341|INFO|CameraChooserVM.cs|GetEquipment|290|Found 0 Alpaca Cameras
2024-12-30T14:49:56.5407|INFO|CameraChooserVM.cs|GetEquipment|303|Found 0 Canon Cameras
2024-12-30T14:50:03.6285|INFO|ApplicationVM.cs|Closing|288|Application shutting down
2024-12-30T14:50:03.6385|INFO|DomeVM.cs|Disconnect|336|Disconnected Dome Device
2024-12-30T14:50:03.6400|INFO|FlatDeviceVM.cs|Disconnect|279|Disconnected Flat Device
2024-12-30T14:50:03.6430|INFO|CameraVM.cs|Disconnect|645|Disconnected Camera
2024-12-30T14:50:03.6461|INFO|TelescopeVM.cs|Disconnect|763|Disconnected mount
2024-12-30T14:50:03.6471|INFO|FilterWheelVM.cs|Disconnect|324|Disconnected Filter Wheel
2024-12-30T14:50:03.6484|INFO|FocuserVM.cs|Disconnect|426|Disconnected Focuser
2024-12-30T14:50:03.6499|INFO|RotatorVM.cs|Disconnect|438|Disconnected Rotator
2024-12-30T14:50:03.6513|INFO|SwitchVM.cs|Disconnect|298|Disconnected Switch
2024-12-30T14:50:03.6525|INFO|WeatherDataVM.cs|Disconnect|292|Disconnected Weather Device
2024-12-30T14:50:03.6534|INFO|SafetyMonitorVM.cs|Disconnect|208|Disconnected Safety Monitor
2024-12-30T14:50:04.4281|INFO|HttpServer.cs|WaitForStopped|108|waited 0ms for web server to stop
