----------------------------------------------------------------------
--------------N.I.N.A. - Nighttime Imaging 'N' Astronomy--------------
--------------------------Version 3.1.2.9001--------------------------
-------------------------2024-11-25T19:22:39--------------------------
----------------------------------------------------------------------
---------------------Microsoft Windows 10.0.22631---------------------
-------------------------OS Architecture X64--------------------------
-----------------------Process Architecture X64-----------------------
------------------------------.NET 8.0.8------------------------------
----------------------------------------------------------------------
--------------------------Processor Count 12--------------------------
--------------------Total Physical Memory 27.89 GB--------------------
----------------------------------------------------------------------
DATE|LEVEL|SOURCE|MEMBER|LINE|MESSAGE
2024-11-25T19:22:39.9324|INFO|CameraChooserVM.cs|GetEquipment|69|Found 2 ASI Cameras
2024-11-25T19:22:40.0486|INFO|CameraChooserVM.cs|GetEquipment|84|Found 0 Altair Cameras
2024-11-25T19:22:40.2227|INFO|CameraChooserVM.cs|GetEquipment|96|Found 0 Atik Cameras
2024-11-25T19:22:40.2231|INFO|CameraChooserVM.cs|GetEquipment|110|Found 0 FLI Cameras
2024-11-25T19:22:41.2325|INFO|CameraChooserVM.cs|GetEquipment|130|Found 0 QHYCCD Cameras
2024-11-25T19:22:41.2657|INFO|CameraChooserVM.cs|GetEquipment|158|Found 0 ToupTek Cameras
2024-11-25T19:22:41.2690|INFO|CameraChooserVM.cs|GetEquipment|173|Found 0 Ogma Cameras
2024-11-25T19:22:41.2727|INFO|CameraChooserVM.cs|GetEquipment|188|Found 0 Omegon Cameras
2024-11-25T19:22:41.3022|INFO|CameraChooserVM.cs|GetEquipment|203|Found 0 RisingCam Cameras
2024-11-25T19:22:41.3066|INFO|CameraChooserVM.cs|GetEquipment|218|Found 0 MallinCam Cameras
2024-11-25T19:22:41.3117|INFO|CameraChooserVM.cs|GetEquipment|244|Found 0 SBIG Cameras
2024-11-25T19:22:41.6319|INFO|ApplicationVM.cs|CheckDiskInfo|100|Available Space on Drive C:\: 37.49 GB
2024-11-25T19:22:41.6321|INFO|ApplicationVM.cs|CheckDiskInfo|100|Available Space on Drive D:\: 4456.28 GB
2024-11-25T19:22:41.6330|INFO|ApplicationVM.cs|CheckDiskInfo|102|Drive E:\ is not ready
2024-11-25T19:22:41.6346|INFO|ApplicationVM.cs|CheckASCOMPlatformVersion|81|ASCOM Platform 6.6.2.4195 installed
2024-11-25T19:22:41.6373|INFO|ApplicationVM.cs|CheckDiskInfo|102|Drive F:\ is not ready
2024-11-25T19:22:41.8308|INFO|PluginLoader.cs|LoadPlugin|416|Successfully loaded plugin ASA Tools version 3.1.2.0 by Gerald Hitz (photon)
2024-11-25T19:22:41.8511|INFO|PluginLoader.cs|LoadPlugin|416|Successfully loaded plugin Connector version 2.0.3.0 by Stefan Berg
2024-11-25T19:22:41.8791|INFO|PluginLoader.cs|LoadPlugin|416|Successfully loaded plugin Device Actions and Commands version 2.0.0.0 by Dale Ghent
2024-11-25T19:22:41.8890|INFO|PluginLoader.cs|LoadPlugin|416|Successfully loaded plugin Filter Offset Calculator version 2.0.0.0 by S. Dimant & Stefan Berg
2024-11-25T19:22:41.9623|INFO|PluginLoader.cs|LoadPlugin|416|Successfully loaded plugin Ground Station version 2.4.1.0 by Dale Ghent
2024-11-25T19:22:42.0643|INFO|PluginLoader.cs|LoadPlugin|416|Successfully loaded plugin Hocus Focus version 3.0.0.18 by George Hilios (jokogeo)
2024-11-25T19:22:42.0775|INFO|PluginLoader.cs|LoadPlugin|416|Successfully loaded plugin Moon Angle version 2.2.0.0 by Dale Ghent
2024-11-25T19:22:42.1296|INFO|OrbitalElementsAccessor.cs|LoadJWST|87|No JWST vector table loaded since no file was found at C:\Users\AMOS\AppData\Local\NINA\OrbitalElements\JWSTVectorTable.bin.gz
2024-11-25T19:22:42.1306|INFO|OrbitalElementsAccessor.cs|LoadObjectType|118|No Comet orbital elements loaded since no file was found at C:\Users\AMOS\AppData\Local\NINA\OrbitalElements\MPC_CometElements.bin.gz
2024-11-25T19:22:42.1306|INFO|OrbitalElementsAccessor.cs|LoadObjectType|118|No NumberedAsteroids orbital elements loaded since no file was found at C:\Users\AMOS\AppData\Local\NINA\OrbitalElements\NumberedAsteroidsElements.bin.gz
2024-11-25T19:22:42.1306|INFO|OrbitalElementsAccessor.cs|LoadObjectType|118|No UnnumberedAsteroids orbital elements loaded since no file was found at C:\Users\AMOS\AppData\Local\NINA\OrbitalElements\UnnumberedAsteroidsElements.bin.gz
2024-11-25T19:22:42.1381|INFO|PluginLoader.cs|LoadPlugin|416|Successfully loaded plugin Orbitals version 3.0.0.13 by George Hilios (jokogeo)
2024-11-25T19:22:42.1515|INFO|PluginLoader.cs|LoadPlugin|416|Successfully loaded plugin Phd2 Tools version 1.0.4.2 by Stefan Berg
2024-11-25T19:22:42.2527|INFO|PluginLoader.cs|LoadPlugin|416|Successfully loaded plugin Sequencer Powerups version 3.18.0.0 by Marc Blank
2024-11-25T19:22:42.3420|ERROR|DllLoader.cs|LoadDllFromAbsolutePath|53|DllLoader failed to load library C:\Program Files\N.I.N.A. - Nighttime Imaging 'N' Astronomy\External\x64\SQLite\SQLite.Interop.dll due to error code 126
2024-11-25T19:22:42.5612|INFO|PluginLoader.cs|LoadPlugin|416|Successfully loaded plugin Target Scheduler version 4.9.0.0 by Tom Palmer @tcpalmer
2024-11-25T19:22:42.5952|INFO|SessionHistoryManager.cs|PurgeHistoryOlderThan|102|purging web session history older than 10 days
2024-11-25T19:22:42.6315|INFO|PluginLoader.cs|LoadPlugin|416|Successfully loaded plugin Web Session History Viewer version 2.2.1.0 by Tom Palmer @tcpalmer
2024-11-25T19:22:42.6460|INFO|PluginFetcher.cs|RequestAll|43|Fetching plugin manifests from https://nighttime-imaging.eu/wp-json/nina/v1/plugins/manifests
2024-11-25T19:22:42.6553|INFO|CameraChooserVM.cs|GetEquipment|264|Found 0 SVBony Cameras
2024-11-25T19:22:42.6593|INFO|CameraChooserVM.cs|GetEquipment|264|Found 0 PlayerOne Cameras
2024-11-25T19:22:42.6762|INFO|CameraChooserVM.cs|GetEquipment|264|Found 0 ASTPAN Cameras
2024-11-25T19:22:42.6774|INFO|CameraChooserVM.cs|GetEquipment|278|Found 4 ASCOM Cameras
2024-11-25T19:22:43.2967|INFO|PluginFetcher.cs|RequestAll|57|Found 58 valid plugins at https://nighttime-imaging.eu/wp-json/nina/v1/plugins/manifests
2024-11-25T19:22:43.8516|INFO|ApplicationVM.cs|Closing|288|Application shutting down
2024-11-25T19:22:43.8629|INFO|DomeVM.cs|Disconnect|336|Disconnected Dome Device
2024-11-25T19:22:43.8646|INFO|FlatDeviceVM.cs|Disconnect|279|Disconnected Flat Device
2024-11-25T19:22:43.8679|INFO|CameraVM.cs|Disconnect|645|Disconnected Camera
2024-11-25T19:22:43.8713|INFO|TelescopeVM.cs|Disconnect|763|Disconnected mount
2024-11-25T19:22:43.8724|INFO|FilterWheelVM.cs|Disconnect|324|Disconnected Filter Wheel
2024-11-25T19:22:43.8738|INFO|FocuserVM.cs|Disconnect|426|Disconnected Focuser
2024-11-25T19:22:43.8753|INFO|RotatorVM.cs|Disconnect|438|Disconnected Rotator
2024-11-25T19:22:43.8765|INFO|SwitchVM.cs|Disconnect|298|Disconnected Switch
2024-11-25T19:22:43.8780|INFO|WeatherDataVM.cs|Disconnect|292|Disconnected Weather Device
2024-11-25T19:22:43.8791|INFO|SafetyMonitorVM.cs|Disconnect|208|Disconnected Safety Monitor
