----------------------------------------------------------------------
--------------N.I.N.A. - Nighttime Imaging 'N' Astronomy--------------
--------------------------Version 3.1.2.9001--------------------------
-------------------------2025-01-11T21:26:42--------------------------
----------------------------------------------------------------------
---------------------Microsoft Windows 10.0.26100---------------------
-------------------------OS Architecture X64--------------------------
-----------------------Process Architecture X64-----------------------
------------------------------.NET 8.0.8------------------------------
----------------------------------------------------------------------
--------------------------Processor Count 12--------------------------
--------------------Total Physical Memory 27.89 GB--------------------
----------------------------------------------------------------------
DATE|LEVEL|SOURCE|MEMBER|LINE|MESSAGE
2025-01-11T21:26:41.9839|INFO|CameraChooserVM.cs|GetEquipment|69|Found 2 ASI Cameras
2025-01-11T21:26:42.1214|INFO|CameraChooserVM.cs|GetEquipment|84|Found 0 Altair Cameras
2025-01-11T21:26:42.2493|INFO|CameraChooserVM.cs|GetEquipment|96|Found 0 Atik Cameras
2025-01-11T21:26:42.2497|INFO|CameraChooserVM.cs|GetEquipment|110|Found 0 FLI Cameras
2025-01-11T21:26:43.2685|INFO|CameraChooserVM.cs|GetEquipment|130|Found 0 QHYCCD Cameras
2025-01-11T21:26:43.3027|INFO|CameraChooserVM.cs|GetEquipment|158|Found 0 ToupTek Cameras
2025-01-11T21:26:43.3061|INFO|CameraChooserVM.cs|GetEquipment|173|Found 0 Ogma Cameras
2025-01-11T21:26:43.3098|INFO|CameraChooserVM.cs|GetEquipment|188|Found 0 Omegon Cameras
2025-01-11T21:26:43.3402|INFO|CameraChooserVM.cs|GetEquipment|203|Found 0 RisingCam Cameras
2025-01-11T21:26:43.3447|INFO|CameraChooserVM.cs|GetEquipment|218|Found 0 MallinCam Cameras
2025-01-11T21:26:43.3508|INFO|CameraChooserVM.cs|GetEquipment|244|Found 0 SBIG Cameras
2025-01-11T21:26:43.8418|INFO|ApplicationVM.cs|CheckDiskInfo|100|Available Space on Drive C:\: 90.16 GB
2025-01-11T21:26:43.8420|INFO|ApplicationVM.cs|CheckDiskInfo|100|Available Space on Drive D:\: 4337.62 GB
2025-01-11T21:26:43.8430|INFO|ApplicationVM.cs|CheckDiskInfo|102|Drive E:\ is not ready
2025-01-11T21:26:43.8452|INFO|ApplicationVM.cs|CheckASCOMPlatformVersion|81|ASCOM Platform 6.6.2.4195 installed
2025-01-11T21:26:43.8475|INFO|ApplicationVM.cs|CheckDiskInfo|102|Drive F:\ is not ready
2025-01-11T21:26:44.1053|INFO|PluginLoader.cs|LoadPlugin|416|Successfully loaded plugin ASA Tools version 3.1.2.0 by Gerald Hitz (photon)
2025-01-11T21:26:44.1255|INFO|PluginLoader.cs|LoadPlugin|416|Successfully loaded plugin Connector version 2.0.3.0 by Stefan Berg
2025-01-11T21:26:44.1397|INFO|PluginLoader.cs|LoadPlugin|416|Successfully loaded plugin Device Actions and Commands version 2.0.0.0 by Dale Ghent
2025-01-11T21:26:44.1509|INFO|PluginLoader.cs|LoadPlugin|416|Successfully loaded plugin Filter Offset Calculator version 2.0.0.0 by S. Dimant & Stefan Berg
2025-01-11T21:26:44.2169|INFO|PluginLoader.cs|LoadPlugin|416|Successfully loaded plugin Ground Station version 2.4.1.0 by Dale Ghent
2025-01-11T21:26:44.3371|INFO|PluginLoader.cs|LoadPlugin|416|Successfully loaded plugin Hocus Focus version 3.0.0.18 by George Hilios (jokogeo)
2025-01-11T21:26:44.3488|INFO|PluginLoader.cs|LoadPlugin|416|Successfully loaded plugin Moon Angle version 2.2.0.0 by Dale Ghent
2025-01-11T21:26:44.3992|INFO|OrbitalElementsAccessor.cs|LoadJWST|87|No JWST vector table loaded since no file was found at C:\Users\AMOS\AppData\Local\NINA\OrbitalElements\JWSTVectorTable.bin.gz
2025-01-11T21:26:44.4000|INFO|OrbitalElementsAccessor.cs|LoadObjectType|118|No Comet orbital elements loaded since no file was found at C:\Users\AMOS\AppData\Local\NINA\OrbitalElements\MPC_CometElements.bin.gz
2025-01-11T21:26:44.4000|INFO|OrbitalElementsAccessor.cs|LoadObjectType|118|No UnnumberedAsteroids orbital elements loaded since no file was found at C:\Users\AMOS\AppData\Local\NINA\OrbitalElements\UnnumberedAsteroidsElements.bin.gz
2025-01-11T21:26:44.4001|INFO|OrbitalElementsAccessor.cs|LoadObjectType|118|No NumberedAsteroids orbital elements loaded since no file was found at C:\Users\AMOS\AppData\Local\NINA\OrbitalElements\NumberedAsteroidsElements.bin.gz
2025-01-11T21:26:44.4089|INFO|PluginLoader.cs|LoadPlugin|416|Successfully loaded plugin Orbitals version 3.0.0.13 by George Hilios (jokogeo)
2025-01-11T21:26:44.4313|INFO|PluginLoader.cs|LoadPlugin|416|Successfully loaded plugin Phd2 Tools version 1.0.5.0 by Stefan Berg @isbeorn
2025-01-11T21:26:44.4433|INFO|PluginLoader.cs|LoadPlugin|416|Successfully loaded plugin Remote Copy version 3.0.0.0 by Tom Palmer @tcpalmer
2025-01-11T21:26:45.2338|INFO|PluginLoader.cs|LoadPlugin|416|Successfully loaded plugin Sequencer Powerups version 3.22.0.3 by Marc Blank
2025-01-11T21:26:45.3548|ERROR|DllLoader.cs|LoadDllFromAbsolutePath|53|DllLoader failed to load library C:\Program Files\N.I.N.A. - Nighttime Imaging 'N' Astronomy\External\x64\SQLite\SQLite.Interop.dll due to error code 126
2025-01-11T21:26:45.6781|INFO|PluginLoader.cs|LoadPlugin|416|Successfully loaded plugin Target Scheduler version 4.9.1.0 by Tom Palmer @tcpalmer
2025-01-11T21:26:45.7156|INFO|SessionHistoryManager.cs|PurgeHistoryOlderThan|102|purging web session history older than 10 days
2025-01-11T21:26:45.7549|INFO|NINAWeb.cs|changePluginState|260|Web plugin state change from OFF to ON
2025-01-11T21:26:45.7561|INFO|NINALogWatcher.cs|Start|29|web viewer: watching log file: C:\Users\AMOS\AppData\Local\NINA\Logs\20250111-212641-3.1.2.9001.3024-202501.log
2025-01-11T21:26:45.7577|INFO|AutofocusDirectoryWatcher.cs|Watch|31|web viewer: watching AF directory file: C:\Users\AMOS\AppData\Local\NINA\AutoFocus
2025-01-11T21:26:45.7594|INFO|HttpServer.cs|ConfigureLogging|143|web server log: C:\Users\AMOS\AppData\Local\NINA\WebPlugin\webserver-20250111-212645.log
2025-01-11T21:26:45.7600|INFO|HttpServer.cs|WebServerTask|62|starting web server, listening at http://localhost:80/dist
2025-01-11T21:26:45.7615|INFO|PluginLoader.cs|LoadPlugin|416|Successfully loaded plugin Web Session History Viewer version 2.2.1.0 by Tom Palmer @tcpalmer
2025-01-11T21:26:45.7743|INFO|PluginFetcher.cs|RequestAll|43|Fetching plugin manifests from https://nighttime-imaging.eu/wp-json/nina/v1/plugins/manifests
2025-01-11T21:26:45.8104|INFO|CameraChooserVM.cs|GetEquipment|264|Found 0 SVBony Cameras
2025-01-11T21:26:45.8156|INFO|CameraChooserVM.cs|GetEquipment|264|Found 0 PlayerOne Cameras
2025-01-11T21:26:45.8267|INFO|CameraChooserVM.cs|GetEquipment|264|Found 0 ASTPAN Cameras
2025-01-11T21:26:45.8281|INFO|CameraChooserVM.cs|GetEquipment|278|Found 4 ASCOM Cameras
2025-01-11T21:26:46.5717|INFO|PluginFetcher.cs|RequestAll|57|Found 58 valid plugins at https://nighttime-imaging.eu/wp-json/nina/v1/plugins/manifests
2025-01-11T21:26:47.8187|INFO|SwitchChooserVM.cs|GetEquipment|71|Found 0 Alpaca Switch Hubs
2025-01-11T21:26:47.8188|INFO|DomeChooserVM.cs|GetEquipment|67|Found 0 Alpaca Domes
2025-01-11T21:26:47.8189|INFO|SafetyMonitorChooserVM.cs|GetEquipment|71|Found 0 Alpaca Safety Monitors
2025-01-11T21:26:47.8187|INFO|WeatherDataChooserVM.cs|GetEquipment|69|Found 0 Alpaca Observing Conditions
2025-01-11T21:26:47.8187|INFO|RotatorChooserVM.cs|GetEquipment|68|Found 0 Alpaca Rotators
2025-01-11T21:26:47.8187|INFO|FocuserChooserVM.cs|GetEquipment|67|Found 0 Alpaca Focusers
2025-01-11T21:26:47.8188|INFO|TelescopeChooserVM.cs|GetEquipment|69|Found 0 Alpaca Telescopes
2025-01-11T21:26:47.8188|INFO|FilterWheelChooserVM.cs|GetEquipment|193|Found 0 Alpaca Filter Wheels
2025-01-11T21:26:47.8189|INFO|FlatDeviceChooserVM.cs|GetEquipment|67|Found 0 Alpaca Cover Calibrators
2025-01-11T21:26:47.8300|INFO|CameraChooserVM.cs|GetEquipment|290|Found 0 Alpaca Cameras
2025-01-11T21:26:47.8320|INFO|CameraChooserVM.cs|GetEquipment|303|Found 0 Canon Cameras
2025-01-11T21:26:49.4793|INFO|CameraVM.cs|Disconnect|645|Disconnected Camera
2025-01-11T21:26:50.4379|INFO|AscomDevice.cs|GetProperty|379|Property Camera.BayerOffsetX GET is not implemented in this driver (ASI Camera (1) (ASCOM))
2025-01-11T21:26:50.4403|INFO|AscomDevice.cs|GetProperty|379|Property Camera.BayerOffsetY GET is not implemented in this driver (ASI Camera (1) (ASCOM))
2025-01-11T21:26:50.4449|INFO|CameraVM.cs|ChooseCamera|448|Successfully connected Camera. Id: ASCOM.ASICamera2.Camera Name: ASI Camera (1) (ASCOM) DisplayName: ASI Camera (1) (ASCOM)Driver Version: 6.5
2025-01-11T21:26:51.8302|INFO|CameraVM.cs|CoolCamera|139|Cooling Camera. Target: -15 Duration: 00:00:00
2025-01-11T21:26:58.6459|INFO|AscomDevice.cs|Disconnect|299|Disconnecting from ASCOM.ASICamera2.Camera ASI Camera (1) (ASCOM)
2025-01-11T21:26:58.6830|INFO|CameraVM.cs|Disconnect|645|Disconnected Camera
2025-01-11T21:26:58.6832|ERROR|NotifyTaskCompletion.cs|WatchTaskAsync|35
System.Threading.Tasks.TaskCanceledException: A task was canceled.
   at NINA.Core.Utility.CoreUtil.Delay(TimeSpan span, CancellationToken token) in C:\Projects\nina\NINA.Core\Utility\CoreUtil.cs:line 129
   at NINA.Core.Utility.CoreUtil.Delay(Int32 milliseconds, CancellationToken token) in C:\Projects\nina\NINA.Core\Utility\CoreUtil.cs:line 124
   at NINA.Core.Utility.CoreUtil.Wait(TimeSpan t, Boolean progressCountDown, CancellationToken token, IProgress`1 progress, String status) in C:\Projects\nina\NINA.Core\Utility\CoreUtil.cs:line 142
   at NINA.WPF.Base.ViewModel.Equipment.Camera.CameraVM.RegulateTemperature(Double temperature, TimeSpan duration, Boolean cooling, IProgress`1 progress, CancellationToken ct) in C:\Projects\nina\NINA.WPF.Base\ViewModel\Equipment\Camera\CameraVM.cs:line 237
   at NINA.WPF.Base.ViewModel.Equipment.Camera.CameraVM.CoolCamera(Double temperature, TimeSpan duration, IProgress`1 progress, CancellationToken ct) in C:\Projects\nina\NINA.WPF.Base\ViewModel\Equipment\Camera\CameraVM.cs:line 148
   at NINA.Core.Utility.NotifyTaskCompletion`1.WatchTaskAsync(Task task) in C:\Projects\nina\NINA.Core\Utility\NotifyTaskCompletion.cs:line 33
2025-01-11T21:26:59.4894|INFO|AscomDevice.cs|GetProperty|379|Property Camera.BayerOffsetX GET is not implemented in this driver (ASI Camera (1) (ASCOM))
2025-01-11T21:26:59.4901|INFO|AscomDevice.cs|GetProperty|379|Property Camera.BayerOffsetY GET is not implemented in this driver (ASI Camera (1) (ASCOM))
2025-01-11T21:26:59.4906|INFO|CameraVM.cs|ChooseCamera|448|Successfully connected Camera. Id: ASCOM.ASICamera2.Camera Name: ASI Camera (1) (ASCOM) DisplayName: ASI Camera (1) (ASCOM)Driver Version: 6.5
2025-01-11T21:26:59.4934|INFO|FilterWheelVM.cs|Disconnect|324|Disconnected Filter Wheel
2025-01-11T21:27:00.4452|INFO|FilterWheelVM.cs|ChooseFW|272|Successfully connected Filter Wheel. Id: ASCOM.EFW2.FilterWheel Name: ZWO FilterWheel (1) DisplayName: ZWO FilterWheel (1) Driver Version: 6.0
2025-01-11T21:27:00.4515|INFO|TelescopeVM.cs|Disconnect|763|Disconnected mount
2025-01-11T21:27:00.9916|INFO|AscomTelescope.cs|CheckMountTime|817|Mount UTC Time: 2025-01-11 20:27:00Z / System UTC Time: 2025-01-11 20:27:00Z; Difference: 0.002 seconds
2025-01-11T21:27:01.0019|INFO|AscomTelescope.cs|CheckMountTime|837|Mount driver does not allow the mount's time to be set.
2025-01-11T21:27:01.1009|INFO|TelescopeVM.cs|ChooseTelescope|518|Successfully connected mount. Id: ASCOM.photonProxyHub.Telescope Name: ASCOM Telescope Driver for photonProxyHub DisplayName: ASCOM Telescope Driver for photonProxyHub Driver Version: 2011_10_08
2025-01-11T21:27:01.1031|INFO|FocuserVM.cs|Disconnect|426|Disconnected Focuser
2025-01-11T21:27:01.5058|INFO|FocuserVM.cs|ChooseFocuser|324|Successfully connected Focuser. Id: ASCOM.MicroTouchServer.Focuser1 Name: MicroTouch Focuser1 DisplayName: MicroTouch Focuser1 Driver Version: 1.3
2025-01-11T21:27:01.5164|INFO|RotatorVM.cs|Disconnect|438|Disconnected Rotator
2025-01-11T21:27:01.5263|INFO|FlatDeviceVM.cs|Disconnect|279|Disconnected Flat Device
2025-01-11T21:27:01.5401|INFO|FlatDeviceVM.cs|Connect|234|Successfully connected flat device. Id: ASCOM.OptecAlnitak.CoverCalibrator Name: Optec Alnitak DisplayName: Optec Alnitak Driver Version: 1.0
2025-01-11T21:27:01.5445|INFO|WeatherDataVM.cs|Disconnect|292|Disconnected Weather Device
2025-01-11T21:27:03.3501|INFO|AscomDevice.cs|GetProperty|379|Property ObservingConditions.SkyBrightness GET is not implemented in this driver (Lunatico CloudWatcher Observing Conditions)
2025-01-11T21:27:03.3553|INFO|AscomDevice.cs|GetProperty|379|Property ObservingConditions.StarFWHM GET is not implemented in this driver (Lunatico CloudWatcher Observing Conditions)
2025-01-11T21:27:03.3589|INFO|AscomDevice.cs|GetProperty|379|Property ObservingConditions.WindDirection GET is not implemented in this driver (Lunatico CloudWatcher Observing Conditions)
2025-01-11T21:27:03.3642|INFO|WeatherDataVM.cs|ChooseWeatherData|143|Successfully connected Weather Device. Id: ASCOM.CloudWatcher.ObservingConditions Name: Lunatico CloudWatcher Observing Conditions DisplayName: Lunatico CloudWatcher Observing Conditions Driver Version: 1.0
2025-01-11T21:27:03.3686|INFO|SwitchVM.cs|Disconnect|298|Disconnected Switch
2025-01-11T21:27:03.3718|INFO|DomeVM.cs|Disconnect|336|Disconnected Dome Device
2025-01-11T21:27:03.8051|INFO|DomeVM.cs|ChooseDome|191|Successfully connected Dome. Id: ASCOM.AMOS.Dome Name: ASCOM Dome Driver for AMOS DisplayName: ASCOM Dome Driver for AMOS Driver Version: 1.0.1
2025-01-11T21:27:03.8073|INFO|SafetyMonitorVM.cs|Disconnect|208|Disconnected Safety Monitor
2025-01-11T21:27:04.0416|INFO|SafetyMonitorVM.cs|Connect|168|Successfully connected Safety Monitor. Id: ASCOM.CloudWatcher.SafetyMonitor Name: Lunatico CloudWatcher Safety Monitor DisplayName: Lunatico CloudWatcher Safety Monitor Driver Version: 1.0
2025-01-11T21:27:47.4894|INFO|CameraVM.cs|CoolCamera|139|Cooling Camera. Target: -15 Duration: 00:00:00
2025-01-11T21:28:16.2187|INFO|DockManagerVM.cs|InitializeAvalonDockLayout|356|Initializing imaging tab layout from C:\Users\AMOS\AppData\Local\NINA\Profiles\4efc0507-b521-49ce-88b6-96e9d454c1a7.dock.config
2025-01-11T21:28:22.4558|INFO|Sequence2VM.cs|StartSequence|485|Advanced Sequence starting
2025-01-11T21:28:25.1839|INFO|SequenceItem.cs|Run|208|Starting Category: * Instruction Set *, Container: NINA.Sequencer.Container.SequenceRootContainer, Strategy: SequentialStrategy, Items[CREATED]: 3, Triggers: Category: Ground Station, Item: Failures to Pushover
2025-01-11T21:28:25.1895|INFO|SequenceItem.cs|Run|208|Starting Category: * Instruction Set *, Container: NINA.Sequencer.Container.StartAreaContainer, Strategy: SequentialStrategy, Items[CREATED]: 4
2025-01-11T21:28:25.1913|INFO|SequenceItem.cs|Run|208|Starting Category: Utility, Item: WaitForSunAltitude, TargetAltitude: -6, Comparator: GREATER_THAN, CurrentSunAltitude: -48.54
2025-01-11T21:28:25.1932|INFO|SequenceItem.cs|Run|254|Finishing Category: Utility, Item: WaitForSunAltitude, TargetAltitude: -6, Comparator: GREATER_THAN, CurrentSunAltitude: -48.55
2025-01-11T21:28:25.1953|INFO|SequenceItem.cs|Run|208|Starting Category: Connector, Item: ConnectAllEquipment
2025-01-11T21:28:25.1965|INFO|ConnectAllEquipment.cs|Execute|167|Camera is already connected
2025-01-11T21:28:25.1965|INFO|ConnectAllEquipment.cs|Execute|167|Filter Wheel is already connected
2025-01-11T21:28:25.1966|INFO|ConnectAllEquipment.cs|Execute|167|Focuser is already connected
2025-01-11T21:28:25.1970|INFO|ConnectAllEquipment.cs|Execute|167|Telescope is already connected
2025-01-11T21:28:25.1971|INFO|ConnectAllEquipment.cs|Execute|167|Guider is already connected
2025-01-11T21:28:25.1972|INFO|ConnectAllEquipment.cs|Execute|167|Flat Panel is already connected
2025-01-11T21:28:25.1972|INFO|ConnectAllEquipment.cs|Execute|167|Weather is already connected
2025-01-11T21:28:25.1972|INFO|ConnectAllEquipment.cs|Execute|167|Dome is already connected
2025-01-11T21:28:25.1972|INFO|ConnectAllEquipment.cs|Execute|167|Safety Monitor is already connected
2025-01-11T21:28:25.1972|INFO|SequenceItem.cs|Run|254|Finishing Category: Connector, Item: ConnectAllEquipment
2025-01-11T21:28:25.2011|INFO|SequenceItem.cs|Run|208|Starting Category: Safety Monitor, Item: WaitUntilSafe
2025-01-11T21:28:25.2017|INFO|SequenceItem.cs|Run|254|Finishing Category: Safety Monitor, Item: WaitUntilSafe
2025-01-11T21:28:25.2023|INFO|SequenceItem.cs|Run|208|Starting Category: * Instruction Set *, Container: NINA.Sequencer.Container.SequentialContainer, Strategy: SequentialStrategy, Items[CREATED]: 16, Triggers: Trigger: WhenUnsafe
2025-01-11T21:28:25.2036|INFO|SequenceItem.cs|Run|208|Starting Category: ASA Tools, Item: PowerOn
2025-01-11T21:28:25.2091|INFO|SequenceItem.cs|Run|254|Finishing Category: ASA Tools, Item: PowerOn
2025-01-11T21:28:25.2140|INFO|SequenceItem.cs|Run|208|Starting Category: Utility, Item: WaitForTimeSpan, Time: 20s
2025-01-11T21:28:45.3462|INFO|SequenceItem.cs|Run|254|Finishing Category: Utility, Item: WaitForTimeSpan, Time: 20s
2025-01-11T21:28:45.3467|INFO|SequenceItem.cs|Run|208|Starting Category: Dome, Item: DisableDomeSynchronization
2025-01-11T21:28:47.8201|INFO|SequenceItem.cs|Run|254|Finishing Category: Dome, Item: DisableDomeSynchronization
2025-01-11T21:28:47.8205|INFO|SequenceItem.cs|Run|208|Starting Category: Dome, Item: OpenDomeShutter
2025-01-11T21:28:47.8226|INFO|SequenceItem.cs|Run|254|Finishing Category: Dome, Item: OpenDomeShutter
2025-01-11T21:28:47.8262|INFO|SequenceItem.cs|Run|208|Starting Category: Ground Station, Item: Send to Pushover, Title: AMOS
2025-01-11T21:28:48.5879|INFO|SequenceItem.cs|Run|254|Finishing Category: Ground Station, Item: Send to Pushover, Title: AMOS
2025-01-11T21:28:48.5883|INFO|SequenceItem.cs|Run|208|Starting Category: Camera, Item: CoolCamera, Temperature: -15, Duration: 0
2025-01-11T21:28:48.5888|INFO|CameraVM.cs|CoolCamera|139|Cooling Camera. Target: -15 Duration: 00:00:00
2025-01-11T21:31:10.8990|INFO|SequenceItem.cs|Run|254|Finishing Category: Camera, Item: CoolCamera, Temperature: -15, Duration: 0
2025-01-11T21:31:10.8994|INFO|SequenceItem.cs|Run|208|Starting Category: Telescope, Item: ParkScope
2025-01-11T21:31:10.9031|INFO|TelescopeVM.cs|ParkTelescope|134|Mount has been commanded to park
2025-01-11T21:31:21.1625|INFO|TelescopeVM.cs|ParkTelescope|180|Mount has parked
2025-01-11T21:31:21.1627|INFO|SequenceItem.cs|Run|254|Finishing Category: Telescope, Item: ParkScope
2025-01-11T21:31:21.1632|INFO|SequenceItem.cs|Run|208|Starting Category: Telescope, Item: UnparkScope
2025-01-11T21:31:21.1642|INFO|TelescopeVM.cs|UnparkTelescope|230|Mount ordered to unpark
2025-01-11T21:31:25.1341|INFO|TelescopeVM.cs|UnparkTelescope|271|Mount has unparked
2025-01-11T21:31:25.1343|INFO|SequenceItem.cs|Run|254|Finishing Category: Telescope, Item: UnparkScope
2025-01-11T21:31:25.1361|INFO|SequenceItem.cs|Run|208|Starting Category: Telescope, Item: FindHome
2025-01-11T21:31:25.1372|INFO|TelescopeVM.cs|FindHome|281|Mount ordered to locate home position
2025-01-11T21:31:41.1646|INFO|TelescopeVM.cs|FindHome|338|Mount has located its home position
2025-01-11T21:31:41.1649|INFO|SequenceItem.cs|Run|254|Finishing Category: Telescope, Item: FindHome
2025-01-11T21:31:41.1653|INFO|SequenceItem.cs|Run|208|Starting Category: Flat Device, Item: OpenCover
2025-01-11T21:31:41.1674|INFO|SequenceItem.cs|Run|254|Finishing Category: Flat Device, Item: OpenCover
2025-01-11T21:31:41.1683|INFO|SequenceItem.cs|Run|208|Starting Category: Telescope, Item: SetTracking, TrackingMode: Stopped
2025-01-11T21:31:41.1761|INFO|SequenceItem.cs|Run|254|Finishing Category: Telescope, Item: SetTracking, TrackingMode: Stopped
2025-01-11T21:31:41.1765|INFO|SequenceItem.cs|Run|208|Starting Category: Telescope, Item: SlewScopeToAltAz, Coordinates: NINA.Astrometry.InputTopocentricCoordinates
2025-01-11T21:31:41.1811|INFO|TelescopeVM.cs|SlewToCoordinatesAsync|926|Slewing from RA: 05:30:23; Dec: 46° 09' 51"; Epoch: JNOW to RA: 05:24:18; Dec: -02° 51' 52"; Epoch: JNOW - Alt: 40° 00' 00"; Az: 170° 00' 00"
2025-01-11T21:31:41.1918|INFO|DomeVM.cs|SlewToAzimuth|630|Slewing dome to azimuth 185.30288192319654°
2025-01-11T21:31:54.3121|INFO|SequenceItem.cs|Run|254|Finishing Category: Telescope, Item: SlewScopeToAltAz, Coordinates: NINA.Astrometry.InputTopocentricCoordinates
2025-01-11T21:31:54.3130|INFO|SequenceItem.cs|Run|208|Starting Category: Dome, Item: EnableDomeSynchronization
2025-01-11T21:31:54.3149|INFO|DomeVM.cs|OnFollowChanged|716|Dome following enabled
2025-01-11T21:31:54.3159|INFO|DomeFollower.cs|WaitForPreviousSlew|212|Dome is already slewing. Waiting for previous slew to finish
2025-01-11T21:32:43.8674|INFO|SequenceItem.cs|Run|254|Finishing Category: Dome, Item: EnableDomeSynchronization
2025-01-11T21:32:43.8685|INFO|SequenceItem.cs|Run|208|Starting Category: Utility, Item: WaitForTime, Time: 17:42:17h, Offset: -10
2025-01-11T21:32:43.8693|INFO|SequenceItem.cs|Run|254|Finishing Category: Utility, Item: WaitForTime, Time: 17:42:17h, Offset: -10
2025-01-11T21:32:43.8695|INFO|SequenceItem.cs|Run|208|Starting Category: Telescope, Item: SetTracking, TrackingMode: Sidereal
2025-01-11T21:32:43.8893|INFO|SequenceItem.cs|Run|254|Finishing Category: Telescope, Item: SetTracking, TrackingMode: Sidereal
2025-01-11T21:32:43.8895|INFO|SequenceItem.cs|Run|208|Starting Category: Ground Station, Item: Send to Pushover, Title: AMOS
2025-01-11T21:32:44.1699|INFO|SequenceItem.cs|Run|254|Finishing Category: Ground Station, Item: Send to Pushover, Title: AMOS
2025-01-11T21:32:44.1716|INFO|SequenceItem.cs|Run|254|Finishing Category: * Instruction Set *, Container: NINA.Sequencer.Container.SequentialContainer, Strategy: SequentialStrategy, Items[FINISHED]: 16, Triggers: Trigger: WhenUnsafe
2025-01-11T21:32:44.1718|INFO|SequenceItem.cs|Run|254|Finishing Category: * Instruction Set *, Container: NINA.Sequencer.Container.StartAreaContainer, Strategy: SequentialStrategy, Items[FINISHED]: 4
2025-01-11T21:32:44.1719|INFO|SequenceItem.cs|Run|208|Starting Category: * Instruction Set *, Container: NINA.Sequencer.Container.TargetAreaContainer, Strategy: SequentialStrategy, Items[CREATED]: 1
2025-01-11T21:32:44.1723|INFO|SequenceItem.cs|Run|208|Starting Category: * Instruction Set *, Container: NINA.Sequencer.Container.SequentialContainer, Strategy: SequentialStrategy, Items[CREATED]: 1, Conditions: Condition: TimeCondition, Time: 6:32:27h, Condition: TargetSchedulerCondition mode=While Targets Remain Tonight, , Triggers: Category: Ground Station, Item: Failures to PushoverTrigger: WhenUnsafeTrigger: AutofocusAfterTimeTrigger, Amount: 25mTrigger: CenterAfterDriftTrigger, DistanceArcMinutes: 0.5Trigger: AutofocusAfterHFRIncreaseTrigger, Amount: 10Trigger: AutofocusAfterTemperatureChangeTrigger, Amount: 2°
2025-01-11T21:32:44.3063|INFO|SequenceItem.cs|Run|254|Finishing Category: * Instruction Set *, Container: NINA.Sequencer.Container.SequentialContainer, Strategy: SequentialStrategy, Items[SKIPPED]: 1, Conditions: Condition: TimeCondition, Time: 6:32:27h, Condition: TargetSchedulerCondition mode=While Targets Remain Tonight, , Triggers: Category: Ground Station, Item: Failures to PushoverTrigger: WhenUnsafeTrigger: AutofocusAfterTimeTrigger, Amount: 25mTrigger: CenterAfterDriftTrigger, DistanceArcMinutes: 0.5Trigger: AutofocusAfterHFRIncreaseTrigger, Amount: 10Trigger: AutofocusAfterTemperatureChangeTrigger, Amount: 2°
2025-01-11T21:32:44.3064|INFO|SequenceItem.cs|Run|254|Finishing Category: * Instruction Set *, Container: NINA.Sequencer.Container.TargetAreaContainer, Strategy: SequentialStrategy, Items[FINISHED]: 1
2025-01-11T21:32:44.3065|INFO|SequenceItem.cs|Run|208|Starting Category: * Instruction Set *, Container: NINA.Sequencer.Container.EndAreaContainer, Strategy: SequentialStrategy, Items[CREATED]: 3
2025-01-11T21:32:44.3066|INFO|SequenceItem.cs|Run|208|Starting Category: Dome, Item: DisableDomeSynchronization
2025-01-11T21:32:44.3074|INFO|DomeVM.cs|OnFollowChanged|719|Dome following stopped
2025-01-11T21:32:47.8278|INFO|SequenceItem.cs|Run|254|Finishing Category: Dome, Item: DisableDomeSynchronization
2025-01-11T21:32:47.8298|INFO|SequenceItem.cs|Run|208|Starting Category: * Instruction Set *, Container: NINA.Sequencer.Container.ParallelContainer, Strategy: ParallelStrategy, Items[CREATED]: 5
2025-01-11T21:32:47.8309|INFO|SequenceItem.cs|Run|208|Starting Category: Dome, Item: CloseDomeShutter
2025-01-11T21:32:47.8337|INFO|DomeVM.cs|CloseShutter|525|Closing dome shutter. Shutter state before closing ShutterOpen
2025-01-11T21:32:47.8349|INFO|AscomDome.cs|CloseShutter|244|Sending a CloseShutter request, since it is currently ShutterOpen
2025-01-11T21:43:48.8365|INFO|AscomDevice.cs|Disconnect|299|Disconnecting from ASCOM.AMOS.Dome ASCOM Dome Driver for AMOS
2025-01-11T21:43:48.8495|INFO|DomeVM.cs|Disconnect|336|Disconnected Dome Device
2025-01-11T21:43:48.8506|INFO|AscomDevice.cs|Disconnect|299|Disconnecting from ASCOM.OptecAlnitak.CoverCalibrator Optec Alnitak
2025-01-11T21:43:48.8606|INFO|FlatDeviceVM.cs|Disconnect|279|Disconnected Flat Device
2025-01-11T21:43:48.8615|INFO|AscomDevice.cs|Disconnect|299|Disconnecting from ASCOM.ASICamera2.Camera ASI Camera (1) (ASCOM)
2025-01-11T21:43:48.9027|INFO|CameraVM.cs|Disconnect|645|Disconnected Camera
2025-01-11T21:43:48.9038|INFO|AscomDevice.cs|Disconnect|299|Disconnecting from ASCOM.photonProxyHub.Telescope ASCOM Telescope Driver for photonProxyHub
2025-01-11T21:43:48.9129|INFO|TelescopeVM.cs|Disconnect|763|Disconnected mount
2025-01-11T21:43:48.9130|INFO|AscomDevice.cs|Disconnect|299|Disconnecting from ASCOM.EFW2.FilterWheel ZWO FilterWheel (1)
2025-01-11T21:43:48.9569|INFO|FilterWheelVM.cs|Disconnect|324|Disconnected Filter Wheel
2025-01-11T21:43:48.9580|INFO|AscomDevice.cs|Disconnect|299|Disconnecting from ASCOM.MicroTouchServer.Focuser1 MicroTouch Focuser1
2025-01-11T21:43:48.9902|INFO|FocuserVM.cs|Disconnect|426|Disconnected Focuser
2025-01-11T21:43:48.9918|INFO|RotatorVM.cs|Disconnect|438|Disconnected Rotator
2025-01-11T21:43:48.9927|INFO|SwitchVM.cs|Disconnect|298|Disconnected Switch
2025-01-11T21:43:48.9934|INFO|AscomDevice.cs|Disconnect|299|Disconnecting from ASCOM.CloudWatcher.ObservingConditions Lunatico CloudWatcher Observing Conditions
2025-01-11T21:43:48.9982|INFO|WeatherDataVM.cs|Disconnect|292|Disconnected Weather Device
2025-01-11T21:43:48.9988|INFO|AscomDevice.cs|Disconnect|299|Disconnecting from ASCOM.CloudWatcher.SafetyMonitor Lunatico CloudWatcher Safety Monitor
2025-01-11T21:43:49.0025|INFO|SafetyMonitorVM.cs|Disconnect|208|Disconnected Safety Monitor
2025-01-11T21:43:49.0697|ERROR|SequenceItem.cs|Run|244|Execution for Category: Dome, Item: CloseDomeShutter did not finish after being cancelled for over 2 minutes! Continuing...
2025-01-11T21:43:49.0986|INFO|SequenceItem.cs|Run|208|Starting Category: Ground Station, Item: Send to Pushover, Title: Dome closed
2025-01-11T21:43:49.1031|INFO|PushoverClient.cs|PushMessage|44|Push cancelled
2025-01-11T21:43:49.1035|INFO|SequenceItem.cs|Run|208|Starting Category: Flat Device, Item: CloseCover
2025-01-11T21:43:49.1036|INFO|FailuresToPushoverTrigger.cs|WorkerFn|191|Failures to Pushover: Sending Failure running Close Dome Shutter
2025-01-11T21:43:49.1046|ERROR|SequenceItem.cs|RunErrorBehavior|195|Instruction Close Flat Panel Cover failed after 1 attempt. Error behavior is set to ContinueOnError. Continuing.
2025-01-11T21:43:49.1052|ERROR|SequenceItem.cs|Run|281|Failed validation: Category: Flat Device, Item: CloseCover - Flat device not connected
2025-01-11T21:43:49.1060|INFO|SequenceItem.cs|Run|208|Starting Category: Camera, Item: WarmCamera, Duration: 0
2025-01-11T21:43:49.1061|ERROR|SequenceItem.cs|RunErrorBehavior|195|Instruction Warm Camera failed after 1 attempt. Error behavior is set to ContinueOnError. Continuing.
2025-01-11T21:43:49.1062|ERROR|SequenceItem.cs|Run|281|Failed validation: Category: Camera, Item: WarmCamera, Duration: 0 - Camera not connected
2025-01-11T21:43:49.1063|INFO|SequenceItem.cs|Run|208|Starting Category: Telescope, Item: ParkScope
2025-01-11T21:43:49.1063|ERROR|SequenceItem.cs|RunErrorBehavior|195|Instruction Park Scope failed after 1 attempt. Error behavior is set to ContinueOnError. Continuing.
2025-01-11T21:43:49.1064|ERROR|SequenceItem.cs|Run|281|Failed validation: Category: Telescope, Item: ParkScope - Telescope not connected
2025-01-11T21:43:49.1079|INFO|Sequencer.cs|Start|85|Sequence run was cancelled
2025-01-11T21:43:49.1277|INFO|Sequence2VM.cs|StartSequence|490|Advanced Sequence finished
2025-01-11T21:43:50.2851|INFO|FailuresToPushoverTrigger.cs|WorkerFn|191|Failures to Pushover: Sending Failure running Close Flat Panel Cover
2025-01-11T21:43:50.5465|INFO|FailuresToPushoverTrigger.cs|WorkerFn|191|Failures to Pushover: Sending Failure running Warm Camera
2025-01-11T21:43:50.8121|INFO|FailuresToPushoverTrigger.cs|WorkerFn|191|Failures to Pushover: Sending Failure running Park Scope
2025-01-11T21:43:53.4988|INFO|ApplicationVM.cs|Closing|288|Application shutting down
2025-01-11T21:43:53.5109|INFO|DomeVM.cs|Disconnect|336|Disconnected Dome Device
2025-01-11T21:43:53.5118|INFO|FlatDeviceVM.cs|Disconnect|279|Disconnected Flat Device
2025-01-11T21:43:53.5124|INFO|CameraVM.cs|Disconnect|645|Disconnected Camera
2025-01-11T21:43:53.5126|INFO|TelescopeVM.cs|Disconnect|763|Disconnected mount
2025-01-11T21:43:53.5132|INFO|FilterWheelVM.cs|Disconnect|324|Disconnected Filter Wheel
2025-01-11T21:43:53.5134|INFO|FocuserVM.cs|Disconnect|426|Disconnected Focuser
2025-01-11T21:43:53.5142|INFO|RotatorVM.cs|Disconnect|438|Disconnected Rotator
2025-01-11T21:43:53.5148|INFO|SwitchVM.cs|Disconnect|298|Disconnected Switch
2025-01-11T21:43:53.5161|INFO|WeatherDataVM.cs|Disconnect|292|Disconnected Weather Device
2025-01-11T21:43:53.5166|INFO|SafetyMonitorVM.cs|Disconnect|208|Disconnected Safety Monitor
2025-01-11T21:43:53.6476|INFO|HttpServer.cs|WaitForStopped|108|waited 0ms for web server to stop
