----------------------------------------------------------------------
--------------N.I.N.A. - Nighttime Imaging 'N' Astronomy--------------
--------------------------Version 3.1.2.9001--------------------------
-------------------------2025-01-11T17:01:47--------------------------
----------------------------------------------------------------------
---------------------Microsoft Windows 10.0.26100---------------------
-------------------------OS Architecture X64--------------------------
-----------------------Process Architecture X64-----------------------
------------------------------.NET 8.0.8------------------------------
----------------------------------------------------------------------
--------------------------Processor Count 12--------------------------
--------------------Total Physical Memory 27.89 GB--------------------
----------------------------------------------------------------------
DATE|LEVEL|SOURCE|MEMBER|LINE|MESSAGE
2025-01-11T17:01:47.7222|INFO|CameraChooserVM.cs|GetEquipment|69|Found 2 ASI Cameras
2025-01-11T17:01:48.6476|INFO|CameraChooserVM.cs|GetEquipment|84|Found 0 Altair Cameras
2025-01-11T17:01:48.8671|INFO|CameraChooserVM.cs|GetEquipment|96|Found 0 Atik Cameras
2025-01-11T17:01:48.8678|INFO|CameraChooserVM.cs|GetEquipment|110|Found 0 FLI Cameras
2025-01-11T17:01:49.9876|INFO|CameraChooserVM.cs|GetEquipment|130|Found 0 QHYCCD Cameras
2025-01-11T17:01:50.1692|INFO|CameraChooserVM.cs|GetEquipment|158|Found 0 ToupTek Cameras
2025-01-11T17:01:50.2626|INFO|CameraChooserVM.cs|GetEquipment|173|Found 0 Ogma Cameras
2025-01-11T17:01:50.3803|INFO|CameraChooserVM.cs|GetEquipment|188|Found 0 Omegon Cameras
2025-01-11T17:01:50.5323|INFO|ApplicationVM.cs|CheckDiskInfo|100|Available Space on Drive C:\: 89.58 GB
2025-01-11T17:01:50.5324|INFO|ApplicationVM.cs|CheckDiskInfo|100|Available Space on Drive D:\: 4337.62 GB
2025-01-11T17:01:50.5334|INFO|ApplicationVM.cs|CheckDiskInfo|102|Drive E:\ is not ready
2025-01-11T17:01:50.5335|INFO|ApplicationVM.cs|CheckASCOMPlatformVersion|81|ASCOM Platform 6.6.2.4195 installed
2025-01-11T17:01:50.5378|INFO|ApplicationVM.cs|CheckDiskInfo|102|Drive F:\ is not ready
2025-01-11T17:01:50.5666|INFO|CameraChooserVM.cs|GetEquipment|203|Found 0 RisingCam Cameras
2025-01-11T17:01:50.6939|INFO|CameraChooserVM.cs|GetEquipment|218|Found 0 MallinCam Cameras
2025-01-11T17:01:50.7968|INFO|CameraChooserVM.cs|GetEquipment|244|Found 0 SBIG Cameras
2025-01-11T17:01:50.9070|INFO|EarthRotationParameterUpdater.cs|Update|121|Updating EarthRotationParameters due to being outdated. Last available parameter date 2024-12-27
2025-01-11T17:01:50.9247|INFO|PluginLoader.cs|LoadPlugin|416|Successfully loaded plugin ASA Tools version 3.1.2.0 by Gerald Hitz (photon)
2025-01-11T17:01:51.0112|INFO|PluginLoader.cs|LoadPlugin|416|Successfully loaded plugin Connector version 2.0.3.0 by Stefan Berg
2025-01-11T17:01:51.0603|INFO|PluginLoader.cs|LoadPlugin|416|Successfully loaded plugin Device Actions and Commands version 2.0.0.0 by Dale Ghent
2025-01-11T17:01:51.1071|INFO|PluginLoader.cs|LoadPlugin|416|Successfully loaded plugin Filter Offset Calculator version 2.0.0.0 by S. Dimant & Stefan Berg
2025-01-11T17:01:51.3247|INFO|PluginLoader.cs|LoadPlugin|416|Successfully loaded plugin Ground Station version 2.4.1.0 by Dale Ghent
2025-01-11T17:01:51.8050|INFO|EarthRotationParameterUpdater.cs|Update|123|Updated EarthRotationParameters. New last available parameter date 2025-04-11
2025-01-11T17:01:51.9137|INFO|PluginLoader.cs|LoadPlugin|416|Successfully loaded plugin Hocus Focus version 3.0.0.18 by George Hilios (jokogeo)
2025-01-11T17:01:51.9536|INFO|PluginLoader.cs|LoadPlugin|416|Successfully loaded plugin Moon Angle version 2.2.0.0 by Dale Ghent
2025-01-11T17:01:52.1048|INFO|OrbitalElementsAccessor.cs|LoadJWST|87|No JWST vector table loaded since no file was found at C:\Users\AMOS\AppData\Local\NINA\OrbitalElements\JWSTVectorTable.bin.gz
2025-01-11T17:01:52.1053|INFO|OrbitalElementsAccessor.cs|LoadObjectType|118|No NumberedAsteroids orbital elements loaded since no file was found at C:\Users\AMOS\AppData\Local\NINA\OrbitalElements\NumberedAsteroidsElements.bin.gz
2025-01-11T17:01:52.1053|INFO|OrbitalElementsAccessor.cs|LoadObjectType|118|No Comet orbital elements loaded since no file was found at C:\Users\AMOS\AppData\Local\NINA\OrbitalElements\MPC_CometElements.bin.gz
2025-01-11T17:01:52.1053|INFO|OrbitalElementsAccessor.cs|LoadObjectType|118|No UnnumberedAsteroids orbital elements loaded since no file was found at C:\Users\AMOS\AppData\Local\NINA\OrbitalElements\UnnumberedAsteroidsElements.bin.gz
2025-01-11T17:01:52.1098|INFO|PluginLoader.cs|LoadPlugin|416|Successfully loaded plugin Orbitals version 3.0.0.13 by George Hilios (jokogeo)
2025-01-11T17:01:52.1638|INFO|PluginLoader.cs|LoadPlugin|416|Successfully loaded plugin Phd2 Tools version 1.0.5.0 by Stefan Berg @isbeorn
2025-01-11T17:01:52.3642|INFO|PluginLoader.cs|LoadPlugin|416|Successfully loaded plugin Remote Copy version 3.0.0.0 by Tom Palmer @tcpalmer
2025-01-11T17:01:53.3569|INFO|PluginLoader.cs|LoadPlugin|416|Successfully loaded plugin Sequencer Powerups version 3.22.0.0 by Marc Blank
2025-01-11T17:01:53.7297|ERROR|DllLoader.cs|LoadDllFromAbsolutePath|53|DllLoader failed to load library C:\Program Files\N.I.N.A. - Nighttime Imaging 'N' Astronomy\External\x64\SQLite\SQLite.Interop.dll due to error code 126
2025-01-11T17:01:54.0348|INFO|PluginLoader.cs|LoadPlugin|416|Successfully loaded plugin Target Scheduler version 4.9.1.0 by Tom Palmer @tcpalmer
2025-01-11T17:01:54.2409|INFO|SessionHistoryManager.cs|PurgeHistoryOlderThan|102|purging web session history older than 10 days
2025-01-11T17:01:54.2413|INFO|SessionHistoryManager.cs|PurgeHistoryOlderThan|110|purging old web session history: C:\Users\AMOS\AppData\Local\NINA\WebPlugin\sessions\20241225-180204
2025-01-11T17:01:54.2776|INFO|SessionHistoryManager.cs|PurgeHistoryOlderThan|110|purging old web session history: C:\Users\AMOS\AppData\Local\NINA\WebPlugin\sessions\20241226-173518
2025-01-11T17:01:54.3179|INFO|SessionHistoryManager.cs|PurgeHistoryOlderThan|110|purging old web session history: C:\Users\AMOS\AppData\Local\NINA\WebPlugin\sessions\20241227-191034
2025-01-11T17:01:54.3187|INFO|SessionHistoryManager.cs|PurgeHistoryOlderThan|110|purging old web session history: C:\Users\AMOS\AppData\Local\NINA\WebPlugin\sessions\20241227-193928
2025-01-11T17:01:54.3265|INFO|SessionHistoryManager.cs|PurgeHistoryOlderThan|110|purging old web session history: C:\Users\AMOS\AppData\Local\NINA\WebPlugin\sessions\20241227-224438
2025-01-11T17:01:54.3447|INFO|SessionHistoryManager.cs|PurgeHistoryOlderThan|110|purging old web session history: C:\Users\AMOS\AppData\Local\NINA\WebPlugin\sessions\20241228-231037
2025-01-11T17:01:54.3693|INFO|SessionHistoryManager.cs|PurgeHistoryOlderThan|110|purging old web session history: C:\Users\AMOS\AppData\Local\NINA\WebPlugin\sessions\20241229-144022
2025-01-11T17:01:54.3981|INFO|SessionHistoryManager.cs|PurgeHistoryOlderThan|110|purging old web session history: C:\Users\AMOS\AppData\Local\NINA\WebPlugin\sessions\20241230-044023
2025-01-11T17:01:54.4010|INFO|SessionHistoryManager.cs|PurgeHistoryOlderThan|110|purging old web session history: C:\Users\AMOS\AppData\Local\NINA\WebPlugin\sessions\20241230-165950
2025-01-11T17:01:54.4333|INFO|SessionHistoryManager.cs|PurgeHistoryOlderThan|110|purging old web session history: C:\Users\AMOS\AppData\Local\NINA\WebPlugin\sessions\20241231-170602
2025-01-11T17:01:54.4346|INFO|SessionHistoryManager.cs|PurgeHistoryOlderThan|110|purging old web session history: C:\Users\AMOS\AppData\Local\NINA\WebPlugin\sessions\20241231-175827
2025-01-11T17:01:54.4471|INFO|SessionHistoryManager.cs|PurgeHistoryOlderThan|110|purging old web session history: C:\Users\AMOS\AppData\Local\NINA\WebPlugin\sessions\20241231-213853
2025-01-11T17:01:54.4565|INFO|SessionHistoryManager.cs|PurgeHistoryOlderThan|110|purging old web session history: C:\Users\AMOS\AppData\Local\NINA\WebPlugin\sessions\20250101-185117
2025-01-11T17:01:54.5456|INFO|NINAWeb.cs|changePluginState|260|Web plugin state change from OFF to ON
2025-01-11T17:01:54.5467|INFO|NINALogWatcher.cs|Start|29|web viewer: watching log file: C:\Users\AMOS\AppData\Local\NINA\Logs\20250111-170142-3.1.2.9001.9384-202501.log
2025-01-11T17:01:54.5928|INFO|AutofocusDirectoryWatcher.cs|Watch|31|web viewer: watching AF directory file: C:\Users\AMOS\AppData\Local\NINA\AutoFocus
2025-01-11T17:01:54.5942|INFO|HttpServer.cs|ConfigureLogging|143|web server log: C:\Users\AMOS\AppData\Local\NINA\WebPlugin\webserver-20250111-170154.log
2025-01-11T17:01:54.5947|INFO|HttpServer.cs|WebServerTask|62|starting web server, listening at http://localhost:80/dist
2025-01-11T17:01:54.5965|INFO|PluginLoader.cs|LoadPlugin|416|Successfully loaded plugin Web Session History Viewer version 2.2.1.0 by Tom Palmer @tcpalmer
2025-01-11T17:01:54.6125|INFO|PluginFetcher.cs|RequestAll|43|Fetching plugin manifests from https://nighttime-imaging.eu/wp-json/nina/v1/plugins/manifests
2025-01-11T17:01:54.7200|INFO|CameraChooserVM.cs|GetEquipment|264|Found 0 SVBony Cameras
2025-01-11T17:01:54.7677|INFO|CameraChooserVM.cs|GetEquipment|264|Found 0 PlayerOne Cameras
2025-01-11T17:01:54.7855|INFO|CameraChooserVM.cs|GetEquipment|264|Found 0 ASTPAN Cameras
2025-01-11T17:01:54.7864|INFO|CameraChooserVM.cs|GetEquipment|278|Found 4 ASCOM Cameras
2025-01-11T17:01:55.3970|INFO|PluginFetcher.cs|RequestAll|57|Found 58 valid plugins at https://nighttime-imaging.eu/wp-json/nina/v1/plugins/manifests
2025-01-11T17:01:56.6551|INFO|FilterWheelChooserVM.cs|GetEquipment|193|Found 0 Alpaca Filter Wheels
2025-01-11T17:01:56.6551|INFO|FocuserChooserVM.cs|GetEquipment|67|Found 0 Alpaca Focusers
2025-01-11T17:01:56.6551|INFO|WeatherDataChooserVM.cs|GetEquipment|69|Found 0 Alpaca Observing Conditions
2025-01-11T17:01:56.6551|INFO|SwitchChooserVM.cs|GetEquipment|71|Found 0 Alpaca Switch Hubs
2025-01-11T17:01:56.6551|INFO|DomeChooserVM.cs|GetEquipment|67|Found 0 Alpaca Domes
2025-01-11T17:01:56.6551|INFO|FlatDeviceChooserVM.cs|GetEquipment|67|Found 0 Alpaca Cover Calibrators
2025-01-11T17:01:56.6551|INFO|SafetyMonitorChooserVM.cs|GetEquipment|71|Found 0 Alpaca Safety Monitors
2025-01-11T17:01:56.6551|INFO|RotatorChooserVM.cs|GetEquipment|68|Found 0 Alpaca Rotators
2025-01-11T17:01:56.6551|INFO|TelescopeChooserVM.cs|GetEquipment|69|Found 0 Alpaca Telescopes
2025-01-11T17:01:56.7875|INFO|CameraChooserVM.cs|GetEquipment|290|Found 0 Alpaca Cameras
2025-01-11T17:01:56.7941|INFO|CameraChooserVM.cs|GetEquipment|303|Found 0 Canon Cameras
2025-01-11T17:06:45.3797|WARNING|NINAEventWatcher.cs|LogFileRolled|92|web viewer detected new file in log directory but doesn't match pattern: 20250111-170645-3.1.2.9001.9604-202501.log, ignored
2025-01-11T17:09:43.4945|WARNING|NINAEventWatcher.cs|LogFileRolled|92|web viewer detected new file in log directory but doesn't match pattern: 20250111-170943-3.1.2.9001.11676-202501.log, ignored
2025-01-11T17:09:51.4855|INFO|ApplicationVM.cs|Closing|288|Application shutting down
2025-01-11T17:09:51.4963|INFO|DomeVM.cs|Disconnect|336|Disconnected Dome Device
2025-01-11T17:09:51.4976|INFO|FlatDeviceVM.cs|Disconnect|279|Disconnected Flat Device
2025-01-11T17:09:51.5005|INFO|CameraVM.cs|Disconnect|645|Disconnected Camera
2025-01-11T17:09:51.5035|INFO|TelescopeVM.cs|Disconnect|763|Disconnected mount
2025-01-11T17:09:51.5044|INFO|FilterWheelVM.cs|Disconnect|324|Disconnected Filter Wheel
2025-01-11T17:09:51.5055|INFO|FocuserVM.cs|Disconnect|426|Disconnected Focuser
2025-01-11T17:09:51.5068|INFO|RotatorVM.cs|Disconnect|438|Disconnected Rotator
2025-01-11T17:09:51.5079|INFO|SwitchVM.cs|Disconnect|298|Disconnected Switch
2025-01-11T17:09:51.5091|INFO|WeatherDataVM.cs|Disconnect|292|Disconnected Weather Device
2025-01-11T17:09:51.5102|INFO|SafetyMonitorVM.cs|Disconnect|208|Disconnected Safety Monitor
2025-01-11T17:09:51.6257|INFO|HttpServer.cs|WaitForStopped|108|waited 0ms for web server to stop
