----------------------------------------------------------------------
--------------N.I.N.A. - Nighttime Imaging 'N' Astronomy--------------
--------------------------Version 3.1.2.9001--------------------------
-------------------------2025-01-17T19:29:24--------------------------
----------------------------------------------------------------------
---------------------Microsoft Windows 10.0.26100---------------------
-------------------------OS Architecture X64--------------------------
-----------------------Process Architecture X64-----------------------
------------------------------.NET 8.0.8------------------------------
----------------------------------------------------------------------
--------------------------Processor Count 12--------------------------
--------------------Total Physical Memory 27.89 GB--------------------
----------------------------------------------------------------------
DATE|LEVEL|SOURCE|MEMBER|LINE|MESSAGE
2025-01-17T19:29:24.2253|INFO|CameraChooserVM.cs|GetEquipment|69|Found 2 ASI Cameras
2025-01-17T19:29:24.5881|ERROR|DllLoader.cs|LoadDllFromAbsolutePath|53|DllLoader failed to load library C:\Program Files\N.I.N.A. - Nighttime Imaging 'N' Astronomy\External\x64\Atik\Atik.Core.dll due to error code 126
2025-01-17T19:29:25.4633|INFO|CameraChooserVM.cs|GetEquipment|84|Found 0 Altair Cameras
2025-01-17T19:29:25.7705|INFO|CameraChooserVM.cs|GetEquipment|96|Found 0 Atik Cameras
2025-01-17T19:29:25.7709|INFO|CameraChooserVM.cs|GetEquipment|110|Found 0 FLI Cameras
2025-01-17T19:29:26.8790|INFO|CameraChooserVM.cs|GetEquipment|130|Found 0 QHYCCD Cameras
2025-01-17T19:29:26.9800|INFO|CameraChooserVM.cs|GetEquipment|158|Found 0 ToupTek Cameras
2025-01-17T19:29:27.1559|INFO|CameraChooserVM.cs|GetEquipment|173|Found 0 Ogma Cameras
2025-01-17T19:29:27.2637|INFO|CameraChooserVM.cs|GetEquipment|188|Found 0 Omegon Cameras
2025-01-17T19:29:27.4176|INFO|CameraChooserVM.cs|GetEquipment|203|Found 0 RisingCam Cameras
2025-01-17T19:29:27.6270|INFO|CameraChooserVM.cs|GetEquipment|218|Found 0 MallinCam Cameras
2025-01-17T19:29:27.6388|INFO|CameraChooserVM.cs|GetEquipment|244|Found 0 SBIG Cameras
2025-01-17T19:29:27.7179|INFO|ApplicationVM.cs|CheckDiskInfo|100|Available Space on Drive C:\: 40.03 GB
2025-01-17T19:29:27.7181|INFO|ApplicationVM.cs|CheckDiskInfo|100|Available Space on Drive D:\: 4337.62 GB
2025-01-17T19:29:27.7188|INFO|ApplicationVM.cs|CheckASCOMPlatformVersion|81|ASCOM Platform 6.6.2.4195 installed
2025-01-17T19:29:27.7189|INFO|ApplicationVM.cs|CheckDiskInfo|102|Drive E:\ is not ready
2025-01-17T19:29:27.7235|INFO|ApplicationVM.cs|CheckDiskInfo|102|Drive F:\ is not ready
2025-01-17T19:29:27.8993|INFO|PluginLoader.cs|LoadPlugin|416|Successfully loaded plugin ASA Tools version 3.1.2.0 by Gerald Hitz (photon)
2025-01-17T19:29:28.6142|INFO|PluginLoader.cs|LoadPlugin|416|Successfully loaded plugin Connector version 2.0.3.0 by Stefan Berg
2025-01-17T19:29:28.8319|INFO|PluginLoader.cs|LoadPlugin|416|Successfully loaded plugin Device Actions and Commands version 2.0.0.0 by Dale Ghent
2025-01-17T19:29:29.0522|INFO|PluginLoader.cs|LoadPlugin|416|Successfully loaded plugin Filter Offset Calculator version 2.0.0.0 by S. Dimant & Stefan Berg
2025-01-17T19:29:29.2446|INFO|PluginLoader.cs|LoadPlugin|416|Successfully loaded plugin Ground Station version 2.4.1.0 by Dale Ghent
2025-01-17T19:29:31.2095|INFO|PluginLoader.cs|LoadPlugin|416|Successfully loaded plugin Hocus Focus version 3.0.0.18 by George Hilios (jokogeo)
2025-01-17T19:29:31.5772|INFO|PluginLoader.cs|LoadPlugin|416|Successfully loaded plugin Moon Angle version 2.2.0.0 by Dale Ghent
2025-01-17T19:29:31.7196|INFO|OrbitalElementsAccessor.cs|LoadJWST|87|No JWST vector table loaded since no file was found at C:\Users\AMOS\AppData\Local\NINA\OrbitalElements\JWSTVectorTable.bin.gz
2025-01-17T19:29:31.7203|INFO|OrbitalElementsAccessor.cs|LoadObjectType|118|No NumberedAsteroids orbital elements loaded since no file was found at C:\Users\AMOS\AppData\Local\NINA\OrbitalElements\NumberedAsteroidsElements.bin.gz
2025-01-17T19:29:31.7203|INFO|OrbitalElementsAccessor.cs|LoadObjectType|118|No UnnumberedAsteroids orbital elements loaded since no file was found at C:\Users\AMOS\AppData\Local\NINA\OrbitalElements\UnnumberedAsteroidsElements.bin.gz
2025-01-17T19:29:31.7203|INFO|OrbitalElementsAccessor.cs|LoadObjectType|118|No Comet orbital elements loaded since no file was found at C:\Users\AMOS\AppData\Local\NINA\OrbitalElements\MPC_CometElements.bin.gz
2025-01-17T19:29:31.7240|INFO|PluginLoader.cs|LoadPlugin|416|Successfully loaded plugin Orbitals version 3.0.0.13 by George Hilios (jokogeo)
2025-01-17T19:29:31.8738|INFO|PluginLoader.cs|LoadPlugin|416|Successfully loaded plugin Phd2 Tools version 1.0.5.0 by Stefan Berg @isbeorn
2025-01-17T19:29:32.0846|INFO|PluginLoader.cs|LoadPlugin|416|Successfully loaded plugin Remote Copy version 3.0.0.0 by Tom Palmer @tcpalmer
2025-01-17T19:29:33.8739|INFO|PluginLoader.cs|LoadPlugin|416|Successfully loaded plugin Sequencer Powerups version 3.22.0.3 by Marc Blank
2025-01-17T19:29:35.0478|ERROR|DllLoader.cs|LoadDllFromAbsolutePath|53|DllLoader failed to load library C:\Program Files\N.I.N.A. - Nighttime Imaging 'N' Astronomy\External\x64\SQLite\SQLite.Interop.dll due to error code 126
2025-01-17T19:29:35.3452|INFO|PluginLoader.cs|LoadPlugin|416|Successfully loaded plugin Target Scheduler version 4.9.1.0 by Tom Palmer @tcpalmer
2025-01-17T19:29:35.5086|INFO|SessionHistoryManager.cs|PurgeHistoryOlderThan|102|purging web session history older than 10 days
2025-01-17T19:29:35.5447|INFO|NINAWeb.cs|changePluginState|260|Web plugin state change from OFF to ON
2025-01-17T19:29:35.5458|INFO|NINALogWatcher.cs|Start|29|web viewer: watching log file: C:\Users\AMOS\AppData\Local\NINA\Logs\20250117-192923-3.1.2.9001.9116-202501.log
2025-01-17T19:29:35.5482|INFO|AutofocusDirectoryWatcher.cs|Watch|31|web viewer: watching AF directory file: C:\Users\AMOS\AppData\Local\NINA\AutoFocus
2025-01-17T19:29:35.5512|INFO|PluginLoader.cs|LoadPlugin|416|Successfully loaded plugin Web Session History Viewer version 2.2.1.0 by Tom Palmer @tcpalmer
2025-01-17T19:29:35.5524|INFO|HttpServer.cs|ConfigureLogging|143|web server log: C:\Users\AMOS\AppData\Local\NINA\WebPlugin\webserver-20250117-192935.log
2025-01-17T19:29:35.5528|INFO|HttpServer.cs|WebServerTask|62|starting web server, listening at http://localhost:80/dist
2025-01-17T19:29:35.5579|INFO|PluginFetcher.cs|RequestAll|43|Fetching plugin manifests from https://nighttime-imaging.eu/wp-json/nina/v1/plugins/manifests
2025-01-17T19:29:35.8083|INFO|CameraChooserVM.cs|GetEquipment|264|Found 0 SVBony Cameras
2025-01-17T19:29:35.9733|INFO|CameraChooserVM.cs|GetEquipment|264|Found 0 PlayerOne Cameras
2025-01-17T19:29:36.0011|INFO|CameraChooserVM.cs|GetEquipment|264|Found 0 ASTPAN Cameras
2025-01-17T19:29:36.0029|INFO|CameraChooserVM.cs|GetEquipment|278|Found 4 ASCOM Cameras
2025-01-17T19:29:36.2333|INFO|PluginFetcher.cs|RequestAll|57|Found 60 valid plugins at https://nighttime-imaging.eu/wp-json/nina/v1/plugins/manifests
2025-01-17T19:29:37.6131|INFO|SafetyMonitorChooserVM.cs|GetEquipment|71|Found 0 Alpaca Safety Monitors
2025-01-17T19:29:37.6131|INFO|SwitchChooserVM.cs|GetEquipment|71|Found 0 Alpaca Switch Hubs
2025-01-17T19:29:37.6133|INFO|FocuserChooserVM.cs|GetEquipment|67|Found 0 Alpaca Focusers
2025-01-17T19:29:37.6132|INFO|RotatorChooserVM.cs|GetEquipment|68|Found 0 Alpaca Rotators
2025-01-17T19:29:37.6132|INFO|FlatDeviceChooserVM.cs|GetEquipment|67|Found 0 Alpaca Cover Calibrators
2025-01-17T19:29:37.6132|INFO|FilterWheelChooserVM.cs|GetEquipment|193|Found 0 Alpaca Filter Wheels
2025-01-17T19:29:37.6131|INFO|DomeChooserVM.cs|GetEquipment|67|Found 0 Alpaca Domes
2025-01-17T19:29:37.6133|INFO|TelescopeChooserVM.cs|GetEquipment|69|Found 0 Alpaca Telescopes
2025-01-17T19:29:37.8077|INFO|WeatherDataChooserVM.cs|GetEquipment|69|Found 0 Alpaca Observing Conditions
2025-01-17T19:29:38.0050|INFO|CameraChooserVM.cs|GetEquipment|290|Found 0 Alpaca Cameras
2025-01-17T19:29:38.0070|INFO|CameraChooserVM.cs|GetEquipment|303|Found 0 Canon Cameras
2025-01-17T19:35:43.3321|INFO|PluginInstaller.cs|Install|91|Downloading plugin from https://bitbucket.org/Isbeorn/nina.plugin.phd2tools/downloads/nina.plugin.phd2tools.1.0.5.1.zip
2025-01-17T19:35:44.7405|INFO|PluginInstaller.cs|InstallArchive|236|Installing plugin Phd2 Tools - extracting archive to C:\Users\AMOS\AppData\Local\NINA\Plugins\3.0.0\Phd2 Tools
2025-01-17T19:35:46.7795|INFO|ApplicationVM.cs|Closing|288|Application shutting down
2025-01-17T19:35:46.7904|INFO|DomeVM.cs|Disconnect|336|Disconnected Dome Device
2025-01-17T19:35:46.7917|INFO|FlatDeviceVM.cs|Disconnect|279|Disconnected Flat Device
2025-01-17T19:35:46.7947|INFO|CameraVM.cs|Disconnect|645|Disconnected Camera
2025-01-17T19:35:46.7979|INFO|TelescopeVM.cs|Disconnect|763|Disconnected mount
2025-01-17T19:35:46.7989|INFO|FilterWheelVM.cs|Disconnect|324|Disconnected Filter Wheel
2025-01-17T19:35:46.8000|INFO|FocuserVM.cs|Disconnect|426|Disconnected Focuser
2025-01-17T19:35:46.8013|INFO|RotatorVM.cs|Disconnect|438|Disconnected Rotator
2025-01-17T19:35:46.8022|INFO|SwitchVM.cs|Disconnect|298|Disconnected Switch
2025-01-17T19:35:46.8034|INFO|WeatherDataVM.cs|Disconnect|292|Disconnected Weather Device
2025-01-17T19:35:46.8044|INFO|SafetyMonitorVM.cs|Disconnect|208|Disconnected Safety Monitor
2025-01-17T19:35:46.9227|INFO|HttpServer.cs|WaitForStopped|108|waited 0ms for web server to stop
